

IMPORTANT WARNING: Sequences seq1 and seq2 are exactly identical


IMPORTANT WARNING: Sequences seq1 and seq3 are exactly identical


IMPORTANT WARNING: Sequences seq1 and seq5 are exactly identical


IMPORTANT WARNING: Sequences seq1 and seq7 are exactly identical


IMPORTANT WARNING: Sequences seq1 and seq8 are exactly identical


IMPORTANT WARNING: Sequences seq1 and seq9 are exactly identical


IMPORTANT WARNING: Sequences seq1 and seq10 are exactly identical

IMPORTANT WARNING
Found 7 sequences that are exactly identical to other sequences in the alignment.
Normally they should be excluded from the analysis.

Just in case you might need it, an alignment file with 
sequence duplicates removed is printed to file msa25_.phy.reduced


Using BFGS method to optimize GTR rate parameters, to disable this specify "--no-bfgs" 



This is RAxML version 8.1.17 released by Alexandros Stamatakis on February 5 2015.

With greatly appreciated code contributions by:
Andre Aberer      (HITS)
Simon Berger      (HITS)
Alexey Kozlov     (HITS)
Kassian Kobert    (HITS)
David Dao         (KIT and HITS)
Nick Pattengale   (Sandia)
Wayne Pfeiffer    (SDSC)
Akifumi S. Tanabe (NRIFS)

Alignment has 16 distinct alignment patterns

Proportion of gaps and completely undetermined characters in this alignment: 0.00%

RAxML rapid hill-climbing mode

Using 1 distinct models/data partitions with joint branch length optimization


Executing 10 inferences on the original alignment using 10 distinct randomized MP trees

All free model parameters will be estimated by RAxML
GAMMA model of rate heteorgeneity, ML estimate of alpha-parameter

GAMMA Model parameters will be estimated up to an accuracy of 0.1000000000 Log Likelihood units

Partition: 0
Alignment Patterns: 16
Name: No Name Provided
DataType: DNA
Substitution Matrix: GTR




RAxML was called as follows:

raxmlHPC-SSE3 -m GTRGAMMA -# 10 -p 37 -s msa25_.phy -n msa25_ 


Partition: 0 with name: No Name Provided
Base frequencies: 0.236 0.223 0.243 0.299 

Restart estimation at the boundary... 
Reverting BFGS ... 
Restart estimation at the boundary... 
Reverting BFGS ... 
Restart estimation at the boundary... 
Reverting BFGS ... 
Inference[0]: Time 0.154323 GAMMA-based likelihood -488.368464, best rearrangement setting 7
Restart estimation at the boundary... 
Reverting BFGS ... 
Restart estimation at the boundary... 
Reverting BFGS ... 
Restart estimation at the boundary... 
Reverting BFGS ... 
Inference[1]: Time 0.138102 GAMMA-based likelihood -488.368464, best rearrangement setting 5
Restart estimation at the boundary... 
Reverting BFGS ... 
Restart estimation at the boundary... 
Reverting BFGS ... 
Restart estimation at the boundary... 
Reverting BFGS ... 
Inference[2]: Time 0.220488 GAMMA-based likelihood -488.368464, best rearrangement setting 7
Restart estimation at the boundary... 
Reverting BFGS ... 
Restart estimation at the boundary... 
Reverting BFGS ... 
Restart estimation at the boundary... 
Reverting BFGS ... 
Inference[3]: Time 0.134893 GAMMA-based likelihood -488.368464, best rearrangement setting 5
Restart estimation at the boundary... 
Reverting BFGS ... 
Restart estimation at the boundary... 
Reverting BFGS ... 
Restart estimation at the boundary... 
Reverting BFGS ... 
Inference[4]: Time 0.201804 GAMMA-based likelihood -488.368464, best rearrangement setting 5
Restart estimation at the boundary... 
Reverting BFGS ... 
Restart estimation at the boundary... 
Reverting BFGS ... 
Restart estimation at the boundary... 
Reverting BFGS ... 
Inference[5]: Time 0.149761 GAMMA-based likelihood -488.368464, best rearrangement setting 5
Restart estimation at the boundary... 
Reverting BFGS ... 
Restart estimation at the boundary... 
Reverting BFGS ... 
Restart estimation at the boundary... 
Reverting BFGS ... 
Inference[6]: Time 0.065873 GAMMA-based likelihood -488.368464, best rearrangement setting 5
Restart estimation at the boundary... 
Reverting BFGS ... 
Restart estimation at the boundary... 
Reverting BFGS ... 
Restart estimation at the boundary... 
Reverting BFGS ... 
Inference[7]: Time 0.065266 GAMMA-based likelihood -488.368464, best rearrangement setting 5
Restart estimation at the boundary... 
Reverting BFGS ... 
Restart estimation at the boundary... 
Reverting BFGS ... 
Restart estimation at the boundary... 
Reverting BFGS ... 
Inference[8]: Time 0.065484 GAMMA-based likelihood -488.368464, best rearrangement setting 5
Restart estimation at the boundary... 
Reverting BFGS ... 
Restart estimation at the boundary... 
Reverting BFGS ... 
Restart estimation at the boundary... 
Reverting BFGS ... 
Inference[9]: Time 0.064611 GAMMA-based likelihood -488.368464, best rearrangement setting 5


Conducting final model optimizations on all 10 trees under GAMMA-based models ....

Restart estimation at the boundary... 
Reverting BFGS ... 
Restart estimation at the boundary... 
Reverting BFGS ... 
Restart estimation at the boundary... 
Reverting BFGS ... 
Inference[0] final GAMMA-based Likelihood: -487.283632 tree written to file /home/lauralaa/Example/Beetles/RAxML_result.msa25_.RUN.0
Inference[1] final GAMMA-based Likelihood: -487.283632 tree written to file /home/lauralaa/Example/Beetles/RAxML_result.msa25_.RUN.1
Inference[2] final GAMMA-based Likelihood: -487.283633 tree written to file /home/lauralaa/Example/Beetles/RAxML_result.msa25_.RUN.2
Inference[3] final GAMMA-based Likelihood: -487.283633 tree written to file /home/lauralaa/Example/Beetles/RAxML_result.msa25_.RUN.3
Inference[4] final GAMMA-based Likelihood: -487.283633 tree written to file /home/lauralaa/Example/Beetles/RAxML_result.msa25_.RUN.4
Inference[5] final GAMMA-based Likelihood: -487.283633 tree written to file /home/lauralaa/Example/Beetles/RAxML_result.msa25_.RUN.5
Inference[6] final GAMMA-based Likelihood: -487.283633 tree written to file /home/lauralaa/Example/Beetles/RAxML_result.msa25_.RUN.6
Inference[7] final GAMMA-based Likelihood: -487.283633 tree written to file /home/lauralaa/Example/Beetles/RAxML_result.msa25_.RUN.7
Inference[8] final GAMMA-based Likelihood: -487.283632 tree written to file /home/lauralaa/Example/Beetles/RAxML_result.msa25_.RUN.8
Inference[9] final GAMMA-based Likelihood: -487.283632 tree written to file /home/lauralaa/Example/Beetles/RAxML_result.msa25_.RUN.9


Starting final GAMMA-based thorough Optimization on tree 0 likelihood -487.283632 .... 

Final GAMMA-based Score of best tree -487.283632

Program execution info written to /home/lauralaa/Example/Beetles/RAxML_info.msa25_
Best-scoring ML tree written to: /home/lauralaa/Example/Beetles/RAxML_bestTree.msa25_

Overall execution time: 1.299178 secs or 0.000361 hours or 0.000015 days


running msa25.fasta
	running raxml...
	got tree file msa25_.tree
	expect results in msa25.slr
	running Slr...
     seqfile:    msa25_.phy
    treefile:    msa25_.tree
     outfile:    msa25_.slr
       kappa:    2.000000e+00
       omega:    1.000000e-01
      codonf:    0
     nucleof:    0
      aminof:    0
  reoptimise:    1
     nucfile:    nuc.dat
   aminofile:    amino.dat
positive_only:    0
     gencode:    universal
     timemem:    0
       ldiff:    3.841459e+00
     paramin:    
    paramout:    
skipsitewise:    0
        seed:    0
    saveseed:    1
    freqtype:    0
   cleandata:    0
     branopt:    1
    writetmp:    0
     recover:    0

# SLR "Sitewise Likelihood Ratio" selection detection program. Version 1.4.3
# Redundency. Reduced sites from 78 to 55
# Read seqfile file msa25_.phy. 10 species, 78 sites.
# Read tree from msa25_.tree.
((((((seq4:3.342509, seq6:0.004443 ):0.000000, seq9:0.000000 ):0.000000, (seq8:0.000000, (seq5:0.000000, seq2:0.000000 ):0.000000 ):0.000000 ):0.000000, seq10:0.000000 ):0.000000, seq7:0.000000 ):0.000000, seq3:0.000000, seq1:0.000000 )
# Reoptimising parameters, branches variable
Initial	f: 430.102140
Step     f(x)      delta
  1: 406.288419 2.38137e+01    5 B	  825.677
  2: 404.826679 1.46174e+00    8 	  499.203
  3: 404.574345 2.52334e-01   17 	  391.145
  4: 404.551282 2.30634e-02   26 	  407.937
  5: 401.963517 2.58776e+00   33 	  399.342
  6: 401.910034 5.34831e-02   41 	  429.347
  7: 401.758167 1.51867e-01   44 	  380.255
  8: 401.688659 6.95081e-02   47 	  505.569
  9: 401.197033 4.91626e-01   50 	  403.693
 10: 399.470192 1.72684e+00   57 	  265.184
 11: 399.412869 5.73224e-02   66 	  214.375
 12: 399.411537 1.33249e-03   80 	  219.046
 13: 399.397536 1.40013e-02   91 	  238.632
 14: 399.144522 2.53014e-01   98 	   45.582
 15: 399.107673 3.68481e-02  101 -	   45.511
 16: 398.636090 4.71583e-01  104 	   19.269
 17: 398.585076 5.10146e-02  111 	    6.927
 18: 398.582460 2.61566e-03  114 	   16.591
 19: 398.552051 3.04090e-02  122 	   10.227
 20: 398.542747 9.30375e-03  125 	    8.617
 21: 398.519484 2.32628e-02  133 	    9.506
 22: 398.504793 1.46910e-02  136 	    7.419
 23: 398.488466 1.63278e-02  144 	   10.303
 24: 398.478615 9.85074e-03  151 	    6.106
 25: 398.442587 3.60283e-02  154 -	    6.102
 26: 398.434637 7.94962e-03  161 	   11.729
 27: 398.414731 1.99057e-02  164 	    7.537
 28: 398.400393 1.43380e-02  167 	   14.830
 29: 398.379761 2.06321e-02  175 	    7.537
 30: 398.362118 1.76432e-02  178 	   13.982
 31: 398.343109 1.90085e-02  186 	    6.955
 32: 398.327118 1.59909e-02  189 	   14.138
 33: 398.306568 2.05507e-02  197 	    7.048
 34: 398.286721 1.98464e-02  200 	   13.451
 35: 398.266621 2.01007e-02  208 	    6.797
 36: 398.245108 2.15126e-02  211 	   13.194
 37: 398.223964 2.11436e-02  219 	    6.856
 38: 398.197538 2.64259e-02  222 	   12.309
 39: 398.176138 2.14000e-02  230 	    6.894
 40: 398.143866 3.22725e-02  233 	   11.102
 41: 398.112803 3.10631e-02  240 	    6.259
 42: 398.089223 2.35801e-02  243 	   13.829
 43: 398.054068 3.51550e-02  250 	    6.478
 44: 398.029029 2.50388e-02  253 	   13.641
 45: 397.993036 3.59932e-02  260 	    6.333
 46: 397.968435 2.46004e-02  263 	   13.491
 47: 397.933734 3.47010e-02  270 	    6.321
 48: 397.912835 2.08998e-02  273 	   13.678
 49: 397.880291 3.25434e-02  280 	    6.443
 50: 397.866125 1.41661e-02  283 	   14.176
 51: 397.834466 3.16589e-02  290 	    6.511
 52: 397.828194 6.27201e-03  293 	   14.726
 53: 397.795472 3.27218e-02  300 	    6.381
 54: 397.778844 1.66281e-02  307 	    8.436
 55: 397.764995 1.38489e-02  310 	    4.770
 56: 397.752978 1.20177e-02  313 	   12.682
 57: 397.728961 2.40167e-02  321 	    5.949
 58: 397.710308 1.86527e-02  324 	    5.781
 59: 397.701201 9.10754e-03  333 	    5.215
 60: 397.684001 1.72000e-02  336 	    5.388
 61: 397.677355 6.64537e-03  345 	    5.185
 62: 397.672319 5.03607e-03  352 	    4.736
 63: 397.667442 4.87786e-03  359 	    5.479
 64: 397.663916 3.52568e-03  362 	    3.760
 65: 397.661531 2.38450e-03  365 	    9.536
 66: 397.649359 1.21726e-02  372 	    3.602
 67: 397.646425 2.93351e-03  379 	    6.602
 68: 397.641931 4.49464e-03  382 	    3.807
 69: 397.631323 1.06073e-02  385 	    4.519
 70: 397.626705 4.61822e-03  392 	    4.264
 71: 397.625444 1.26075e-03  400 	    3.387
 72: 397.623786 1.65806e-03  403 	    3.826
 73: 397.622521 1.26542e-03  411 	    3.328
 74: 397.620735 1.78612e-03  414 	    3.545
 75: 397.620065 6.70038e-04  422 	    3.640
 76: 397.619393 6.71476e-04  429 	    3.290
 77: 397.618869 5.23952e-04  432 	    3.902
 78: 397.618775 9.43903e-05  435 	    3.926
 79: 397.617438 1.33659e-03  443 	    3.236
 80: 397.612076 5.36272e-03  446 	    3.716
 81: 397.611006 1.06985e-03  453 	    3.443
 82: 397.609810 1.19587e-03  460 	    3.542
 83: 397.608917 8.92617e-04  463 	    3.144
 84: 397.606399 2.51805e-03  466 	    4.349
 85: 397.605143 1.25607e-03  474 	    3.332
 86: 397.604925 2.18251e-04  477 	    3.871
 87: 397.603718 1.20715e-03  485 	    3.194
 88: 397.601093 2.62521e-03  488 	    3.219
 89: 397.600085 1.00758e-03  496 	    4.065
 90: 397.599153 9.31632e-04  499 	    3.443
 91: 397.598405 7.47895e-04  507 	    3.302
 92: 397.598069 3.36814e-04  510 	    4.036
 93: 397.596716 1.35249e-03  518 	    3.126
 94: 397.595961 7.55080e-04  525 	    3.923
 95: 397.595009 9.52091e-04  528 	    3.130
 96: 397.593016 1.99299e-03  531 	    3.589
 97: 397.592098 9.18007e-04  539 	    3.064
 98: 397.589811 2.28689e-03  542 	    3.424
 99: 397.589087 7.23624e-04  550 	    3.051
100: 397.588908 1.79721e-04  553 	    3.963
101: 397.587618 1.28945e-03  561 	    2.969
102: 397.587275 3.42970e-04  569 	    3.108
103: 397.586962 3.13302e-04  572 	    3.052
104: 397.586613 3.49057e-04  580 	    2.962
105: 397.585387 1.22628e-03  583 	    2.987
106: 397.585097 2.89252e-04  591 	    2.988
107: 397.584727 3.70263e-04  594 	    3.077
108: 397.584368 3.59025e-04  602 	    2.913
109: 397.581722 2.64570e-03  605 	    3.144
110: 397.581406 3.15919e-04  612 	    2.935
111: 397.581345 6.13033e-05  615 	    3.387
112: 397.580796 5.49293e-04  622 	    2.872
113: 397.580656 1.39634e-04  625 	    3.996
114: 397.579614 1.04231e-03  628 	    3.064
115: 397.579258 3.55560e-04  637 	    2.854
116: 397.577923 1.33562e-03  644 	    4.362
117: 397.576478 1.44456e-03  647 	    3.180
118: 397.576106 3.71898e-04  654 	    2.851
119: 397.575876 2.29824e-04  661 	    2.930
120: 397.575080 7.96666e-04  664 -	    2.934
121: 397.573121 1.95917e-03  667 	    4.410
122: 397.568823 4.29811e-03  670 	    5.705
123: 397.565008 3.81415e-03  673 	    3.926
124: 397.559159 5.84931e-03  681 	    4.024
125: 397.552511 6.64785e-03  684 	    3.107
126: 397.545451 7.05988e-03  687 	    3.801
127: 397.543607 1.84432e-03  696 	    2.297
128: 397.541215 2.39213e-03  704 	    4.504
129: 397.540499 7.16256e-04  707 	    4.261
130: 397.536299 4.19920e-03  715 	    3.566
131: 397.535387 9.12275e-04  718 	    4.061
132: 397.531732 3.65473e-03  726 	    3.669
133: 397.529980 1.75198e-03  733 	    2.175
134: 397.528837 1.14378e-03  736 	    4.907
135: 397.528766 7.05288e-05  739 	    4.514
136: 397.524559 4.20709e-03  747 	    3.137
137: 397.523196 1.36293e-03  754 	    2.161
138: 397.521981 1.21532e-03  761 	    3.091
139: 397.521047 9.34142e-04  764 	    2.231
140: 397.518724 2.32302e-03  767 	    2.670
141: 397.518246 4.77917e-04  775 	    2.029
142: 397.517816 4.29851e-04  783 	    2.575
143: 397.517415 4.01237e-04  786 	    2.014
144: 397.517036 3.79057e-04  794 	    2.528
145: 397.516660 3.75808e-04  797 	    2.008
146: 397.516304 3.55912e-04  805 	    2.498
147: 397.515950 3.53788e-04  808 	    2.002
148: 397.515612 3.37890e-04  816 	    2.473
149: 397.515279 3.33549e-04  819 	    1.998
150: 397.514955 3.23356e-04  827 	    2.447
151: 397.514640 3.15152e-04  830 	    1.994
152: 397.514329 3.11545e-04  838 	    2.422
153: 397.514030 2.98575e-04  841 	    1.990
154: 397.513728 3.01774e-04  849 	    2.397
155: 397.513445 2.83651e-04  852 	    1.987
156: 397.513151 2.93479e-04  860 	    2.375
157: 397.512881 2.70123e-04  863 	    1.984
158: 397.512595 2.86248e-04  871 	    2.354
159: 397.512337 2.57743e-04  874 	    1.982
160: 397.512057 2.79808e-04  882 	    2.335
161: 397.511811 2.46307e-04  885 	    1.979
162: 397.511537 2.73979e-04  893 	    2.317
163: 397.511301 2.35663e-04  896 	    1.977
164: 397.511033 2.68638e-04  904 	    2.301
165: 397.510807 2.25694e-04  907 	    1.974
166: 397.510543 2.63702e-04  915 	    2.286
167: 397.510327 2.16311e-04  918 	    1.972
168: 397.510068 2.59108e-04  926 	    2.272
169: 397.509860 2.07445e-04  929 	    1.970
170: 397.509606 2.54812e-04  937 	    2.259
171: 397.509406 1.99040e-04  940 	    1.967
172: 397.509156 2.50780e-04  948 	    2.247
173: 397.508965 1.91056e-04  951 	    1.965
174: 397.508718 2.46984e-04  959 	    2.236
175: 397.508534 1.83460e-04  962 	    1.963
176: 397.508291 2.43406e-04  970 	    2.226
177: 397.508115 1.76228e-04  973 	    1.960
178: 397.507875 2.40028e-04  981 	    2.216
179: 397.507705 1.69342e-04  984 	    1.958
180: 397.507468 2.36837e-04  992 	    2.208
181: 397.507306 1.62791e-04  995 	    1.955
182: 397.507072 2.33822e-04 1003 	    2.199
183: 397.506915 1.56566e-04 1006 	    1.953
184: 397.506684 2.30973e-04 1014 	    2.192
185: 397.506534 1.50664e-04 1017 	    1.950
186: 397.506305 2.28281e-04 1025 	    2.185
187: 397.506160 1.45088e-04 1028 	    1.948
188: 397.505934 2.25741e-04 1036 	    2.178
189: 397.505795 1.39840e-04 1039 	    1.945
190: 397.505571 2.23344e-04 1047 	    2.172
191: 397.505436 1.34927e-04 1050 	    1.943
192: 397.505215 2.21085e-04 1058 	    2.166
193: 397.505085 1.30361e-04 1061 	    1.940
194: 397.504866 2.18958e-04 1069 	    2.160
195: 397.504740 1.26153e-04 1072 	    1.937
196: 397.504523 2.16958e-04 1080 	    2.155
197: 397.504400 1.22318e-04 1083 	    1.934
198: 397.504185 2.15079e-04 1091 	    2.150
199: 397.504067 1.18872e-04 1094 	    1.931
200: 397.503853 2.13318e-04 1102 	    2.146
201: 397.503737 1.15838e-04 1105 	    1.928
202: 397.503526 2.11667e-04 1113 	    2.141
203: 397.503412 1.13219e-04 1116 	    1.925
204: 397.503202 2.10129e-04 1124 	    2.137
205: 397.503091 1.11095e-04 1127 	    1.922
206: 397.502883 2.08669e-04 1135 	    2.133
207: 397.502773 1.09273e-04 1138 	    1.918
208: 397.502566 2.07400e-04 1146 	    2.129
209: 397.502457 1.08628e-04 1149 	    1.915
210: 397.502251 2.05845e-04 1157 	    2.126
211: 397.502146 1.05549e-04 1160 	    1.912
212: 397.501940 2.06010e-04 1168 	    2.120
213: 397.501823 1.16689e-04 1171 	    1.906
214: 397.501625 1.98604e-04 1179 	    2.125
215: 397.501561 6.35427e-05 1182 	    1.913
216: 397.501334 2.26845e-04 1190 	    2.083
217: 397.500922 4.11961e-04 1193 	    1.933
218: 397.500871 5.14823e-05 1202 	    2.154
219: 397.500829 4.19179e-05 1210 	    1.989
220: 397.500791 3.77555e-05 1217 	    2.292
221: 397.500736 5.46699e-05 1220 	    2.061
222: 397.500404 3.32559e-04 1223 	    2.159
223: 397.500364 3.97359e-05 1231 	    1.981
224: 397.500326 3.85826e-05 1238 	    2.267
225: 397.500274 5.18947e-05 1241 	    2.040
226: 397.499881 3.92662e-04 1244 	    2.632
227: 397.499828 5.32837e-05 1247 	    1.864
228: 397.499656 1.72190e-04 1255 	    2.099
229: 397.499597 5.88706e-05 1262 	    1.873
230: 397.499539 5.75204e-05 1265 	    2.290
231: 397.499481 5.76993e-05 1273 	    2.049
232: 397.499206 2.75085e-04 1276 	    1.962
233: 397.499169 3.69012e-05 1284 	    2.240
234: 397.499138 3.17544e-05 1287 	    1.878
235: 397.499076 6.15618e-05 1295 	    2.048
236: 397.498915 1.61241e-04 1298 	    1.870
237: 397.498852 6.30026e-05 1306 	    2.047
238: 397.498675 1.76989e-04 1309 	    1.895
239: 397.498627 4.81258e-05 1317 	    2.089
240: 397.498598 2.91085e-05 1320 	    1.846
241: 397.498515 8.25940e-05 1328 	    1.975
242: 397.498452 6.32922e-05 1335 	    2.335
243: 397.498379 7.25944e-05 1338 	    2.076
244: 397.498339 4.02477e-05 1341 	    1.843
245: 397.498258 8.05257e-05 1349 	    1.977
246: 397.498183 7.58284e-05 1356 	    2.357
247: 397.498105 7.78014e-05 1359 	    2.091
248: 397.498083 2.12977e-05 1362 	    1.837
249: 397.498002 8.11861e-05 1370 	    1.970
250: 397.497935 6.69578e-05 1377 	    2.341
251: 397.497861 7.47336e-05 1380 	    2.078
252: 397.497833 2.71886e-05 1383 	    1.832
253: 397.497752 8.09372e-05 1391 	    1.965
254: 397.497688 6.47929e-05 1398 	    2.336
255: 397.497614 7.41537e-05 1401 	    2.073
256: 397.497587 2.69087e-05 1404 	    1.826
257: 397.497506 8.07864e-05 1412 	    1.960
258: 397.497444 6.19933e-05 1419 	    2.330
259: 397.497371 7.32921e-05 1422 	    2.066
260: 397.497343 2.76174e-05 1425 	    1.821
261: 397.497262 8.05697e-05 1433 	    1.956
262: 397.497203 5.97099e-05 1440 	    2.325
263: 397.497130 7.26190e-05 1443 	    2.061
264: 397.497102 2.78073e-05 1446 	    1.815
265: 397.497022 8.03777e-05 1454 	    1.951
266: 397.496964 5.73736e-05 1461 	    2.320
267: 397.496893 7.18899e-05 1464 	    2.055
268: 397.496864 2.82767e-05 1467 	    1.810
269: 397.496784 8.01512e-05 1475 	    1.946
270: 397.496729 5.53239e-05 1482 	    2.315
271: 397.496658 7.12654e-05 1485 	    2.050
272: 397.496629 2.84431e-05 1488 	    1.805
273: 397.496549 7.99432e-05 1496 	    1.942
274: 397.496496 5.32542e-05 1503 	    2.309
275: 397.496425 7.06029e-05 1506 	    2.044
276: 397.496396 2.88263e-05 1509 	    1.799
277: 397.496317 7.97041e-05 1517 	    1.937
278: 397.496265 5.14188e-05 1524 	    2.305
279: 397.496195 7.00337e-05 1527 	    2.039
280: 397.496166 2.89048e-05 1530 	    1.794
281: 397.496087 7.94913e-05 1538 	    1.933
282: 397.496037 4.95190e-05 1545 	    2.300
283: 397.495968 6.94054e-05 1548 	    2.034
284: 397.495939 2.92914e-05 1551 	    1.789
285: 397.495859 7.92350e-05 1559 	    1.929
286: 397.495812 4.78871e-05 1566 	    2.296
287: 397.495743 6.89016e-05 1569 	    2.029
288: 397.495713 2.92027e-05 1572 	    1.784
289: 397.495634 7.90327e-05 1580 	    1.924
290: 397.495588 4.60652e-05 1587 	    2.291
291: 397.495520 6.82661e-05 1590 	    2.024
292: 397.495490 2.97567e-05 1593 	    1.779
293: 397.495412 7.87389e-05 1601 	    1.920
294: 397.495367 4.46943e-05 1608 	    2.287
295: 397.495299 6.78771e-05 1611 	    2.020
296: 397.495270 2.92318e-05 1614 	    1.774
297: 397.495191 7.85911e-05 1622 	    1.916
298: 397.495148 4.27611e-05 1629 	    2.282
299: 397.495081 6.71209e-05 1632 	    2.014
300: 397.495051 3.05058e-05 1635 	    1.769
301: 397.494973 7.81752e-05 1643 	    1.912
302: 397.494931 4.19536e-05 1650 	    2.279
303: 397.494864 6.70607e-05 1653 	    2.011
304: 397.494835 2.84343e-05 1656 	    1.763
305: 397.494757 7.82616e-05 1664 	    1.907
306: 397.494718 3.92549e-05 1671 	    2.271
307: 397.494652 6.57310e-05 1674 	    2.003
308: 397.494619 3.28661e-05 1677 	    1.759
309: 397.494542 7.73133e-05 1685 	    1.905
310: 397.494501 4.05058e-05 1692 	    2.276
311: 397.494434 6.70468e-05 1695 	    2.005
312: 397.494410 2.39285e-05 1698 	    1.753
313: 397.494332 7.84995e-05 1706 	    1.897
314: 397.494296 3.60730e-05 1714 	    2.057
315: 397.494267 2.85252e-05 1717 	    1.861
316: 397.494241 2.59613e-05 1725 	    1.988
317: 397.494197 4.42963e-05 1728 	    1.839
318: 397.494170 2.66011e-05 1736 	    1.954
319: 397.494068 1.02149e-04 1739 	    1.875
320: 397.494040 2.78548e-05 1747 	    2.015
321: 397.494010 3.02252e-05 1750 	    1.840
322: 397.493984 2.61598e-05 1758 	    1.957
323: 397.493903 8.07415e-05 1761 	    1.852
324: 397.493878 2.56040e-05 1769 	    1.978
325: 397.493833 4.49759e-05 1772 	    1.831
326: 397.493806 2.63657e-05 1780 	    1.945
327: 397.493703 1.03058e-04 1783 	    1.868
328: 397.493676 2.76904e-05 1791 	    2.008
329: 397.493646 2.95759e-05 1794 	    1.831
330: 397.493620 2.58844e-05 1802 	    1.948
331: 397.493540 7.99259e-05 1805 	    1.843
332: 397.493515 2.52974e-05 1813 	    1.968
333: 397.493469 4.55301e-05 1816 	    1.823
334: 397.493443 2.61087e-05 1824 	    1.936
335: 397.493340 1.03698e-04 1827 	    1.860
336: 397.493312 2.74739e-05 1835 	    2.000
337: 397.493283 2.89014e-05 1838 	    1.823
338: 397.493258 2.55854e-05 1846 	    1.940
339: 397.493179 7.89790e-05 1849 	    1.834
340: 397.493154 2.49688e-05 1857 	    1.958
341: 397.493108 4.60001e-05 1860 	    1.814
342: 397.493082 2.58293e-05 1868 	    1.928
343: 397.492978 1.04050e-04 1871 	    1.852
344: 397.492951 2.71818e-05 1879 	    1.993
345: 397.492922 2.82299e-05 1882 	    1.815
346: 397.492897 2.52702e-05 1890 	    1.931
347: 397.492819 7.82671e-05 1893 	    1.825
348: 397.492794 2.46192e-05 1901 	    1.949
349: 397.492748 4.60172e-05 1904 	    1.806
350: 397.492723 2.55414e-05 1912 	    1.919
351: 397.492618 1.04899e-04 1915 	    1.845
352: 397.492591 2.70296e-05 1923 	    1.986
353: 397.492563 2.73738e-05 1926 	    1.807
354: 397.492538 2.49038e-05 1934 	    1.923
355: 397.492463 7.56393e-05 1937 	    1.815
356: 397.492438 2.42764e-05 1945 	    1.937
357: 397.492390 4.83321e-05 1948 	    1.798
358: 397.492365 2.51609e-05 1956 	    1.911
359: 397.492264 1.00980e-04 1959 	    1.833
360: 397.492238 2.56419e-05 1967 	    1.971
361: 397.492211 2.77942e-05 1970 	    1.796
362: 397.492186 2.47804e-05 1978 	    1.911
363: 397.492098 8.73820e-05 1981 	    1.817
364: 397.492074 2.39610e-05 1989 	    1.945
365: 397.492040 3.48898e-05 1992 	    1.787
366: 397.492014 2.51017e-05 2000 	    1.899
367: 397.491897 1.17629e-04 2003 	    1.845
368: 397.491863 3.39312e-05 2011 	    2.004
369: 397.491837 2.61606e-05 2014 	    1.806
370: 397.491813 2.37102e-05 2022 	    1.931
371: 397.491774 3.89976e-05 2025 	    1.781
372: 397.491749 2.49183e-05 2033 	    1.891
373: 397.491632 1.17303e-04 2036 	    1.838
374: 397.491598 3.37460e-05 2044 	    1.996
375: 397.491572 2.58340e-05 2047 	    1.798
376: 397.491549 2.34538e-05 2055 	    1.922
377: 397.491509 3.92782e-05 2058 	    1.773
378: 397.491485 2.47683e-05 2066 	    1.883
379: 397.491361 1.23265e-04 2069 	    1.837
380: 397.491322 3.94927e-05 2077 	    2.005
381: 397.491295 2.72147e-05 2080 	    1.801
382: 397.491271 2.36179e-05 2088 	    1.930
383: 397.491241 3.02662e-05 2091 	    1.768
384: 397.491216 2.44222e-05 2099 	    1.877
385: 397.491103 1.12969e-04 2102 	    1.819
386: 397.491074 2.97223e-05 2110 	    1.969
387: 397.491049 2.43839e-05 2113 	    1.777
388: 397.491026 2.29850e-05 2121 	    1.896
389: 397.490976 4.99252e-05 2124 	    1.761
390: 397.490952 2.40530e-05 2132 	    1.872
391: 397.490843 1.09694e-04 2135 	    1.808
392: 397.490816 2.63935e-05 2143 	    1.952
393: 397.490792 2.38446e-05 2146 	    1.767
394: 397.490770 2.29451e-05 2154 	    1.882
395: 397.490707 6.21937e-05 2157 	    1.764
396: 397.490684 2.29311e-05 2165 	    1.878
397: 397.490617 6.72933e-05 2168 	    1.765
398: 397.490595 2.25826e-05 2176 	    1.881
399: 397.490537 5.72563e-05 2179 	    1.757
400: 397.490514 2.29621e-05 2187 	    1.870
401: 397.490436 7.84428e-05 2190 	    1.769
402: 397.490414 2.18961e-05 2198 	    1.892
403: 397.490375 3.89436e-05 2201 	    1.745
404: 397.490351 2.36412e-05 2209 	    1.855
405: 397.490222 1.29443e-04 2212 	    1.825
406: 397.490128 9.43500e-05 2219 	    2.263
407: 397.490045 8.29542e-05 2222 	    1.973
408: 397.490020 2.49231e-05 2229 	    1.767
409: 397.490004 1.56456e-05 2232 	    2.052
410: 397.489996 8.30887e-06 2235 	    1.669
411: 397.489941 5.47799e-05 2243 	    1.843
412: 397.489683 2.58096e-04 2246 	    1.783
413: 397.489659 2.43220e-05 2255 	    1.928
414: 397.489637 2.20014e-05 2262 	    1.742
415: 397.489619 1.72569e-05 2265 	    2.008
416: 397.489589 3.07817e-05 2272 	    1.783
417: 397.489571 1.80016e-05 2275 	    2.117
418: 397.489535 3.59263e-05 2278 	    1.681
419: 397.489496 3.89622e-05 2286 	    1.888
420: 397.489495 6.78850e-07 2289 	    1.632
421: 397.489418 7.66638e-05 2297 	    1.765
422: 397.489397 2.14554e-05 2305 	    1.903
423: 397.489375 2.16577e-05 2308 	    1.723
424: 397.489353 2.21206e-05 2316 	    1.835
425: 397.489256 9.71384e-05 2319 	    1.761
426: 397.489235 2.10397e-05 2327 	    1.899
427: 397.489214 2.11699e-05 2330 	    1.718
428: 397.489192 2.20232e-05 2338 	    1.830
429: 397.489087 1.05034e-04 2341 	    1.764
430: 397.489065 2.17332e-05 2349 	    1.908
431: 397.489045 2.04157e-05 2352 	    1.722
432: 397.489023 2.12823e-05 2360 	    1.837
433: 397.488954 6.96132e-05 2363 	    1.735
434: 397.488934 1.96132e-05 2371 	    1.856
435: 397.488901 3.28747e-05 2374 	    1.701
436: 397.488878 2.27629e-05 2382 	    1.811
437: 397.488697 1.81332e-04 2385 	    1.938
438: 397.488677 2.02703e-05 2392 	    1.729
439: 397.488664 1.31912e-05 2395 	    2.012
440: 397.488631 3.23007e-05 2402 	    1.774
441: 397.488613 1.84901e-05 2405 	    2.138
442: 397.488565 4.73138e-05 2408 	    1.670
443: 397.488534 3.12279e-05 2416 	    1.897
444: 397.488516 1.85693e-05 2423 	    1.706
445: 397.488499 1.68234e-05 2426 	    1.970
446: 397.488473 2.55804e-05 2433 	    1.744
447: 397.488463 9.81298e-06 2436 	    2.055
448: 397.488450 1.38749e-05 2439 	    1.634
449: 397.488401 4.83418e-05 2447 	    1.827
450: 397.488309 9.27158e-05 2450 	    1.625
451: 397.488257 5.18898e-05 2458 	    1.811
452: 397.488060 1.96286e-04 2461 	    1.692
453: 397.488040 2.07845e-05 2470 	    1.810
454: 397.487863 1.76104e-04 2473 	    1.693
455: 397.487844 1.96211e-05 2482 	    1.802
456: 397.487756 8.76753e-05 2485 	    1.576
457: 397.487692 6.43935e-05 2493 	    1.757
458: 397.487670 2.18116e-05 2501 	    1.912
459: 397.487652 1.82846e-05 2504 	    1.710
460: 397.487634 1.81022e-05 2512 	    1.834
461: 397.487600 3.33951e-05 2515 	    1.689
462: 397.487580 1.96847e-05 2523 	    1.802
463: 397.487489 9.17706e-05 2526 	    1.746
464: 397.487463 2.59421e-05 2534 	    1.903
465: 397.487444 1.86295e-05 2537 	    1.692
466: 397.487426 1.79423e-05 2545 	    1.813
467: 397.487388 3.80887e-05 2548 	    1.664
468: 397.487367 2.08614e-05 2556 	    1.776
469: 397.487228 1.39584e-04 2559 	    2.230
470: 397.487140 8.75697e-05 2562 	    1.697
471: 397.487123 1.69232e-05 2571 	    1.821
472: 397.487096 2.74399e-05 2574 	    1.580
473: 397.487032 6.39389e-05 2582 	    1.737
474: 397.487013 1.86812e-05 2590 	    1.891
475: 397.486998 1.53070e-05 2593 	    1.686
476: 397.486980 1.73044e-05 2601 	    1.806
477: 397.486935 4.52755e-05 2604 	    1.674
478: 397.486917 1.83437e-05 2612 	    1.790
479: 397.486831 8.55981e-05 2615 	    1.714
480: 397.486816 1.55388e-05 2623 	    1.853
481: 397.486801 1.44735e-05 2626 	    1.664
482: 397.486782 1.90940e-05 2634 	    1.778
483: 397.486640 1.41704e-04 2637 	    1.825
484: 397.486620 2.02949e-05 2644 	    1.655
485: 397.486602 1.77938e-05 2647 	    1.907
486: 397.486585 1.70730e-05 2654 	    1.688
487: 397.486577 7.94355e-06 2657 	    1.971
488: 397.486550 2.77243e-05 2664 	    1.729
489: 397.486543 6.50030e-06 2667 	    2.076
490: 397.486513 3.00481e-05 2670 	    1.611
491: 397.486480 3.33933e-05 2678 	    1.831
492: 397.486464 1.61794e-05 2685 	    1.651
493: 397.486446 1.72979e-05 2688 	    1.904
494: 397.486429 1.67460e-05 2695 	    1.684
495: 397.486422 7.53550e-06 2698 	    1.968
496: 397.486395 2.72776e-05 2705 	    1.724
497: 397.486389 5.26735e-06 2708 	    2.069
498: 397.486362 2.77164e-05 2711 	    1.605
499: 397.486327 3.42463e-05 2719 	    1.823
500: 397.486311 1.68118e-05 2726 	    1.645
501: 397.486293 1.74388e-05 2729 	    1.899
502: 397.486277 1.60193e-05 2736 	    1.678
503: 397.486270 7.53263e-06 2739 	    1.961
504: 397.486243 2.62283e-05 2746 	    1.718
505: 397.486240 3.72116e-06 2749 	    2.055
506: 397.486217 2.27749e-05 2752 	    1.595
507: 397.486180 3.64386e-05 2760 	    1.811
508: 397.486160 2.01664e-05 2767 	    1.641
509: 397.486143 1.74576e-05 2770 	    1.895
510: 397.486127 1.54032e-05 2777 	    1.674
511: 397.486120 7.44869e-06 2780 	    1.956
512: 397.486095 2.53829e-05 2787 	    1.712
513: 397.486092 2.62237e-06 2790 	    2.045
514: 397.486073 1.91161e-05 2793 	    1.588
515: 397.486035 3.79956e-05 2801 	    1.801
516: 397.486028 7.15689e-06 2804 	    1.538
517: 397.485960 6.78502e-05 2812 	    1.696
518: 397.485946 1.37725e-05 2820 	    1.839
519: 397.485934 1.15972e-05 2823 	    1.642
520: 397.485916 1.83073e-05 2831 	    1.758
521: 397.485770 1.45782e-04 2834 	    1.871
522: 397.485757 1.36726e-05 2842 	    1.753
523: 397.485606 1.50458e-04 2845 	    1.932
524: 397.485585 2.17242e-05 2852 	    1.690
525: 397.485584 7.68974e-07 2855 	    2.007
526: 397.485578 5.44548e-06 2858 	    1.560
527: 397.485534 4.42029e-05 2866 	    1.765
528: 397.485415 1.18736e-04 2869 	    1.586
529: 397.485386 2.96583e-05 2877 	    1.819
530: 397.485374 1.18126e-05 2885 	    1.713
531: 397.485372 2.23562e-06 2888 	    2.088
532: 397.485334 3.73528e-05 2891 	    1.590
533: 397.485307 2.71892e-05 2899 	    1.828
534: 397.485296 1.16105e-05 2907 	    1.717
535: 397.485290 5.60007e-06 2910 	    2.118
536: 397.485241 4.93687e-05 2913 	    1.603
537: 397.485219 2.11254e-05 2921 	    1.853
538: 397.485207 1.24404e-05 2929 	    1.735
539: 397.485131 7.62214e-05 2932 	    2.219
540: 397.485041 8.99679e-05 2935 	    1.656
541: 397.485028 1.29584e-05 2944 	    1.791
542: 397.485014 1.40692e-05 2951 	    1.609
543: 397.484997 1.65083e-05 2954 	    1.869
544: 397.484984 1.35001e-05 2962 	    1.746
545: 397.484880 1.04052e-04 2965 	    1.736
546: 397.484658 2.21491e-04 2968 	    2.192
547: 397.484569 8.91900e-05 2975 	    1.639
548: 397.484557 1.24510e-05 2983 	    1.774
549: 397.484545 1.15143e-05 2986 	    1.585
550: 397.484526 1.91234e-05 2994 	    1.701
551: 397.484517 8.80624e-06 2997 	    2.138
552: 397.484456 6.11453e-05 3000 	    1.596
553: 397.484438 1.77335e-05 3009 	    1.715
554: 397.484388 5.07277e-05 3017 	    1.955
555: 397.484360 2.77023e-05 3020 	    1.689
556: 397.484347 1.31689e-05 3028 	    1.861
557: 397.484335 1.12938e-05 3031 	    1.626
558: 397.484322 1.32625e-05 3039 	    1.758
559: 397.484300 2.22594e-05 3042 	    1.593
560: 397.484282 1.75864e-05 3050 	    1.713
561: 397.484238 4.43354e-05 3053 	    2.222
562: 397.484144 9.39027e-05 3056 	    1.642
563: 397.484133 1.09044e-05 3065 	    1.783
564: 397.484123 1.00172e-05 3073 	    1.675
565: 397.484113 1.05511e-05 3080 	    1.837
566: 397.484101 1.15400e-05 3083 	    1.714
567: 397.484016 8.48933e-05 3086 	    2.171
568: 397.483942 7.42843e-05 3089 	    1.607
569: 397.483928 1.38909e-05 3098 	    1.737
570: 397.483871 5.72361e-05 3101 	    1.503
571: 397.483826 4.48048e-05 3109 	    1.717
572: 397.483606 2.19855e-04 3112 	    1.887
573: 397.483590 1.58619e-05 3121 	    1.751
574: 397.483578 1.21781e-05 3128 	    1.567
575: 397.483563 1.52509e-05 3131 	    1.835
576: 397.483551 1.13618e-05 3139 	    1.707
577: 397.483437 1.14437e-04 3142 	    1.992
578: 397.483432 5.25236e-06 3145 	    1.499
579: 397.483392 3.95441e-05 3153 	    1.727
580: 397.483348 4.43943e-05 3156 	    1.480
581: 397.483301 4.69120e-05 3164 	    1.696
582: 397.483260 4.12540e-05 3172 	    1.937
583: 397.483234 2.54017e-05 3175 	    1.662
584: 397.483226 8.09455e-06 3183 	    1.832
585: 397.483219 6.71027e-06 3186 	    1.589
586: 397.483206 1.29536e-05 3194 	    1.722
587: 397.483172 3.45255e-05 3197 	    1.583
588: 397.483158 1.35103e-05 3205 	    1.715
589: 397.483107 5.12148e-05 3208 	    1.611
590: 397.483097 9.79617e-06 3216 	    1.753
591: 397.483093 4.41664e-06 3219 	    1.551
592: 397.483075 1.79347e-05 3227 	    1.674
593: 397.483064 1.08254e-05 3234 	    1.865
594: 397.483050 1.39745e-05 3237 	    1.728
595: 397.483031 1.91904e-05 3240 	    1.560
596: 397.483015 1.61868e-05 3248 	    1.687
597: 397.483011 3.75495e-06 3251 	    2.192
598: 397.482928 8.33232e-05 3254 	    1.598
599: 397.482917 1.04858e-05 3263 	    1.738
600: 397.482908 9.31500e-06 3271 	    1.635
601: 397.482901 6.98264e-06 3278 	    1.790
602: 397.482893 8.08175e-06 3281 	    1.666
603: 397.482885 8.42992e-06 3288 	    1.849
604: 397.482872 1.25899e-05 3291 	    1.713
605: 397.482834 3.78838e-05 3294 	    1.584
606: 397.482822 1.18935e-05 3302 	    1.720
607: 397.482801 2.15888e-05 3305 	    1.558
608: 397.482785 1.53305e-05 3313 	    1.687
609: 397.482762 2.34672e-05 3316 	    2.213
610: 397.482670 9.16154e-05 3319 	    1.607
611: 397.482662 8.43468e-06 3328 	    1.753
612: 397.482655 6.83527e-06 3336 	    1.637
613: 397.482649 6.02299e-06 3344 	    1.714
614: 397.482633 1.55186e-05 3347 	    1.632
615: 397.482627 6.17517e-06 3354 	    1.789
616: 397.482619 7.81285e-06 3357 	    1.662
617: 397.482612 7.50437e-06 3365 	    1.751
618: 397.482605 6.73054e-06 3368 	    1.636
619: 397.482599 5.95290e-06 3376 	    1.713
620: 397.482583 1.57203e-05 3379 	    1.631
621: 397.482577 6.03018e-06 3386 	    1.789
622: 397.482570 7.76995e-06 3389 	    1.661
623: 397.482562 7.41961e-06 3397 	    1.751
624: 397.482556 6.60314e-06 3400 	    1.635
625: 397.482550 5.88184e-06 3408 	    1.712
626: 397.482534 1.54676e-05 3411 	    1.630
627: 397.482528 5.92946e-06 3418 	    1.788
628: 397.482521 7.65718e-06 3421 	    1.660
629: 397.482513 7.18708e-06 3429 	    1.749
630: 397.482507 6.51358e-06 3432 	    1.633
631: 397.482501 5.81927e-06 3440 	    1.710
632: 397.482485 1.60862e-05 3443 	    1.630
633: 397.482479 5.82235e-06 3451 	    1.706
634: 397.482460 1.89939e-05 3454 	    1.635
635: 397.482455 5.73903e-06 3462 	    1.712
636: 397.482441 1.34394e-05 3465 	    1.625
637: 397.482435 5.89727e-06 3472 	    1.782
638: 397.482428 7.24762e-06 3475 	    1.654
639: 397.482421 6.48026e-06 3483 	    1.741
640: 397.482415 6.54037e-06 3486 	    1.627
641: 397.482409 5.75276e-06 3494 	    1.703
642: 397.482389 2.03035e-05 3497 	    1.636
643: 397.482383 5.63554e-06 3505 	    1.715
644: 397.482372 1.11385e-05 3508 	    1.621
645: 397.482366 5.93389e-06 3515 	    1.777
646: 397.482359 6.91584e-06 3518 	    1.650
647: 397.482353 6.04997e-06 3526 	    1.734
648: 397.482346 6.71779e-06 3529 	    1.623
649: 397.482341 5.72615e-06 3537 	    1.698
650: 397.482316 2.45642e-05 3540 	    1.645
651: 397.482310 5.77342e-06 3548 	    1.729
652: 397.482303 7.17216e-06 3551 	    1.620
653: 397.482297 5.76031e-06 3558 	    1.776
654: 397.482291 6.84997e-06 3561 	    1.649
655: 397.482285 5.94246e-06 3569 	    1.734
656: 397.482278 6.51017e-06 3572 	    1.621
657: 397.482273 5.65206e-06 3580 	    1.697
658: 397.482248 2.43971e-05 3583 	    1.644
659: 397.482242 5.66543e-06 3591 	    1.727
660: 397.482236 6.93934e-06 3594 	    1.618
661: 397.482230 5.67012e-06 3602 	    1.693
662: 397.482201 2.91253e-05 3605 	    1.657
663: 397.482193 7.23914e-06 3613 	    1.750
664: 397.482188 5.83961e-06 3616 	    1.629
665: 397.482182 5.39453e-06 3624 	    1.708
666: 397.482170 1.17779e-05 3627 	    1.616
667: 397.482165 5.61221e-06 3635 	    1.692
668: 397.482137 2.83340e-05 3638 	    1.654
669: 397.482130 6.75506e-06 3646 	    1.745
670: 397.482124 5.70206e-06 3649 	    1.625
671: 397.482119 5.34469e-06 3657 	    1.703
672: 397.482105 1.32294e-05 3660 	    1.617
673: 397.482100 5.48529e-06 3668 	    1.693
674: 397.482077 2.32914e-05 3671 	    1.638
675: 397.482071 5.35738e-06 3679 	    1.721
676: 397.482065 6.77791e-06 3682 	    1.612
677: 397.482059 5.54592e-06 3690 	    1.687
678: 397.482027 3.15507e-05 3693 	    1.664
679: 397.482015 1.27369e-05 3700 	    1.892
680: 397.481997 1.72613e-05 3703 	    1.743
681: 397.481992 5.46181e-06 3710 	    1.622
682: 397.481988 4.48426e-06 3713 	    1.784
683: 397.481980 7.46155e-06 3720 	    1.652
684: 397.481974 5.65458e-06 3723 	    1.845
685: 397.481965 9.31406e-06 3726 	    1.576
686: 397.481956 8.89262e-06 3734 	    1.721
687: 397.481956 5.91867e-07 3737 	    1.513
688: 397.481938 1.77258e-05 3745 	    1.640
689: 397.481933 5.33799e-06 3753 	    1.726
690: 397.481927 5.65591e-06 3756 	    1.611
691: 397.481922 5.32215e-06 3764 	    1.687
692: 397.481896 2.51227e-05 3767 	    1.641
693: 397.481891 5.39160e-06 3775 	    1.728
694: 397.481886 5.35341e-06 3778 	    1.611
695: 397.481880 5.22293e-06 3786 	    1.688
696: 397.481859 2.17630e-05 3789 	    1.631
697: 397.481854 4.93465e-06 3797 	    1.714
698: 397.481847 6.46983e-06 3800 	    1.605
699: 397.481842 5.36608e-06 3808 	    1.680
700: 397.481806 3.60373e-05 3811 	    1.684
701: 397.481749 5.70494e-05 3814 	    1.658
702: 397.481715 3.37768e-05 3817 	    1.395
703: 397.481664 5.14871e-05 3825 	    1.608
704: 397.481658 5.68588e-06 3834 	    1.687
705: 397.481646 1.17560e-05 3837 	    1.516
706: 397.481631 1.49524e-05 3845 	    1.643
707: 397.481623 8.41221e-06 3853 	    1.745
708: 397.481617 5.63280e-06 3856 	    1.621
709: 397.481612 4.91765e-06 3864 	    1.702
710: 397.481606 6.60049e-06 3867 	    1.598
711: 397.481600 5.15055e-06 3875 	    1.672
712: 397.481565 3.53660e-05 3878 	    1.673
713: 397.481547 1.85944e-05 3885 	    1.911
714: 397.481530 1.61849e-05 3888 	    1.773
715: 397.481499 3.18257e-05 3891 	    1.633
716: 397.481484 1.46805e-05 3899 	    1.834
717: 397.481470 1.36303e-05 3902 	    1.604
718: 397.481454 1.58245e-05 3910 	    1.787
719: 397.481436 1.83084e-05 3913 	    1.598
720: 397.481421 1.54474e-05 3921 	    1.777
721: 397.481402 1.85894e-05 3924 	    1.595
722: 397.481387 1.48758e-05 3932 	    1.771
723: 397.481369 1.78820e-05 3935 	    1.590
724: 397.481355 1.45247e-05 3943 	    1.763
725: 397.481337 1.81530e-05 3946 	    1.587
726: 397.481323 1.40053e-05 3954 	    1.759
727: 397.481305 1.72810e-05 3957 	    1.582
728: 397.481292 1.37804e-05 3965 	    1.751
729: 397.481274 1.80048e-05 3968 	    1.581
730: 397.481260 1.31887e-05 3976 	    1.748
731: 397.481244 1.62136e-05 3979 	    1.574
732: 397.481231 1.32869e-05 3987 	    1.739
733: 397.481212 1.90030e-05 3990 	    1.578
734: 397.481200 1.21217e-05 3998 	    1.743
735: 397.481187 1.28411e-05 4001 	    1.562
736: 397.481173 1.35490e-05 4009 	    1.721
737: 397.481145 2.79471e-05 4012 	    1.600
738: 397.481137 8.13005e-06 4020 	    1.771
739: 397.481136 1.68575e-06 4023 	    1.541
740: 397.481121 1.48633e-05 4031 	    1.691
741: 397.481065 5.61347e-05 4034 	    1.915
742: 397.481046 1.84526e-05 4041 	    1.624
743: 397.481041 5.16406e-06 4049 	    1.712
744: 397.481031 1.00336e-05 4052 	    1.627
745: 397.481026 4.92343e-06 4060 	    1.716
746: 397.481018 7.94428e-06 4063 	    1.621
747: 397.481013 4.91149e-06 4071 	    1.707
748: 397.481003 1.00965e-05 4074 	    1.624
749: 397.480998 4.66490e-06 4082 	    1.712
750: 397.480991 7.80151e-06 4085 	    1.617
751: 397.480986 4.71763e-06 4093 	    1.702
752: 397.480975 1.06929e-05 4096 	    1.623
753: 397.480971 4.39525e-06 4104 	    1.710
754: 397.480964 7.01668e-06 4107 	    1.612
755: 397.480959 4.59832e-06 4115 	    1.695
756: 397.480947 1.24262e-05 4118 	    1.626
757: 397.480943 4.03551e-06 4126 	    1.714
758: 397.480938 5.11838e-06 4129 	    1.606
759: 397.480933 4.53418e-06 4137 	    1.688
760: 397.480917 1.60653e-05 4140 	    1.638
761: 397.480913 3.67207e-06 4148 	    1.731
762: 397.480910 3.31652e-06 4151 	    1.608
763: 397.480906 4.06416e-06 4159 	    1.689
764: 397.480895 1.06381e-05 4162 	    1.612
765: 397.480891 3.80796e-06 4170 	    1.694
766: 397.480884 7.09778e-06 4173 	    1.600
767: 397.480880 4.17942e-06 4181 	    1.680
768: 397.480863 1.69566e-05 4184 	    1.636
769: 397.480860 3.23577e-06 4192 	    1.727
770: 397.480857 2.76900e-06 4195 	    1.601
771: 397.480853 3.79313e-06 4203 	    1.680
772: 397.480842 1.10636e-05 4206 	    1.606
773: 397.480839 3.51275e-06 4214 	    1.687
774: 397.480832 6.54140e-06 4217 	    1.592
775: 397.480828 4.07652e-06 4225 	    1.669
776: 397.480803 2.50412e-05 4228 	    1.678
777: 397.480800 3.39600e-06 4235 	    1.568
778: 397.480796 3.71016e-06 4238 	    1.720
779: 397.480793 3.34933e-06 4246 	    1.653
780: 397.480776 1.69425e-05 4249 	    1.600
781: 397.480773 2.98505e-06 4257 	    1.681
782: 397.480770 2.80316e-06 4260 	    1.567
783: 397.480766 4.25570e-06 4268 	    1.640
784: 397.480751 1.46417e-05 4271 	    1.925
785: 397.480724 2.70545e-05 4274 	    1.624
786: 397.480721 3.42697e-06 4283 	    1.718
787: 397.480717 3.15080e-06 4291 	    1.651
788: 397.480698 1.99434e-05 4294 	    1.617
789: 397.480695 2.65238e-06 4302 	    1.704
790: 397.480693 1.91047e-06 4305 	    1.577
791: 397.480689 3.64497e-06 4313 	    1.653
792: 397.480668 2.12250e-05 4316 	    1.628
793: 397.480665 2.92512e-06 4324 	    1.722
794: 397.480663 2.47024e-06 4327 	    1.590
795: 397.480660 3.10889e-06 4335 	    1.668
796: 397.480654 5.95606e-06 4338 	    1.573
797: 397.480650 3.91883e-06 4346 	    1.647
798: 397.480629 2.07057e-05 4349 	    1.915
799: 397.480605 2.36003e-05 4352 	    1.613
800: 397.480603 2.29121e-06 4361 	    1.697
801: 397.480601 2.26356e-06 4369 	    1.633
802: 397.480598 3.35022e-06 4376 	    1.734
803: 397.480594 3.40387e-06 4379 	    1.663
804: 397.480586 7.77744e-06 4382 	    1.575
805: 397.480583 3.68160e-06 4390 	    1.652
806: 397.480556 2.65310e-05 4393 	    1.674
807: 397.480553 2.86471e-06 4400 	    1.563
808: 397.480550 3.70017e-06 4403 	    1.719
809: 397.480547 2.75830e-06 4411 	    1.649
810: 397.480516 3.10766e-05 4414 	    1.796
811: 397.480515 7.18006e-07 4417 	    1.512
812: 397.480505 9.77689e-06 4425 	    1.658
813: 397.480486 1.90247e-05 4428 	    1.525
814: 397.480478 7.99978e-06 4436 	    1.673
815: 397.480476 2.38226e-06 4444 	    1.615
816: 397.480474 1.90883e-06 4451 	    1.703
817: 397.480472 2.19529e-06 4454 	    1.634
818: 397.480468 3.24709e-06 4461 	    1.744
819: 397.480465 3.71702e-06 4464 	    1.670
820: 397.480462 2.56705e-06 4467 	    1.559
821: 397.480458 4.24134e-06 4475 	    1.635
822: 397.480455 3.39035e-06 4482 	    1.746
823: 397.480451 3.82982e-06 4485 	    1.673
824: 397.480449 1.90286e-06 4488 	    1.558
825: 397.480445 4.28197e-06 4496 	    1.634
826: 397.480442 2.98749e-06 4503 	    1.742
827: 397.480438 3.62510e-06 4506 	    1.668
828: 397.480435 2.75508e-06 4509 	    1.559
829: 397.480431 4.19492e-06 4517 	    1.635
830: 397.480428 3.25575e-06 4524 	    1.746
831: 397.480424 3.81771e-06 4527 	    1.672
832: 397.480422 1.68196e-06 4530 	    1.557
833: 397.480418 4.27797e-06 4538 	    1.633
834: 397.480415 2.68331e-06 4545 	    1.739
835: 397.480412 3.49239e-06 4548 	    1.666
836: 397.480408 3.29428e-06 4551 	    1.560
837: 397.480404 4.09394e-06 4559 	    1.636
838: 397.480401 3.47793e-06 4566 	    1.751
839: 397.480397 4.00623e-06 4569 	    1.676
840: 397.480396 9.08552e-07 4572 	    1.556
841: 397.480392 4.27507e-06 4580 	    1.631
842: 397.480389 2.41009e-06 4587 	    1.736
843: 397.480386 3.36492e-06 4590 	    1.663
844: 397.480382 3.97519e-06 4593 	    1.561
845: 397.480378 3.95094e-06 4601 	    1.637
846: 397.480374 4.20874e-06 4608 	    1.760
847: 397.480369 4.43412e-06 4611 	    1.684
848: 397.480369 2.40279e-07 4614 	    1.557
849: 397.480365 4.11729e-06 4622 	    1.633
850: 397.480362 2.72195e-06 4629 	    1.743
851: 397.480359 3.66320e-06 4632 	    1.669
852: 397.480357 1.61707e-06 4635 	    1.555
853: 397.480353 4.24051e-06 4643 	    1.630
854: 397.480351 2.13136e-06 4650 	    1.734
855: 397.480347 3.25605e-06 4653 	    1.661
856: 397.480343 4.39933e-06 4656 	    1.561
857: 397.480339 3.81191e-06 4664 	    1.638
858: 397.480334 4.92221e-06 4671 	    1.769
859: 397.480329 4.83612e-06 4674 	    1.692
860: 397.480329 8.61181e-08 4677 	    1.560
861: 397.480325 3.85424e-06 4685 	    1.637
862: 397.480322 3.93718e-06 4692 	    1.761
863: 397.480317 4.45207e-06 4695 	    1.685
864: 397.480315 1.62933e-06 4702 	    1.618
865: 397.480314 1.39398e-06 4705 	    1.709
866: 397.480313 8.35583e-07 4708 	    1.571
867: 397.480310 3.20026e-06 4716 	    1.649
868: 397.480293 1.66687e-05 4719 	    1.622
869: 397.480292 1.50332e-06 4728 	    1.669
870: 397.480291 9.69724e-07 4731 	    1.551
871: 397.480287 4.25440e-06 4739 	    1.627
872: 397.480285 1.70174e-06 4747 	    1.676
873: 397.480283 1.57676e-06 4750 	    1.612
874: 397.480282 1.40449e-06 4758 	    1.656
875: 397.480278 3.91394e-06 4761 	    1.611
876: 397.480277 1.40308e-06 4769 	    1.654
877: 397.480272 4.53262e-06 4772 	    1.613
878: 397.480271 1.38292e-06 4780 	    1.657
879: 397.480267 3.34557e-06 4783 	    1.609
880: 397.480266 1.40567e-06 4790 	    1.695
881: 397.480264 1.75587e-06 4793 	    1.626
882: 397.480263 1.59342e-06 4801 	    1.674
883: 397.480261 1.53828e-06 480
 15         verbose | verbose                0.00
  7         runmode | runmode                0.00
  4         seqtype | seqtype                1.00
 13       CodonFreq | CodonFreq              0.00
 16           model | model                  0.00
 20         NSsites | NSsites                0.00
 22           icode | icode                  0.00
 24       fix_kappa | fix_kappa              0.00
 25           kappa | kappa                  2.00
 26       fix_omega | fix_omega              0.00
 27           omega | omega                  0.10
CODONML in paml version 4.8a, July 2014

----------------------------------------------
Phe F TTT | Ser S TCT | Tyr Y TAT | Cys C TGT
      TTC |       TCC |       TAC |       TGC
Leu L TTA |       TCA | *** * TAA | *** * TGA
      TTG |       TCG |       TAG | Trp W TGG
----------------------------------------------
Leu L CTT | Pro P CCT | His H CAT | Arg R CGT
      CTC |       CCC |       CAC |       CGC
      CTA |       CCA | Gln Q CAA |       CGA
      CTG |       CCG |       CAG |       CGG
----------------------------------------------
Ile I ATT | Thr T ACT | Asn N AAT | Ser S AGT
      ATC |       ACC |       AAC |       AGC
      ATA |       ACA | Lys K AAA | Arg R AGA
Met M ATG |       ACG |       AAG |       AGG
----------------------------------------------
Val V GTT | Ala A GCT | Asp D GAT | Gly G GGT
      GTC |       GCC |       GAC |       GGC
      GTA |       GCA | Glu E GAA |       GGA
      GTG |       GCG |       GAG |       GGG
----------------------------------------------
Nice code, uuh?


Ambiguity character definition table:

T (1): T 
C (1): C 
A (1): A 
G (1): G 
U (1): T 
Y (2): T C 
R (2): A G 
M (2): C A 
K (2): T G 
S (2): C G 
W (2): T A 
H (3): T C A 
B (3): T C G 
V (3): C A G 
D (3): T A G 
- (4): T C A G 
N (4): T C A G 
? (4): T C A G 

ns = 10  	ls = 234
Reading sequences, sequential format..
Reading seq # 1: seq1     Reading seq # 2: seq2     Reading seq # 3: seq3     Reading seq # 4: seq4     Reading seq # 5: seq5     Reading seq # 6: seq6     Reading seq # 7: seq7     Reading seq # 8: seq8     Reading seq # 9: seq9     Reading seq #10: seq10     
Sequences read..
Counting site patterns..  0:00
          55 patterns at       78 /       78 sites (100.0%),  0:00
Counting codons..

  2   1:Sites    56.1 +  177.9 =  234.0	Diffs     0.0 +    0.0 =    0.0
  3   1:Sites    56.1 +  177.9 =  234.0	Diffs     0.0 +    0.0 =    0.0
  3   2:Sites    56.1 +  177.9 =  234.0	Diffs     0.0 +    0.0 =    0.0
  4   1:Sites    54.3 +  179.7 =  234.0	Diffs    38.5 +    3.5 =   42.0
  4   2:Sites    54.3 +  179.7 =  234.0	Diffs    38.5 +    3.5 =   42.0
  4   3:Sites    54.3 +  179.7 =  234.0	Diffs    38.5 +    3.5 =   42.0
  5   1:Sites    56.1 +  177.9 =  234.0	Diffs     0.0 +    0.0 =    0.0
  5   2:Sites    56.1 +  177.9 =  234.0	Diffs     0.0 +    0.0 =    0.0
  5   3:Sites    56.1 +  177.9 =  234.0	Diffs     0.0 +    0.0 =    0.0
  5   4:Sites    54.3 +  179.7 =  234.0	Diffs    38.5 +    3.5 =   42.0
  6   1:Sites    56.1 +  177.9 =  234.0	Diffs     1.0 +    0.0 =    1.0
  6   2:Sites    56.1 +  177.9 =  234.0	Diffs     1.0 +    0.0 =    1.0
  6   3:Sites    56.1 +  177.9 =  234.0	Diffs     1.0 +    0.0 =    1.0
  6   4:Sites    54.3 +  179.7 =  234.0	Diffs    39.5 +    3.5 =   43.0
  6   5:Sites    56.1 +  177.9 =  234.0	Diffs     1.0 +    0.0 =    1.0
  7   1:Sites    56.1 +  177.9 =  234.0	Diffs     0.0 +    0.0 =    0.0
  7   2:Sites    56.1 +  177.9 =  234.0	Diffs     0.0 +    0.0 =    0.0
  7   3:Sites    56.1 +  177.9 =  234.0	Diffs     0.0 +    0.0 =    0.0
  7   4:Sites    54.3 +  179.7 =  234.0	Diffs    38.5 +    3.5 =   42.0
  7   5:Sites    56.1 +  177.9 =  234.0	Diffs     0.0 +    0.0 =    0.0
  7   6:Sites    56.1 +  177.9 =  234.0	Diffs     1.0 +    0.0 =    1.0
  8   1:Sites    56.1 +  177.9 =  234.0	Diffs     0.0 +    0.0 =    0.0
  8   2:Sites    56.1 +  177.9 =  234.0	Diffs     0.0 +    0.0 =    0.0
  8   3:Sites    56.1 +  177.9 =  234.0	Diffs     0.0 +    0.0 =    0.0
  8   4:Sites    54.3 +  179.7 =  234.0	Diffs    38.5 +    3.5 =   42.0
  8   5:Sites    56.1 +  177.9 =  234.0	Diffs     0.0 +    0.0 =    0.0
  8   6:Sites    56.1 +  177.9 =  234.0	Diffs     1.0 +    0.0 =    1.0
  8   7:Sites    56.1 +  177.9 =  234.0	Diffs     0.0 +    0.0 =    0.0
  9   1:Sites    56.1 +  177.9 =  234.0	Diffs     0.0 +    0.0 =    0.0
  9   2:Sites    56.1 +  177.9 =  234.0	Diffs     0.0 +    0.0 =    0.0
  9   3:Sites    56.1 +  177.9 =  234.0	Diffs     0.0 +    0.0 =    0.0
  9   4:Sites    54.3 +  179.7 =  234.0	Diffs    38.5 +    3.5 =   42.0
  9   5:Sites    56.1 +  177.9 =  234.0	Diffs     0.0 +    0.0 =    0.0
  9   6:Sites    56.1 +  177.9 =  234.0	Diffs     1.0 +    0.0 =    1.0
  9   7:Sites    56.1 +  177.9 =  234.0	Diffs     0.0 +    0.0 =    0.0
  9   8:Sites    56.1 +  177.9 =  234.0	Diffs     0.0 +    0.0 =    0.0
 10   1:Sites    56.1 +  177.9 =  234.0	Diffs     0.0 +    0.0 =    0.0
 10   2:Sites    56.1 +  177.9 =  234.0	Diffs     0.0 +    0.0 =    0.0
 10   3:Sites    56.1 +  177.9 =  234.0	Diffs     0.0 +    0.0 =    0.0
 10   4:Sites    54.3 +  179.7 =  234.0	Diffs    38.5 +    3.5 =   42.0
 10   5:Sites    56.1 +  177.9 =  234.0	Diffs     0.0 +    0.0 =    0.0
 10   6:Sites    56.1 +  177.9 =  234.0	Diffs     1.0 +    0.0 =    1.0
 10   7:Sites    56.1 +  177.9 =  234.0	Diffs     0.0 +    0.0 =    0.0
 10   8:Sites    56.1 +  177.9 =  234.0	Diffs     0.0 +    0.0 =    0.0
 10   9:Sites    56.1 +  177.9 =  234.0	Diffs     0.0 +    0.0 =    0.0

      360 bytes for distance
    53680 bytes for conP
        0 bytes for fhK
  5000000 bytes for space

TREE #  1
((((((4, 6), 9), (8, (5, 2))), 10), 7), 3, 1);   MP score: 39
   214720 bytes for conP, adjusted

    0.006024    0.012704    0.052034    0.016874    0.000000    0.743409    0.094993    0.034725    0.059214    0.017229    0.044540    0.022259    0.020900    0.014238    0.017063    0.053329    0.049231    2.000000    0.100000

ntime & nrate & np:    17     2    19

Bounds (np=19):
   0.000004   0.000004   0.000004   0.000004   0.000004   0.000004   0.000004   0.000004   0.000004   0.000004   0.000004   0.000004   0.000004   0.000004   0.000004   0.000004   0.000004   0.000100   0.000100
  50.000000  50.000000  50.000000  50.000000  50.000000  50.000000  50.000000  50.000000  50.000000  50.000000  50.000000  50.000000  50.000000  50.000000  50.000000  50.000000  50.000000 999.000000 999.000000

np =    19
lnL0 =  -467.361474

Iterating by ming2
Initial: fx=   467.361474
x=  0.00602  0.01270  0.05203  0.01687  0.00000  0.74341  0.09499  0.03473  0.05921  0.01723  0.04454  0.02226  0.02090  0.01424  0.01706  0.05333  0.04923  2.00000  0.10000

  1 h-m-p  0.0000 0.0000 312.4048 ++      467.360348  m 0.0000    24 | 1/19
  2 h-m-p  0.0000 0.0000 6494.9143 ++      459.425132  m 0.0000    46 | 2/19
  3 h-m-p  0.0001 0.0004 100.0104 ++      449.409202  m 0.0004    68 | 3/19
  4 h-m-p  0.0000 0.0000 4521.5400 ++      447.895257  m 0.0000    90 | 4/19
  5 h-m-p  0.0000 0.0000 27139.0487 ++      446.406104  m 0.0000   112 | 5/19
  6 h-m-p  0.0000 0.0000 945.9185 ++      442.935526  m 0.0000   134 | 6/19
  7 h-m-p  0.0000 0.0000 1346.8547 ++      441.940634  m 0.0000   156 | 7/19
  8 h-m-p  0.0000 0.0000 1828.1919 ++      440.895712  m 0.0000   178 | 8/19
  9 h-m-p  0.0000 0.0000 6006.2628 ++      433.205981  m 0.0000   200 | 9/19
 10 h-m-p  0.0000 0.0000 552.2401 ++      432.785188  m 0.0000   222 | 10/19
 11 h-m-p  0.0000 0.0000 10813911.2509 ++      432.370610  m 0.0000   244 | 11/19
 12 h-m-p  0.0000 0.0000 521.6967 ++      430.588534  m 0.0000   266 | 12/19
 13 h-m-p  0.0000 0.0000 5354.2671 ++      429.565268  m 0.0000   288 | 13/19
 14 h-m-p  0.0000 0.0000 131.6998 ++      429.411192  m 0.0000   310 | 14/19
 15 h-m-p  0.0000 0.0001  63.9151 ++      429.150740  m 0.0001   332 | 15/19
 16 h-m-p  0.0011 0.1156   2.0861 +++YCYYCCC   424.249897  6 0.0892   367 | 15/19
 17 h-m-p  0.1075 0.5374   0.2287 YCC     424.232341  2 0.0691   392 | 15/19
 18 h-m-p  0.0160 8.0000   2.4770 +YCCC   424.023526  3 0.1262   424 | 15/19
 19 h-m-p  0.4444 2.2219   0.1129 YYC     423.969391  2 0.3505   448 | 15/19
 20 h-m-p  0.6047 8.0000   0.0654 +YC     423.957755  1 1.7214   476 | 15/19
 21 h-m-p  1.6000 8.0000   0.0177 YC      423.957292  1 1.1742   503 | 15/19
 22 h-m-p  1.6000 8.0000   0.0028 Y       423.957279  0 1.1127   529 | 15/19
 23 h-m-p  1.6000 8.0000   0.0002 Y       423.957278  0 1.0919   555 | 15/19
 24 h-m-p  1.6000 8.0000   0.0000 -Y      423.957278  0 0.1909   582 | 15/19
 25 h-m-p  0.2392 8.0000   0.0000 C       423.957278  0 0.0598   608 | 15/19
 26 h-m-p  0.0637 8.0000   0.0000 ------------C   423.957278  0 0.0000   646
Out..
lnL  =  -423.957278
647 lfun, 647 eigenQcodon, 10999 P(t)

d123[*] =  0.00000  0.00000  0.00000  average  0.00000
    [B] =  0.00000  0.00000  0.00000  average  0.00000
accept  =  0.06721  0.01512  0.79565

w =  0.01512 dN =  0.00000 dS =  0.00000 d4 =  0.00000 (40.9 four-fold sites)
             dN*=  0.00000 dS*=  0.00001 S* =  59.61 N* = 174.39

d123[*] =  0.00000  0.00000  0.00000  average  0.00000
    [B] =  0.00000  0.00000  0.00000  average  0.00000
accept  =  0.06721  0.01512  0.79565

w =  0.01512 dN =  0.00000 dS =  0.00000 d4 =  0.00000 (40.9 four-fold sites)
             dN*=  0.00000 dS*=  0.00001 S* =  59.61 N* = 174.39

d123[*] =  0.00000  0.00000  0.00000  average  0.00000
    [B] =  0.00000  0.00000  0.00000  average  0.00000
accept  =  0.06721  0.01512  0.79565

w =  0.01512 dN =  0.00000 dS =  0.00000 d4 =  0.00000 (40.9 four-fold sites)
             dN*=  0.00000 dS*=  0.00001 S* =  59.61 N* = 174.39

d123[*] =  0.00000  0.00000  0.00000  average  0.00000
    [B] =  0.00000  0.00000  0.00000  average  0.00000
accept  =  0.06721  0.01512  0.79565

w =  0.01512 dN =  0.00000 dS =  0.00000 d4 =  0.00000 (40.9 four-fold sites)
             dN*=  0.00000 dS*=  0.00001 S* =  59.61 N* = 174.39

d123[*] =  0.00000  0.00000  0.00000  average  0.00000
    [B] =  0.00000  0.00000  0.00000  average  0.00000
accept  =  0.06721  0.01512  0.79565

w =  0.01512 dN =  0.00000 dS =  0.00000 d4 =  0.00000 (40.9 four-fold sites)
             dN*=  0.00000 dS*=  0.00001 S* =  59.61 N* = 174.39

d123[*] =  0.07800  0.01787  0.94043  average  0.34543
    [B] =  1.16059  1.18196  1.18196  average  1.17484
accept  =  0.06721  0.01512  0.79565

w =  0.01512 dN =  0.01776 dS =  1.17484 d4 =  1.22062 (40.9 four-fold sites)
             dN*=  0.01708 dS*=  1.30598 S* =  59.61 N* = 174.39

d123[*] =  0.00100  0.00023  0.01201  average  0.00441
    [B] =  0.01483  0.01510  0.01510  average  0.01501
accept  =  0.06721  0.01512  0.79565

w =  0.01512 dN =  0.00023 dS =  0.01501 d4 =  0.01559 (40.9 four-fold sites)
             dN*=  0.00022 dS*=  0.01668 S* =  59.61 N* = 174.39

d123[*] =  0.00000  0.00000  0.00000  average  0.00000
    [B] =  0.00000  0.00000  0.00000  average  0.00000
accept  =  0.06721  0.01512  0.79565

w =  0.01512 dN =  0.00000 dS =  0.00000 d4 =  0.00000 (40.9 four-fold sites)
             dN*=  0.00000 dS*=  0.00001 S* =  59.61 N* = 174.39

d123[*] =  0.00000  0.00000  0.00000  average  0.00000
    [B] =  0.00000  0.00000  0.00000  average  0.00000
accept  =  0.06721  0.01512  0.79565

w =  0.01512 dN =  0.00000 dS =  0.00000 d4 =  0.00000 (40.9 four-fold sites)
             dN*=  0.00000 dS*=  0.00001 S* =  59.61 N* = 174.39

d123[*] =  0.00000  0.00000  0.00000  average  0.00000
    [B] =  0.00000  0.00000  0.00000  average  0.00000
accept  =  0.06721  0.01512  0.79565

w =  0.01512 dN =  0.00000 dS =  0.00000 d4 =  0.00000 (40.9 four-fold sites)
             dN*=  0.00000 dS*=  0.00001 S* =  59.61 N* = 174.39

d123[*] =  0.00000  0.00000  0.00000  average  0.00000
    [B] =  0.00000  0.00000  0.00000  average  0.00000
accept  =  0.06721  0.01512  0.79565

w =  0.01512 dN =  0.00000 dS =  0.00000 d4 =  0.00000 (40.9 four-fold sites)
             dN*=  0.00000 dS*=  0.00001 S* =  59.61 N* = 174.39

d123[*] =  0.00000  0.00000  0.00000  average  0.00000
    [B] =  0.00000  0.00000  0.00000  average  0.00000
accept  =  0.06721  0.01512  0.79565

w =  0.01512 dN =  0.00000 dS =  0.00000 d4 =  0.00000 (40.9 four-fold sites)
             dN*=  0.00000 dS*=  0.00001 S* =  59.61 N* = 174.39

d123[*] =  0.00000  0.00000  0.00000  average  0.00000
    [B] =  0.00000  0.00000  0.00000  average  0.00000
accept  =  0.06721  0.01512  0.79565

w =  0.01512 dN =  0.00000 dS =  0.00000 d4 =  0.00000 (40.9 four-fold sites)
             dN*=  0.00000 dS*=  0.00001 S* =  59.61 N* = 174.39

d123[*] =  0.00000  0.00000  0.00000  average  0.00000
    [B] =  0.00000  0.00000  0.00000  average  0.00000
accept  =  0.06721  0.01512  0.79565

w =  0.01512 dN =  0.00000 dS =  0.00000 d4 =  0.00000 (40.9 four-fold sites)
             dN*=  0.00000 dS*=  0.00001 S* =  59.61 N* = 174.39

d123[*] =  0.00000  0.00000  0.00000  average  0.00000
    [B] =  0.00000  0.00000  0.00000  average  0.00000
accept  =  0.06721  0.01512  0.79565

w =  0.01512 dN =  0.00000 dS =  0.00000 d4 =  0.00000 (40.9 four-fold sites)
             dN*=  0.00000 dS*=  0.00001 S* =  59.61 N* = 174.39

d123[*] =  0.00000  0.00000  0.00000  average  0.00000
    [B] =  0.00000  0.00000  0.00000  average  0.00000
accept  =  0.06721  0.01512  0.79565

w =  0.01512 dN =  0.00000 dS =  0.00000 d4 =  0.00000 (40.9 four-fold sites)
             dN*=  0.00000 dS*=  0.00001 S* =  59.61 N* = 174.39

d123[*] =  0.00000  0.00000  0.00000  average  0.00000
    [B] =  0.00000  0.00000  0.00000  average  0.00000
accept  =  0.06721  0.01512  0.79565

w =  0.01512 dN =  0.00000 dS =  0.00000 d4 =  0.00000 (40.9 four-fold sites)
             dN*=  0.00000 dS*=  0.00001 S* =  59.61 N* = 174.39
end of tree file.

Time used:  0:09
4 	    1.611
884: 397.480260 1.37662e-06 4812 	    1.654
885: 397.480255 4.31646e-06 4815 	    1.612
886: 397.480254 1.35906e-06 4823 	    1.656
887: 397.480250 3.54625e-06 4826 	    1.609
888: 397.480249 1.37258e-06 4834 	    1.652
889: 397.480244 5.13776e-06 4837 	    1.616
890: 397.480243 1.33801e-06 4845 	    1.661
891: 397.480240 2.35625e-06 4848 	    1.606
892: 397.480239 1.41183e-06 4855 	    1.691
893: 397.480237 1.62132e-06 4858 	    1.622
894: 397.480236 1.41486e-06 4866 	    1.669
895: 397.480234 1.58811e-06 4869 	    1.607
896: 397.480233 1.36221e-06 4877 	    1.650
897: 397.480227 6.01675e-06 4880 	    1.621
898: 397.480225 1.36440e-06 4888 	    1.667
899: 397.480224 1.63434e-06 4891 	    1.606
900: 397.480222 1.35846e-06 4899 	    1.649
901: 397.480216 6.78311e-06 4902 	    1.626
902: 397.480214 1.52321e-06 4910 	    1.675
903: 397.480213 1.38830e-06 4913 	    1.610
904: 397.480212 1.30354e-06 4921 	    1.653
905: 397.480208 3.82623e-06 4924 	    1.609
906: 397.480206 1.30022e-06 4932 	    1.652
907: 397.480202 4.05877e-06 4935 	    1.610
908: 397.480201 1.28319e-06 4943 	    1.654
909: 397.480198 3.51886e-06 4946 	    1.608
910: 397.480196 1.29735e-06 4954 	    1.651
911: 397.480192 4.71631e-06 4957 B	    0.039
912: 397.480186 5.13467e-06 4960 -	    0.039
913: 397.480172 1.47630e-05 4963 	    0.036
914: 397.480153 1.90013e-05 4966 	    0.035
915: 397.480113 3.92172e-05 4969 	    0.042
916: 397.480037 7.59816e-05 4972 	    0.028
917: 397.479932 1.05748e-04 4975 	    0.024
918: 397.479772 1.59712e-04 4978 	    0.016
919: 397.479653 1.18535e-04 4981 	    0.002
920: 397.479653 3.48855e-07 4984 	    0.000
921: 397.479653 2.60877e-09 5010 -	    0.000
***
# lnL = 3.974797e+02
((((((seq4:3.273539, seq6:0.013499 ):0.000010, seq9:0.000000 ):0.000000, (seq8:0.000000, (seq5:0.000000, seq2:0.000000 ):0.000000 ):0.000000 ):0.000000, seq10:0.000000 ):0.000000, seq7:0.000000 ):0.000000, seq3:0.000000, seq1:0.000000 )
# Kappa = 0.155130 Omega = 0.002513
# Tree length = 3.29, average branch length = 0.19 (min=0.00, max=3.27)
# Scaling tree to neutral evolution. Factor = 5.70
# Calculating initial estimates of sitewise conservation
# Calculating conservation at each site. This may take a while.

   1:  ..................................................
  51:  ............................
# Positively selected sites (cumulative)
# Significance  Number sites  Number Random
# 99% corrected      0       0
# 95% corrected      0       0
# 99%                0       0
# 95%                0       0

# Conserved sites (cumulative)
# Significance  Number sites
# 99% corrected      0
# 95% corrected      0
# 99%               17
# 95%               65
	got slr results msa25.slr
	expect results in msa25.paml
	running paml...
	got paml results
