

Using BFGS method to optimize GTR rate parameters, to disable this specify "--no-bfgs" 



This is RAxML version 8.1.17 released by Alexandros Stamatakis on February 5 2015.

With greatly appreciated code contributions by:
Andre Aberer      (HITS)
Simon Berger      (HITS)
Alexey Kozlov     (HITS)
Kassian Kobert    (HITS)
David Dao         (KIT and HITS)
Nick Pattengale   (Sandia)
Wayne Pfeiffer    (SDSC)
Akifumi S. Tanabe (NRIFS)

Alignment has 81 distinct alignment patterns

Proportion of gaps and completely undetermined characters in this alignment: 4.52%

RAxML rapid hill-climbing mode

Using 1 distinct models/data partitions with joint branch length optimization


Executing 10 inferences on the original alignment using 10 distinct randomized MP trees

All free model parameters will be estimated by RAxML
GAMMA model of rate heteorgeneity, ML estimate of alpha-parameter

GAMMA Model parameters will be estimated up to an accuracy of 0.1000000000 Log Likelihood units

Partition: 0
Alignment Patterns: 81
Name: No Name Provided
DataType: DNA
Substitution Matrix: GTR




RAxML was called as follows:

raxmlHPC-SSE3 -m GTRGAMMA -# 10 -p 37 -s msa2055_.phy -n msa2055_ 


Partition: 0 with name: No Name Provided
Base frequencies: 0.303 0.200 0.241 0.255 

Inference[0]: Time 0.216910 GAMMA-based likelihood -1585.245840, best rearrangement setting 5
Inference[1]: Time 0.208964 GAMMA-based likelihood -1585.248267, best rearrangement setting 5
Inference[2]: Time 0.211460 GAMMA-based likelihood -1585.248267, best rearrangement setting 5
Inference[3]: Time 0.208608 GAMMA-based likelihood -1585.245840, best rearrangement setting 5
Inference[4]: Time 0.210923 GAMMA-based likelihood -1585.248267, best rearrangement setting 5
Inference[5]: Time 0.218419 GAMMA-based likelihood -1585.238592, best rearrangement setting 5
Inference[6]: Time 0.209298 GAMMA-based likelihood -1585.245840, best rearrangement setting 5
Inference[7]: Time 0.211058 GAMMA-based likelihood -1585.248267, best rearrangement setting 5
Inference[8]: Time 0.210922 GAMMA-based likelihood -1585.248267, best rearrangement setting 5
Inference[9]: Time 0.210534 GAMMA-based likelihood -1585.248266, best rearrangement setting 5


Conducting final model optimizations on all 10 trees under GAMMA-based models ....

Inference[0] final GAMMA-based Likelihood: -1582.848442 tree written to file /home/lauralaa/Example/Beetles/RAxML_result.msa2055_.RUN.0
Inference[1] final GAMMA-based Likelihood: -1582.848442 tree written to file /home/lauralaa/Example/Beetles/RAxML_result.msa2055_.RUN.1
Inference[2] final GAMMA-based Likelihood: -1582.848442 tree written to file /home/lauralaa/Example/Beetles/RAxML_result.msa2055_.RUN.2
Inference[3] final GAMMA-based Likelihood: -1582.848442 tree written to file /home/lauralaa/Example/Beetles/RAxML_result.msa2055_.RUN.3
Inference[4] final GAMMA-based Likelihood: -1582.848442 tree written to file /home/lauralaa/Example/Beetles/RAxML_result.msa2055_.RUN.4
Inference[5] final GAMMA-based Likelihood: -1582.848683 tree written to file /home/lauralaa/Example/Beetles/RAxML_result.msa2055_.RUN.5
Inference[6] final GAMMA-based Likelihood: -1582.848442 tree written to file /home/lauralaa/Example/Beetles/RAxML_result.msa2055_.RUN.6
Inference[7] final GAMMA-based Likelihood: -1582.848442 tree written to file /home/lauralaa/Example/Beetles/RAxML_result.msa2055_.RUN.7
Inference[8] final GAMMA-based Likelihood: -1582.848442 tree written to file /home/lauralaa/Example/Beetles/RAxML_result.msa2055_.RUN.8
Inference[9] final GAMMA-based Likelihood: -1582.848442 tree written to file /home/lauralaa/Example/Beetles/RAxML_result.msa2055_.RUN.9


Starting final GAMMA-based thorough Optimization on tree 9 likelihood -1582.848442 .... 

Final GAMMA-based Score of best tree -1582.848442

Program execution info written to /home/lauralaa/Example/Beetles/RAxML_info.msa2055_
Best-scoring ML tree written to: /home/lauralaa/Example/Beetles/RAxML_bestTree.msa2055_

Overall execution time: 2.272542 secs or 0.000631 hours or 0.000026 days


running msa2055.fasta
	running raxml...
	got tree file msa2055_.tree
	expect results in msa2055.slr
	running Slr...
     seqfile:    msa2055_.phy
    treefile:    msa2055_.tree
     outfile:    msa2055_.slr
       kappa:    2.000000e+00
       omega:    1.000000e-01
      codonf:    0
     nucleof:    0
      aminof:    0
  reoptimise:    1
     nucfile:    nuc.dat
   aminofile:    amino.dat
positive_only:    0
     gencode:    universal
     timemem:    0
       ldiff:    3.841459e+00
     paramin:    
    paramout:    
skipsitewise:    0
        seed:    0
    saveseed:    1
    freqtype:    0
   cleandata:    0
     branopt:    1
    writetmp:    0
     recover:    0

# SLR "Sitewise Likelihood Ratio" selection detection program. Version 1.4.3
# Redundency. Reduced sites from 157 to 138
# Read seqfile file msa2055_.phy. 10 species, 157 sites.
# Read tree from msa2055_.tree.
((((((flyg4:0.216513, flyg5:0.006802 ):0.000001, ((flyg10:0.002250, flyg7:0.000001 ):0.002253, flyg8:0.002259 ):0.002275 ):0.013918, flyg3:0.004526 ):0.002136, flyg6:0.009261 ):0.013853, flyg2:0.000001 ):0.000001, flyg9:0.004517, flyg1:0.853162 )
# Reoptimising parameters, branches variable
Initial	f: 1573.176600
Step     f(x)      delta
  1: 1557.805502 1.53711e+01    5 B	  416.916
  2: 1525.523906 3.22816e+01    8 	  420.145
  3: 1522.315843 3.20806e+00   17 	  242.982
  4: 1519.096614 3.21923e+00   20 	  211.154
  5: 1516.064004 3.03261e+00   23 	  817.031
  6: 1511.124985 4.93902e+00   33 	  277.029
  7: 1508.899507 2.22548e+00   42 	  257.756
  8: 1495.974753 1.29248e+01   45 	  274.813
  9: 1487.894980 8.07977e+00   48 	  286.624
 10: 1485.720874 2.17411e+00   56 	  273.992
 11: 1476.389951 9.33092e+00   63 	  251.041
 12: 1476.057320 3.32631e-01   72 	  244.310
 13: 1468.330562 7.72676e+00   75 	  279.105
 14: 1465.374485 2.95608e+00   83 	  183.378
 15: 1465.240529 1.33956e-01   93 	  178.023
 16: 1464.244794 9.95736e-01   96 	  157.013
 17: 1463.896962 3.47832e-01   99 	  149.239
 18: 1463.887942 9.01997e-03  111 	  149.593
 19: 1463.796450 9.14916e-02  119 	  144.654
 20: 1463.684443 1.12007e-01  122 	  135.594
 21: 1463.490577 1.93866e-01  130 	  131.908
 22: 1462.607580 8.82998e-01  133 	  133.961
 23: 1462.464307 1.43273e-01  141 	  126.922
 24: 1462.407247 5.70596e-02  149 	  132.746
 25: 1461.900733 5.06514e-01  152 	  152.765
 26: 1461.549523 3.51210e-01  160 	   67.123
 27: 1461.513656 3.58671e-02  168 	   66.525
 28: 1461.503453 1.02032e-02  176 	   62.990
 29: 1461.303899 1.99554e-01  179 	   20.308
 30: 1461.268045 3.58544e-02  182 	   19.433
 31: 1461.248090 1.99544e-02  190 	   28.236
 32: 1461.231658 1.64324e-02  198 	   18.877
 33: 1461.164932 6.67258e-02  201 	   13.534
 34: 1461.112412 5.25200e-02  204 	   14.717
 35: 1461.089773 2.26394e-02  207 	   22.905
 36: 1460.990687 9.90854e-02  214 	   15.702
 37: 1460.967928 2.27592e-02  221 	   16.228
 38: 1460.935889 3.20393e-02  224 	   15.158
 39: 1460.910609 2.52793e-02  231 	   16.636
 40: 1460.878008 3.26017e-02  234 	   15.048
 41: 1460.851783 2.62246e-02  241 	   16.839
 42: 1460.819686 3.20971e-02  244 	   15.081
 43: 1460.795335 2.43514e-02  251 	   17.054
 44: 1460.763295 3.20397e-02  254 	   15.063
 45: 1460.739534 2.37607e-02  261 	   17.227
 46: 1460.707598 3.19367e-02  264 	   15.042
 47: 1460.684575 2.30229e-02  271 	   17.387
 48: 1460.652659 3.19153e-02  274 	   15.005
 49: 1460.630068 2.25911e-02  281 	   17.521
 50: 1460.598235 3.18330e-02  284 	   14.962
 51: 1460.576336 2.18988e-02  291 	   17.644
 52: 1460.544566 3.17705e-02  294 	   14.909
 53: 1460.523310 2.12559e-02  301 	   17.747
 54: 1460.491677 3.16327e-02  304 	   14.853
 55: 1460.471466 2.02115e-02  311 	   17.844
 56: 1460.439933 3.15329e-02  314 	   14.789
 57: 1460.420635 1.92984e-02  321 	   17.920
 58: 1460.389299 3.13358e-02  324 	   14.726
 59: 1460.371429 1.78702e-02  331 	   18.000
 60: 1460.340186 3.12425e-02  334 	   14.655
 61: 1460.323251 1.69348e-02  341 	   18.053
 62: 1460.292268 3.09836e-02  344 	   14.592
 63: 1460.276600 1.56674e-02  352 	   15.120
 64: 1460.270395 6.20502e-03  355 	   17.651
 65: 1460.253497 1.68986e-02  363 	   14.340
 66: 1460.199018 5.44787e-02  366 	   14.560
 67: 1460.189914 9.10436e-03  374 	   14.640
 68: 1460.181664 8.24922e-03  381 	   14.948
 69: 1460.143000 3.86640e-02  384 	   12.333
 70: 1460.107745 3.52551e-02  387 	   11.865
 71: 1460.057268 5.04770e-02  390 	   13.777
 72: 1460.017873 3.93955e-02  397 	   11.649
 73: 1459.979405 3.84675e-02  400 	   13.644
 74: 1459.942049 3.73562e-02  407 	   11.549
 75: 1459.908797 3.32526e-02  410 	   13.496
 76: 1459.872999 3.57972e-02  417 	   11.490
 77: 1459.841882 3.11175e-02  420 	   13.412
 78: 1459.807266 3.46157e-02  427 	   11.444
 79: 1459.777338 2.99278e-02  430 	   13.354
 80: 1459.743643 3.36950e-02  437 	   11.403
 81: 1459.714661 2.89819e-02  440 	   13.307
 82: 1459.681753 3.29085e-02  447 	   11.366
 83: 1459.653609 2.81436e-02  450 	   13.267
 84: 1459.621400 3.22091e-02  457 	   11.331
 85: 1459.594028 2.73722e-02  460 	   13.231
 86: 1459.562450 3.15775e-02  467 	   11.298
 87: 1459.535802 2.66481e-02  470 	   13.199
 88: 1459.504800 3.10025e-02  477 	   11.267
 89: 1459.478839 2.59605e-02  480 	   13.169
 90: 1459.448363 3.04760e-02  487 	   11.238
 91: 1459.423061 2.53026e-02  490 	   13.142
 92: 1459.393068 2.99923e-02  497 	   11.209
 93: 1459.368399 2.46696e-02  500 	   13.116
 94: 1459.338852 2.95466e-02  507 	   11.182
 95: 1459.314794 2.40584e-02  510 	   13.091
 96: 1459.285658 2.91354e-02  517 	   11.156
 97: 1459.262192 2.34662e-02  520 	   13.068
 98: 1459.233436 2.87556e-02  527 	   11.130
 99: 1459.210545 2.28912e-02  530 	   13.046
100: 1459.182141 2.84047e-02  537 	   11.106
101: 1459.159809 2.23315e-02  540 	   13.025
102: 1459.131729 2.80804e-02  547 	   11.082
103: 1459.109943 2.17859e-02  550 	   13.005
104: 1459.082162 2.77807e-02  557 	   11.058
105: 1459.060909 2.12531e-02  560 	   12.986
106: 1459.033405 2.75038e-02  567 	   11.035
107: 1459.012673 2.07323e-02  570 	   12.967
108: 1458.985425 2.72481e-02  577 	   11.013
109: 1458.965202 2.02224e-02  580 	   12.950
110: 1458.938190 2.70122e-02  587 	   10.991
111: 1458.918467 1.97228e-02  590 	   12.933
112: 1458.891673 2.67946e-02  597 	   10.970
113: 1458.872440 1.92329e-02  600 	   12.917
114: 1458.845846 2.65941e-02  607 	   10.949
115: 1458.827094 1.87519e-02  610 	   12.902
116: 1458.800684 2.64095e-02  617 	   10.928
117: 1458.782405 1.82795e-02  620 	   12.887
118: 1458.756165 2.62398e-02  627 	   10.908
119: 1458.738350 1.78152e-02  630 	   12.873
120: 1458.712266 2.60840e-02  637 	   10.888
121: 1458.694907 1.73586e-02  640 	   12.859
122: 1458.668966 2.59410e-02  647 	   10.868
123: 1458.652057 1.69093e-02  650 	   12.846
124: 1458.626247 2.58101e-02  657 	   10.849
125: 1458.609780 1.64670e-02  660 	   12.833
126: 1458.584089 2.56904e-02  667 	   10.830
127: 1458.568058 1.60313e-02  670 	   12.821
128: 1458.542477 2.55811e-02  677 	   10.811
129: 1458.526875 1.56020e-02  680 	   12.809
130: 1458.501393 2.54816e-02  687 	   10.792
131: 1458.486215 1.51789e-02  690 	   12.797
132: 1458.460823 2.53912e-02  697 	   10.774
133: 1458.446062 1.47616e-02  700 	   12.786
134: 1458.420752 2.53093e-02  707 	   10.755
135: 1458.406402 1.43500e-02  710 	   12.775
136: 1458.381167 2.52353e-02  717 	   10.737
137: 1458.367223 1.39439e-02  720 	   12.765
138: 1458.342054 2.51688e-02  727 	   10.719
139: 1458.328511 1.35430e-02  730 	   12.754
140: 1458.303402 2.51091e-02  737 	   10.702
141: 1458.290255 1.31472e-02  740 	   12.744
142: 1458.265199 2.50559e-02  747 	   10.684
143: 1458.252443 1.27563e-02  750 	   12.735
144: 1458.227434 2.50088e-02  757 	   10.667
145: 1458.215064 1.23702e-02  760 	   12.725
146: 1458.190097 2.49672e-02  767 	   10.649
147: 1458.178108 1.19886e-02  770 	   12.716
148: 1458.153177 2.49310e-02  777 	   10.632
149: 1458.141565 1.16115e-02  780 	   12.707
150: 1458.116666 2.48997e-02  787 	   10.615
151: 1458.105427 1.12386e-02  790 	   12.698
152: 1458.080554 2.48731e-02  797 	   10.598
153: 1458.069684 1.08699e-02  800 	   12.690
154: 1458.044833 2.48508e-02  807 	   10.582
155: 1458.034328 1.05052e-02  810 	   12.681
156: 1458.009496 2.48326e-02  817 	   10.565
157: 1457.999351 1.01444e-02  820 	   12.673
158: 1457.974533 2.48182e-02  827 	   10.549
159: 1457.964746 9.78735e-03  830 	   12.665
160: 1457.939938 2.48075e-02  837 	   10.533
161: 1457.930504 9.43398e-03  840 	   12.657
162: 1457.905704 2.48001e-02  847 	   10.517
163: 1457.896620 9.08416e-03  850 	   12.650
164: 1457.871824 2.47960e-02  857 	   10.501
165: 1457.863086 8.73778e-03  860 	   12.642
166: 1457.838291 2.47948e-02  867 	   10.485
167: 1457.829897 8.39475e-03  870 	   12.635
168: 1457.805100 2.47965e-02  877 	   10.469
169: 1457.797045 8.05497e-03  880 	   12.628
170: 1457.772244 2.48010e-02  887 	   10.453
171: 1457.764526 7.71834e-03  890 	   12.621
172: 1457.739718 2.48079e-02  897 	   10.438
173: 1457.732333 7.38477e-03  900 	   12.614
174: 1457.707516 2.48173e-02  907 	   10.423
175: 1457.700462 7.05418e-03  910 	   12.607
176: 1457.675633 2.48290e-02  917 	   10.407
177: 1457.668906 6.72649e-03  920 	   12.601
178: 1457.644063 2.48429e-02  927 	   10.392
179: 1457.637662 6.40162e-03  930 	   12.594
180: 1457.612803 2.48589e-02  937 	   10.377
181: 1457.606723 6.07949e-03  940 	   12.588
182: 1457.581846 2.48768e-02  947 	   10.363
183: 1457.576086 5.76002e-03  950 	   12.582
184: 1457.551190 2.48967e-02  957 	   10.348
185: 1457.545747 5.44315e-03  960 	   12.576
186: 1457.520828 2.49183e-02  967 	   10.333
187: 1457.515699 5.12882e-03  970 	   12.570
188: 1457.490758 2.49417e-02  977 	   10.319
189: 1457.485941 4.81694e-03  980 	   12.564
190: 1457.460974 2.49667e-02  987 	   10.305
191: 1457.456467 4.50747e-03  990 	   12.558
192: 1457.431473 2.49934e-02  997 	   10.290
193: 1457.427273 4.20034e-03 1000 	   12.553
194: 1457.402251 2.50215e-02 1007 	   10.276
195: 1457.398356 3.89550e-03 1010 	   12.547
196: 1457.373305 2.50511e-02 1017 	   10.262
197: 1457.369712 3.59288e-03 1020 	   12.542
198: 1457.344630 2.50822e-02 1027 	   10.249
199: 1457.341337 3.29244e-03 1030 	   12.537
200: 1457.316223 2.51146e-02 1037 	   10.235
201: 1457.313228 2.99413e-03 1040 	   12.532
202: 1457.288080 2.51483e-02 1047 	   10.221
203: 1457.285382 2.69789e-03 1050 	   12.526
204: 1457.260199 2.51833e-02 1057 	   10.208
205: 1457.257795 2.40367e-03 1060 	   12.522
206: 1457.232576 2.52195e-02 1067 	   10.195
207: 1457.230464 2.11144e-03 1070 	   12.517
208: 1457.205208 2.52568e-02 1077 	   10.182
209: 1457.203386 1.82115e-03 1080 	   12.512
210: 1457.178091 2.52954e-02 1087 	   10.169
211: 1457.176558 1.53275e-03 1090 	   12.507
212: 1457.151223 2.53350e-02 1097 	   10.156
213: 1457.149977 1.24620e-03 1100 	   12.503
214: 1457.124601 2.53757e-02 1107 	   10.143
215: 1457.123640 9.61472e-04 1110 	   12.498
216: 1457.098223 2.54175e-02 1117 	   10.130
217: 1457.097544 6.78519e-04 1120 	   12.494
218: 1457.072084 2.54602e-02 1127 	   10.118
219: 1457.071686 3.97309e-04 1130 	   12.490
220: 1457.046182 2.55040e-02 1137 	   10.105
221: 1457.046065 1.17804e-04 1140 	   12.486
222: 1457.020516 2.55487e-02 1147 	   10.093
223: 1457.011103 9.41252e-03 1154 	   10.940
224: 1457.001344 9.75933e-03 1157 	   10.112
225: 1457.000633 7.10832e-04 1160 	   12.558
226: 1456.973269 2.73647e-02 1167 	   10.086
227: 1456.973228 4.10991e-05 1170 	   12.517
228: 1456.946571 2.66566e-02 1177 	   10.066
229: 1456.937527 9.04368e-03 1184 	   10.947
230: 1456.928025 9.50189e-03 1187 	   10.083
231: 1456.927550 4.74883e-04 1190 	   12.546
232: 1456.899959 2.75913e-02 1197 	   10.052
233: 1456.891062 8.89700e-03 1204 	   10.957
234: 1456.881635 9.42750e-03 1207 	   10.067
235: 1456.881045 5.89248e-04 1210 	   12.538
236: 1456.853302 2.77430e-02 1217 	   10.031
237: 1456.844609 8.69387e-03 1224 	   10.944
238: 1456.835318 9.29065e-03 1227 	   10.046
239: 1456.835099 2.18638e-04 1230 	   12.526
240: 1456.807282 2.78172e-02 1237 	   10.009
241: 1456.798801 8.48074e-03 1244 	   10.929
242: 1456.789648 9.15307e-03 1247 	   10.023
243: 1456.780923 8.72572e-03 1254 	   10.974
244: 1456.771521 9.40176e-03 1257 	   10.029
245: 1456.770286 1.23517e-03 1260 	   12.503
246: 1456.742436 2.78499e-02 1267 	    9.977
247: 1456.734245 8.19035e-03 1274 	   10.906
248: 1456.725267 8.97879e-03 1277 	    9.992
249: 1456.716817 8.44982e-03 1284 	   10.950
250: 1456.707570 9.24712e-03 1287 	    9.998
251: 1456.706880 6.90174e-04 1290 	   12.484
252: 1456.678946 2.79331e-02 1297 	    9.946
253: 1456.671042 7.90409e-03 1304 	   10.884
254: 1456.662221 8.82105e-03 1307 	    9.961
255: 1456.654044 8.17727e-03 1314 	   10.927
256: 1456.644941 9.10314e-03 1317 	    9.966
257: 1456.644792 1.49071e-04 1320 	   12.466
258: 1456.616782 2.80099e-02 1327 	    9.915
259: 1456.609167 7.61536e-03 1334 	   10.863
260: 1456.600493 8.67340e-03 1337 	    9.930
261: 1456.592592 7.90094e-03 1344 	   10.904
262: 1456.583625 8.96696e-03 1347 	    9.935
263: 1456.575310 8.31543e-03 1354 	   10.914
264: 1456.566249 9.06092e-03 1357 	    9.932
265: 1456.566064 1.84784e-04 1360 	   12.435
266: 1456.538103 2.79610e-02 1367 	    9.874
267: 1456.530871 7.23246e-03 1374 	   10.832
268: 1456.522386 8.48468e-03 1377 	    9.890
269: 1456.514851 7.53442e-03 1384 	   10.874
270: 1456.506047 8.80435e-03 1387 	    9.896
271: 1456.498080 7.96755e-03 1394 	   10.884
272: 1456.489177 8.90276e-03 1397 B	    2.873
273: 1456.460866 2.83107e-02 1400 	    3.869
274: 1456.445446 1.54200e-02 1403 	    3.894
275: 1456.417854 2.75924e-02 1411 	    2.965
276: 1456.344040 7.38133e-02 1414 	    3.103
277: 1456.308922 3.51182e-02 1417 	    7.059
278: 1456.232257 7.66654e-02 1425 	    3.279
279: 1456.124237 1.08020e-01 1428 	    4.528
280: 1456.073315 5.09213e-02 1436 	    3.318
281: 1456.032784 4.05317e-02 1443 	    5.107
282: 1455.980177 5.26068e-02 1446 	    2.966
283: 1455.954809 2.53681e-02 1454 	    3.548
284: 1455.942864 1.19449e-02 1457 	    4.729
285: 1455.913500 2.93640e-02 1465 	    2.528
286: 1455.860462 5.30380e-02 1468 	    3.027
287: 1455.843131 1.73308e-02 1476 	    3.192
288: 1455.835768 7.36317e-03 1479 	    4.328
289: 1455.806519 2.92490e-02 1487 	    2.396
290: 1455.751608 5.49107e-02 1490 	    2.287
291: 1455.738114 1.34938e-02 1498 	    3.456
292: 1455.722265 1.58496e-02 1505 	    2.141
293: 1455.706972 1.52928e-02 1508 	    3.615
294: 1455.705769 1.20296e-03 1511 	    4.375
295: 1455.674415 3.13540e-02 1519 	    2.187
296: 1455.616088 5.83267e-02 1522 	    2.621
297: 1455.601962 1.41259e-02 1530 	    2.304
298: 1455.591162 1.08007e-02 1537 	    3.486
299: 1455.574690 1.64719e-02 1540 	    2.075
300: 1455.556203 1.84863e-02 1543 	    5.368
301: 1455.514332 4.18716e-02 1550 	    2.227
302: 1455.504388 9.94353e-03 1558 	    2.224
303: 1455.485584 1.88047e-02 1561 	    2.034
304: 1455.476141 9.44289e-03 1569 	    2.380
305: 1455.463307 1.28337e-02 1572 	    2.131
306: 1455.453898 9.40912e-03 1580 	    2.198
307: 1455.436611 1.72869e-02 1583 	    1.983
308: 1455.427807 8.80403e-03 1591 	    2.312
309: 1455.415236 1.25712e-02 1594 	    2.069
310: 1455.406269 8.96702e-03 1602 	    2.155
311: 1455.390093 1.61762e-02 1605 	    1.930
312: 1455.381781 8.31137e-03 1613 	    2.259
313: 1455.369896 1.18851e-02 1616 	    2.022
314: 1455.361303 8.59345e-03 1624 	    2.104
315: 1455.345946 1.53564e-02 1627 	    1.876
316: 1455.338102 7.84432e-03 1635 	    2.217
317: 1455.327202 1.09000e-02 1638 	    1.987
318: 1455.318899 8.30268e-03 1646 	    2.046
319: 1455.304029 1.48700e-02 1649 	    1.814
320: 1455.296666 7.36283e-03 1657 	    2.191
321: 1455.287050 9.61599e-03 1660 	    1.966
322: 1455.278933 8.11692e-03 1668 	    1.979
323: 1455.264103 1.48300e-02 1671 	    1.739
324: 1455.257271 6.83286e-03 1679 	    2.193
325: 1455.249265 8.00584e-03 1682 	    1.961
326: 1455.241215 8.05020e-03 1690 	    1.904
327: 1455.225915 1.52992e-02 1693 	    1.650
328: 1455.219629 6.28653e-03 1701 	    2.235
329: 1455.213335 6.29430e-03 1704 	    1.957
330: 1455.205311 8.02386e-03 1712 	    1.834
331: 1455.189535 1.57759e-02 1715 	    1.572
332: 1455.183616 5.91908e-03 1723 	    2.287
333: 1455.178537 5.07909e-03 1726 	    1.932
334: 1455.170647 7.88973e-03 1734 	    1.783
335: 1455.155203 1.54442e-02 1737 	    1.519
336: 1455.149652 5.55034e-03 1745 	    2.290
337: 1455.145378 4.27395e-03 1748 	    1.908
338: 1455.137634 7.74399e-03 1756 	    1.734
339: 1455.122647 1.49874e-02 1759 	    1.470
340: 1455.117484 5.16330e-03 1767 	    2.289
341: 1455.113950 3.53414e-03 1770 	    1.885
342: 1455.106345 7.60501e-03 1778 	    1.686
343: 1455.091825 1.45196e-02 1781 	    1.423
344: 1455.087029 4.79581e-03 1789 	    2.290
345: 1455.084184 2.84467e-03 1792 	    1.862
346: 1455.076717 7.46712e-03 1800 	    1.639
347: 1455.062708 1.40094e-02 1803 	    1.381
348: 1455.058268 4.43965e-03 1811 	    2.288
349: 1455.056076 2.19255e-03 1814 	    1.840
350: 1455.048734 7.34163e-03 1822 	    1.592
351: 1455.035223 1.35108e-02 1825 	    1.344
352: 1455.031058 4.16519e-03 1833 	    2.283
353: 1455.029498 1.55998e-03 1836 	    1.823
354: 1455.022258 7.24008e-03 1844 	    1.545
355: 1455.009201 1.30568e-02 1847 	    1.318
356: 1455.005069 4.13223e-03 1855 	    2.251
357: 1455.004232 8.36688e-04 1858 	    1.822
358: 1454.996990 7.24249e-03 1866 	    1.488
359: 1454.984116 1.28737e-02 1869 	    1.359
360: 1454.980881 3.23533e-03 1872 	    4.064
361: 1454.960877 2.00038e-02 1880 	    1.546
362: 1454.957113 3.76454e-03 1883 	    2.400
363: 1454.946214 1.08988e-02 1891 	    2.145
364: 1454.942816 3.39776e-03 1899 	    1.215
365: 1454.939957 2.85851e-03 1906 	    2.090
366: 1454.937086 2.87116e-03 1909 	    1.180
367: 1454.935092 1.99480e-03 1917 	    1.608
368: 1454.932531 2.56067e-03 1920 	    1.140
369: 1454.930517 2.01358e-03 1928 	    1.487
370: 1454.927011 3.50661e-03 1931 	    1.140
371: 1454.925182 1.82911e-03 1939 	    1.571
372: 1454.922785 2.39674e-03 1942 	    1.118
373: 1454.920854 1.93116e-03 1950 	    1.468
374: 1454.917526 3.32757e-03 1953 	    1.120
375: 1454.915823 1.70326e-03 1961 	    1.561
376: 1454.913687 2.13550e-03 1964 	    1.098
377: 1454.911819 1.86832e-03 1972 	    1.443
378: 1454.908552 3.26734e-03 1975 	    1.105
379: 1454.906987 1.56466e-03 1983 	    1.568
380: 1454.905226 1.76110e-03 1986 	    1.079
381: 1454.903382 1.84348e-03 1994 	    1.409
382: 1454.900022 3.36014e-03 1997 	    1.103
383: 1454.898609 1.41306e-03 2005 	    1.601
384: 1454.897284 1.32521e-03 2008 	    1.063
385: 1454.895443 1.84060e-03 2016 	    1.373
386: 1454.891925 3.51855e-03 2019 	    1.120
387: 1454.890608 1.31634e-03 2027 	    1.645
388: 1454.889612 9.96558e-04 2030 	    1.047
389: 1454.887803 1.80928e-03 2038 	    1.351
390: 1454.884332 3.47054e-03 2041 	    1.127
391: 1454.883089 1.24339e-03 2049 	    1.659
392: 1454.882305 7.83918e-04 2052 	    1.030
393: 1454.880534 1.77124e-03 2060 	    1.331
394: 1454.877170 3.36309e-03 2063 	    1.131
395: 1454.876002 1.16805e-03 2071 	    1.664
396: 1454.875413 5.88990e-04 2074 	    1.015
397: 1454.873674 1.73895e-03 2082 	    1.311
398: 1454.870411 3.26374e-03 2085 	    1.144
399: 1454.869252 1.15875e-03 2093 	    1.657
400: 1454.868863 3.89452e-04 2096 	    1.000
401: 1454.867140 1.72246e-03 2104 	    1.287
402: 1454.863941 3.19922e-03 2107 	    1.187
403: 1454.863512 4.29023e-04 2110 	    2.870
404: 1454.857370 6.14219e-03 2118 	    1.504
405: 1454.856679 6.90478e-04 2126 	    1.075
406: 1454.856086 5.93090e-04 2134 	    1.342
407: 1454.855149 9.37075e-04 2137 	    1.079
408: 1454.854577 5.71695e-04 2145 	    1.349
409: 1454.853713 8.64693e-04 2148 	    1.068
410: 1454.853161 5.51818e-04 2156 	    1.340
411: 1454.852302 8.59188e-04 2159 	    1.067
412: 1454.851770 5.31712e-04 2167 	    1.341
413: 1454.850963 8.06921e-04 2170 	    1.059
414: 1454.850448 5.15269e-04 2178 	    1.335
415: 1454.849656 7.91958e-04 2181 	    1.057
416: 1454.849159 4.97026e-04 2189 	    1.334
417: 1454.848411 7.47488e-04 2192 	    1.050
418: 1454.847928 4.82957e-04 2200 	    1.328
419: 1454.847198 7.30356e-04 2203 	    1.047
420: 1454.846732 4.66355e-04 2211 	    1.327
421: 1454.846043 6.88812e-04 2214 	    1.040
422: 1454.845588 4.54577e-04 2222 	    1.321
423: 1454.844915 6.73023e-04 2225 	    1.038
424: 1454.844476 4.39060e-04 2233 	    1.320
425: 1454.843845 6.31074e-04 2236 	    1.031
426: 1454.843415 4.29909e-04 2244 	    1.314
427: 1454.842795 6.19953e-04 2247 	    1.030
428: 1454.842381 4.14448e-04 2255 	    1.314
429: 1454.841808 5.73062e-04 2258 	    1.022
430: 1454.841399 4.09089e-04 2266 	    1.306
431: 1454.840826 5.72855e-04 2269 	    1.023
432: 1454.840434 3.91306e-04 2277 	    1.309
433: 1454.839923 5.10986e-04 2280 	    1.012
434: 1454.839530 3.93301e-04 2288 	    1.296
435: 1454.838992 5.38290e-04 2291 	    1.018
436: 1454.838625 3.66372e-04 2299 	    1.307
437: 1454.838193 4.32924e-04 2302 	    1.000
438: 1454.837805 3.87304e-04 2310 	    1.281
439: 1454.837264 5.40940e-04 2313 	    1.023
440: 1454.836936 3.27777e-04 2321 	    1.317
441: 1454.836635 3.01483e-04 2324 	    0.979
442: 1454.836229 4.06366e-04 2332 	    1.253
443: 1454.835560 6.68423e-04 2335 	    1.070
444: 1454.835321 2.38857e-04 2343 	    1.380
445: 1454.835215 1.06399e-04 2346 	    0.958
446: 1454.834775 4.40143e-04 2354 	    1.219
447: 1454.833952 8.22486e-04 2357 	    1.205
448: 1454.832394 1.55849e-03 2360 	    1.377
449: 1454.832200 1.93792e-04 2369 	    1.126
450: 1454.832017 1.83414e-04 2377 	    1.424
451: 1454.831997 1.97420e-05 2380 	    0.947
452: 1454.831588 4.08804e-04 2388 B	    0.156
453: 1454.830946 6.42476e-04 2391 	    0.149
454: 1454.829733 1.21235e-03 2394 	    0.138
455: 1454.827818 1.91487e-03 2397 	    0.163
456: 1454.826084 1.73407e-03 2400 	    0.103
457: 1454.825220 8.64012e-04 2408 	    0.079
458: 1454.824334 8.86730e-04 2411 	    0.039
459: 1454.824193 1.40647e-04 2419 	    0.019
460: 1454.824137 5.56458e-05 2422 	    0.015
461: 1454.824117 2.00372e-05 2430 	    0.009
462: 1454.824104 1.34148e-05 2437 	    0.004
463: 1454.824100 3.82994e-06 2445 	    0.001
464: 1454.824100 4.90921e-07 2448 	    0.000
465: 1454.824099 3.64200e-08 2456 	    0.000
466: 1454.824099 5.44355e-09 2483 -	    0.000
***
# lnL = 1.454824e+03
((((((flyg4:0.908797, flyg5:0.021408 ):0.000010, ((flyg10:0.006845, flyg7:0.000001 ):0.006867, flyg8:0.006977 ):0.006473 ):0.043713, flyg3:0.013438 ):0.007180, flyg6:0.027623 ):0.041348, flyg2:0.000001 ):0.000010, flyg9:0.013388, flyg1:3.855950 )
# Kappa = 1.734154 Omega = 0.074734
# Tree length = 4.96, average branch length = 0.29 (min=0.00, max=3.86)
# Scaling tree to neutral evolution. Factor = 3.33
# Calculating initial estimates of sitewise conservation
# Calculating conservation at each site. This may take a while.

   1:  ..................................................
  51:  ..................................................
 101:  ..................................................
 151:  .......
# Positively selected sites (cumulative)
# Significance  Number sites  Number Random
# 99% corrected      0       0
# 95% corrected      0       0
# 99%                0       0
# 95%                0       0

# Conserved sites (cumulative)
# Significance  Number sites
# 99% corrected      0
# 95% corrected      2
# 99%               79
# 95%               99
	got slr results msa2055.slr
