

Using BFGS method to optimize GTR rate parameters, to disable this specify "--no-bfgs" 



This is RAxML version 8.1.17 released by Alexandros Stamatakis on February 5 2015.

With greatly appreciated code contributions by:
Andre Aberer      (HITS)
Simon Berger      (HITS)
Alexey Kozlov     (HITS)
Kassian Kobert    (HITS)
David Dao         (KIT and HITS)
Nick Pattengale   (Sandia)
Wayne Pfeiffer    (SDSC)
Akifumi S. Tanabe (NRIFS)

Alignment has 107 distinct alignment patterns

Proportion of gaps and completely undetermined characters in this alignment: 53.62%

RAxML rapid hill-climbing mode

Using 1 distinct models/data partitions with joint branch length optimization


Executing 10 inferences on the original alignment using 10 distinct randomized MP trees

All free model parameters will be estimated by RAxML
GAMMA model of rate heteorgeneity, ML estimate of alpha-parameter

GAMMA Model parameters will be estimated up to an accuracy of 0.1000000000 Log Likelihood units

Partition: 0
Alignment Patterns: 107
Name: No Name Provided
DataType: DNA
Substitution Matrix: GTR




RAxML was called as follows:

raxmlHPC-SSE3 -m GTRGAMMA -# 10 -p 37 -s msa97_.phy -n msa97_ 


Partition: 0 with name: No Name Provided
Base frequencies: 0.354 0.202 0.216 0.229 

Inference[0]: Time 0.386970 GAMMA-based likelihood -3236.262486, best rearrangement setting 5
Inference[1]: Time 0.375065 GAMMA-based likelihood -3236.264370, best rearrangement setting 5
Inference[2]: Time 0.376699 GAMMA-based likelihood -3236.262595, best rearrangement setting 5
Inference[3]: Time 0.375804 GAMMA-based likelihood -3236.262503, best rearrangement setting 5
Inference[4]: Time 0.376719 GAMMA-based likelihood -3236.262486, best rearrangement setting 5
Inference[5]: Time 0.377765 GAMMA-based likelihood -3236.264250, best rearrangement setting 5
Inference[6]: Time 0.376194 GAMMA-based likelihood -3236.262503, best rearrangement setting 5
Inference[7]: Time 0.377021 GAMMA-based likelihood -3236.262486, best rearrangement setting 5
Inference[8]: Time 0.373260 GAMMA-based likelihood -3236.262484, best rearrangement setting 5
Inference[9]: Time 0.372596 GAMMA-based likelihood -3236.264373, best rearrangement setting 5


Conducting final model optimizations on all 10 trees under GAMMA-based models ....

Inference[0] final GAMMA-based Likelihood: -3233.819655 tree written to file /home/lauralaa/Example/Beetles/RAxML_result.msa97_.RUN.0
Inference[1] final GAMMA-based Likelihood: -3233.819655 tree written to file /home/lauralaa/Example/Beetles/RAxML_result.msa97_.RUN.1
Inference[2] final GAMMA-based Likelihood: -3233.819655 tree written to file /home/lauralaa/Example/Beetles/RAxML_result.msa97_.RUN.2
Inference[3] final GAMMA-based Likelihood: -3233.819655 tree written to file /home/lauralaa/Example/Beetles/RAxML_result.msa97_.RUN.3
Inference[4] final GAMMA-based Likelihood: -3233.819655 tree written to file /home/lauralaa/Example/Beetles/RAxML_result.msa97_.RUN.4
Inference[5] final GAMMA-based Likelihood: -3233.819655 tree written to file /home/lauralaa/Example/Beetles/RAxML_result.msa97_.RUN.5
Inference[6] final GAMMA-based Likelihood: -3233.819655 tree written to file /home/lauralaa/Example/Beetles/RAxML_result.msa97_.RUN.6
Inference[7] final GAMMA-based Likelihood: -3233.819655 tree written to file /home/lauralaa/Example/Beetles/RAxML_result.msa97_.RUN.7
Inference[8] final GAMMA-based Likelihood: -3233.819655 tree written to file /home/lauralaa/Example/Beetles/RAxML_result.msa97_.RUN.8
Inference[9] final GAMMA-based Likelihood: -3233.819655 tree written to file /home/lauralaa/Example/Beetles/RAxML_result.msa97_.RUN.9


Starting final GAMMA-based thorough Optimization on tree 8 likelihood -3233.819655 .... 

Final GAMMA-based Score of best tree -3233.780213

Program execution info written to /home/lauralaa/Example/Beetles/RAxML_info.msa97_
Best-scoring ML tree written to: /home/lauralaa/Example/Beetles/RAxML_bestTree.msa97_

Overall execution time: 3.951059 secs or 0.001098 hours or 0.000046 days


running msa97.fasta
	running raxml...
	got tree file msa97_.tree
	expect results in msa97.slr
	running Slr...
     seqfile:    msa97_.phy
    treefile:    msa97_.tree
     outfile:    msa97_.slr
       kappa:    2.000000e+00
       omega:    1.000000e-01
      codonf:    0
     nucleof:    0
      aminof:    0
  reoptimise:    1
     nucfile:    nuc.dat
   aminofile:    amino.dat
positive_only:    0
     gencode:    universal
     timemem:    0
       ldiff:    3.841459e+00
     paramin:    
    paramout:    
skipsitewise:    0
        seed:    0
    saveseed:    1
    freqtype:    0
   cleandata:    0
     branopt:    1
    writetmp:    0
     recover:    0

# SLR "Sitewise Likelihood Ratio" selection detection program. Version 1.4.3
# Redundency. Reduced sites from 564 to 242
# Read seqfile file msa97_.phy. 10 species, 564 sites.
# Read tree from msa97_.tree.
(flyg10:0.004490, (((flyg4:0.001035, flyg5:0.000001 ):0.026181, (flyg7:0.000001, flyg8:0.001512 ):0.006521 ):0.001374, (((flyg2:0.000001, flyg9:0.000001 ):0.004645, flyg3:0.001667 ):0.003130, flyg6:0.007738 ):0.006277 ):0.006568, flyg1:0.713866 )
# Reoptimising parameters, branches variable
Initial	f: 3242.409753
Step     f(x)      delta
  1: 3237.344681 5.06507e+00    5 B	  645.131
  2: 3212.077261 2.52674e+01    8 	  566.346
  3: 3180.946167 3.11311e+01   11 	  556.694
  4: 3167.768945 1.31772e+01   14 	  542.686
  5: 3160.048341 7.72060e+00   22 	  544.730
  6: 3151.595710 8.45263e+00   25 	  532.494
  7: 3148.193536 3.40217e+00   33 	  526.756
  8: 3144.884936 3.30860e+00   40 	  518.159
  9: 3140.132168 4.75277e+00   43 	  492.745
 10: 3139.004397 1.12777e+00   52 	  491.893
 11: 3132.249086 6.75531e+00   55 	  460.129
 12: 3131.520732 7.28355e-01   67 	  446.100
 13: 3130.753960 7.66772e-01   77 	  445.362
 14: 3130.670667 8.32933e-02   87 	  446.451
 15: 3130.628871 4.17953e-02   97 	  446.733
 16: 3130.557260 7.16111e-02  106 	  445.123
 17: 3130.490881 6.63797e-02  114 	  443.645
 18: 3126.943381 3.54750e+00  117 	  379.183
 19: 3126.885945 5.74366e-02  120 	  378.432
 20: 3126.859936 2.60088e-02  129 	  378.052
 21: 3126.838877 2.10591e-02  137 	  379.160
 22: 3125.568197 1.27068e+00  140 	  209.987
 23: 3125.107317 4.60881e-01  147 	  201.236
 24: 3123.968956 1.13836e+00  150 	  128.849
 25: 3123.951259 1.76978e-02  159 	  147.465
 26: 3123.861568 8.96909e-02  167 	  122.501
 27: 3123.837167 2.44007e-02  175 	   91.481
 28: 3123.821354 1.58130e-02  178 	   76.863
 29: 3123.811437 9.91689e-03  187 	   82.651
 30: 3123.782647 2.87901e-02  190 	   70.404
 31: 3123.773096 9.55145e-03  199 	   80.486
 32: 3123.758108 1.49877e-02  202 	  123.810
 33: 3123.732977 2.51313e-02  210 	   93.622
 34: 3123.728832 4.14500e-03  218 	   81.674
 35: 3123.713859 1.49730e-02  221 	  103.198
 36: 3123.708185 5.67335e-03  229 	   88.259
 37: 3123.704857 3.32801e-03  232 	   73.346
 38: 3123.699591 5.26593e-03  240 	   87.445
 39: 3123.691706 7.88543e-03  243 	   77.801
 40: 3123.689194 2.51136e-03  251 	   93.616
 41: 3123.687938 1.25688e-03  259 	   87.006
 42: 3123.657719 3.02187e-02  262 	   17.729
 43: 3123.648553 9.16558e-03  265 	   17.669
 44: 3123.638371 1.01823e-02  268 	   20.058
 45: 3123.635207 3.16411e-03  271 	   30.774
 46: 3123.626662 8.54485e-03  279 	   23.058
 47: 3123.606263 2.03987e-02  282 	   19.513
 48: 3123.602406 3.85766e-03  290 	   15.337
 49: 3123.600135 2.27092e-03  297 	   21.522
 50: 3123.594502 5.63272e-03  300 B	   17.098
 51: 3123.593319 1.18335e-03  303 	    9.753
 52: 3123.588455 4.86412e-03  310 	   14.959
 53: 3123.585931 2.52328e-03  317 	   11.458
 54: 3123.584160 1.77118e-03  320 	   13.981
 55: 3123.582359 1.80115e-03  327 	   10.721
 56: 3123.580708 1.65101e-03  330 	   13.568
 57: 3123.579395 1.31278e-03  337 	   10.405
 58: 3123.577685 1.71009e-03  340 	   13.307
 59: 3123.576544 1.14097e-03  348 	   11.699
 60: 3123.575120 1.42447e-03  351 	   14.275
 61: 3123.573797 1.32243e-03  358 	   11.025
 62: 3123.572975 8.21786e-04  361 	   13.994
 63: 3123.571886 1.08951e-03  369 	   12.335
 64: 3123.567459 4.42724e-03  372 	   11.430
 65: 3123.566982 4.76228e-04  380 	   13.062
 66: 3123.566926 5.61666e-05  383 	   10.158
 67: 3123.565888 1.03862e-03  391 	   11.653
 68: 3123.565530 3.58047e-04  394 	   14.884
 69: 3123.563563 1.96631e-03  401 	   11.660
 70: 3123.563291 2.71901e-04  404 	   14.874
 71: 3123.561377 1.91414e-03  411 	   11.637
 72: 3123.561340 3.76943e-05  414 	   14.848
 73: 3123.559474 1.86520e-03  421 	   11.610
 74: 3123.558983 4.91863e-04  428 	   13.186
 75: 3123.558459 5.23881e-04  431 	   11.615
 76: 3123.557985 4.74047e-04  438 	   13.185
 77: 3123.557469 5.15750e-04  441 	   11.610
 78: 3123.557018 4.50958e-04  448 	   13.177
 79: 3123.556513 5.05099e-04  451 	   11.599
 80: 3123.556087 4.25998e-04  458 	   13.164
 81: 3123.555594 4.92893e-04  461 	   11.583
 82: 3123.555192 4.02026e-04  468 	   13.147
 83: 3123.554712 4.79773e-04  471 	   11.565
 84: 3123.554331 3.80722e-04  478 	   13.127
 85: 3123.553865 4.66191e-04  481 	   11.544
 86: 3123.553503 3.62658e-04  488 	   13.106
 87: 3123.553050 4.52416e-04  491 	   11.522
 88: 3123.552702 3.47885e-04  498 	   13.083
 89: 3123.552264 4.38600e-04  501 	   11.499
 90: 3123.551927 3.36184e-04  508 	   13.059
 91: 3123.551502 4.24936e-04  511 	   11.475
 92: 3123.551175 3.27269e-04  518 	   13.035
 93: 3123.550764 4.11397e-04  521 	   11.451
 94: 3123.550443 3.20872e-04  528 	   13.010
 95: 3123.550045 3.98152e-04  531 	   11.426
 96: 3123.549728 3.16663e-04  538 	   12.985
 97: 3123.549343 3.85215e-04  541 	   11.402
 98: 3123.549029 3.14341e-04  548 	   12.960
 99: 3123.548656 3.72619e-04  551 	   11.377
100: 3123.548342 3.13753e-04  558 	   12.934
101: 3123.547982 3.60407e-04  561 	   11.352
102: 3123.547667 3.14640e-04  568 	   12.909
103: 3123.547319 3.48637e-04  571 	   11.327
104: 3123.547002 3.16812e-04  578 	   12.883
105: 3123.546664 3.37319e-04  581 	   11.302
106: 3123.546344 3.20140e-04  588 	   12.857
107: 3123.546018 3.26490e-04  591 	   11.277
108: 3123.545693 3.24443e-04  598 	   12.831
109: 3123.545377 3.16238e-04  601 	   11.252
110: 3123.545047 3.29634e-04  608 	   12.806
111: 3123.544741 3.06536e-04  611 	   11.227
112: 3123.544405 3.35632e-04  618 	   12.780
113: 3123.544108 2.97475e-04  621 	   11.202
114: 3123.543766 3.42279e-04  628 	   12.754
115: 3123.543476 2.89063e-04  631 	   11.177
116: 3123.543127 3.49545e-04  638 	   12.729
117: 3123.542845 2.81429e-04  641 	   11.153
118: 3123.542488 3.57334e-04  648 	   12.703
119: 3123.542214 2.74548e-04  651 	   11.128
120: 3123.541848 3.65545e-04  658 	   12.678
121: 3123.541580 2.68550e-04  661 	   11.104
122: 3123.541205 3.74141e-04  668 	   12.653
123: 3123.540942 2.63483e-04  671 	   11.080
124: 3123.540559 3.83024e-04  678 	   12.628
125: 3123.540299 2.59414e-04  681 	   11.057
126: 3123.539907 3.92155e-04  688 	   12.603
127: 3123.539651 2.56442e-04  691 	   11.033
128: 3123.539249 4.01454e-04  698 	   12.579
129: 3123.538995 2.54598e-04  701 	   11.010
130: 3123.538584 4.10864e-04  708 	   12.555
131: 3123.538330 2.54018e-04  711 	   10.988
132: 3123.537910 4.20264e-04  718 	   12.531
133: 3123.537655 2.54696e-04  721 	   10.966
134: 3123.537225 4.29626e-04  728 	   12.508
135: 3123.536969 2.56720e-04  731 	   10.944
136: 3123.536530 4.38842e-04  738 	   12.485
137: 3123.536270 2.60119e-04  741 	   10.923
138: 3123.535822 4.47852e-04  748 	   12.464
139: 3123.535557 2.64821e-04  751 	   10.903
140: 3123.535100 4.56537e-04  758 	   12.443
141: 3123.534830 2.70811e-04  761 	   10.884
142: 3123.534365 4.64832e-04  768 	   12.423
143: 3123.534087 2.77934e-04  771 	   10.866
144: 3123.533614 4.72649e-04  778 	   12.403
145: 3123.533328 2.86022e-04  781 	   10.849
146: 3123.532848 4.79924e-04  788 	   12.385
147: 3123.532553 2.94828e-04  791 	   10.833
148: 3123.532067 4.86555e-04  798 	   12.368
149: 3123.531763 3.04053e-04  801 	   10.818
150: 3123.531270 4.92524e-04  808 	   12.353
151: 3123.530957 3.13410e-04  811 	   10.804
152: 3123.530459 4.97815e-04  818 	   12.338
153: 3123.530137 3.22518e-04  821 	   10.791
154: 3123.529634 5.02433e-04  828 	   12.325
155: 3123.529303 3.31098e-04  831 	   10.779
156: 3123.528797 5.06435e-04  838 	   12.312
157: 3123.528458 3.38957e-04  841 	   10.768
158: 3123.527948 5.09829e-04  848 	   12.301
159: 3123.527602 3.45923e-04  851 	   10.758
160: 3123.527089 5.12740e-04  858 	   12.290
161: 3123.526737 3.51982e-04  861 	   10.748
162: 3123.526222 5.15150e-04  868 	   12.280
163: 3123.525865 3.57122e-04  871 	   10.739
164: 3123.525348 5.17228e-04  878 	   12.271
165: 3123.524986 3.61420e-04  881 	   10.731
166: 3123.524467 5.18965e-04  888 	   12.262
167: 3123.524102 3.64982e-04  891 	   10.723
168: 3123.523582 5.20451e-04  898 	   12.254
169: 3123.523214 3.67866e-04  901 	   10.715
170: 3123.522692 5.21764e-04  908 	   12.246
171: 3123.522322 3.70222e-04  911 	   10.707
172: 3123.521799 5.22916e-04  918 	   12.238
173: 3123.521427 3.72076e-04  921 	   10.699
174: 3123.520903 5.23912e-04  928 	   12.230
175: 3123.520529 3.73612e-04  931 	   10.692
176: 3123.520005 5.24769e-04  938 	   12.222
177: 3123.519630 3.74787e-04  941 	   10.684
178: 3123.519104 5.25577e-04  948 	   12.215
179: 3123.518729 3.75669e-04  951 	   10.677
180: 3123.518202 5.26301e-04  958 	   12.207
181: 3123.517826 3.76308e-04  961 	   10.670
182: 3123.517299 5.26981e-04  968 	   12.200
183: 3123.516922 3.76718e-04  971 	   10.663
184: 3123.516395 5.27563e-04  978 	   12.192
185: 3123.516018 3.76938e-04  981 	   10.656
186: 3123.515490 5.28096e-04  988 	   12.185
187: 3123.515113 3.76965e-04  991 	   10.648
188: 3123.514584 5.28601e-04  998 	   12.178
189: 3123.514207 3.76831e-04 1001 	   10.641
190: 3123.513678 5.29067e-04 1008 	   12.171
191: 3123.513302 3.76528e-04 1011 	   10.634
192: 3123.512772 5.29476e-04 1018 	   12.163
193: 3123.512396 3.76112e-04 1021 	   10.627
194: 3123.511866 5.29863e-04 1028 	   12.156
195: 3123.511491 3.75505e-04 1031 	   10.620
196: 3123.510961 5.30224e-04 1038 	   12.149
197: 3123.510586 3.74799e-04 1041 	   10.613
198: 3123.510055 5.30544e-04 1048 	   12.142
199: 3123.509681 3.73976e-04 1051 	   10.606
200: 3123.509150 5.30845e-04 1058 	   12.135
201: 3123.508777 3.73024e-04 1061 	   10.599
202: 3123.508246 5.31099e-04 1068 	   12.128
203: 3123.507874 3.71945e-04 1071 	   10.592
204: 3123.507343 5.31379e-04 1078 	   12.121
205: 3123.506972 3.70761e-04 1081 	   10.585
206: 3123.506441 5.31601e-04 1088 	   12.113
207: 3123.506071 3.69456e-04 1091 	   10.579
208: 3123.505539 5.31825e-04 1098 	   12.106
209: 3123.505171 3.68053e-04 1101 	   10.572
210: 3123.504639 5.32059e-04 1108 	   12.099
211: 3123.504273 3.66573e-04 1111 	   10.565
212: 3123.503740 5.32238e-04 1118 	   12.092
213: 3123.503375 3.65007e-04 1121 	   10.558
214: 3123.502843 5.32396e-04 1128 	   12.085
215: 3123.502480 3.63333e-04 1131 	   10.551
216: 3123.501947 5.32576e-04 1138 	   12.078
217: 3123.501586 3.61552e-04 1141 	   10.544
218: 3123.501053 5.32712e-04 1148 	   12.071
219: 3123.500693 3.59736e-04 1151 	   10.537
220: 3123.500160 5.32881e-04 1158 	   12.064
221: 3123.499802 3.57796e-04 1161 	   10.530
222: 3123.499269 5.32993e-04 1168 	   12.057
223: 3123.498914 3.55819e-04 1171 	   10.523
224: 3123.498381 5.33104e-04 1178 	   12.050
225: 3123.498027 3.53732e-04 1181 	   10.516
226: 3123.497494 5.33221e-04 1188 	   12.043
227: 3123.497142 3.51607e-04 1191 	   10.509
228: 3123.496609 5.33339e-04 1198 	   12.035
229: 3123.496259 3.49374e-04 1201 	   10.502
230: 3123.495726 5.33460e-04 1208 	   12.028
231: 3123.495379 3.47100e-04 1211 	   10.495
232: 3123.494845 5.33521e-04 1218 	   12.021
233: 3123.494500 3.44772e-04 1221 	   10.488
234: 3123.493967 5.33604e-04 1228 	   12.014
235: 3123.493624 3.42357e-04 1231 	   10.481
236: 3123.493091 5.33695e-04 1238 	   12.007
237: 3123.492751 3.39864e-04 1241 	   10.474
238: 3123.492217 5.33780e-04 1248 	   12.000
239: 3123.491880 3.37331e-04 1251 	   10.468
240: 3123.491346 5.33854e-04 1258 	   11.993
241: 3123.491011 3.34757e-04 1261 	   10.461
242: 3123.490477 5.33916e-04 1268 	   11.986
243: 3123.490145 3.32095e-04 1271 	   10.454
244: 3123.489611 5.34004e-04 1278 	   11.979
245: 3123.489282 3.29394e-04 1281 	   10.447
246: 3123.488748 5.34041e-04 1288 	   11.972
247: 3123.488421 3.26662e-04 1291 	   10.440
248: 3123.487887 5.34118e-04 1298 	   11.965
249: 3123.487563 3.23810e-04 1301 	   10.433
250: 3123.487029 5.34170e-04 1308 	   11.958
251: 3123.486708 3.20978e-04 1311 	   10.426
252: 3123.486174 5.34244e-04 1318 	   11.951
253: 3123.485856 3.18022e-04 1321 	   10.419
254: 3123.485321 5.34296e-04 1328 	   11.944
255: 3123.485006 3.15087e-04 1331 	   10.413
256: 3123.484472 5.34336e-04 1338 	   11.937
257: 3123.484160 3.12076e-04 1341 	   10.406
258: 3123.483626 5.34375e-04 1348 	   11.930
259: 3123.483317 3.09010e-04 1351 	   10.399
260: 3123.482782 5.34460e-04 1358 	   11.923
261: 3123.482476 3.05886e-04 1361 	   10.392
262: 3123.481942 5.34478e-04 1368 	   11.916
263: 3123.481639 3.02761e-04 1371 	   10.385
264: 3123.481104 5.34526e-04 1378 	   11.909
265: 3123.480805 2.99530e-04 1381 	   10.378
266: 3123.480270 5.34602e-04 1388 	   11.902
267: 3123.479974 2.96282e-04 1391 	   10.372
268: 3123.479439 5.34621e-04 1398 	   11.895
269: 3123.479146 2.93011e-04 1401 	   10.365
270: 3123.478612 5.34675e-04 1408 	   11.888
271: 3123.478322 2.89654e-04 1411 	   10.358
272: 3123.477787 5.34710e-04 1418 	   11.881
273: 3123.477501 2.86282e-04 1421 	   10.352
274: 3123.476966 5.34778e-04 1428 	   11.874
275: 3123.476683 2.82854e-04 1431 	   10.345
276: 3123.476149 5.34800e-04 1438 	   11.867
277: 3123.475869 2.79391e-04 1441 	   10.338
278: 3123.475334 5.34840e-04 1448 	   11.861
279: 3123.475058 2.75913e-04 1451 	   10.332
280: 3123.474524 5.34865e-04 1458 	   11.854
281: 3123.474251 2.72358e-04 1461 	   10.325
282: 3123.473716 5.34912e-04 1468 	   11.847
283: 3123.473448 2.68782e-04 1471 	   10.318
284: 3123.472913 5.34942e-04 1478 	   11.840
285: 3123.472647 2.65143e-04 1481 	   10.312
286: 3123.472112 5.34983e-04 1488 	   11.834
287: 3123.471851 2.61477e-04 1491 	   10.305
288: 3123.471316 5.35022e-04 1498 	   11.827
289: 3123.471058 2.57787e-04 1501 	   10.299
290: 3123.470523 5.35053e-04 1508 	   11.820
291: 3123.470269 2.54031e-04 1511 	   10.292
292: 3123.469734 5.35088e-04 1518 	   11.814
293: 3123.469484 2.50262e-04 1521 	   10.286
294: 3123.468949 5.35122e-04 1528 	   11.807
295: 3123.468702 2.46431e-04 1531 	   10.279
296: 3123.468167 5.35168e-04 1538 	   11.800
297: 3123.467924 2.42575e-04 1541 	   10.273
298: 3123.467389 5.35208e-04 1548 	   11.794
299: 3123.467151 2.38686e-04 1551 	   10.267
300: 3123.466615 5.35223e-04 1558 	   11.787
301: 3123.466381 2.34784e-04 1561 	   10.260
302: 3123.465845 5.35261e-04 1568 	   11.781
303: 3123.465615 2.30801e-04 1571 	   10.254
304: 3123.465079 5.35314e-04 1578 	   11.774
305: 3123.464852 2.26800e-04 1581 	   10.248
306: 3123.464317 5.35346e-04 1588 	   11.768
307: 3123.464094 2.22734e-04 1591 	   10.242
308: 3123.463559 5.35382e-04 1598 	   11.762
309: 3123.463340 2.18710e-04 1601 	   10.235
310: 3123.462805 5.35411e-04 1608 	   11.755
311: 3123.462590 2.14575e-04 1611 	   10.229
312: 3123.462055 5.35441e-04 1618 	   11.749
313: 3123.461844 2.10514e-04 1621 	   10.223
314: 3123.461309 5.35482e-04 1628 	   11.743
315: 3123.461103 2.06251e-04 1631 	   10.217
316: 3123.460567 5.35507e-04 1638 	   11.736
317: 3123.460365 2.02185e-04 1641 	   10.211
318: 3123.459829 5.35549e-04 1648 	   11.730
319: 3123.459632 1.97790e-04 1651 	   10.205
320: 3123.459096 5.35576e-04 1658 	   11.724
321: 3123.458902 1.93809e-04 1661 	   10.199
322: 3123.458367 5.35607e-04 1668 	   11.718
323: 3123.458177 1.89128e-04 1671 	   10.193
324: 3123.457642 5.35649e-04 1678 	   11.712
325: 3123.457456 1.85379e-04 1681 	   10.187
326: 3123.456921 5.35660e-04 1688 	   11.706
327: 3123.456740 1.80286e-04 1691 	   10.182
328: 3123.456205 5.35713e-04 1698 	   11.700
329: 3123.456028 1.76975e-04 1701 	   10.175
330: 3123.455492 5.35753e-04 1708 	   11.694
331: 3123.455321 1.71047e-04 1711 	   10.170
332: 3123.454785 5.35792e-04 1718 	   11.688
333: 3123.454616 1.68850e-04 1721 	   10.164
334: 3123.454081 5.35787e-04 1728 	   11.682
335: 3123.453919 1.61216e-04 1731 	   10.159
336: 3123.453383 5.35851e-04 1738 	   11.676
337: 3123.453222 1.61405e-04 1741 	   10.152
338: 3123.452686 5.35840e-04 1748 	   11.670
339: 3123.452536 1.49969e-04 1751 	   10.149
340: 3123.452000 5.35926e-04 1758 	   11.665
341: 3123.451845 1.55588e-04 1761 	   10.139
342: 3123.451309 5.35789e-04 1768 	   11.658
343: 3123.451173 1.35564e-04 1771 	   10.140
344: 3123.450637 5.35907e-04 1778 	   11.655
345: 3123.450484 1.53212e-04 1781 	   10.125
346: 3123.449949 5.35416e-04 1788 	   11.646
347: 3123.449835 1.13464e-04 1791 	   10.134
348: 3123.449300 5.35258e-04 1798 	   11.646
349: 3123.449144 1.55612e-04 1801 	   10.109
350: 3123.448611 5.33872e-04 1808 	   11.634
351: 3123.448536 7.47369e-05 1811 	   10.137
352: 3123.448005 5.30948e-04 1818 	   11.645
353: 3123.447860 1.45421e-04 1821 	   10.088
354: 3123.447328 5.31300e-04 1828 	   11.622
355: 3123.447301 2.73767e-05 1831 	   10.154
356: 3123.446785 5.15683e-04 1838 	   11.659
357: 3123.446723 6.17356e-05 1841 	   10.063
358: 3123.446184 5.38931e-04 1848 	   11.601
359: 3123.446143 4.11351e-05 1851 	   10.159
360: 3123.445635 5.08108e-04 1858 	   11.663
361: 3123.445612 2.30182e-05 1861 	   10.050
362: 3123.445073 5.39216e-04 1868 	   11.593
363: 3123.445048 2.47227e-05 1871 	   10.148
364: 3123.444543 5.05452e-04 1878 	   11.656
365: 3123.444392 1.51029e-04 1885 	   10.828
366: 3123.444249 1.43062e-04 1888 	   11.607
367: 3123.444235 1.35609e-05 1891 	   10.086
368: 3123.443706 5.29380e-04 1898 	   11.609
369: 3123.443656 4.99657e-05 1901 	   10.055
370: 3123.443117 5.38430e-04 1908 	   11.587
371: 3123.443066 5.14400e-05 1911 	   10.079
372: 3123.442536 5.30062e-04 1918 	   11.601
373: 3123.442486 4.97831e-05 1921 	   10.042
374: 3123.441949 5.37571e-04 1928 	   11.577
375: 3123.441922 2.63674e-05 1931 	   10.077
376: 3123.441395 5.27495e-04 1938 	   11.596
377: 3123.441357 3.77204e-05 1941 	   10.028
378: 3123.440819 5.37852e-04 1948 	   11.566
379: 3123.440811 8.06027e-06 1951 	   10.077
380: 3123.440288 5.22885e-04 1958 	   11.595
381: 3123.440276 1.26138e-05 1961 	   10.014
382: 3123.439736 5.39488e-04 1968 	   11.555
383: 3123.439596 1.39825e-04 1975 	   10.798
384: 3123.439453 1.43205e-04 1978 	   11.566
385: 3123.439391 6.18040e-05 1981 	   10.023
386: 3123.438858 5.33321e-04 1988 	   11.558
387: 3123.438723 1.35393e-04 1995 	   10.783
388: 3123.438579 1.43683e-04 1998 	   11.554
389: 3123.438518 6.11799e-05 2001 	   10.023
390: 3123.437986 5.31911e-04 2008 	   11.554
391: 3123.437850 1.35577e-04 2015 	   10.772
392: 3123.437706 1.43831e-04 2018 	   11.543
393: 3123.437647 5.97108e-05 2021 	   10.019
394: 3123.437116 5.30628e-04 2028 	   11.549
395: 3123.436984 1.32103e-04 2035 	   10.763
396: 3123.436840 1.43494e-04 2038 	   11.535
397: 3123.436789 5.17596e-05 2041 	   10.013
398: 3123.436258 5.30601e-04 2048 	   11.542
399: 3123.436128 1.30517e-04 2055 	   10.755
400: 3123.435984 1.43200e-04 2058 	   11.527
401: 3123.435938 4.61217e-05 2061 	   10.007
402: 3123.435408 5.30298e-04 2068 	   11.536
403: 3123.435281 1.27185e-04 2075 	   10.747
404: 3123.435138 1.42799e-04 2078 	   11.520
405: 3123.435099 3.87596e-05 2081 	   10.001
406: 3123.434569 5.30347e-04 2088 	   11.529
407: 3123.434444 1.24409e-04 2095 	   10.740
408: 3123.434302 1.42411e-04 2098 	   11.513
409: 3123.434270 3.21663e-05 2101 	    9.994
410: 3123.433740 5.30258e-04 2108 	   11.522
411: 3123.433618 1.21166e-04 2115 	   10.733
412: 3123.433476 1.42027e-04 2118 	   11.505
413: 3123.433451 2.51088e-05 2121 	    9.987
414: 3123.432921 5.30307e-04 2128 	   11.515
415: 3123.432803 1.18028e-04 2135 	   10.726
416: 3123.432661 1.41657e-04 2138 	   11.498
417: 3123.432643 1.82344e-05 2141 	    9.981
418: 3123.432113 5.30318e-04 2148 	   11.508
419: 3123.431998 1.14822e-04 2155 	   10.719
420: 3123.431857 1.41263e-04 2158 	   11.492
421: 3123.431845 1.12829e-05 2161 	    9.974
422: 3123.431315 5.30350e-04 2168 	   11.501
423: 3123.431203 1.11653e-04 2175 	   10.712
424: 3123.431062 1.40882e-04 2178 	   11.485
425: 3123.431058 4.36957e-06 2181 	    9.968
426: 3123.430528 5.30368e-04 2188 	   11.495
427: 3123.430419 1.08481e-04 2195 	   10.705
428: 3123.430279 1.40525e-04 2198 	   11.478
429: 3123.430137 1.41387e-04 2205 	   10.701
430: 3123.429997 1.40341e-04 2208 	   11.475
431: 3123.429860 1.37284e-04 2215 	   10.699
432: 3123.429719 1.40353e-04 2218 	   11.473
433: 3123.429581 1.38476e-04 2225 	   10.696
434: 3123.429441 1.40067e-04 2228 	   11.470
435: 3123.429306 1.34952e-04 2235 	   10.694
436: 3123.429166 1.40024e-04 2238 	   11.467
437: 3123.429031 1.35037e-04 2245 	   10.691
438: 3123.428891 1.39809e-04 2248 	   11.465
439: 3123.428758 1.32519e-04 2255 	   10.689
440: 3123.428619 1.39696e-04 2258 	   11.462
441: 3123.428487 1.31871e-04 2265 	   10.686
442: 3123.428347 1.39507e-04 2268 	   11.460
443: 3123.428218 1.29900e-04 2275 	   10.684
444: 3123.428078 1.39402e-04 2278 	   11.457
445: 3123.427949 1.28836e-04 2285 	   10.681
446: 3123.427810 1.39245e-04 2288 	   11.455
447: 3123.427683 1.27187e-04 2295 	   10.679
448: 3123.427544 1.39100e-04 2298 	   11.452
449: 3123.427418 1.25930e-04 2305 	   10.676
450: 3123.427279 1.38958e-04 2308 	   11.450
451: 3123.427154 1.24410e-04 2315 	   10.674
452: 3123.427016 1.38810e-04 2318 	   11.448
453: 3123.426893 1.23092e-04 2325 	   10.671
454: 3123.426754 1.38680e-04 2328 	   11.445
455: 3123.426632 1.21623e-04 2335 	   10.669
456: 3123.426494 1.38529e-04 2338 	   11.443
457: 3123.426373 1.20263e-04 2345 	   10.667
458: 3123.426235 1.38421e-04 2348 	   11.440
459: 3123.426116 1.18867e-04 2355 	   10.664
460: 3123.425978 1.38262e-04 2358 	   11.438
461: 3123.425860 1.17511e-04 2365 	   10.662
462: 3123.425722 1.38096e-04 2368 	   11.436
463: 3123.425606 1.16142e-04 2375 	   10.660
464: 3123.425468 1.37971e-04 2378 	   11.434
465: 3123.425353 1.14760e-04 2385 	   10.657
466: 3123.425216 1.37835e-04 2388 	   11.431
467: 3123.425102 1.13392e-04 2395 	   10.655
468: 3123.424964 1.37722e-04 2398 	   11.429
469: 3123.424852 1.12031e-04 2405 	   10.653
470: 3123.424715 1.37590e-04 2408 	   11.427
471: 3123.424604 1.10671e-04 2415 	   10.651
472: 3123.424467 1.37443e-04 2418 	   11.425
473: 3123.424357 1.09333e-04 2425 	   10.648
474: 3123.424220 1.37321e-04 2428 	   11.422
475: 3123.424112 1.08009e-04 2435 	   10.646
476: 3123.423975 1.37151e-04 2438 	   11.420
477: 3123.423868 1.06665e-04 2445 	   10.644
478: 3123.423731 1.37051e-04 2448 	   11.418
479: 3123.423626 1.05338e-04 2455 	   10.642
480: 3123.423489 1.36939e-04 2458 	   11.416
481: 3123.423385 1.04013e-04 2465 	   10.640
482: 3123.423248 1.36780e-04 2468 	   11.414
483: 3123.423145 1.02700e-04 2475 	   10.638
484: 3123.423009 1.36656e-04 2478 	   11.412
485: 3123.422907 1.01378e-04 2485 	   10.636
486: 3123.422771 1.36567e-04 2488 	   11.410
487: 3123.422671 1.00067e-04 2495 	   10.634
488: 3123.422534 1.36431e-04 2498 	   11.408
489: 3123.422436 9.87730e-05 2505 	   10.631
490: 3123.422299 1.36285e-04 2508 	   11.406
491: 3123.422202 9.75125e-05 2515 	   10.629
492: 3123.422066 1.36171e-04 2518 	   11.404
493: 3123.421969 9.62120e-05 2525 	   10.627
494: 3123.421833 1.36020e-04 2528 	   11.402
495: 3123.421738 9.49508e-05 2535 	   10.625
496: 3123.421602 1.35932e-04 2538 	   11.400
497: 3123.421509 9.36423e-05 2545 	   10.623
498: 3123.421373 1.35804e-04 2548 	   11.398
499: 3123.421281 9.24167e-05 2555 	   10.621
500: 3123.421145 1.35660e-04 2558 	   11.396
501: 3123.421054 9.11577e-05 2565 	   10.619
502: 3123.420918 1.35541e-04 2568 	   11.394
503: 3123.420828 8.99141e-05 2575 	   10.618
504: 3123.420693 1.35433e-04 2578 	   11.392
505: 3123.420604 8.86571e-05 2585 	   10.616
506: 3123.420469 1.35307e-04 2588 	   11.390
507: 3123.420382 8.74271e-05 2595 	   10.614
508: 3123.420246 1.35179e-04 2598 	   11.388
509: 3123.420160 8.62111e-05 2605 	   10.612
510: 3123.420025 1.35057e-04 2608 	   11.386
511: 3123.419940 8.49812e-05 2615 	   10.610
512: 3123.419805 1.34946e-04 2618 	   11.384
513: 3123.419721 8.37459e-05 2625 	   10.608
514: 3123.419587 1.34850e-04 2628 	   11.382
515: 3123.419504 8.25449e-05 2635 	   10.606
516: 3123.419369 1.34722e-04 2638 	   11.380
517: 3123.419288 8.13369e-05 2645 	   10.604
518: 3123.419153 1.34617e-04 2648 	   11.379
519: 3123.419073 8.01360e-05 2655 	   10.603
520: 3123.418939 1.34498e-04 2658 	   11.377
521: 3123.418860 7.89441e-05 2665 	   10.601
522: 3123.418725 1.34384e-04 2668 	   11.375
523: 3123.418648 7.77618e-05 2675 	   10.599
524: 3123.418513 1.34277e-04 2678 	   11.373
525: 3123.418437 7.65768e-05 2685 	   10.597
526: 3123.418303 1.34167e-04 2688 	   11.372
527: 3123.418227 7.53983e-05 2695 	   10.595
528: 3123.418093 1.34062e-04 2698 	   11.370
529: 3123.418019 7.42401e-05 2705 	   10.594
530: 3123.417885 1.33968e-04 2708 	   11.368
531: 3123.417812 7.30821e-05 2715 	   10.592
532: 3123.417678 1.33842e-04 2718 	   11.366
533: 3123.417606 7.19312e-05 2725 	   10.590
534: 3123.417472 1.33725e-04 2728 	   11.365
535: 3123.417401 7.12905e-05 2736 	   10.972
536: 3123.417378 2.30480e-05 2739 	   11.744
537: 3123.417312 6.62037e-05 2747 	   11.333
538: 3123.417162 1.50204e-04 2750 	   10.621
539: 3123.417040 1.21227e-04 2757 	   11.397
540: 3123.417015 2.52968e-05 2760 	   10.599
541: 3123.416886 1.28687e-04 2767 	   11.374
542: 3123.416840 4.65253e-05 2770 	   10.585
543: 3123.416707 1.32769e-04 2777 	   11.360
544: 3123.416644 6.35390e-05 2780 	   10.582
545: 3123.416510 1.33222e-04 2787 	   11.356
546: 3123.416445 6.52908e-05 2790 	   10.580
547: 3123.416312 1.33074e-04 2797 	   11.355
548: 3123.416248 6.39033e-05 2800 	   10.579
549: 3123.416115 1.32987e-04 2807 	   11.353
550: 3123.416052 6.28353e-05 2810 	   10.577
551: 3123.415919 1.32901e-04 2817 	   11.352
552: 3123.415858 6.17472e-05 2820 	   10.576
553: 3123.415725 1.32791e-04 2827 	   11.350
554: 3123.415664 6.06762e-05 2830 	   10.574
555: 3123.415531 1.32681e-04 2837 	   11.349
556: 3123.415472 5.96113e-05 2840 	   10.572
557: 3123.415339 1.32593e-04 2847 	   11.347
558: 3123.415281 5.85245e-05 2850 	   10.571
559: 3123.415148 1.32500e-04 2857 	   11.346
560: 3123.415091 5.74558e-05 2860 	   10.569
561: 3123.414958 1.32403e-04 2867 	   11.344
562: 3123.414902 5.64035e-05 2870 	   10.568
563: 3123.414770 1.32286e-04 2877 	   11.342
564: 3123.414714 5.53694e-05 2880 	   10.566
565: 3123.414582 1.32223e-04 2887 	   11.341
566: 3123.414528 5.42958e-05 2890 	   10.565
567: 3123.414396 1.32109e-04 2897 	   11.339
568: 3123.414342 5.32882e-05 2900 	   10.563
569: 3123.414210 1.32018e-04 2907 	   11.338
570: 3123.414158 5.22191e-05 2910 	   10.562
571: 3123.414026 1.31946e-04 2917 	   11.336
572: 3123.413975 5.11922e-05 2920 	   10.560
573: 3123.413843 1.31831e-04 2927 	   11.335
574: 3123.413793 5.01783e-05 2930 	   10.559
575: 3123.413661 1.31750e-04 2937 	   11.334
576: 3123.413612 4.91699e-05 2940 	   10.557
577: 3123.413480 1.31657e-04 2947 	   11.332
578: 3123.413432 4.81364e-05 2950 	   10.556
579: 3123.413301 1.31573e-04 2957 	   11.331
580: 3123.413254 4.71334e-05 2960 	   10.554
581: 3123.413122 1.31484e-04 2967 	   11.329
582: 3123.413076 4.61222e-05 2970 	   10.553
583: 3123.412945 1.31419e-04 2977 	   11.328
584: 3123.412899 4.51179e-05 2980 	   10.551
585: 3123.412768 1.31322e-04 2987 	   11.326
586: 3123.412724 4.41504e-05 2990 	   10.550
587: 3123.412593 1.31220e-04 2997 	   11.325
588: 3123.412550 4.31564e-05 3000 	   10.549
589: 3123.412418 1.31145e-04 3007 	   11.324
590: 3123.412376 4.21787e-05 3010 	   10.547
591: 3123.412245 1.31075e-04 3017 	   11.322
592: 3123.412204 4.11800e-05 3020 	   10.546
593: 3123.412073 1.30996e-04 3027 	   11.321
594: 3123.412033 4.02265e-05 3030 	   10.545
595: 3123.411902 1.30908e-04 3037 	   11.320
596: 3123.411863 3.92812e-05 3040 	   10.543
597: 3123.411732 1.30815e-04 3047 	   11.318
598: 3123.411693 3.82917e-05 3050 	   10.542
599: 3123.411563 1.30763e-04 3057 	   11.317
600: 3123.411525 3.73503e-05 3060 	   10.541
601: 3123.411395 1.30672e-04 3067 	   11.316
602: 3123.411358 3.64015e-05 3070 	   10.539
603: 3123.411228 1.30584e-04 3077 	   11.314
604: 3123.411192 3.54728e-05 3080 	   10.538
605: 3123.411062 1.30507e-04 3087 	   11.313
606: 3123.411027 3.45323e-05 3090 	   10.537
607: 3123.410897 1.30437e-04 3097 	   11.312
608: 3123.410863 3.35890e-05 3100 	   10.535
609: 3123.410733 1.30365e-04 3107 	   11.310
610: 3123.410700 3.26728e-05 3110 	   10.534
611: 3123.410570 1.30285e-04 3117 	   11.309
612: 3123.410538 3.17586e-05 3120 	   10.533
613: 3123.410408 1.30213e-04 3127 	   11.308
614: 3123.410377 3.08394e-05 3130 	   10.531
615: 3123.410247 1.30118e-04 3137 	   11.307
616: 3123.410217 2.99422e-05 3140 	   10.530
617: 3123.410087 1.30069e-04 3147 	   11.305
618: 3123.410058 2.90355e-05 3150 	   10.529
619: 3123.409928 1.29983e-04 3157 	   11.304
620: 3123.409900 2.81287e-05 3160 	   10.528
621: 3123.409770 1.29914e-04 3167 	   11.303
622: 3123.409743 2.72267e-05 3170 	   10.526
623: 3123.409613 1.29846e-04 3177 	   11.302
624: 3123.409586 2.63538e-05 3180 	   10.525
625: 3123.409457 1.29773e-04 3187 	   11.300
626: 3123.409431 2.54627e-05 3190 	   10.524
627: 3123.409301 1.29695e-04 3197 	   11.299
628: 3123.409277 2.45901e-05 3200 	   10.523
629: 3123.409147 1.29640e-04 3207 	   11.298
630: 3123.409124 2.37061e-05 3210 	   10.522
631: 3123.408994 1.29580e-04 3217 	   11.297
632: 3123.408971 2.28271e-05 3220 	   10.520
633: 3123.408842 1.29522e-04 3227 	   11.296
634: 3123.408820 2.19630e-05 3230 	   10.519
635: 3123.408690 1.29446e-04 3237 	   11.295
636: 3123.408669 2.11195e-05 3240 	   10.518
637: 3123.408540 1.29387e-04 3247 	   11.293
638: 3123.408519 2.02410e-05 3250 	   10.517
639: 3123.408390 1.29317e-04 3257 	   11.292
640: 3123.408371 1.94045e-05 3260 	   10.516
641: 3123.408241 1.29261e-04 3267 	   11.291
642: 3123.408223 1.85585e-05 3270 	   10.515
643: 3123.408094 1.29170e-04 3277 	   11.290
644: 3123.408076 1.77458e-05 3280 	   10.513
645: 3123.407947 1.29131e-04 3287 	   11.289
646: 3123.407930 1.68937e-05 3290 	   10.512
647: 3123.407801 1.29066e-04 3297 	   11.288
648: 3123.407785 1.60456e-05 3300 	   10.511
649: 3123.407656 1.29009e-04 3307 	   11.287
650: 3123.407641 1.52275e-05 3310 	   10.510
651: 3123.407512 1.28944e-04 3317 	   11.285
652: 3123.407497 1.44214e-05 3320 	   10.509
653: 3123.407368 1.28871e-04 3327 	   11.284
654: 3123.407355 1.36081e-05 3330 	   10.508
655: 3123.407226 1.28827e-04 3337 	   11.283
656: 3123.407213 1.27618e-05 3340 	   10.507
657: 3123.407084 1.28786e-04 3347 	   11.282
658: 3123.407072 1.19901e-05 3350 	   10.506
659: 3123.406944 1.28704e-04 3357 	   11.281
660: 3123.406933 1.11536e-05 3360 	   10.505
661: 3123.406804 1.28685e-04 3367 	   11.280
662: 3123.406794 1.03567e-05 3370 	   10.503
663: 3123.406665 1.28614e-04 3377 	   11.279
664: 3123.406655 9.56746e-06 3380 	   10.502
665: 3123.406527 1.28550e-04 3387 	   11.278
666: 3123.406518 8.79180e-06 3390 	   10.501
667: 3123.406390 1.28493e-04 3397 	   11.277
668: 3123.406382 8.00423e-06 3400 	   10.500
669: 3123.406253 1.28438e-04 3407 	   11.276
670: 3123.406246 7.21983e-06 3410 	   10.499
671: 3123.406117 1.28411e-04 3417 	   11.275
672: 3123.406111 6.43239e-06 3420 	   10.498
673: 3123.405983 1.28329e-04 3427 	   11.274
674: 3123.405977 5.67909e-06 3430 	   10.497
675: 3123.405849 1.28290e-04 3437 	   11.273
676: 3123.405844 4.90374e-06 3440 	   10.496
677: 3123.405716 1.28232e-04 3447 	   11.272
678: 3123.405711 4.14581e-06 3450 	   10.495
679: 3123.405583 1.28192e-04 3457 	   11.271
680: 3123.405580 3.38080e-06 3460 	   10.494
681: 3123.405452 1.28133e-04 3467 	   11.270
682: 3123.405449 2.63832e-06 3470 	   10.493
683: 3123.405321 1.28070e-04 3477 	   11.269
684: 3123.405319 1.88315e-06 3480 	   10.492
685: 3123.405191 1.28040e-04 3487 	   11.268
686: 3123.405190 1.13023e-06 3490 	   10.491
687: 3123.405062 1.27989e-04 3497 	   11.267
688: 3123.405062 3.91537e-07 3500 	   10.490
689: 3123.404934 1.27951e-04 3507 	   11.266
690: 3123.404897 3.62368e-05 3514 	   10.873
691: 3123.404861 3.61540e-05 3517 	   11.258
692: 3123.404853 8.05861e-06 3520 	   10.489
693: 3123.404726 1.27501e-04 3527 	   11.265
694: 3123.404691 3.51525e-05 3534 	   10.872
695: 3123.404655 3.59233e-05 3537 	   11.257
696: 3123.404649 5.96048e-06 3540 	   10.487
697: 3123.404521 1.27484e-04 3547 	   11.263
698: 3123.404487 3.46355e-05 3554 	   10.870
699: 3123.404451 3.57880e-05 3557 	   11.256
700: 3123.404446 4.70835e-06 3560 	   10.486
701: 3123.404319 1.27393e-04 3567 	   11.262
702: 3123.404285 3.40487e-05 3574 	   10.869
703: 3123.404249 3.56496e-05 3577 	   11.254
704: 3123.404246 3.38837e-06 3580 	   10.484
705: 3123.404118 1.27298e-04 3587 	   11.260
706: 3123.404085 3.35087e-05 3594 	   10.867
707: 3123.404049 3.54723e-05 3597 	   11.253
708: 3123.404047 2.05717e-06 3600 	   10.482
709: 3123.403920 1.27248e-04 3607 	   11.258
710: 3123.403887 3.29221e-05 3614 	   10.865
711: 3123.403852 3.53657e-05 3617 	   11.251
712: 3123.403851 7.42162e-07 3620 	   10.481
713: 3123.403724 1.27174e-04 3627 	   11.257
714: 3123.403691 3.23638e-05 3634 	   10.864
715: 3123.403656 3.52320e-05 3637 	   11.250
716: 3123.403621 3.56310e-05 3644 	   10.860
717: 3123.403585 3.55610e-05 3647 	   11.246
718: 3123.403582 3.06299e-06 3650 	   10.479
719: 3123.403455 1.26731e-04 3657 	   11.255
720: 3123.403424 3.12491e-05 3664 	   10.862
721: 3123.403389 3.49598e-05 3667 	   11.248
722: 3123.403354 3.45175e-05 3674 	   10.858
723: 3123.403319 3.53630e-05 3677 	   11.244
724: 3123.403318 9.07978e-07 3680 	   10.477
725: 3123.403192 1.26662e-04 3687 	   11.253
726: 3123.403161 3.05467e-05 3694 	   10.860
727: 3123.403126 3.47822e-05 3697 	   11.246
728: 3123.403093 3.36603e-05 3704 	   10.856
729: 3123.403057 3.52004e-05 3707 	   11.242
730: 3123.403022 3.51699e-05 3714 	   10.854
731: 3123.402987 3.52898e-05 3717 	   11.240
732: 3123.402987 2.33290e-07 3720 	   10.475
733: 3123.402860 1.26362e-04 3727 	   11.251
734: 3123.402831 2.94638e-05 3734 	   10.857
735: 3123.402796 3.44822e-05 3737 	   11.244
736: 3123.402764 3.24870e-05 3744 	   10.853
737: 3123.402729 3.49296e-05 3747 	   11.240
738: 3123.402695 3.40015e-05 3754 	   10.852
739: 3123.402660 3.50492e-05 3757 	   11.238
740: 3123.402625 3.44755e-05 3764 	   10.851
741: 3123.402590 3.50271e-05 3767 	   11.237
742: 3123.402556 3.44777e-05 3774 	   10.850
743: 3123.402521 3.50348e-05 3777 	   11.236
744: 3123.402487 3.42719e-05 3784 	   10.849
745: 3123.402452 3.49587e-05 3787 	   11.236
746: 3123.402418 3.40879e-05 3794 	   10.849
747: 3123.402383 3.49240e-05 3797 	   11.235
748: 3123.402349 3.38440e-05 3804 	   10.848
749: 3123.402314 3.48767e-05 3807 	   11.235
750: 3123.402280 3.35905e-05 3814 	   10.848
751: 3123.402245 3.48266e-05 3817 	   11.234
752: 3123.402212 3.33428e-05 3824 	   10.847
753: 3123.402177 3.47866e-05 3827 	   11.233
754: 3123.402144 3.30936e-05 3834 	   10.846
755: 3123.402109 3.47456e-05 3837 	   11.233
756: 3123.402077 3.28498e-05 3844 	   10.846
757: 3123.402042 3.46811e-05 3847 	   11.232
758: 3123.402009 3.26369e-05 3854 	   10.845
759: 3123.401975 3.46263e-05 3857 	   11.232
760: 3123.401942 3.24043e-05 3864 	   10.845
761: 3123.401908 3.45818e-05 3867 	   11.231
762: 3123.401876 3.21631e-05 3874 	   10.844
763: 3123.401841 3.45464e-05 3877 	   11.231
764: 3123.401809 3.19202e-05 3884 	   10.844
765: 3123.401775 3.44736e-05 3887 	   11.230
766: 3123.401743 3.17188e-05 3894 	   10.843
767: 3123.401708 3.44240e-05 3897 	   11.230
768: 3123.401677 3.14692e-05 3904 	   10.842
769: 3123.401643 3.43729e-05 3907 	   11.229
770: 3123.401611 3.12573e-05 3914 	   10.842
771: 3123.401577 3.43281e-05 3917 	   11.229
772: 3123.401546 3.10131e-05 3924 	   10.841
773: 3123.401512 3.42663e-05 3927 	   11.228
774: 3123.401481 3.08172e-05 3934 	   10.841
775: 3123.401447 3.42239e-05 3937 	   11.228
776: 3123.401416 3.05534e-05 3944 	   10.840
777: 3123.401382 3.41803e-05 3947 	   11.227
778: 3123.401352 3.03369e-05 3954 	   10.840
779: 3123.401317 3.41471e-05 3957 	   11.227
780: 3123.401287 3.01081e-05 3964 	   10.839
781: 3123.401253 3.40821e-05 3967 	   11.226
782: 3123.401223 2.98969e-05 3974 	   10.839
783: 3123.401189 3.40326e-05 3977 	   11.226
784: 3123.401160 2.96843e-05 3984 	   10.838
785: 3123.401126 3.40033e-05 3987 	   11.225
786: 3123.401096 2.94429e-05 3994 	   10.838
787: 3123.401062 3.39384e-05 3997 	   11.225
788: 3123.401033 2.92311e-05 4004 	   10.837
789: 3123.400999 3.38929e-05 4007 	   11.224
790: 3123.400970 2.90071e-05 4014 	   10.837
791: 3123.400936 3.38622e-05 4017 	   11.224
792: 3123.400908 2.87926e-05 4024 	   10.836
793: 3123.400874 3.38003e-05 4027 	   11.223
794: 3123.400845 2.85917e-05 4034 	   10.836
795: 3123.400811 3.37484e-05 4037 	   11.223
796: 3123.400783 2.83660e-05 4044 	   10.835
797: 3123.400749 3.37213e-05 4047 	   11.222
798: 3123.400721 2.81251e-05 4054 	   10.835
799: 3123.400687 3.36861e-05 4057 	   11.222
800: 3123.400660 2.79092e-05 4064 	   10.834
801: 3123.400626 3.36561e-05 4067 	   11.221
802: 3123.400598 2.77096e-05 4074 	   10.834
803: 3123.400565 3.35646e-05 4077 	   11.221
804: 3123.400537 2.75375e-05 4084 	   10.833
805: 3123.400504 3.35236e-05 4087 	   11.220
806: 3123.400476 2.72853e-05 4094 	   10.833
807: 3123.400443 3.35097e-05 4097 	   11.220
808: 3123.400416 2.70818e-05 4104 	   10.832
809: 3123.400382 3.34126e-05 4107 	   11.219
810: 3123.400355 2.69032e-05 4114 	   10.832
811: 3123.400322 3.34012e-05 4117 	   11.219
812: 3123.400295 2.66784e-05 4124 	   10.831
813: 3123.400262 3.33544e-05 4127 	   11.218
814: 3123.400235 2.64705e-05 4134 	   10.831
815: 3123.400202 3.33101e-05 4137 	   11.218
816: 3123.400176 2.62468e-05 4144 	   10.830
817: 3123.400143 3.32721e-05 4147 	   11.218
818: 3123.400117 2.60639e-05 4154 	   10.830
819: 3123.400083 3.31981e-05 4157 	   11.217
820: 3123.400058 2.58823e-05 4164 	   10.829
821: 3123.400024 3.31414e-05 4167 	   11.217
822: 3123.399999 2.56935e-05 4174 	   10.829
823: 3123.399966 3.30993e-05 4177 	   11.216
824: 3123.399940 2.54702e-05 4184 	   10.828
825: 3123.399907 3.30829e-05 4187 	   11.216
826: 3123.399882 2.52558e-05 4194 	   10.828
827: 3123.399849 3.30405e-05 4197 	   11.215
828: 3123.399824 2.50789e-05 4204 	   10.828
829: 3123.399791 3.29816e-05 4207 	   11.215
830: 3123.399766 2.48711e-05 4214 	   10.827
831: 3123.399733 3.29505e-05 4217 	   11.215
832: 3123.399708 2.46412e-05 4224 	   10.827
833: 3123.399675 3.29135e-05 4227 	   11.214
834: 3123.399651 2.44751e-05 4234 	   10.826
835: 3123.399618 3.28592e-05 4237 	   11.214
836: 3123.399594 2.42837e-05 4244 	   10.826
837: 3123.399561 3.28137e-05 4247 	   11.213
838: 3123.399537 2.40776e-05 4254 	   10.825
839: 3123.399504 3.27830e-05 4257 	   11.213
840: 3123.399480 2.38737e-05 4264 	   10.825
841: 3123.399447 3.27272e-05 4267 	   11.212
842: 3123.399424 2.37255e-05 4274 	   10.824
843: 3123.399391 3.26834e-05 4277 	   11.212
844: 3123.399367 2.35120e-05 4284 	   10.824
845: 3123.399335 3.26435e-05 4287 	   11.212
846: 3123.399312 2.32937e-05 4294 	   10.824
847: 3123.399279 3.26286e-05 4297 	   11.211
848: 3123.399256 2.31173e-05 4304 	   10.823
849: 3123.399223 3.25705e-05 4307 	   11.211
850: 3123.399200 2.29404e-05 4314 	   10.823
851: 3123.399168 3.24968e-05 4317 	   11.210
852: 3123.399145 2.27653e-05 4324 	   10.822
853: 3123.399113 3.24799e-05 4327 	   11.210
854: 3123.399090 2.25548e-05 4334 	   10.822
855: 3123.399058 3.24497e-05 4337 	   11.210
856: 3123.399035 2.23557e-05 4344 	   10.821
857: 3123.399003 3.24103e-05 4347 	   11.209
858: 3123.398981 2.21857e-05 4354 	   10.821
859: 3123.398948 3.23636e-05 4357 	   11.209
860: 3123.398926 2.20000e-05 4364 	   10.821
861: 3123.398894 3.23072e-05 4367 	   11.208
862: 3123.398872 2.18391e-05 4374 	   10.820
863: 3123.398840 3.22683e-05 4377 	   11.208
864: 3123.398818 2.16367e-05 4384 	   10.820
865: 3123.398786 3.22237e-05 4387 	   11.208
866: 3123.398764 2.14573e-05 4394 	   10.819
867: 3123.398732 3.22076e-05 4397 	   11.207
868: 3123.398711 2.12626e-05 4404 	   10.819
869: 3123.398679 3.21836e-05 4407 	   11.207
870: 3123.398658 2.10566e-05 4414 	   10.819
871: 3123.398626 3.21295e-05 4417 	   11.206
872: 3123.398605 2.09136e-05 4424 	   10.818
873: 3123.398573 3.20683e-05 4427 	   11.206
874: 3123.398552 2.07386e-05 4434 	   10.818
875: 3123.398520 3.20396e-05 4437 	   11.206
876: 3123.398499 2.05644e-05 4444 	   10.817
877: 3123.398467 3.19908e-05 4447 	   11.205
878: 3123.398447 2.03823e-05 4454 	   10.817
879: 3123.398415 3.19454e-05 4457 	   11.205
880: 3123.398395 2.02054e-05 4464 	   10.817
881: 3123.398363 3.19181e-05 4467 	   11.205
882: 3123.398343 2.00234e-05 4474 	   10.816
883: 3123.398311 3.19046e-05 4477 	   11.204
884: 3123.398291 1.98288e-05 4484 	   10.816
885: 3123.398259 3.18520e-05 4487 	   11.204
886: 3123.398240 1.96829e-05 4494 	   10.815
887: 3123.398208 3.17969e-05 4497 	   11.203
888: 3123.398188 1.94987e-05 4504 	   10.815
889: 3123.398157 3.17675e-05 4507 	   11.203
890: 3123.398137 1.93370e-05 4514 	   10.815
891: 3123.398105 3.17157e-05 4517 	   11.203
892: 3123.398086 1.91764e-05 4524 	   10.814
893: 3123.398055 3.16730e-05 4527 	   11.202
894: 3123.398036 1.89794e-05 4534 	   10.814
895: 3123.398004 3.16522e-05 4537 	   11.202
896: 3123.397985 1.88276e-05 4544 	   10.814
897: 3123.397954 3.16353e-05 4547 	   11.202
898: 3123.397935 1.86418e-05 4554 	   10.813
899: 3123.397903 3.15675e-05 4557 	   11.201
900: 3123.397885 1.84808e-05 4564 	   10.813
901: 3123.397853 3.15339e-05 4567 	   11.201
902: 3123.397835 1.83082e-05 4574 	   10.812
903: 3123.397803 3.15128e-05 4577 	   11.201
904: 3123.397785 1.81361e-05 4584 	   10.812
905: 3123.397754 3.14875e-05 4587 	   11.200
906: 3123.397736 1.79653e-05 4594 	   10.812
907: 3123.397704 3.14090e-05 4597 	   11.200
908: 3123.397687 1.78844e-05 4605 	   11.005
909: 3123.397674 1.25242e-05 4608 	   11.377
910: 3123.397652 2.19410e-05 4615 	   10.973
911: 3123.397640 1.25452e-05 4618 	   11.352
912: 3123.397621 1.87898e-05 4626 	   11.149
913: 3123.397554 6.71488e-05 4629 	   10.873
914: 3123.397532 2.19742e-05 4636 	   11.261
915: 3123.397521 1.04319e-05 4639 	   10.860
916: 3123.397497 2.38893e-05 4646 	   11.247
917: 3123.397487 1.02552e-05 4649 	   10.847
918: 3123.397462 2.56050e-05 4656 	   11.235
919: 3123.397451 1.05804e-05 4659 	   10.836
920: 3123.397424 2.71701e-05 4666 	   11.224
921: 3123.397412 1.13417e-05 4669 	   10.827
922: 3123.397384 2.84518e-05 4676 	   11.215
923: 3123.397372 1.24231e-05 4679 	   10.820
924: 3123.397342 2.94434e-05 4686 	   11.208
925: 3123.397329 1.35673e-05 4689 	   10.815
926: 3123.397298 3.01002e-05 4696 	   11.203
927: 3123.397284 1.45249e-05 4699 	   10.812
928: 3123.397253 3.05293e-05 4706 	   11.200
929: 3123.397238 1.51665e-05 4709 	   10.810
930: 3123.397207 3.07373e-05 4716 	   11.198
931: 3123.397192 1.55089e-05 4719 	   10.809
932: 3123.397161 3.08488e-05 4726 	   11.197
933: 3123.397145 1.56426e-05 4729 	   10.808
934: 3123.397115 3.08614e-05 4736 	   11.196
935: 3123.397099 1.56392e-05 4739 	   10.807
936: 3123.397068 3.08700e-05 4746 	   11.196
937: 3123.397053 1.55240e-05 4749 	   10.807
938: 3123.397022 3.08996e-05 4756 	   11.195
939: 3123.397006 1.53982e-05 4759 	   10.806
940: 3123.396975 3.08526e-05 4766 	   11.195
941: 3123.396960 1.52784e-05 4769 	   10.806
942: 3123.396929 3.08192e-05 4776 	   11.195
943: 3123.396914 1.51395e-05 4779 	   10.806
944: 3123.396883 3.07873e-05 4786 	   11.194
945: 3123.396868 1.49831e-05 4789 	   10.805
946: 3123.396838 3.07497e-05 4796 	   11.194
947: 3123.396823 1.48328e-05 4799 	   10.805
948: 3123.396792 3.07299e-05 4806 	   11.194
949: 3123.396777 1.46723e-05 4809 	   10.805
950: 3123.396747 3.06923e-05 4816 	   11.193
951: 3123.396732 1.45355e-05 4819 	   10.804
952: 3123.396702 3.06499e-05 4826 	   11.193
953: 3123.396687 1.43915e-05 4829 	   10.804
954: 3123.396657 3.06186e-05 4836 	   11.193
955: 3123.396642 1.42291e-05 4839 	   10.804
956: 3123.396612 3.05887e-05 4846 	   11.193
957: 3123.396598 1.40984e-05 4849 	   10.803
958: 3123.396567 3.05441e-05 4856 	   11.192
959: 3123.396553 1.39517e-05 4859 	   10.803
960: 3123.396523 3.05152e-05 4866 	   11.192
961: 3123.396509 1.37910e-05 4869 	   10.803
962: 3123.396478 3.04883e-05 4876 	   11.192
963: 3123.396465 1.36438e-05 4879 	   10.802
964: 3123.396434 3.04561e-05 4886 	   11.191
965: 3123.396421 1.34916e-05 4889 	   10.802
966: 3123.396390 3.04356e-05 4896 	   11.191
967: 3123.396377 1.33479e-05 4899 	   10.802
968: 3123.396347 3.03916e-05 4906 	   11.191
969: 3123.396333 1.32179e-05 4909 	   10.802
970: 3123.396303 3.03585e-05 4916 	   11.190
971: 3123.396290 1.30558e-05 4919 	   10.801
972: 3123.396260 3.03109e-05 4926 	   11.190
973: 3123.396247 1.29386e-05 4929 	   10.801
974: 3123.396216 3.02961e-05 4936 	   11.190
975: 3123.396204 1.27618e-05 4939 	   10.801
976: 3123.396173 3.02724e-05 4946 	   11.190
977: 3123.396161 1.26435e-05 4949 	   10.800
978: 3123.396130 3.02262e-05 4956 	   11.189
979: 3123.396118 1.24818e-05 4959 	   10.800
980: 3123.396088 3.02089e-05 4966 	   11.189
981: 3123.396075 1.23599e-05 4969 	   10.800
982: 3123.396045 3.01687e-05 4976 	   11.189
983: 3123.396033 1.21950e-05 4979 	   10.799
984: 3123.396003 3.01753e-05 4986 	   11.188
985: 3123.395991 1.20251e-05 4989 	   10.799
986: 3123.395961 3.01349e-05 4996 	   11.188
987: 3123.395949 1.19115e-05 4999 	   10.799
988: 3123.395919 3.00813e-05 5006 	   11.188
989: 3123.395907 1.17863e-05 5009 	   10.798
990: 3123.395877 3.00455e-05 5016 	   11.188
991: 3123.395865 1.16411e-05 5019 	   10.798
992: 3123.395835 3.00481e-05 5026 	   11.187
993: 3123.395824 1.14864e-05 5029 	   10.798
994: 3123.395794 2.99976e-05 5036 	   11.187
995: 3123.395782 1.13623e-05 5039 	   10.798
996: 3123.395752 2.99668e-05 5046 	   11.187
997: 3123.395741 1.12163e-05 5049 	   10.797
998: 3123.395711 2.99602e-05 5056 	   11.186
999: 3123.395700 1.10677e-05 5059 	   10.797
1000: 3123.395670 2.99249e-05 5066 	   11.186
1001: 3123.395659 1.09322e-05 5069 	   10.797
1002: 3123.395629 2.98995e-05 5076 	   11.186
1003: 3123.395619 1.08015e-05 5079 	   10.796
1004: 3123.395589 2.98544e-05 5086 	   11.186
1005: 3123.395578 1.06736e-05 5089 	   10.796
1006: 3123.395548 2.98274e-05 5096 	   11.185
1007: 3123.395538 1.05504e-05 5099 	   10.796
1008: 3123.395508 2.98055e-05 5106 	   11.185
1009: 3123.395498 1.03904e-05 5109 	   10.796
1010: 3123.395468 2.97571e-05 5116 	   11.185
1011: 3123.395457 1.02797e-05 5119 	   10.795
1012: 3123.395428 2.97451e-05 5126 	   11.185
1013: 3123.395418 1.01446e-05 5129 	   10.795
1014: 3123.395388 2.97203e-05 5136 	   11.184
1015: 3123.395378 1.00192e-05 5139 	   10.795
1016: 3123.395348 2.96671e-05 5146 	   11.184
1017: 3123.395338 9.85469e-06 5149 	   10.794
1018: 3123.395309 2.96585e-05 5156 	   11.184
1019: 3123.395299 9.75550e-06 5159 	   10.794
1020: 3123.395269 2.96358e-05 5166 	   11.183
1021: 3123.395260 9.60109e-06 5169 	   10.794
1022: 3123.395230 2.96151e-05 5176 	   11.183
1023: 3123.395221 9.46413e-06 5179 	   10.794
1024: 3123.395191 2.96040e-05 5186 	   11.183
1025: 3123.395182 9.31788e-06 5189 	   10.793
1026: 3123.395152 2.95613e-05 5196 	   11.183
1027: 3123.395143 9.21095e-06 5199 	   10.793
1028: 3123.395113 2.95310e-05 5206 	   11.182
1029: 3123.395104 9.06474e-06 5209 	   10.793
1030: 3123.395075 2.95120e-05 5216 	   11.182
1031: 3123.395066 8.96579e-06 5219 	   10.793
1032: 3123.395036 2.94722e-05 5226 	   11.182
1033: 3123.395028 8.81759e-06 5229 	   10.792
1034: 3123.394998 2.94588e-05 5236 	   11.182
1035: 3123.394989 8.70211e-06 5239 	   10.792
1036: 3123.394960 2.94110e-05 5246 	   11.181
1037: 3123.394951 8.56377e-06 5249 	   10.792
1038: 3123.394922 2.94055e-05 5256 	   11.181
1039: 3123.394914 8.43754e-06 5259 	   10.791
1040: 3123.394884 2.93770e-05 5266 	   11.181
1041: 3123.394876 8.31754e-06 5269 	   10.791
1042: 3123.394847 2.93459e-05 5276 	   11.181
1043: 3123.394838 8.17393e-06 5279 	   10.791
1044: 3123.394809 2.93265e-05 5286 	   11.180
1045: 3123.394801 8.06314e-06 5289 	   10.791
1046: 3123.394772 2.93066e-05 5296 	   11.180
1047: 3123.394764 7.92563e-06 5299 	   10.790
1048: 3123.394734 2.92673e-05 5306 	   11.180
1049: 3123.394727 7.80928e-06 5309 	   10.790
1050: 3123.394697 2.92664e-05 5316 	   11.180
1051: 3123.394690 7.66951e-06 5319 	   10.790
1052: 3123.394660 2.92092e-05 5326 	   11.179
1053: 3123.394653 7.56807e-06 5329 	   10.790
1054: 3123.394624 2.92206e-05 5336 	   11.179
1055: 3123.394616 7.43870e-06 5339 	   10.789
1056: 3123.394587 2.91781e-05 5346 	   11.179
1057: 3123.394580 7.30434e-06 5349 	   10.789
1058: 3123.394551 2.91476e-05 5356 	   11.179
1059: 3123.394543 7.18886e-06 5359 	   10.789
1060: 3123.394514 2.91169e-05 5366 	   11.178
1061: 3123.394507 7.07958e-06 5369 	   10.789
1062: 3123.394478 2.91029e-05 5376 	   11.178
1063: 3123.394471 6.94206e-06 5379 	   10.788
1064: 3123.394442 2.90922e-05 5386 	   11.178
1065: 3123.394435 6.79363e-06 5389 	   10.788
1066: 3123.394406 2.90887e-05 5396 	   11.178
1067: 3123.394400 6.69374e-06 5399 	   10.788
1068: 3123.394371 2.90211e-05 5406 	   11.178
1069: 3123.394364 6.60143e-06 5409 	   10.788
1070: 3123.394335 2.90099e-05 5416 	   11.177
1071: 3123.394328 6.45527e-06 5419 	   10.787
1072: 3123.394299 2.90050e-05 5426 	   11.177
1073: 3123.394293 6.33904e-06 5429 	   10.787
1074: 3123.394264 2.89503e-05 5436 	   11.177
1075: 3123.394258 6.22422e-06 5439 	   10.787
1076: 3123.394229 2.89474e-05 5446 	   11.177
1077: 3123.394223 6.09387e-06 5449 	   10.787
1078: 3123.394194 2.89276e-05 5456 	   11.176
1079: 3123.394188 5.99555e-06 5459 	   10.786
1080: 3123.394159 2.88962e-05 5466 	   11.176
1081: 3123.394153 5.86871e-06 5469 	   10.786
1082: 3123.394124 2.88747e-05 5476 	   11.176
1083: 3123.394119 5.74921e-06 5479 	   10.786
1084: 3123.394090 2.88442e-05 5486 	   11.176
1085: 3123.394084 5.62407e-06 5489 	   10.786
1086: 3123.394055 2.88478e-05 5496 	   11.175
1087: 3123.394050 5.51555e-06 5499 	   10.785
1088: 3123.394021 2.88029e-05 5506 	   11.175
1089: 3123.394016 5.40290e-06 5509 	   10.785
1090: 3123.393987 2.88034e-05 5516 	   11.175
1091: 3123.393981 5.27012e-06 5519 	   10.785
1092: 3123.393953 2.87744e-05 5526 	   11.175
1093: 3123.393948 5.15965e-06 5529 	   10.785
1094: 3123.393919 2.87358e-05 5536 	   11.175
1095: 3123.393914 5.06458e-06 5539 	   10.784
1096: 3123.393885 2.87379e-05 5546 	   11.174
1097: 3123.393880 4.90451e-06 5549 	   10.784
1098: 3123.393851 2.87293e-05 5556 	   11.174
1099: 3123.393847 4.82903e-06 5559 	   10.784
1100: 3123.393818 2.86677e-05 5566 	   11.174
1101: 3123.393813 4.70407e-06 5569 	   10.784
1102: 3123.393784 2.86704e-05 5576 	   11.174
1103: 3123.393780 4.58746e-06 5579 	   10.783
1104: 3123.393751 2.86578e-05 5586 	   11.173
1105: 3123.393747 4.47719e-06 5589 	   10.783
1106: 3123.393718 2.86275e-05 5596 	   11.173
1107: 3123.393714 4.37799e-06 5599 	   10.783
1108: 3123.393685 2.85893e-05 5606 	   11.173
1109: 3123.393681 4.25540e-06 5609 	   10.783
1110: 3123.393652 2.86057e-05 5616 	   11.173
1111: 3123.393648 4.12461e-06 5619 	   10.783
1112: 3123.393620 2.85557e-05 5626 	   11.173
1113: 3123.393616 4.04014e-06 5629 	   10.782
1114: 3123.393587 2.85247e-05 5636 	   11.172
1115: 3123.393583 3.94551e-06 5639 	   10.782
1116: 3123.393555 2.85161e-05 5646 	   11.172
1117: 3123.393551 3.81913e-06 5649 	   10.782
1118: 3123.393522 2.85088e-05 5656 	   11.172
1119: 3123.393519 3.70058e-06 5659 	   10.782
1120: 3123.393490 2.84640e-05 5666 	   11.172
1121: 3123.393487 3.59237e-06 5669 	   10.781
1122: 3123.393458 2.84841e-05 5676 	   11.172
1123: 3123.393455 3.46906e-06 5679 	   10.781
1124: 3123.393426 2.84534e-05 5686 	   11.171
1125: 3123.393423 3.38116e-06 5689 	   10.781
1126: 3123.393394 2.84103e-05 5696 	   11.171
1127: 3123.393391 3.27340e-06 5699 	   10.781
1128: 3123.393363 2.83972e-05 5706 	   11.171
1129: 3123.393360 3.14696e-06 5709 	   10.781
1130: 3123.393331 2.83957e-05 5716 	   11.171
1131: 3123.393328 3.05549e-06 5719 	   10.780
1132: 3123.393300 2.83692e-05 5726 	   11.170
1133: 3123.393297 2.93584e-06 5729 	   10.780
1134: 3123.393268 2.83425e-05 5736 	   11.170
1135: 3123.393266 2.85651e-06 5739 	   10.780
1136: 3123.393237 2.83300e-05 5746 	   11.170
1137: 3123.393234 2.72585e-06 5749 	   10.780
1138: 3123.393206 2.83085e-05 5756 	   11.170
1139: 3123.393204 2.63162e-06 5759 	   10.779
1140: 3123.393175 2.82757e-05 5766 	   11.170
1141: 3123.393173 2.53543e-06 5769 	   10.779
1142: 3123.393144 2.82596e-05 5776 	   11.169
1143: 3123.393142 2.41085e-06 5779 	   10.779
1144: 3123.393114 2.82701e-05 5786 	   11.169
1145: 3123.393111 2.30381e-06 5789 	   10.779
1146: 3123.393083 2.82302e-05 5796 	   11.169
1147: 3123.393081 2.21453e-06 5799 	   10.779
1148: 3123.393053 2.82110e-05 5806 	   11.169
1149: 3123.393051 2.09474e-06 5809 	   10.778
1150: 3123.393023 2.82172e-05 5816 	   11.169
1151: 3123.393021 2.00300e-06 5819 	   10.778
1152: 3123.392992 2.81715e-05 5826 	   11.168
1153: 3123.392990 1.88707e-06 5829 	   10.778
1154: 3123.392962 2.81799e-05 5836 	   11.168
1155: 3123.392961 1.75997e-06 5839 	   10.778
1156: 3123.392932 2.81618e-05 5846 	   11.168
1157: 3123.392931 1.68869e-06 5849 	   10.777
1158: 3123.392903 2.81290e-05 5856 	   11.168
1159: 3123.392901 1.57357e-06 5859 	   10.777
1160: 3123.392873 2.81266e-05 5866 	   11.168
1161: 3123.392871 1.47453e-06 5869 	   10.777
1162: 3123.392843 2.81168e-05 5876 	   11.167
1163: 3123.392842 1.35714e-06 5879 	   10.777
1164: 3123.392814 2.81021e-05 5886 	   11.167
1165: 3123.392813 1.25248e-06 5889 	   10.777
1166: 3123.392784 2.80877e-05 5896 	   11.167
1167: 3123.392783 1.15706e-06 5899 	   10.776
1168: 3123.392755 2.80670e-05 5906 	   11.167
1169: 3123.392754 1.05755e-06 5909 	   10.776
1170: 3123.392726 2.80351e-05 5916 	   11.167
1171: 3123.392725 9.72447e-07 5919 	   10.776
1172: 3123.392697 2.80344e-05 5926 	   11.167
1173: 3123.392696 8.51136e-07 5929 	   10.776
1174: 3123.392668 2.80179e-05 5936 	   11.166
1175: 3123.392668 7.58590e-07 5939 	   10.776
1176: 3123.392640 2.79997e-05 5946 	   11.166
1177: 3123.392639 6.63475e-07 5949 	   10.775
1178: 3123.392611 2.79722e-05 5956 	   11.166
1179: 3123.392610 5.64623e-07 5959 	   10.775
1180: 3123.392582 2.79532e-05 5966 	   11.166
1181: 3123.392582 4.85789e-07 5969 	   10.775
1182: 3123.392554 2.79377e-05 5976 	   11.166
1183: 3123.392554 3.65852e-07 5979 	   10.775
1184: 3123.392526 2.79221e-05 5986 	   11.165
1185: 3123.392525 2.69388e-07 5989 	   10.775
1186: 3123.392497 2.79137e-05 5996 	   11.165
1187: 3123.392497 1.89732e-07 5999 	   10.774
1188: 3123.392469 2.79066e-05 6006 	   11.165
1189: 3123.392469 6.42613e-08 6009 	   10.774
1190: 3123.392441 2.78891e-05 6016 	   11.165
1191: 3123.392432 9.11970e-06 6023 	   10.968
1192: 3123.391514 9.18773e-04 6026 	   10.979
1193: 3123.391507 6.82650e-06 6029 	   11.322
1194: 3123.391490 1.63241e-05 6037 	   11.123
1195: 3123.391470 1.99092e-05 6040 	   10.792
1196: 3123.391444 2.62238e-05 6047 	   11.176
1197: 3123.391435 8.79542e-06 6054 	   10.977
1198: 3123.391427 8.88470e-06 6057 	   11.164
1199: 3123.391426 6.01315e-07 6060 	   10.773
1200: 3123.391397 2.84976e-05 6067 	   11.161
1201: 3123.391397 6.16042e-07 6070 	   10.772
1202: 3123.391368 2.86693e-05 6077 	   11.159
1203: 3123.391367 7.90704e-07 6080 	   10.770
1204: 3123.391339 2.88343e-05 6087 	   11.158
1205: 3123.391338 8.89007e-07 6090 	   10.770
1206: 3123.391309 2.88957e-05 6097 	   11.157
1207: 3123.391308 8.98127e-07 6100 	   10.769
1208: 3123.391279 2.88925e-05 6107 	   11.157
1209: 3123.391278 8.12450e-07 6110 	   10.769
1210: 3123.391249 2.88793e-05 6117 	   11.156
1211: 3123.391249 6.97948e-07 6120 	   10.769
1212: 3123.391220 2.88839e-05 6127 	   11.156
1213: 3123.391219 5.65320e-07 6130 	   10.768
1214: 3123.391190 2.88496e-05 6137 	   11.156
1215: 3123.391190 4.57967e-07 6140 	   10.768
1216: 3123.391161 2.88170e-05 6147 	   11.156
1217: 3123.391161 3.01974e-07 6150 	   10.768
1218: 3123.391132 2.87820e-05 6157 	   11.156
1219: 3123.391132 1.83775e-07 6160 	   10.768
1220: 3123.391103 2.87617e-05 6167 	   11.155
1221: 3123.391103 6.49843e-08 6170 	   10.768
1222: 3123.391074 2.87133e-05 6177 	   11.155
1223: 3123.391065 8.99846e-06 6184 	   10.960
1224: 3123.391056 8.95700e-06 6187 	   11.149
1225: 3123.391055 1.36136e-06 6190 	   10.765
1226: 3123.391026 2.90907e-05 6197 	   11.152
1227: 3123.391026 2.65196e-07 6200 	   10.766
1228: 3123.390997 2.88535e-05 6207 	   11.154
1229: 3123.390988 8.92469e-06 6214 	   10.959
1230: 3123.390979 8.94178e-06 6217 	   11.148
1231: 3123.390978 1.17870e-06 6220 	   10.764
1232: 3123.390949 2.90793e-05 6227 	   11.152
1233: 3123.390744 2.04060e-04 6235 	   10.765
1234: 3123.390730 1.43937e-05 6238 	    0.289
1235: 3123.390355 3.74845e-04 6241 	    0.242
1236: 3123.390059 2.96109e-04 6244 	    0.256
1237: 3123.389494 5.64753e-04 6247 	    0.213
1238: 3123.387942 1.55206e-03 6250 	    0.190
1239: 3123.387547 3.95387e-04 6258 	    0.158
1240: 3123.386680 8.66869e-04 6261 	    0.195
1241: 3123.386069 6.10876e-04 6268 	    0.116
1242: 3123.385708 3.61681e-04 6271 	    0.097
1243: 3123.385617 9.08953e-05 6280 	    0.064
1244: 3123.385520 9.61860e-05 6287 	    0.061
1245: 3123.385333 1.87528e-04 6290 	    0.042
1246: 3123.385094 2.38936e-04 6293 	    0.011
1247: 3123.385057 3.67005e-05 6296 	    0.008
1248: 3123.385048 9.50648e-06 6304 	    0.002
1249: 3123.385046 2.01139e-06 6307 	    0.000
1250: 3123.385046 2.46905e-08 6333 	    0.000
***
# lnL = 3.123385e+03
(flyg10:0.031755, (((flyg4:0.003137, flyg5:0.000000 ):0.077418, (flyg7:0.000001, flyg8:0.004466 ):0.018544 ):0.004816, (((flyg2:0.000001, flyg9:0.000001 ):0.013524, flyg3:0.004668 ):0.009815, flyg6:0.021942 ):0.017948 ):0.000000, flyg1:3.337317 )
# Kappa = 1.601360 Omega = 0.084859
# Tree length = 3.55, average branch length = 0.21 (min=0.00, max=3.34)
# Scaling tree to neutral evolution. Factor = 3.28
# Calculating initial estimates of sitewise conservation
# Calculating conservation at each site. This may take a while.

   1:  ..................................................
  51:  ..................................................
 101:  ..................................................
 151:  ..................................................
 201:  ..................................................
 251:  ..................................................
 301:  ..................................................
 351:  ..................................................
 401:  ..................................................
 451:  ..................................................
 501:  ..................................................
 551:  ..............
# Positively selected sites (cumulative)
# Significance  Number sites  Number Random
# 99% corrected      0       0
# 95% corrected      0       0
# 99%                1       0
# 95%                2       0

# Conserved sites (cumulative)
# Significance  Number sites
# 99% corrected      0
# 95% corrected      0
# 99%               36
# 95%              117
	got slr results msa97.slr
