
running fly2910.fasta
	expect results in fly2910.slr
	running Slr...
     seqfile:    fly2910_.phy
    treefile:    fly2910_.tree
     outfile:    fly2910_.slr
       kappa:    2.000000e+00
       omega:    1.000000e-01
      codonf:    0
     nucleof:    0
      aminof:    0
  reoptimise:    1
     nucfile:    nuc.dat
   aminofile:    amino.dat
positive_only:    0
     gencode:    universal
     timemem:    0
       ldiff:    3.841459e+00
     paramin:    
    paramout:    
skipsitewise:    0
        seed:    0
    saveseed:    1
    freqtype:    0
   cleandata:    0
     branopt:    1
    writetmp:    0
     recover:    0

# SLR "Sitewise Likelihood Ratio" selection detection program. Version 1.4.3
# Redundency. Reduced sites from 129 to 122
# Read seqfile file fly2910_.phy. 12 species, 129 sites.
# Read tree from fly2910_.tree.
(((seq1:0.069570, seq2:0.098920 ):0.022030, seq3:0.099490 ):0.081310, ((seq4:0.168850, (seq5:0.000000, seq6:0.002890 ):0.054140 ):0.039600, ((((seq7:0.011580, seq8:0.015360 ):0.009770, seq9:0.014500 ):0.014680, (seq10:0.019360, seq11:0.026840 ):0.008440 ):0.050620, seq12:0.113520 ):0.037640 ):0.000290 )
# Reoptimising parameters, branches variable
Initial	f: 1660.280413
Step     f(x)      delta
  1: 1570.092341 9.01881e+01    5 B	  990.170
  2: 1520.084424 5.00079e+01    8 	 1156.223
  3: 1494.190572 2.58939e+01   11 	 1346.788
  4: 1487.790130 6.40044e+00   20 	 1344.580
  5: 1485.439898 2.35023e+00   28 	 1348.616
  6: 1480.158162 5.28174e+00   31 	 1297.362
  7: 1478.147662 2.01050e+00   39 	 1327.893
  8: 1476.024095 2.12357e+00   42 	 1239.476
  9: 1475.079496 9.44598e-01   51 	 1275.589
 10: 1474.612909 4.66587e-01   59 	 1287.880
 11: 1474.358331 2.54578e-01   62 	 1304.187
 12: 1472.706142 1.65219e+00   65 	 1347.626
 13: 1472.449158 2.56984e-01   75 	 1348.374
 14: 1471.964174 4.84984e-01   83 	 1318.607
 15: 1471.074383 8.89791e-01   86 	 1327.888
 16: 1470.564691 5.09692e-01   94 	 1368.419
 17: 1470.423717 1.40974e-01  101 	 1412.367
 18: 1449.776846 2.06469e+01  104 	  105.480
 19: 1445.017453 4.75939e+00  107 	  175.996
 20: 1441.637363 3.38009e+00  114 	   35.692
 21: 1440.942301 6.95062e-01  117 	   26.583
 22: 1440.354453 5.87849e-01  120 	   39.058
 23: 1439.582784 7.71669e-01  127 	   36.026
 24: 1438.311848 1.27094e+00  130 	   32.921
 25: 1437.107196 1.20465e+00  133 	   31.579
 26: 1437.041070 6.61263e-02  136 	   26.247
 27: 1436.360355 6.80715e-01  144 	   24.197
 28: 1436.037157 3.23198e-01  152 	   22.178
 29: 1435.766861 2.70296e-01  159 	   20.609
 30: 1435.727327 3.95335e-02  168 	   17.310
 31: 1435.704739 2.25882e-02  177 	   20.403
 32: 1435.678928 2.58113e-02  184 	   16.647
 33: 1435.544946 1.33981e-01  187 	   20.700
 34: 1435.529711 1.52351e-02  195 	   17.569
 35: 1435.516289 1.34217e-02  202 	   21.389
 36: 1435.430786 8.55029e-02  205 	   28.508
 37: 1435.402111 2.86755e-02  208 	   26.459
 38: 1435.389394 1.27167e-02  216 	   28.975
 39: 1435.377533 1.18617e-02  223 	   26.543
 40: 1435.365308 1.22248e-02  226 	   29.059
 41: 1435.354582 1.07255e-02  233 	   26.660
 42: 1435.342817 1.17652e-02  236 	   29.236
 43: 1435.332866 9.95134e-03  243 	   26.789
 44: 1435.321747 1.11187e-02  246 	   29.406
 45: 1435.311904 9.84325e-03  254 	   28.017
 46: 1435.289615 2.22891e-02  257 	   28.693
 47: 1435.263277 2.63375e-02  260 	   28.985
 48: 1435.234523 2.87539e-02  263 	   31.975
 49: 1435.218138 1.63853e-02  272 	   29.287
 50: 1435.207615 1.05227e-02  280 	   31.200
 51: 1435.198566 9.04887e-03  288 	   29.847
 52: 1435.174422 2.41439e-02  291 	   30.182
 53: 1435.153637 2.07855e-02  294 	   28.581
 54: 1435.134609 1.90280e-02  302 	   30.530
 55: 1435.125101 9.50802e-03  309 	   28.770
 56: 1435.113737 1.13637e-02  312 	   30.993
 57: 1435.106205 7.53170e-03  320 	   29.764
 58: 1435.087436 1.87695e-02  323 	   31.583
 59: 1435.076720 1.07157e-02  330 	   29.112
 60: 1435.073026 3.69406e-03  333 	   31.609
 61: 1435.062024 1.10024e-02  340 	   29.103
 62: 1435.058536 3.48751e-03  343 	   31.591
 63: 1435.047603 1.09329e-02  350 	   29.075
 64: 1435.044231 3.37235e-03  353 	   31.558
 65: 1435.033558 1.06729e-02  360 	   29.041
 66: 1435.030257 3.30051e-03  363 	   31.520
 67: 1435.019901 1.03562e-02  370 	   29.007
 68: 1435.016645 3.25630e-03  373 	   31.483
 69: 1435.006542 1.01029e-02  381 	   30.100
 70: 1434.996402 1.01396e-02  384 	   28.410
 71: 1434.983232 1.31699e-02  391 	   30.528
 72: 1434.981276 1.95606e-03  394 	   28.442
 73: 1434.969647 1.16289e-02  401 	   30.616
 74: 1434.967530 2.11778e-03  404 	   28.467
 75: 1434.956843 1.06868e-02  412 	   29.404
 76: 1434.949403 7.44019e-03  415 	   31.780
 77: 1434.935463 1.39392e-02  422 	   29.138
 78: 1434.933967 1.49645e-03  425 	   31.692
 79: 1434.920970 1.29971e-02  432 	   29.071
 80: 1434.919774 1.19561e-03  435 	   31.623
 81: 1434.907506 1.22686e-02  442 	   29.018
 82: 1434.906417 1.08819e-03  445 	   31.567
 83: 1434.894740 1.16771e-02  452 	   28.975
 84: 1434.893680 1.06047e-03  455 	   31.520
 85: 1434.882495 1.11847e-02  462 	   28.938
 86: 1434.881429 1.06645e-03  465 	   31.481
 87: 1434.870661 1.07677e-02  472 	   28.907
 88: 1434.869576 1.08503e-03  475 	   31.447
 89: 1434.859166 1.04099e-02  482 	   28.880
 90: 1434.858060 1.10582e-03  485 	   31.417
 91: 1434.847904 1.01564e-02  493 	   30.009
 92: 1434.845068 2.83573e-03  496 	   28.176
 93: 1434.830247 1.48207e-02  503 	   30.226
 94: 1434.825275 4.97256e-03  510 	   29.049
 95: 1434.744288 8.09871e-02  513 -	   29.144
 96: 1434.685714 5.85736e-02  516 	   31.062
 97: 1434.537912 1.47802e-01  519 	   31.896
 98: 1434.322575 2.15337e-01  522 	   30.959
 99: 1434.296113 2.64625e-02  531 	   28.927
100: 1434.203559 9.25543e-02  534 	   28.431
101: 1434.183936 1.96223e-02  543 	   30.476
102: 1434.164184 1.97526e-02  551 	   28.424
103: 1434.149289 1.48946e-02  558 	   30.379
104: 1434.136715 1.25740e-02  561 	   27.903
105: 1434.125456 1.12592e-02  569 	   29.146
106: 1434.112238 1.32182e-02  572 	   27.812
107: 1434.103503 8.73462e-03  580 	   29.183
108: 1434.098773 4.72981e-03  583 	   27.414
109: 1434.085793 1.29797e-02  591 	   28.662
110: 1434.069596 1.61980e-02  594 	   27.826
111: 1434.064849 4.74611e-03  602 	   29.325
112: 1434.059338 5.51160e-03  609 	   27.900
113: 1434.055122 4.21618e-03  612 	   29.374
114: 1434.049388 5.73326e-03  619 	   27.888
115: 1434.045400 3.98853e-03  622 	   29.359
116: 1434.039739 5.66065e-03  629 	   27.850
117: 1434.036033 3.70668e-03  632 	   29.342
118: 1434.030457 5.57521e-03  639 	   27.814
119: 1434.027018 3.43975e-03  642 	   29.326
120: 1434.021522 5.49601e-03  649 	   27.780
121: 1434.018332 3.18986e-03  652 	   29.310
122: 1434.012909 5.42292e-03  659 	   27.749
123: 1434.009954 2.95453e-03  662 	   29.296
124: 1434.004599 5.35521e-03  669 	   27.720
125: 1434.001867 2.73173e-03  672 	   29.282
126: 1433.996575 5.29230e-03  679 	   27.692
127: 1433.994055 2.51988e-03  682 	   29.269
128: 1433.988821 5.23371e-03  689 	   27.666
129: 1433.986504 2.31775e-03  692 	   29.257
130: 1433.981325 5.17904e-03  699 	   27.641
131: 1433.979200 2.12433e-03  702 	   29.245
132: 1433.974072 5.12799e-03  709 	   27.618
133: 1433.972133 1.93882e-03  712 	   29.233
134: 1433.967053 5.08027e-03  719 	   27.595
135: 1433.965293 1.76053e-03  722 	   29.223
136: 1433.960257 5.03565e-03  729 	   27.573
137: 1433.958668 1.58889e-03  732 	   29.212
138: 1433.953674 4.99394e-03  739 	   27.553
139: 1433.952251 1.42342e-03  742 	   29.202
140: 1433.947296 4.95495e-03  749 	   27.533
141: 1433.946032 1.26368e-03  752 	   29.192
142: 1433.941114 4.91853e-03  759 	   27.514
143: 1433.940004 1.10930e-03  762 	   29.182
144: 1433.935120 4.88454e-03  769 	   27.495
145: 1433.934160 9.59948e-04  772 	   29.173
146: 1433.929307 4.85285e-03  779 	   27.477
147: 1433.928492 8.15339e-04  782 	   29.164
148: 1433.923668 4.82335e-03  789 	   27.459
149: 1433.922993 6.75204e-04  792 	   29.155
150: 1433.918197 4.79593e-03  799 	   27.442
151: 1433.917658 5.39302e-04  802 	   29.146
152: 1433.912882 4.77551e-03  810 	   28.219
153: 1433.910136 2.74660e-03  813 	   27.194
154: 1433.906442 3.69410e-03  821 	   27.969
155: 1433.899750 6.69139e-03  824 	   27.763
156: 1433.896592 3.15843e-03  827 	   29.706
157: 1433.887087 9.50518e-03  835 	   27.708
158: 1433.884129 2.95777e-03  838 	   29.630
159: 1433.874831 9.29800e-03  846 	   27.627
160: 1433.873405 1.42622e-03  849 	   29.688
161: 1433.863228 1.01764e-02  857 	   27.649
162: 1433.857592 5.63599e-03  860 	   29.138
163: 1433.851846 5.74669e-03  868 	   27.225
164: 1433.849382 2.46374e-03  876 	   27.924
165: 1433.845338 4.04347e-03  879 	   27.104
166: 1433.842616 2.72229e-03  887 	   27.825
167: 1433.837695 4.92080e-03  890 	   27.262
168: 1433.835512 2.18332e-03  898 	   27.904
169: 1433.832216 3.29565e-03  901 	   26.964
170: 1433.829222 2.99400e-03  909 	   27.687
171: 1433.823944 5.27821e-03  912 	   27.475
172: 1433.817659 6.28495e-03  915 	   28.641
173: 1433.813418 4.24162e-03  924 	   27.658
174: 1433.804360 9.05805e-03  927 	   26.967
175: 1433.801935 2.42456e-03  936 	   27.575
176: 1433.793429 8.50549e-03  939 	   26.886
177: 1433.791128 2.30159e-03  948 	   27.506
178: 1433.783606 7.52224e-03  951 	   26.725
179: 1433.781175 2.43041e-03  960 	   27.397
180: 1433.773613 7.56265e-03  963 	   26.824
181: 1433.771895 1.71744e-03  972 	   27.456
182: 1433.769628 2.26713e-03  979 	   26.577
183: 1433.768643 9.85065e-04  982 	   28.115
184: 1433.765716 2.92727e-03  990 	   27.132
185: 1433.762636 3.07998e-03  993 	   27.514
186: 1433.761379 1.25632e-03 1001 	   26.795
187: 1433.760103 1.27674e-03 1008 	   27.437
188: 1433.758893 1.20970e-03 1011 	   26.775
189: 1433.757691 1.20165e-03 1018 	   27.430
190: 1433.756607 1.08427e-03 1021 	   26.735
191: 1433.755438 1.16931e-03 1028 	   27.415
192: 1433.754462 9.75941e-04 1031 	   26.700
193: 1433.753323 1.13888e-03 1038 	   27.401
194: 1433.752451 8.71762e-04 1041 	   26.667
195: 1433.751336 1.11515e-03 1048 	   27.387
196: 1433.750563 7.73065e-04 1051 	   26.637
197: 1433.749466 1.09650e-03 1058 	   27.373
198: 1433.748787 6.79349e-04 1061 	   26.608
199: 1433.747705 1.08234e-03 1068 	   27.359
200: 1433.747114 5.90326e-04 1071 	   26.582
201: 1433.746042 1.07209e-03 1078 	   27.345
202: 1433.745537 5.05688e-04 1081 	   26.556
203: 1433.744471 1.06525e-03 1088 	   27.331
204: 1433.744046 4.25138e-04 1091 	   26.532
205: 1433.742985 1.06142e-03 1098 	   27.317
206: 1433.742636 3.48398e-04 1101 	   26.510
207: 1433.741576 1.06024e-03 1108 	   27.303
208: 1433.741301 2.75201e-04 1111 	   26.488
209: 1433.740240 1.06139e-03 1118 	   27.290
210: 1433.740034 2.05304e-04 1121 	   26.467
211: 1433.738964 1.07066e-03 1129 	   26.855
212: 1433.738204 7.59627e-04 1132 	   27.301
213: 1433.737551 6.52986e-04 1140 	   26.855
214: 1433.736775 7.76315e-04 1143 	   27.273
215: 1433.736164 6.10499e-04 1151 	   26.828
216: 1433.735517 6.46832e-04 1154 	   27.296
217: 1433.734866 6.51010e-04 1162 	   26.837
218: 1433.734140 7.26552e-04 1165 	   27.247
219: 1433.733567 5.72710e-04 1173 	   26.795
220: 1433.733072 4.95563e-04 1176 	   27.305
221: 1433.732385 6.86666e-04 1184 	   26.833
222: 1433.731596 7.89258e-04 1187 	   27.178
223: 1433.731124 4.71780e-04 1195 	   26.733
224: 1433.730926 1.97647e-04 1198 	   27.354
225: 1433.730102 8.24538e-04 1206 	   26.867
226: 1433.729010 1.09209e-03 1209 	   26.908
227: 1433.727750 1.25980e-03 1212 	   26.356
228: 1433.726895 8.54794e-04 1221 	   26.767
229: 1433.725601 1.29365e-03 1224 	   27.213
230: 1433.724907 6.94609e-04 1233 	   26.731
231: 1433.723842 1.06486e-03 1236 	   27.264
232: 1433.722980 8.61413e-04 1245 	   26.770
233: 1433.721458 1.52247e-03 1248 	   26.368
234: 1433.720947 5.10652e-04 1257 	   26.805
235: 1433.720700 2.47272e-04 1265 	   26.481
236: 1433.720439 2.60857e-04 1273 	   26.689
237: 1433.700676 1.97636e-02 1276 	   27.613
238: 1433.699932 7.43320e-04 1279 	   27.616
239: 1433.699930 1.76533e-06 1282 	   26.893
240: 1433.699012 9.18191e-04 1291 	   27.405
241: 1433.698919 9.35843e-05 1300 	   27.697
242: 1433.698846 7.30073e-05 1308 	   27.479
243: 1433.698779 6.61349e-05 1316 	   27.625
244: 1433.698671 1.08020e-04 1319 	   27.480
245: 1433.698609 6.28911e-05 1327 	   27.624
246: 1433.698489 1.19502e-04 1330 	   27.489
247: 1433.698430 5.88948e-05 1338 	   27.632
248: 1433.698316 1.14167e-04 1341 	   27.486
249: 1433.698258 5.83577e-05 1349 	   27.628
250: 1433.698120 1.37321e-04 1352 	   27.507
251: 1433.698068 5.25395e-05 1360 	   27.649
252: 1433.697977 9.05553e-05 1363 	   27.471
253: 1433.697915 6.19395e-05 1371 	   27.613
254: 1433.697716 1.99503e-04 1374 	   27.628
255: 1433.697637 7.85161e-05 1377 	   27.965
256: 1433.697441 1.95973e-04 1385 	   27.677
257: 1433.697380 6.11839e-05 1392 	   27.477
258: 1433.697332 4.81647e-05 1395 	   27.764
259: 1433.697281 5.14424e-05 1403 	   27.627
260: 1433.697126 1.54163e-04 1406 	   27.605
261: 1433.697018 1.08419e-04 1409 	   27.344
262: 1433.696926 9.17608e-05 1417 	   27.660
263: 1433.696838 8.78107e-05 1420 	   27.320
264: 1433.696746 9.25702e-05 1428 	   27.627
265: 1433.696683 6.30640e-05 1431 	   27.294
266: 1433.696580 1.02800e-04 1439 	   27.589
267: 1433.696531 4.89241e-05 1442 	   27.275
268: 1433.696420 1.11064e-04 1450 	   27.559
269: 1433.696371 4.91569e-05 1453 	   27.265
270: 1433.696258 1.12772e-04 1461 	   27.542
271: 1433.696208 4.98880e-05 1464 	   27.256
272: 1433.696093 1.14929e-04 1472 	   27.525
273: 1433.696033 5.97471e-05 1475 	   27.252
274: 1433.695920 1.13511e-04 1483 	   27.515
275: 1433.695857 6.30708e-05 1486 	   27.242
276: 1433.695740 1.16943e-04 1494 	   27.500
277: 1433.695637 1.02807e-04 1497 B	   18.840
278: 1433.695085 5.52426e-04 1500 	   18.849
279: 1433.694308 7.76529e-04 1503 	   18.841
280: 1433.693445 8.63118e-04 1506 	   18.814
281: 1433.692505 9.39637e-04 1509 	   18.503
282: 1433.691868 6.37734e-04 1517 	   18.773
283: 1433.691612 2.55704e-04 1525 	   18.655
284: 1433.691458 1.54293e-04 1532 	   18.790
285: 1433.691328 1.29858e-04 1535 	   18.664
286: 1433.691225 1.02729e-04 1543 	   18.732
287: 1433.690935 2.90184e-04 1546 	   18.637
288: 1433.690797 1.37811e-04 1553 	   18.770
289: 1433.690753 4.39478e-05 1556 	   18.645
290: 1433.690645 1.08206e-04 1564 	   18.712
291: 1433.690535 1.09516e-04 1567 	   18.855
292: 1433.690464 7.12976e-05 1570 	   18.596
293: 1433.690242 2.22567e-04 1578 	   18.729
294: 1433.689996 2.45937e-04 1581 	   18.518
295: 1433.689515 4.80808e-04 1588 	   18.778
296: 1433.689459 5.57957e-05 1596 	   18.713
297: 1433.689422 3.65523e-05 1599 	   18.845
298: 1433.689365 5.77457e-05 1602 	   18.594
299: 1433.689180 1.85222e-04 1610 	   18.725
300: 1433.689161 1.86171e-05 1619 	   18.696
301: 1433.689144 1.69709e-05 1627 	   18.730
302: 1433.689140 3.46276e-06 1630 	   18.665
303: 1433.689100 4.03024e-05 1637 	   18.731
304: 1433.689099 1.34949e-06 1640 	   18.666
305: 1433.689061 3.78994e-05 1647 	   18.732
306: 1433.689049 1.21004e-05 1654 	   18.700
307: 1433.689037 1.19198e-05 1657 	   18.733
308: 1433.689026 1.13548e-05 1664 	   18.700
309: 1433.689014 1.11565e-05 1667 	   18.734
310: 1433.689004 1.07512e-05 1674 	   18.701
311: 1433.688993 1.04303e-05 1677 	   18.734
312: 1433.688983 1.02732e-05 1684 	   18.702
313: 1433.688973 9.73183e-06 1687 	   18.735
314: 1433.688963 9.89155e-06 1694 	   18.702
315: 1433.688954 9.05705e-06 1697 	   18.735
316: 1433.688945 9.58395e-06 1704 	   18.703
317: 1433.688936 8.40329e-06 1707 	   18.736
318: 1433.688927 9.33418e-06 1714 	   18.703
319: 1433.688919 7.76794e-06 1717 	   18.736
320: 1433.688910 9.13090e-06 1724 	   18.704
321: 1433.688903 7.14907e-06 1727 	   18.737
322: 1433.688894 8.96451e-06 1734 	   18.704
323: 1433.688887 6.54489e-06 1737 	   18.737
324: 1433.688879 8.82817e-06 1744 	   18.704
325: 1433.688873 5.95395e-06 1747 B	    7.210
326: 1433.688861 1.12289e-05 1754 	    7.184
327: 1433.688851 1.05010e-05 1757 	    7.214
328: 1433.688840 1.09514e-05 1764 	    7.188
329: 1433.688831
 15         verbose | verbose                0.00
  7         runmode | runmode                0.00
  4         seqtype | seqtype                1.00
 13       CodonFreq | CodonFreq              0.00
 16           model | model                  0.00
 20         NSsites | NSsites                0.00
 22           icode | icode                  0.00
 24       fix_kappa | fix_kappa              0.00
 25           kappa | kappa                  2.00
 26       fix_omega | fix_omega              0.00
 27           omega | omega                  0.10
CODONML in paml version 4.8a, July 2014

----------------------------------------------
Phe F TTT | Ser S TCT | Tyr Y TAT | Cys C TGT
      TTC |       TCC |       TAC |       TGC
Leu L TTA |       TCA | *** * TAA | *** * TGA
      TTG |       TCG |       TAG | Trp W TGG
----------------------------------------------
Leu L CTT | Pro P CCT | His H CAT | Arg R CGT
      CTC |       CCC |       CAC |       CGC
      CTA |       CCA | Gln Q CAA |       CGA
      CTG |       CCG |       CAG |       CGG
----------------------------------------------
Ile I ATT | Thr T ACT | Asn N AAT | Ser S AGT
      ATC |       ACC |       AAC |       AGC
      ATA |       ACA | Lys K AAA | Arg R AGA
Met M ATG |       ACG |       AAG |       AGG
----------------------------------------------
Val V GTT | Ala A GCT | Asp D GAT | Gly G GGT
      GTC |       GCC |       GAC |       GGC
      GTA |       GCA | Glu E GAA |       GGA
      GTG |       GCG |       GAG |       GGG
----------------------------------------------
Nice code, uuh?


Ambiguity character definition table:

T (1): T 
C (1): C 
A (1): A 
G (1): G 
U (1): T 
Y (2): T C 
R (2): A G 
M (2): C A 
K (2): T G 
S (2): C G 
W (2): T A 
H (3): T C A 
B (3): T C G 
V (3): C A G 
D (3): T A G 
- (4): T C A G 
N (4): T C A G 
? (4): T C A G 

ns = 12  	ls = 387
Reading sequences, sequential format..
Reading seq # 1: seq1     Reading seq # 2: seq2     Reading seq # 3: seq3     Reading seq # 4: seq4     Reading seq # 5: seq5     Reading seq # 6: seq6     Reading seq # 7: seq7     Reading seq # 8: seq8     Reading seq # 9: seq9     Reading seq #10: seq10     Reading seq #11: seq11     Reading seq #12: seq12     
Sequences read..
Counting site patterns..  0:00
         122 patterns at      129 /      129 sites (100.0%),  0:00
1 ambiguous codons are seen in the data:
 ---
Counting codons..
NG distances for seqs.:
   1
  2   1:Sites    64.5 +  244.5 =  309.0	Diffs    38.0 +    1.0 =   39.0   2
  3   1:Sites    81.1 +  305.9 =  387.0	Diffs    50.0 +    2.0 =   52.0
  3   2:Sites    63.9 +  245.1 =  309.0	Diffs    44.0 +    0.0 =   44.0   3
  4   1:Sites    81.6 +  305.4 =  387.0	Diffs    57.3 +    8.7 =   66.0
  4   2:Sites    64.6 +  244.4 =  309.0	Diffs    43.5 +    3.5 =   47.0
  4   3:Sites    81.3 +  305.7 =  387.0	Diffs    64.3 +   10.7 =   75.0
NG86 unusable.
   4
  5   1:Sites    82.6 +  304.4 =  387.0	Diffs    48.0 +    9.0 =   57.0
  5   2:Sites    65.5 +  243.5 =  309.0	Diffs    40.0 +    3.0 =   43.0
  5   3:Sites    82.4 +  304.6 =  387.0	Diffs    52.0 +   10.0 =   62.0
  5   4:Sites    82.9 +  304.1 =  387.0	Diffs    60.0 +    3.0 =   63.0   5
  6   1:Sites    82.6 +  304.4 =  387.0	Diffs    48.0 +    9.0 =   57.0
  6   2:Sites    65.5 +  243.5 =  309.0	Diffs    41.0 +    3.0 =   44.0
  6   3:Sites    82.4 +  304.6 =  387.0	Diffs    52.0 +   10.0 =   62.0
  6   4:Sites    82.9 +  304.1 =  387.0	Diffs    61.0 +    3.0 =   64.0
  6   5:Sites    83.9 +  303.1 =  387.0	Diffs     1.0 +    0.0 =    1.0   6
  7   1:Sites    83.2 +  303.8 =  387.0	Diffs    61.7 +    8.3 =   70.0
  7   2:Sites    66.1 +  242.9 =  309.0	Diffs    44.0 +    3.0 =   47.0
  7   3:Sites    83.0 +  304.0 =  387.0	Diffs    58.0 +   10.0 =   68.0
  7   4:Sites    83.4 +  303.6 =  387.0	Diffs    73.0 +    5.0 =   78.0
NG86 unusable.

  7   5:Sites    84.5 +  302.5 =  387.0	Diffs    42.0 +    1.0 =   43.0
  7   6:Sites    84.5 +  302.5 =  387.0	Diffs    42.0 +    1.0 =   43.0   7
  8   1:Sites    83.0 +  304.0 =  387.0	Diffs    61.7 +    8.3 =   70.0
  8   2:Sites    65.9 +  243.1 =  309.0	Diffs    41.0 +    3.0 =   44.0
  8   3:Sites    82.8 +  304.2 =  387.0	Diffs    57.0 +   10.0 =   67.0
  8   4:Sites    83.3 +  303.7 =  387.0	Diffs    74.0 +    5.0 =   79.0
NG86 unusable.

  8   5:Sites    84.3 +  302.7 =  387.0	Diffs    45.0 +    1.0 =   46.0
  8   6:Sites    84.3 +  302.7 =  387.0	Diffs    45.0 +    1.0 =   46.0
  8   7:Sites    84.9 +  302.1 =  387.0	Diffs     9.0 +    0.0 =    9.0   8
  9   1:Sites    83.0 +  304.0 =  387.0	Diffs    61.7 +    8.3 =   70.0
  9   2:Sites    65.9 +  243.1 =  309.0	Diffs    42.0 +    3.0 =   45.0
  9   3:Sites    82.7 +  304.3 =  387.0	Diffs    61.0 +   10.0 =   71.0
  9   4:Sites    83.2 +  303.8 =  387.0	Diffs    70.0 +    5.0 =   75.0
NG86 unusable.

  9   5:Sites    84.2 +  302.8 =  387.0	Diffs    44.0 +    1.0 =   45.0
  9   6:Sites    84.2 +  302.8 =  387.0	Diffs    44.0 +    1.0 =   45.0
  9   7:Sites    84.8 +  302.2 =  387.0	Diffs    11.0 +    0.0 =   11.0
  9   8:Sites    84.6 +  302.4 =  387.0	Diffs    13.0 +    0.0 =   13.0   9
 10   1:Sites    83.4 +  303.6 =  387.0	Diffs    62.7 +    8.3 =   71.0
NG86 unusable.

 10   2:Sites    66.3 +  242.7 =  309.0	Diffs    45.0 +    3.0 =   48.0
 10   3:Sites    83.1 +  303.9 =  387.0	Diffs    62.0 +   10.0 =   72.0
 10   4:Sites    83.6 +  303.4 =  387.0	Diffs    72.0 +    4.0 =   76.0
NG86 unusable.

 10   5:Sites    84.7 +  302.3 =  387.0	Diffs    46.0 +    1.0 =   47.0
 10   6:Sites    84.7 +  302.3 =  387.0	Diffs    46.0 +    1.0 =   47.0
 10   7:Sites    85.2 +  301.8 =  387.0	Diffs    20.0 +    0.0 =   20.0
 10   8:Sites    85.1 +  301.9 =  387.0	Diffs    20.0 +    0.0 =   20.0
 10   9:Sites    85.0 +  302.0 =  387.0	Diffs    18.0 +    0.0 =   18.0  10
 11   1:Sites    82.9 +  304.1 =  387.0	Diffs    61.2 +    9.8 =   71.0
 11   2:Sites    65.8 +  243.2 =  309.0	Diffs    44.5 +    4.5 =   49.0
 11   3:Sites    82.6 +  304.4 =  387.0	Diffs    60.5 +   11.5 =   72.0
 11   4:Sites    83.1 +  303.9 =  387.0	Diffs    71.0 +    6.0 =   77.0
NG86 unusable.

 11   5:Sites    84.1 +  302.9 =  387.0	Diffs    45.0 +    2.0 =   47.0
 11   6:Sites    84.1 +  302.9 =  387.0	Diffs    45.0 +    2.0 =   47.0
 11   7:Sites    84.7 +  302.3 =  387.0	Diffs    21.0 +    0.0 =   21.0
 11   8:Sites    84.5 +  302.5 =  387.0	Diffs    20.0 +    1.0 =   21.0
 11   9:Sites    84.5 +  302.5 =  387.0	Diffs    20.0 +    0.0 =   20.0
 11  10:Sites    84.9 +  302.1 =  387.0	Diffs    15.0 +    0.0 =   15.0  11
 12   1:Sites    82.6 +  304.4 =  387.0	Diffs    58.5 +    8.5 =   67.0
 12   2:Sites    65.6 +  243.4 =  309.0	Diffs    53.0 +    3.0 =   56.0
NG86 unusable.

 12   3:Sites    82.3 +  304.7 =  387.0	Diffs    67.8 +    9.2 =   77.0
NG86 unusable.

 12   4:Sites    82.8 +  304.2 =  387.0	Diffs    67.0 +    5.0 =   72.0
NG86 unusable.

 12   5:Sites    83.9 +  303.1 =  387.0	Diffs    55.0 +    4.0 =   59.0
 12   6:Sites    83.9 +  303.1 =  387.0	Diffs    55.0 +    4.0 =   59.0
 12   7:Sites    84.4 +  302.6 =  387.0	Diffs    51.0 +    4.0 =   55.0
 12   8:Sites    84.3 +  302.7 =  387.0	Diffs    46.0 +    4.0 =   50.0
 12   9:Sites    84.2 +  302.8 =  387.0	Diffs    52.0 +    4.0 =   56.0
 12  10:Sites    84.6 +  302.4 =  387.0	Diffs    49.0 +    4.0 =   53.0
 12  11:Sites    84.1 +  302.9 =  387.0	Diffs    50.0 +    5.0 =   55.0  12

      528 bytes for distance
   119072 bytes for conP
        0 bytes for fhK
  5000000 bytes for space

TREE #  1
(((1, 2), 3), ((4, (5, 6)), ((((7, 8), 9), (10, 11)), 12)));   MP score: -1
This is a rooted tree, without clock.  Check.

   1   59.483744
   2   58.786096
   3   58.622239
   4   58.617061
   5   58.615832
   6   58.615763
   7   58.615750
   654896 bytes for conP, adjusted

    0.022596    0.019017    0.135102    0.035918    0.149112    0.111578    0.000000    0.183997    0.122177    0.024669    0.069104    0.083244    0.051168    0.022070    0.022467    0.084753    0.076638    0.043721    0.072324    0.053544    0.098265    0.093485    2.000000    0.100000

ntime & nrate & np:    22     2    24

Bounds (np=24):
   0.000004   0.000004   0.000004   0.000004   0.000004   0.000004   0.000004   0.000004   0.000004   0.000004   0.000004   0.000004   0.000004   0.000004   0.000004   0.000004   0.000004   0.000004   0.000004   0.000004   0.000004   0.000004   0.000100   0.000100
  50.000000  50.000000  50.000000  50.000000  50.000000  50.000000  50.000000  50.000000  50.000000  50.000000  50.000000  50.000000  50.000000  50.000000  50.000000  50.000000  50.000000  50.000000  50.000000  50.000000  50.000000  50.000000 999.000000 999.000000

np =    24
lnL0 = -1640.839467

Iterating by ming2
Initial: fx=  1640.839467
x=  0.02260  0.01902  0.13510  0.03592  0.14911  0.11158  0.00000  0.18400  0.12218  0.02467  0.06910  0.08324  0.05117  0.02207  0.02247  0.08475  0.07664  0.04372  0.07232  0.05354  0.09826  0.09349  2.00000  0.10000

  1 h-m-p  0.0000 0.0002 843.6410 ++YYYCYCCCC  1557.398151  8 0.0002    43 | 0/24
  2 h-m-p  0.0000 0.0000 671.2022 ++     1547.427798  m 0.0000    70 | 1/24
  3 h-m-p  0.0001 0.0004 234.0969 +YCYYCYCYC  1533.234499  8 0.0004   110 | 1/24
  4 h-m-p  0.0000 0.0001 396.2040 ++     1530.112745  m 0.0001   137 | 1/24
  5 h-m-p  0.0000 0.0000  94.7129 
h-m-p:      6.20605947e-21      3.10302973e-20      9.47129454e+01  1530.112745
..  | 1/24
  6 h-m-p  0.0000 0.0027 255.4409 +++YYCCCC  1504.216496  5 0.0010   199 | 1/24
  7 h-m-p  0.0000 0.0001 1153.5283 +YCYCCC  1494.095777  5 0.0001   235 | 1/24
  8 h-m-p  0.0001 0.0003 105.4031 +YYCYC  1492.902662  4 0.0002   268 | 1/24
  9 h-m-p  0.0001 0.0003 258.7176 YCCC   1491.525929  3 0.0002   300 | 1/24
 10 h-m-p  0.0003 0.0017  81.7204 +CYCC  1488.536998  3 0.0013   333 | 1/24
 11 h-m-p  0.0001 0.0004 152.0271 ++     1486.583229  m 0.0004   360 | 1/24
 12 h-m-p -0.0000 -0.0000  90.9003 
h-m-p:     -1.32899745e-20     -6.64498727e-20      9.09002839e+01  1486.583229
..  | 1/24
 13 h-m-p  0.0000 0.0004  83.5237 +CYC   1486.433770  2 0.0000   415 | 1/24
 14 h-m-p  0.0000 0.0002 165.3414 +YYYYYC  1485.880274  5 0.0001   448 | 1/24
 15 h-m-p  0.0001 0.0007 185.4601 YCC    1485.083471  2 0.0002   478 | 1/24
 16 h-m-p  0.0003 0.0017  56.2337 +YYCCC  1483.866990  4 0.0011   512 | 1/24
 17 h-m-p  0.0001 0.0005  71.1643 ++     1483.132286  m 0.0005   539 | 2/24
 18 h-m-p  0.0004 0.0022  62.8545 CCCC   1482.583049  3 0.0008   572 | 2/24
 19 h-m-p  0.0005 0.0023  47.3222 YCCC   1482.268260  3 0.0008   604 | 2/24
 20 h-m-p  0.0003 0.0016  30.4547 ++     1481.942157  m 0.0016   631 | 2/24
 21 h-m-p  0.0000 0.0000  50.0833 
h-m-p:      4.91792843e-21      2.45896422e-20      5.00833314e+01  1481.942157
..  | 2/24
 22 h-m-p  0.0000 0.0012  47.7930 ++YCC  1481.800963  2 0.0001   687 | 2/24
 23 h-m-p  0.0000 0.0005 314.6009 +YCCC  1481.494434  3 0.0000   720 | 2/24
 24 h-m-p  0.0007 0.0049  21.2795 YC     1481.435402  1 0.0003   748 | 2/24
 25 h-m-p  0.0002 0.0012  41.7948 CCCC   1481.358837  3 0.0002   781 | 2/24
 26 h-m-p  0.0005 0.0069  21.2401 +CCC   1481.127601  2 0.0021   813 | 2/24
 27 h-m-p  0.0001 0.0004  53.4627 ++     1480.957890  m 0.0004   840 | 3/24
 28 h-m-p  0.0009 0.0054  26.6967 CCC    1480.807350  2 0.0014   871 | 3/24
 29 h-m-p  0.0019 0.0093  13.8290 YCC    1480.770991  2 0.0009   901 | 3/24
 30 h-m-p  0.0009 0.0202  14.0393 +YCC   1480.689100  2 0.0024   932 | 3/24
 31 h-m-p  0.0030 0.0191  11.4617 CC     1480.670597  1 0.0008   961 | 3/24
 32 h-m-p  0.0024 0.0653   3.9843 C      1480.658773  0 0.0024   988 | 3/24
 33 h-m-p  0.0011 0.0519   8.3576 CC     1480.644067  1 0.0016  1017 | 3/24
 34 h-m-p  0.0061 0.1406   2.2333 CC     1480.640214  1 0.0024  1046 | 3/24
 35 h-m-p  0.0015 0.2945   3.3995 +CC    1480.627495  1 0.0059  1076 | 3/24
 36 h-m-p  0.0205 1.9519   0.9747 YC     1480.604479  1 0.0478  1104 | 3/24
 37 h-m-p  0.0185 0.3087   2.5249 YC     1480.591549  1 0.0107  1153 | 3/24
 38 h-m-p  0.0363 0.7448   0.7470 YC     1480.585196  1 0.0181  1181 | 3/24
 39 h-m-p  0.0476 1.5905   0.2849 CC     1480.564311  1 0.0699  1231 | 3/24
 40 h-m-p  0.0381 0.4175   0.5228 CC     1480.513932  1 0.0458  1281 | 3/24
 41 h-m-p  0.0561 1.1168   0.4268 YC     1480.505459  1 0.0435  1330 | 3/24
 42 h-m-p  0.0280 1.1270   0.6630 C      1480.498439  0 0.0280  1378 | 3/24
 43 h-m-p  0.1710 6.2968   0.1086 -C     1480.498331  0 0.0160  1427 | 3/24
 44 h-m-p  0.3268 8.0000   0.0053 +YC    1480.497408  1 0.9008  1477 | 3/24
 45 h-m-p  1.6000 8.0000   0.0004 Y      1480.497397  0 0.9600  1525 | 3/24
 46 h-m-p  1.6000 8.0000   0.0000 Y      1480.497396  0 0.9153  1573 | 3/24
 47 h-m-p  1.6000 8.0000   0.0000 Y      1480.497396  0 1.2498  1621 | 3/24
 48 h-m-p  1.6000 8.0000   0.0000 -Y     1480.497396  0 0.1000  1670 | 3/24
 49 h-m-p  0.0876 8.0000   0.0000 ---C   1480.497396  0 0.0003  1721
Out..
lnL  = -1480.497396
1722 lfun, 1722 eigenQcodon, 37884 P(t)

d123[*] =  0.01605  0.00354  0.19586  average  0.07182
    [B] =  0.24418  0.24851  0.24851  average  0.24707
accept  =  0.06571  0.01424  0.78814

w =  0.01424 dN =  0.00352 dS =  0.24707 d4 =  0.25681 (67.7 four-fold sites)
             dN*=  0.00340 dS*=  0.27196 S* =  98.59 N* = 288.41

d123[*] =  0.00000  0.00000  0.00000  average  0.00000
    [B] =  0.00000  0.00000  0.00000  average  0.00000
accept  =  0.06571  0.01424  0.78814

w =  0.01424 dN =  0.00000 dS =  0.00000 d4 =  0.00000 (67.7 four-fold sites)
             dN*=  0.00000 dS*=  0.00001 S* =  98.59 N* = 288.41

d123[*] =  0.02019  0.00445  0.24640  average  0.09035
    [B] =  0.30719  0.31263  0.31263  average  0.31082
accept  =  0.06571  0.01424  0.78814

w =  0.01424 dN =  0.00443 dS =  0.31082 d4 =  0.32308 (67.7 four-fold sites)
             dN*=  0.00427 dS*=  0.34214 S* =  98.59 N* = 288.41

d123[*] =  0.02687  0.00593  0.32798  average  0.12026
    [B] =  0.40889  0.41614  0.41614  average  0.41373
accept  =  0.06571  0.01424  0.78814

w =  0.01424 dN =  0.00589 dS =  0.41373 d4 =  0.43004 (67.7 four-fold sites)
             dN*=  0.00569 dS*=  0.45542 S* =  98.59 N* = 288.41

d123[*] =  0.03486  0.00769  0.42548  average  0.15601
    [B] =  0.53045  0.53985  0.53985  average  0.53672
accept  =  0.06571  0.01424  0.78814

w =  0.01424 dN =  0.00764 dS =  0.53672 d4 =  0.55788 (67.7 four-fold sites)
             dN*=  0.00738 dS*=  0.59080 S* =  98.59 N* = 288.41

d123[*] =  0.02267  0.00500  0.27675  average  0.10148
    [B] =  0.34503  0.35115  0.35115  average  0.34911
accept  =  0.06571  0.01424  0.78814

w =  0.01424 dN =  0.00497 dS =  0.34911 d4 =  0.36288 (67.7 four-fold sites)
             dN*=  0.00480 dS*=  0.38429 S* =  98.59 N* = 288.41

d123[*] =  0.00000  0.00000  0.00000  average  0.00000
    [B] =  0.00000  0.00000  0.00000  average  0.00000
accept  =  0.06571  0.01424  0.78814

w =  0.01424 dN =  0.00000 dS =  0.00000 d4 =  0.00000 (67.7 four-fold sites)
             dN*=  0.00000 dS*=  0.00001 S* =  98.59 N* = 288.41

d123[*] =  0.06486  0.01431  0.79169  average  0.29029
    [B] =  0.98701  1.00451  1.00451  average  0.99867
accept  =  0.06571  0.01424  0.78814

w =  0.01424 dN =  0.01422 dS =  0.99867 d4 =  1.03806 (67.7 four-fold sites)
             dN*=  0.01373 dS*=  1.09930 S* =  98.59 N* = 288.41

d123[*] =  0.00869  0.00192  0.10602  average  0.03887
    [B] =  0.13218  0.13452  0.13452  average  0.13374
accept  =  0.06571  0.01424  0.78814

w =  0.01424 dN =  0.00190 dS =  0.13374 d4 =  0.13901 (67.7 four-fold sites)
             dN*=  0.00184 dS*=  0.14721 S* =  98.59 N* = 288.41

d123[*] =  0.00000  0.00000  0.00000  average  0.00000
    [B] =  0.00000  0.00000  0.00000  average  0.00000
accept  =  0.06571  0.01424  0.78814

w =  0.01424 dN =  0.00000 dS =  0.00000 d4 =  0.00000 (67.7 four-fold sites)
             dN*=  0.00000 dS*=  0.00001 S* =  98.59 N* = 288.41

d123[*] =  0.00065  0.00014  0.00792  average  0.00290
    [B] =  0.00987  0.01005  0.01005  average  0.00999
accept  =  0.06571  0.01424  0.78814

w =  0.01424 dN =  0.00014 dS =  0.00999 d4 =  0.01038 (67.7 four-fold sites)
             dN*=  0.00014 dS*=  0.01099 S* =  98.59 N* = 288.41

d123[*] =  0.01650  0.00364  0.20141  average  0.07385
    [B] =  0.25110  0.25555  0.25555  average  0.25407
accept  =  0.06571  0.01424  0.78814

w =  0.01424 dN =  0.00362 dS =  0.25407 d4 =  0.26409 (67.7 four-fold sites)
             dN*=  0.00349 dS*=  0.27967 S* =  98.59 N* = 288.41

d123[*] =  0.01609  0.00355  0.19642  average  0.07202
    [B] =  0.24488  0.24923  0.24923  average  0.24778
accept  =  0.06571  0.01424  0.78814

w =  0.01424 dN =  0.00353 dS =  0.24778 d4 =  0.25755 (67.7 four-fold sites)
             dN*=  0.00341 dS*=  0.27274 S* =  98.59 N* = 288.41

d123[*] =  0.00253  0.00056  0.03089  average  0.01133
    [B] =  0.03851  0.03919  0.03919  average  0.03896
accept  =  0.06571  0.01424  0.78814

w =  0.01424 dN =  0.00055 dS =  0.03896 d4 =  0.04050 (67.7 four-fold sites)
             dN*=  0.00054 dS*=  0.04289 S* =  98.59 N* = 288.41

d123[*] =  0.00198  0.00044  0.02422  average  0.00888
    [B] =  0.03020  0.03074  0.03074  average  0.03056
accept  =  0.06571  0.01424  0.78814

w =  0.01424 dN =  0.00044 dS =  0.03056 d4 =  0.03176 (67.7 four-fold sites)
             dN*=  0.00042 dS*=  0.03364 S* =  98.59 N* = 288.41

d123[*] =  0.00270  0.00059  0.03290  average  0.01206
    [B] =  0.04102  0.04174  0.04174  average  0.04150
accept  =  0.06571  0.01424  0.78814

w =  0.01424 dN =  0.00059 dS =  0.04150 d4 =  0.04314 (67.7 four-fold sites)
             dN*=  0.00057 dS*=  0.04568 S* =  98.59 N* = 288.41

d123[*] =  0.00348  0.00077  0.04253  average  0.01560
    [B] =  0.05303  0.05397  0.05397  average  0.05365
accept  =  0.06571  0.01424  0.78814

w =  0.01424 dN =  0.00076 dS =  0.05365 d4 =  0.05577 (67.7 four-fold sites)
             dN*=  0.00074 dS*=  0.05906 S* =  98.59 N* = 288.41

d123[*] =  0.00352  0.00078  0.04302  average  0.01577
    [B] =  0.05363  0.05459  0.05459  average  0.05427
accept  =  0.06571  0.01424  0.78814

w =  0.01424 dN =  0.00077 dS =  0.05427 d4 =  0.05641 (67.7 four-fold sites)
             dN*=  0.00075 dS*=  0.05974 S* =  98.59 N* = 288.41

d123[*] =  0.00260  0.00057  0.03178  average  0.01165
    [B] =  0.03962  0.04032  0.04032  average  0.04009
accept  =  0.06571  0.01424  0.78814

w =  0.01424 dN =  0.00057 dS =  0.04009 d4 =  0.04167 (67.7 four-fold sites)
             dN*=  0.00055 dS*=  0.04413 S* =  98.59 N* = 288.41

d123[*] =  0.00476  0.00105  0.05815  average  0.02132
    [B] =  0.07249  0.07378  0.07378  average  0.07335
accept  =  0.06571  0.01424  0.78814

w =  0.01424 dN =  0.00104 dS =  0.07335 d4 =  0.07624 (67.7 four-fold sites)
             dN*=  0.00101 dS*=  0.08074 S* =  98.59 N* = 288.41

d123[*] =  0.00587  0.00130  0.07168  average  0.02628
    [B] =  0.08937  0.09095  0.09095  average  0.09042
accept  =  0.06571  0.01424  0.78814

w =  0.01424 dN =  0.00129 dS =  0.09042 d4 =  0.09399 (67.7 four-fold sites)
             dN*=  0.00124 dS*=  0.09953 S* =  98.59 N* = 288.41

d123[*] =  0.03613  0.00797  0.44094  average  0.16168
    [B] =  0.54973  0.55947  0.55947  average  0.55622
accept  =  0.06571  0.01424  0.78814

w =  0.01424 dN =  0.00792 dS =  0.55622 d4 =  0.57816 (67.7 four-fold sites)
             dN*=  0.00765 dS*=  0.61227 S* =  98.59 N* = 288.41
end of tree file.

Time used:  0:37
 9.15305e-06 1767 	    7.217
330: 1433.688819 1.16786e-05 1774 	    7.190
331: 1433.688810 9.03327e-06 1777 	    7.220
332: 1433.688810 7.83364e-08 1780 	    7.166
333: 1433.688791 1.93598e-05 1788 	    7.194
334: 1433.688777 1.40515e-05 1795 B	    0.011
335: 1433.688767 9.19452e-06 1798 	    0.006
336: 1433.688766 1.10841e-06 1806 	    0.006
337: 1433.688765 1.64642e-06 1813 	    0.001
338: 1433.688765 6.29796e-08 1822 	    0.001
339: 1433.688764 6.32263e-08 1825 	    0.001
340: 1433.688764 3.73661e-08 1833 	    0.000
341: 1433.688764 1.01384e-08 1860 -	    0.000
***
# lnL = 1.433689e+03
(((seq1:0.205962, seq2:0.338810 ):0.000008, seq3:0.517639 ):0.529158, ((seq4:1.679126, (seq5:0.000010, seq6:0.008214 ):0.150179 ):0.000010, ((((seq7:0.032364, seq8:0.052712 ):0.032356, seq9:0.041551 ):0.000010, (seq10:0.070175, seq11:0.088040 ):0.077500 ):0.776596, seq12:1.170321 ):0.229707 ):0.448138 )
# Kappa = 1.971344 Omega = 0.005604
# Tree length = 6.45, average branch length = 0.29 (min=0.00, max=1.68)
# Scaling tree to neutral evolution. Factor = 4.98
# Calculating initial estimates of sitewise conservation
# Calculating conservation at each site. This may take a while.

   1:  ..................................................
  51:  ..................................................
 101:  .............................
# Positively selected sites (cumulative)
# Significance  Number sites  Number Random
# 99% corrected      0       0
# 95% corrected      0       0
# 99%                0       0
# 95%                0       0

# Conserved sites (cumulative)
# Significance  Number sites
# 99% corrected    125
# 95% corrected    129
# 99%              127
# 95%              129
	got slr results fly2910.slr
	expect results in fly2910.paml
	running paml...
	got paml results
