
running fly25.fasta
	expect results in fly25.slr
	running Slr...
     seqfile:    fly25_.phy
    treefile:    fly25_.tree
     outfile:    fly25_.slr
       kappa:    2.000000e+00
       omega:    1.000000e-01
      codonf:    0
     nucleof:    0
      aminof:    0
  reoptimise:    1
     nucfile:    nuc.dat
   aminofile:    amino.dat
positive_only:    0
     gencode:    universal
     timemem:    0
       ldiff:    3.841459e+00
     paramin:    
    paramout:    
skipsitewise:    0
        seed:    0
    saveseed:    1
    freqtype:    0
   cleandata:    0
     branopt:    1
    writetmp:    0
     recover:    0

# SLR "Sitewise Likelihood Ratio" selection detection program. Version 1.4.3
#  Warning: Found unrecognised nucleotide in sequence seq8: N(168) N(169) N(170) N(171) N(172) N(173) N(174) N(175) N(176) N(177) N(178) N(179) N(180) N(181) N(182) N(183) N(184) N(185) N(186) N(187) N(188) N(189) N(190) N(191) N(192) N(193) N(194) N(195) N(196) N(197) N(198) N(199) N(200) N(201) N(202) N(203) N(204) N(205) N(206) N(207) N(208) N(209) N(210) N(211) N(212) N(213) N(214) N(215) N(216) N(217) N(218) N(219) N(220) N(221) N(222) N(223) N(224) N(225) N(226) N(227) N(228) N(229) N(230) N(231) N(232) N(233) N(234) N(235) N(236) N(237) N(238) N(239) N(240) N(241) N(242) N(243) N(244) N(245) N(246) N(247) N(248) N(249) N(250) N(251) N(252) N(253) N(254) N(255) N(256) N(257) N(258) N(259) N(260) N(261) N(262) N(263) N(264) N(265) N(266) N(267) N(268) N(269) N(270) N(271) N(272) N(273) N(274) N(275) N(276) N(277) N(278) N(279) N(280) N(281) N(282) N(283) N(284) N(285) N(286) N(287) N(288) N(289) N(290) N(291) N(292) N(293) N(294) N(295) N(296) N(297) N(298) N(299) N(300) N(301) N(302) N(303) N(304) N(305) N(306) N(307) N(308) N(309) N(310) N(311) N(312) N(313) N(314) N(315) N(316) N(317) 
# Redundency. Reduced sites from 133 to 77
# Read seqfile file fly25_.phy. 12 species, 133 sites.
# Read tree from fly25_.tree.
((seq1:0.175560, ((seq2:0.117420, ((seq3:0.024830, seq4:0.009490 ):0.013810, ((seq5:0.014460, seq6:0.000000 ):0.009740, seq7:0.009740 ):0.005810 ):0.061170 ):0.068030, (seq8:0.006920, seq9:0.000000 ):0.050670 ):0.029270 ):0.010140, (seq10:0.097890, (seq11:0.089490, seq12:0.069610 ):0.041710 ):0.052770 )
# Reoptimising parameters, branches variable
Initial	f: 1124.871201
Step     f(x)      delta
  1: 1082.566579 4.23046e+01    5 B	  418.183
  2: 1049.648440 3.29181e+01    8 	  398.030
  3: 1045.613558 4.03488e+00   11 	  463.908
  4: 1044.624546 9.89012e-01   21 	  468.406
  5: 1034.570711 1.00538e+01   24 	  478.494
  6: 1032.677562 1.89315e+00   32 	  526.840
  7: 1032.292561 3.85001e-01   40 	  503.689
  8: 1029.057916 3.23465e+00   43 	  563.245
  9: 1028.782197 2.75718e-01   52 	  540.257
 10: 1028.569675 2.12523e-01   61 	  523.972
 11: 1013.187842 1.53818e+01   64 	   28.523
 12: 1013.047277 1.40565e-01   73 	   29.336
 13: 1012.853541 1.93736e-01   80 	   36.787
 14: 1012.807216 4.63254e-02   83 	   36.082
 15: 1012.688352 1.18864e-01   91 	   31.128
 16: 1012.640865 4.74865e-02   94 	   31.204
 17: 1012.512314 1.28551e-01   97 	   31.525
 18: 1012.383205 1.29109e-01  105 	   27.968
 19: 1012.157309 2.25896e-01  108 	   26.382
 20: 1011.947750 2.09559e-01  111 	   24.087
 21: 1011.761459 1.86291e-01  118 	   19.773
 22: 1011.748966 1.24926e-02  121 	   15.900
 23: 1011.672859 7.61079e-02  129 	   14.553
 24: 1011.627680 4.51787e-02  132 	    9.152
 25: 1011.570592 5.70879e-02  140 	    8.327
 26: 1011.567557 3.03514e-03  152 	    8.965
 27: 1011.489408 7.81485e-02  155 	    8.424
 28: 1011.488495 9.13047e-04  168 	    8.429
 29: 1011.486869 1.62633e-03  178 	    8.666
 30: 1011.485413 1.45573e-03  188 	    8.654
 31: 1011.484822 5.91294e-04  198 	    8.380
 32: 1011.483408 1.41362e-03  206 	    8.961
 33: 1011.482507 9.01469e-04  214 	    8.477
 34: 1011.461163 2.13434e-02  217 	    9.362
 35: 1011.459198 1.96566e-03  220 	    9.473
 36: 1011.457760 1.43751e-03  228 	    9.459
 37: 1011.457239 5.21033e-04  236 	    9.332
 38: 1011.456734 5.05609e-04  239 	    9.817
 39: 1011.455428 1.30608e-03  246 	    9.335
 40: 1011.455273 1.54125e-04  249 	    9.841
 41: 1011.453920 1.35356e-03  256 	    9.341
 42: 1011.453757 1.62557e-04  259 	    9.852
 43: 1011.452399 1.35802e-03  266 	    9.345
 44: 1011.452273 1.26237e-04  269 	    9.859
 45: 1011.450917 1.35590e-03  276 	    9.348
 46: 1011.450830 8.75482e-05  279 	    9.864
 47: 1011.449477 1.35293e-03  286 	    9.350
 48: 1011.449424 5.25358e-05  289 	    9.868
 49: 1011.448074 1.35012e-03  296 	    9.352
 50: 1011.448053 2.11677e-05  299 	    9.871
 51: 1011.446705 1.34789e-03  306 	    9.353
 52: 1011.446268 4.37440e-04  313 	    9.516
 53: 1011.440778 5.48911e-03  316 -	    9.518
 54: 1011.438424 2.35474e-03  319 	    9.459
 55: 1011.431310 7.11378e-03  322 	    9.381
 56: 1011.429338 1.97237e-03  330 	    9.527
 57: 1011.428510 8.27482e-04  333 	    9.696
 58: 1011.424730 3.77982e-03  341 	    9.399
 59: 1011.421635 3.09484e-03  344 	    9.378
 60: 1011.420319 1.31689e-03  353 	    9.350
 61: 1011.416561 3.75780e-03  356 	    9.310
 62: 1011.415950 6.10524e-04  365 	    9.405
 63: 1011.415393 5.57178e-04  373 	    9.311
 64: 1011.414869 5.23648e-04  380 	    9.409
 65: 1011.413769 1.10022e-03  383 -	    9.392
 66: 1011.411801 1.96811e-03  386 	    9.332
 67: 1011.406528 5.27283e-03  389 	    9.308
 68: 1011.404854 1.67408e-03  397 	    9.376
 69: 1011.402668 2.18582e-03  400 	    9.342
 70: 1011.400882 1.78595e-03  408 	    9.366
 71: 1011.399844 1.03808e-03  411 	    9.408
 72: 1011.397455 2.38890e-03  419 	    9.328
 73: 1011.395407 2.04814e-03  422 	    9.319
 74: 1011.394211 1.19595e-03  430 	    9.388
 75: 1011.393434 7.77435e-04  438 	    9.292
 76: 1011.391309 2.12498e-03  441 -	    9.261
 77: 1011.387249 4.06002e-03  444 	    9.273
 78: 1011.385201 2.04772e-03  451 	    9.448
 79: 1011.383405 1.79629e-03  454 	    9.275
 80: 1011.381603 1.80219e-03  461 	    9.368
 81: 1011.380840 7.62652e-04  464 	    9.294
 82: 1011.378838 2.00176e-03  472 	    9.259
 83: 1011.377259 1.57913e-03  475 	    9.342
 84: 1011.376236 1.02276e-03  483 	    9.251
 85: 1011.375684 5.52619e-04  486 	    9.405
 86: 1011.374198 1.48620e-03  494 	    9.258
 87: 1011.372689 1.50842e-03  497 	    9.325
 88: 1011.372065 6.23678e-04  506 	    9.265
 89: 1011.370119 1.94649e-03  509 	    9.243
 90: 1011.369785 3.33617e-04  518 	    9.270
 91: 1011.369413 3.72416e-04  526 	    9.244
 92: 1011.369201 2.11818e-04  529 	    9.326
 93: 1011.368611 5.89658e-04  537 	    9.260
 94: 1011.367765 8.46240e-04  540 	    9.240
 95: 1011.367413 3.51875e-04  548 	    9.263
 96: 1011.366915 4.98341e-04  551 	    9.242
 97: 1011.366382 5.33174e-04  559 	    9.250
 98: 1011.365579 8.03290e-04  562 	    9.283
 99: 1011.365283 2.96003e-04  570 	    9.242
100: 1011.365196 8.69240e-05  573 	    9.329
101: 1011.364583 6.12162e-04  581 	    9.260
102: 1011.364239 3.44786e-04  584 	    9.242
103: 1011.363653 5.85520e-04  592 	    9.244
104: 1011.363295 3.57881e-04  595 	    9.312
105: 1011.362802 4.92970e-04  603 	    9.251
106: 1011.361828 9.73999e-04  606 	    9.241
107: 1011.361572 2.56313e-04  614 	    9.271
108: 1011.361372 2.00189e-04  621 	    9.235
109: 1011.360649 7.23009e-04  624 B	   10.111
110: 1011.360528 1.21158e-04  635 	    9.080
111: 1011.360035 4.92544e-04  638 	    9.071
112: 1011.359271 7.63675e-04  641 	    9.079
113: 1011.357573 1.69853e-03  644 	    9.067
114: 1011.354994 2.57920e-03  647 	    9.112
115: 1011.351396 3.59788e-03  650 	    9.030
116: 1011.347883 3.51283e-03  653 	    9.139
117: 1011.345639 2.24367e-03  661 	    9.037
118: 1011.344611 1.02813e-03  668 	    9.050
119: 1011.343710 9.01470e-04  675 B	    0.067
120: 1011.343441 2.68835e-04  678 	    0.049
121: 1011.343252 1.88450e-04  685 	    0.021
122: 1011.343195 5.71083e-05  692 	    0.005
123: 1011.343191 4.68758e-06  700 	    0.003
124: 1011.343190 6.58386e-07  703 	    0.002
125: 1011.343190 2.11040e-07  706 	    0.003
126: 1011.343189 8.49718e-07  713 	    0.001
127: 1011.343189 
 15         verbose | verbose                0.00
  7         runmode | runmode                0.00
  4         seqtype | seqtype                1.00
 13       CodonFreq | CodonFreq              0.00
 16           model | model                  0.00
 20         NSsites | NSsites                0.00
 22           icode | icode                  0.00
 24       fix_kappa | fix_kappa              0.00
 25           kappa | kappa                  2.00
 26       fix_omega | fix_omega              0.00
 27           omega | omega                  0.10
CODONML in paml version 4.8a, July 2014

----------------------------------------------
Phe F TTT | Ser S TCT | Tyr Y TAT | Cys C TGT
      TTC |       TCC |       TAC |       TGC
Leu L TTA |       TCA | *** * TAA | *** * TGA
      TTG |       TCG |       TAG | Trp W TGG
----------------------------------------------
Leu L CTT | Pro P CCT | His H CAT | Arg R CGT
      CTC |       CCC |       CAC |       CGC
      CTA |       CCA | Gln Q CAA |       CGA
      CTG |       CCG |       CAG |       CGG
----------------------------------------------
Ile I ATT | Thr T ACT | Asn N AAT | Ser S AGT
      ATC |       ACC |       AAC |       AGC
      ATA |       ACA | Lys K AAA | Arg R AGA
Met M ATG |       ACG |       AAG |       AGG
----------------------------------------------
Val V GTT | Ala A GCT | Asp D GAT | Gly G GGT
      GTC |       GCC |       GAC |       GGC
      GTA |       GCA | Glu E GAA |       GGA
      GTG |       GCG |       GAG |       GGG
----------------------------------------------
Nice code, uuh?


Ambiguity character definition table:

T (1): T 
C (1): C 
A (1): A 
G (1): G 
U (1): T 
Y (2): T C 
R (2): A G 
M (2): C A 
K (2): T G 
S (2): C G 
W (2): T A 
H (3): T C A 
B (3): T C G 
V (3): C A G 
D (3): T A G 
- (4): T C A G 
N (4): T C A G 
? (4): T C A G 

ns = 12  	ls = 399
Reading sequences, sequential format..
Reading seq # 1: seq1     Reading seq # 2: seq2     Reading seq # 3: seq3     Reading seq # 4: seq4     Reading seq # 5: seq5     Reading seq # 6: seq6     Reading seq # 7: seq7     Reading seq # 8: seq8     Reading seq # 9: seq9     Reading seq #10: seq10     Reading seq #11: seq11     Reading seq #12: seq12     
Sequences read..
Counting site patterns..  0:00
          98 patterns at      133 /      133 sites (100.0%),  0:00
2 ambiguous codons are seen in the data:
 --- NNN
Counting codons..
NG distances for seqs.:
   1
  2   1:Sites    56.1 +  180.9 =  237.0	Diffs    46.5 +    2.5 =   49.0
NG86 unusable.
   2
  3   1:Sites    56.4 +  180.6 =  237.0	Diffs    47.0 +    1.0 =   48.0
NG86 unusable.

  3   2:Sites    57.1 +  179.9 =  237.0	Diffs    30.0 +    1.0 =   31.0   3
  4   1:Sites    56.4 +  180.6 =  237.0	Diffs    46.0 +    2.0 =   48.0
NG86 unusable.

  4   2:Sites    57.1 +  179.9 =  237.0	Diffs    30.0 +    1.0 =   31.0
  4   3:Sites    57.4 +  179.6 =  237.0	Diffs     7.0 +    0.0 =    7.0   4
  5   1:Sites    56.8 +  180.2 =  237.0	Diffs    48.5 +    3.5 =   52.0
NG86 unusable.

  5   2:Sites    57.5 +  179.5 =  237.0	Diffs    32.5 +    2.5 =   35.0
  5   3:Sites    57.8 +  179.2 =  237.0	Diffs    12.5 +    1.5 =   14.0
  5   4:Sites    57.8 +  179.2 =  237.0	Diffs     9.5 +    1.5 =   11.0   5
  6   1:Sites    56.9 +  180.1 =  237.0	Diffs    49.0 +    3.0 =   52.0
NG86 unusable.

  6   2:Sites    57.6 +  179.4 =  237.0	Diffs    31.0 +    2.0 =   33.0
  6   3:Sites    58.0 +  179.0 =  237.0	Diffs    10.0 +    1.0 =   11.0
  6   4:Sites    58.0 +  179.0 =  237.0	Diffs     7.0 +    1.0 =    8.0
  6   5:Sites    58.3 +  178.7 =  237.0	Diffs     3.0 +    0.0 =    3.0   6
  7   1:Sites    56.5 +  180.5 =  237.0	Diffs    49.0 +    3.0 =   52.0
NG86 unusable.

  7   2:Sites    57.2 +  179.8 =  237.0	Diffs    32.0 +    2.0 =   34.0
  7   3:Sites    57.5 +  179.5 =  237.0	Diffs    10.0 +    1.0 =   11.0
  7   4:Sites    57.5 +  179.5 =  237.0	Diffs     7.0 +    1.0 =    8.0
  7   5:Sites    57.8 +  179.2 =  237.0	Diffs     4.5 +    2.5 =    7.0
  7   6:Sites    58.0 +  179.0 =  237.0	Diffs     2.0 +    2.0 =    4.0   7
  8   1:Sites    43.3 +  124.7 =  168.0	Diffs    31.0 +    2.0 =   33.0
  8   2:Sites    43.9 +  124.1 =  168.0	Diffs    28.0 +    2.0 =   30.0
  8   3:Sites    44.3 +  123.7 =  168.0	Diffs    24.0 +    1.0 =   25.0
  8   4:Sites    44.3 +  123.7 =  168.0	Diffs    24.0 +    1.0 =   25.0
  8   5:Sites    44.3 +  123.7 =  168.0	Diffs    21.0 +    1.0 =   22.0
  8   6:Sites    44.3 +  123.7 =  168.0	Diffs    21.0 +    1.0 =   22.0
  8   7:Sites    44.4 +  123.6 =  168.0	Diffs    21.0 +    2.0 =   23.0   8
  9   1:Sites    56.1 +  180.9 =  237.0	Diffs    34.0 +    2.0 =   36.0
  9   2:Sites    56.8 +  180.2 =  237.0	Diffs    36.0 +    2.0 =   38.0
  9   3:Sites    57.1 +  179.9 =  237.0	Diffs    32.0 +    1.0 =   33.0
  9   4:Sites    57.1 +  179.9 =  237.0	Diffs    32.0 +    1.0 =   33.0
  9   5:Sites    57.4 +  179.6 =  237.0	Diffs    28.5 +    2.5 =   31.0
  9   6:Sites    57.6 +  179.4 =  237.0	Diffs    29.0 +    2.0 =   31.0
  9   7:Sites    57.1 +  179.9 =  237.0	Diffs    29.0 +    2.0 =   31.0
  9   8:Sites    44.0 +  124.0 =  168.0	Diffs     1.0 +    0.0 =    1.0   9
 10   1:Sites    55.8 +  181.2 =  237.0	Diffs    42.5 +    3.5 =   46.0
NG86 unusable.

 10   2:Sites    56.5 +  180.5 =  237.0	Diffs    34.0 +    6.0 =   40.0
 10   3:Sites    56.8 +  180.2 =  237.0	Diffs    44.5 +    2.5 =   47.0
NG86 unusable.

 10   4:Sites    56.8 +  180.2 =  237.0	Diffs    44.5 +    2.5 =   47.0
NG86 unusable.

 10   5:Sites    57.1 +  179.9 =  237.0	Diffs    45.0 +    1.0 =   46.0
NG86 unusable.

 10   6:Sites    57.3 +  179.7 =  237.0	Diffs    43.0 +    1.0 =   44.0
NG86 unusable.

 10   7:Sites    56.8 +  180.2 =  237.0	Diffs    43.5 +    3.5 =   47.0
NG86 unusable.

 10   8:Sites    43.4 +  124.6 =  168.0	Diffs    26.5 +    2.5 =   29.0
 10   9:Sites    56.4 +  180.6 =  237.0	Diffs    32.0 +    4.0 =   36.0  10
 11   1:Sites    55.0 +  182.0 =  237.0	Diffs    43.0 +    4.0 =   47.0
NG86 unusable.

 11   2:Sites    55.7 +  181.3 =  237.0	Diffs    43.5 +    5.5 =   49.0
NG86 unusable.

 11   3:Sites    56.0 +  181.0 =  237.0	Diffs    39.0 +    4.0 =   43.0
 11   4:Sites    56.0 +  181.0 =  237.0	Diffs    44.0 +    3.0 =   47.0
NG86 unusable.

 11   5:Sites    56.3 +  180.7 =  237.0	Diffs    43.0 +    3.0 =   46.0
NG86 unusable.

 11   6:Sites    56.5 +  180.5 =  237.0	Diffs    42.5 +    3.5 =   46.0
NG86 unusable.

 11   7:Sites    56.0 +  181.0 =  237.0	Diffs    43.0 +    4.0 =   47.0
NG86 unusable.

 11   8:Sites    42.9 +  125.1 =  168.0	Diffs    25.5 +    4.5 =   30.0
 11   9:Sites    55.7 +  181.3 =  237.0	Diffs    30.5 +    5.5 =   36.0
 11  10:Sites    55.3 +  181.7 =  237.0	Diffs    33.0 +    2.0 =   35.0  11
 12   1:Sites    55.2 +  181.8 =  237.0	Diffs    42.0 +    5.0 =   47.0
NG86 unusable.

 12   2:Sites    55.9 +  181.1 =  237.0	Diffs    43.5 +    5.5 =   49.0
NG86 unusable.

 12   3:Sites    56.3 +  180.7 =  237.0	Diffs    38.0 +    4.0 =   42.0
 12   4:Sites    56.3 +  180.7 =  237.0	Diffs    40.0 +    3.0 =   43.0
 12   5:Sites    56.6 +  180.4 =  237.0	Diffs    38.0 +    3.0 =   41.0
 12   6:Sites    56.8 +  180.2 =  237.0	Diffs    38.5 +    3.5 =   42.0
 12   7:Sites    56.3 +  180.7 =  237.0	Diffs    38.0 +    4.0 =   42.0
 12   8:Sites    43.2 +  124.8 =  168.0	Diffs    22.5 +    3.5 =   26.0
 12   9:Sites    55.9 +  181.1 =  237.0	Diffs    26.5 +    5.5 =   32.0
 12  10:Sites    55.6 +  181.4 =  237.0	Diffs    33.0 +    2.0 =   35.0
 12  11:Sites    54.8 +  182.2 =  237.0	Diffs    26.0 +    2.0 =   28.0  12

      528 bytes for distance
    95648 bytes for conP
        0 bytes for fhK
  5000000 bytes for space

TREE #  1
((1, ((2, ((3, 4), ((5, 6), 7))), (8, 9))), (10, (11, 12)));   MP score: -1
This is a rooted tree, without clock.  Check.

   1   57.821525
   2   52.768145
   3   52.570019
   4   52.543656
   5   52.542543
   6   52.542394
   7   52.542359
   526064 bytes for conP, adjusted

    0.052053    0.261851    0.086517    0.124501    0.159555    0.126167    0.043710    0.047039    0.097388    0.031081    0.062876    0.034819    0.030559    0.025874    0.000000    0.088805    0.052025    0.079998    0.156895    0.053119    0.173415    0.058928    2.000000    0.100000

ntime & nrate & np:    22     2    24

Bounds (np=24):
   0.000004   0.000004   0.000004   0.000004   0.000004   0.000004   0.000004   0.000004   0.000004   0.000004   0.000004   0.000004   0.000004   0.000004   0.000004   0.000004   0.000004   0.000004   0.000004   0.000004   0.000004   0.000004   0.000100   0.000100
  50.000000  50.000000  50.000000  50.000000  50.000000  50.000000  50.000000  50.000000  50.000000  50.000000  50.000000  50.000000  50.000000  50.000000  50.000000  50.000000  50.000000  50.000000  50.000000  50.000000  50.000000  50.000000 999.000000 999.000000

np =    24
lnL0 = -1098.096994

Iterating by ming2
Initial: fx=  1098.096994
x=  0.05205  0.26185  0.08652  0.12450  0.15955  0.12617  0.04371  0.04704  0.09739  0.03108  0.06288  0.03482  0.03056  0.02587  0.00000  0.08881  0.05203  0.08000  0.15690  0.05312  0.17342  0.05893  2.00000  0.10000

  1 h-m-p  0.0000 0.0003 1926.7887 ++CYYCCC  1058.746491  5 0.0003    40 | 0/24
  2 h-m-p  0.0000 0.0001 178.0708 ++     1054.702760  m 0.0001    67 | 1/24
  3 h-m-p  0.0000 0.0001 638.1855 CYCCC  1053.457706  4 0.0000   101 | 1/24
  4 h-m-p  0.0001 0.0003 142.3062 ++     1050.387103  m 0.0003   128 | 2/24
  5 h-m-p  0.0003 0.0016  66.8804 YCCC   1049.506538  3 0.0007   160 | 2/24
  6 h-m-p  0.0014 0.0069  21.6701 CCCC   1049.061541  3 0.0021   193 | 2/24
  7 h-m-p  0.0015 0.0073  26.7472 CYC    1048.753285  2 0.0017   223 | 2/24
  8 h-m-p  0.0007 0.0033  20.2480 CCCC   1048.622136  3 0.0010   256 | 2/24
  9 h-m-p  0.0012 0.0059  16.4279 YCCC   1048.456424  3 0.0020   288 | 2/24
 10 h-m-p  0.0008 0.0038  16.6741 +YCC   1048.252850  2 0.0024   319 | 2/24
 11 h-m-p  0.0002 0.0011  23.7384 ++     1047.981080  m 0.0011   346 | 2/24
 12 h-m-p  0.0000 0.0000  16.8733 
h-m-p:      1.30075212e-19      6.50376059e-19      1.68733356e+01  1047.981080
..  | 2/24
 13 h-m-p  0.0000 0.0013 312.0435 +YCCCC  1046.981500  4 0.0000   405 | 2/24
 14 h-m-p  0.0000 0.0011 160.7597 ++YYCYCCC  1036.791481  6 0.0008   443 | 2/24
 15 h-m-p  0.0002 0.0008 198.1050 +YCCC  1034.290085  3 0.0004   476 | 2/24
 16 h-m-p  0.0005 0.0097 174.4251 CCCCC  1032.500984  4 0.0004   511 | 2/24
 17 h-m-p  0.0009 0.0044  39.7638 +YCCC  1031.092297  3 0.0024   544 | 2/24
 18 h-m-p  0.0012 0.0066  78.6923 +YYYCCC  1025.500184  5 0.0046   579 | 2/24
 19 h-m-p  0.0001 0.0003  85.5973 ++     1025.106836  m 0.0003   606 | 3/24
 20 h-m-p  0.0016 0.0209  13.0097 YC     1024.854842  1 0.0034   634 | 2/24
 21 h-m-p  0.0015 0.0111  28.3098 YCCC   1024.716801  3 0.0010   666 | 2/24
 22 h-m-p  0.0003 0.0013  22.5001 +YCCC  1024.637330  3 0.0008   699 | 2/24
 23 h-m-p  0.0020 0.0122   8.6998 YC     1024.525835  1 0.0047   727 | 2/24
 24 h-m-p  0.0007 0.0036  16.1851 YC     1024.456097  1 0.0018   755 | 2/24
 25 h-m-p  0.0019 0.0094   5.1970 YC     1024.417259  1 0.0040   783 | 2/24
 26 h-m-p  0.0006 0.0032   8.9983 ++     1024.368747  m 0.0032   810 | 3/24
 27 h-m-p  0.0081 0.1527   3.4723 YC     1024.239413  1 0.0187   838 | 3/24
 28 h-m-p  0.0116 0.0629   5.6024 CCC    1024.078834  2 0.0151   869 | 3/24
 29 h-m-p  0.0081 0.0406  10.1942 CCCC   1023.811514  3 0.0126   902 | 3/24
 30 h-m-p  0.0194 0.1540   6.6431 YC     1023.594007  1 0.0148   930 | 3/24
 31 h-m-p  0.0123 0.0615   3.8362 YCC    1023.391672  2 0.0194   960 | 3/24
 32 h-m-p  0.0255 0.1300   2.9280 CCCC   1023.032320  3 0.0326   993 | 2/24
 33 h-m-p  0.0203 0.1014   4.2987 CCC    1022.791324  2 0.0164  1024 | 2/24
 34 h-m-p  0.0042 0.0208   5.9106 +CCC   1022.523161  2 0.0153  1056 | 2/24
 35 h-m-p  0.0722 0.3608   0.4213 CYC    1022.479015  2 0.0827  1086 | 2/24
 36 h-m-p  0.0128 0.0640   0.8376 ++     1022.351277  m 0.0640  1135 | 2/24
 37 h-m-p  0.0383 0.4267   1.4001 YC     1022.306538  1 0.0253  1185 | 2/24
 38 h-m-p  0.2958 1.4791   0.0560 YCCC   1022.198899  3 0.7039  1217 | 2/24
 39 h-m-p  0.7148 3.5739   0.0154 YYC    1022.165233  2 0.5650  1268 | 2/24
 40 h-m-p  0.5775 8.0000   0.0151 CC     1022.159045  1 0.6495  1319 | 2/24
 41 h-m-p  1.4506 8.0000   0.0067 YC     1022.158009  1 0.8474  1369 | 2/24
 42 h-m-p  1.6000 8.0000   0.0007 YC     1022.157942  1 0.9192  1419 | 2/24
 43 h-m-p  1.6000 8.0000   0.0003 Y      1022.157933  0 1.1857  1468 | 2/24
 44 h-m-p  1.6000 8.0000   0.0001 Y      1022.157931  0 0.9392  1517 | 2/24
 45 h-m-p  1.6000 8.0000   0.0000 Y      1022.157931  0 1.2162  1566 | 2/24
 46 h-m-p  1.6000 8.0000   0.0000 Y      1022.157931  0 1.1648  1615 | 2/24
 47 h-m-p  1.6000 8.0000   0.0000 Y      1022.157931  0 1.0152  1664 | 2/24
 48 h-m-p  1.6000 8.0000   0.0000 Y      1022.157931  0 3.3027  1713 | 2/24
 49 h-m-p  1.5438 8.0000   0.0000 C      1022.157931  0 0.3860  1762 | 2/24
 50 h-m-p  0.6217 8.0000   0.0000 -------C  1022.157931  0 0.0000  1818
Out..
lnL  = -1022.157931
1819 lfun, 1819 eigenQcodon, 40018 P(t)

d123[*] =  0.01147  0.00241  0.14286  average  0.05225
    [B] =  0.18335  0.18625  0.18625  average  0.18529
accept  =  0.06257  0.01292  0.76700

w =  0.01292 dN =  0.00239 dS =  0.18529 d4 =  0.19284 (69.8 four-fold sites)
             dN*=  0.00234 dS*=  0.19825 S* = 101.65 N* = 297.35

d123[*] =  0.05528  0.01160  0.68831  average  0.25173
    [B] =  0.88342  0.89740  0.89740  average  0.89274
accept  =  0.06257  0.01292  0.76700

w =  0.01292 dN =  0.01154 dS =  0.89274 d4 =  0.92912 (69.8 four-fold sites)
             dN*=  0.01126 dS*=  0.95518 S* = 101.65 N* = 297.35

d123[*] =  0.00028  0.00006  0.00352  average  0.00129
    [B] =  0.00452  0.00459  0.00459  average  0.00457
accept  =  0.06257  0.01292  0.76700

w =  0.01292 dN =  0.00006 dS =  0.00457 d4 =  0.00475 (69.8 four-fold sites)
             dN*=  0.00006 dS*=  0.00489 S* = 101.65 N* = 297.35

d123[*] =  0.02525  0.00530  0.31445  average  0.11500
    [B] =  0.40359  0.40998  0.40998  average  0.40785
accept  =  0.06257  0.01292  0.76700

w =  0.01292 dN =  0.00527 dS =  0.40785 d4 =  0.42447 (69.8 four-fold sites)
             dN*=  0.00514 dS*=  0.43638 S* = 101.65 N* = 297.35

d123[*] =  0.03393  0.00712  0.42253  average  0.15453
    [B] =  0.54231  0.55089  0.55089  average  0.54803
accept  =  0.06257  0.01292  0.76700

w =  0.01292 dN =  0.00708 dS =  0.54803 d4 =  0.57036 (69.8 four-fold sites)
             dN*=  0.00691 dS*=  0.58636 S* = 101.65 N* = 297.35

d123[*] =  0.01002  0.00210  0.12476  average  0.04563
    [B] =  0.16012  0.16266  0.16266  average  0.16181
accept  =  0.06257  0.01292  0.76700

w =  0.01292 dN =  0.00209 dS =  0.16181 d4 =  0.16841 (69.8 four-fold sites)
             dN*=  0.00204 dS*=  0.17313 S* = 101.65 N* = 297.35

d123[*] =  0.00290  0.00061  0.03613  average  0.01321
    [B] =  0.04637  0.04710  0.04710  average  0.04686
accept  =  0.06257  0.01292  0.76700

w =  0.01292 dN =  0.00061 dS =  0.04686 d4 =  0.04877 (69.8 four-fold sites)
             dN*=  0.00059 dS*=  0.05014 S* = 101.65 N* = 297.35

d123[*] =  0.00518  0.00109  0.06445  average  0.02357
    [B] =  0.08272  0.08402  0.08402  average  0.08359
accept  =  0.06257  0.01292  0.76700

w =  0.01292 dN =  0.00108 dS =  0.08359 d4 =  0.08699 (69.8 four-fold sites)
             dN*=  0.00105 dS*=  0.08943 S* = 101.65 N* = 297.35

d123[*] =  0.00191  0.00040  0.02379  average  0.00870
    [B] =  0.03053  0.03101  0.03101  average  0.03085
accept  =  0.06257  0.01292  0.76700

w =  0.01292 dN =  0.00040 dS =  0.03085 d4 =  0.03211 (69.8 four-fold sites)
             dN*=  0.00039 dS*=  0.03301 S* = 101.65 N* = 297.35

d123[*] =  0.00117  0.00025  0.01457  average  0.00533
    [B] =  0.01870  0.01899  0.01899  average  0.01889
accept  =  0.06257  0.01292  0.76700

w =  0.01292 dN =  0.00024 dS =  0.01889 d4 =  0.01966 (69.8 four-fold sites)
             dN*=  0.00024 dS*=  0.02021 S* = 101.65 N* = 297.35

d123[*] =  0.00196  0.00041  0.02440  average  0.00892
    [B] =  0.03132  0.03182  0.03182  average  0.03165
accept  =  0.06257  0.01292  0.76700

w =  0.01292 dN =  0.00041 dS =  0.03165 d4 =  0.03294 (69.8 four-fold sites)
             dN*=  0.00040 dS*=  0.03386 S* = 101.65 N* = 297.35

d123[*] =  0.00291  0.00061  0.03622  average  0.01325
    [B] =  0.04649  0.04723  0.04723  average  0.04698
accept  =  0.06257  0.01292  0.76700

w =  0.01292 dN =  0.00061 dS =  0.04698 d4 =  0.04890 (69.8 four-fold sites)
             dN*=  0.00059 dS*=  0.05027 S* = 101.65 N* = 297.35

d123[*] =  0.00000  0.00000  0.00000  average  0.00000
    [B] =  0.00000  0.00000  0.00000  average  0.00000
accept  =  0.06257  0.01292  0.76700

w =  0.01292 dN =  0.00000 dS =  0.00000 d4 =  0.00000 (69.8 four-fold sites)
             dN*=  0.00000 dS*=  0.00001 S* = 101.65 N* = 297.35

d123[*] =  0.00198  0.00041  0.02459  average  0.00899
    [B] =  0.03157  0.03207  0.03207  average  0.03190
accept  =  0.06257  0.01292  0.76700

w =  0.01292 dN =  0.00041 dS =  0.03190 d4 =  0.03320 (69.8 four-fold sites)
             dN*=  0.00040 dS*=  0.03413 S* = 101.65 N* = 297.35

d123[*] =  0.00544  0.00114  0.06773  average  0.02477
    [B] =  0.08693  0.08830  0.08830  average  0.08785
accept  =  0.06257  0.01292  0.76700

w =  0.01292 dN =  0.00114 dS =  0.08785 d4 =  0.09143 (69.8 four-fold sites)
             dN*=  0.00111 dS*=  0.09399 S* = 101.65 N* = 297.35

d123[*] =  0.00127  0.00027  0.01586  average  0.00580
    [B] =  0.02036  0.02068  0.02068  average  0.02057
accept  =  0.06257  0.01292  0.76700

w =  0.01292 dN =  0.00027 dS =  0.02057 d4 =  0.02141 (69.8 four-fold sites)
             dN*=  0.00026 dS*=  0.02201 S* = 101.65 N* = 297.35

d123[*] =  0.00000  0.00000  0.00000  average  0.00000
    [B] =  0.00000  0.00000  0.00000  average  0.00000
accept  =  0.06257  0.01292  0.76700

w =  0.01292 dN =  0.00000 dS =  0.00000 d4 =  0.00000 (69.8 four-fold sites)
             dN*=  0.00000 dS*=  0.00001 S* = 101.65 N* = 297.35

d123[*] =  0.01352  0.00284  0.16833  average  0.06156
    [B] =  0.21604  0.21946  0.21946  average  0.21832
accept  =  0.06257  0.01292  0.76700

w =  0.01292 dN =  0.00282 dS =  0.21832 d4 =  0.22722 (69.8 four-fold sites)
             dN*=  0.00275 dS*=  0.23359 S* = 101.65 N* = 297.35

d123[*] =  0.03006  0.00631  0.37428  average  0.13688
    [B] =  0.48038  0.48798  0.48798  average  0.48545
accept  =  0.06257  0.01292  0.76700

w =  0.01292 dN =  0.00627 dS =  0.48545 d4 =  0.50523 (69.8 four-fold sites)
             dN*=  0.00612 dS*=  0.51940 S* = 101.65 N* = 297.35

d123[*] =  0.00300  0.00063  0.03731  average  0.01364
    [B] =  0.04789  0.04864  0.04864  average  0.04839
accept  =  0.06257  0.01292  0.76700

w =  0.01292 dN =  0.00063 dS =  0.04839 d4 =  0.05036 (69.8 four-fold sites)
             dN*=  0.00061 dS*=  0.05178 S* = 101.65 N* = 297.35

d123[*] =  0.02148  0.00451  0.26743  average  0.09781
    [B] =  0.34324  0.34867  0.34867  average  0.34686
accept  =  0.06257  0.01292  0.76700

w =  0.01292 dN =  0.00448 dS =  0.34686 d4 =  0.36100 (69.8 four-fold sites)
             dN*=  0.00438 dS*=  0.37113 S* = 101.65 N* = 297.35

d123[*] =  0.01712  0.00359  0.21311  average  0.07794
    [B] =  0.27352  0.27784  0.27784  average  0.27640
accept  =  0.06257  0.01292  0.76700

w =  0.01292 dN =  0.00357 dS =  0.27640 d4 =  0.28766 (69.8 four-fold sites)
             dN*=  0.00349 dS*=  0.29574 S* = 101.65 N* = 297.35
end of tree file.

Time used:  0:39
3.17358e-07  720 	    0.000
128: 1011.343189 4.27175e-08  727 	    0.000
129: 1011.343189 7.72638e-09  755 -	    0.000
***
# lnL = 1.011343e+03
((seq1:0.865423, ((seq2:0.646963, ((seq3:0.078187, seq4:0.024209 ):0.050738, ((seq5:0.040971, seq6:0.000010 ):0.027453, seq7:0.028553 ):0.010630 ):0.263529 ):0.529807, (seq8:0.018825, seq9:0.000004 ):0.146132 ):0.212229 ):0.225024, (seq10:0.629702, (seq11:0.230185, seq12:0.366718 ):0.000000 ):0.267654 )
# Kappa = 2.314538 Omega = 0.009944
# Tree length = 4.66, average branch length = 0.21 (min=0.00, max=0.87)
# Scaling tree to neutral evolution. Factor = 3.45
# Calculating initial estimates of sitewise conservation
# Calculating conservation at each site. This may take a while.

   1:  ..................................................
  51:  ..................................................
 101:  .................................
# Positively selected sites (cumulative)
# Significance  Number sites  Number Random
# 99% corrected      0       0
# 95% corrected      0       0
# 99%                0       0
# 95%                0       0

# Conserved sites (cumulative)
# Significance  Number sites
# 99% corrected     76
# 95% corrected     79
# 99%               77
# 95%               79
	got slr results fly25.slr
	expect results in fly25.paml
	running paml...
	got paml results
