
running fly431.fasta
	expect results in fly431.slr
	running Slr...
     seqfile:    fly431_.phy
    treefile:    fly431_.tree
     outfile:    fly431_.slr
       kappa:    2.000000e+00
       omega:    1.000000e-01
      codonf:    0
     nucleof:    0
      aminof:    0
  reoptimise:    1
     nucfile:    nuc.dat
   aminofile:    amino.dat
positive_only:    0
     gencode:    universal
     timemem:    0
       ldiff:    3.841459e+00
     paramin:    
    paramout:    
skipsitewise:    0
        seed:    0
    saveseed:    1
    freqtype:    0
   cleandata:    0
     branopt:    1
    writetmp:    0
     recover:    0

# SLR "Sitewise Likelihood Ratio" selection detection program. Version 1.4.3
# Redundency. Reduced sites from 936 to 858
# Read seqfile file fly431_.phy. 12 species, 936 sites.
# Read tree from fly431_.tree.
((flyg1:0.084610, (flyg2:0.093970, flyg3:0.079530 ):0.029150 ):0.071340, (((flyg4:0.005830, flyg5:0.002970 ):0.078020, (((flyg6:0.031690, flyg7:0.015810 ):0.008790, ((flyg8:0.003840, flyg9:0.004760 ):0.005330, flyg10:0.014740 ):0.023040 ):0.090430, flyg11:0.139190 ):0.062170 ):0.042280, flyg12:0.152540 ):0.026170 )
# Reoptimising parameters, branches variable
Initial	f: 16435.073206
Step     f(x)      delta
  1: 15888.425108 5.46648e+02    5 	 5205.274
  2: 15225.831676 6.62593e+02    8 	12003.267
  3: 14746.860131 4.78972e+02   11 	 2283.291
  4: 14739.540781 7.31935e+00   22 	 2205.717
  5: 14724.614329 1.49265e+01   30 	 2260.911
  6: 14611.768093 1.12846e+02   37 	  614.014
  7: 14595.014816 1.67533e+01   40 	  581.548
  8: 14589.041264 5.97355e+00   48 	  539.413
  9: 14580.896092 8.14517e+00   51 	  495.950
 10: 14577.682962 3.21313e+00   59 	  411.227
 11: 14574.248354 3.43461e+00   66 	  368.076
 12: 14572.261929 1.98642e+00   73 	  307.173
 13: 14570.060457 2.20147e+00   76 	  264.888
 14: 14569.404225 6.56232e-01   79 	  217.356
 15: 14567.470974 1.93325e+00   82 	  217.475
 16: 14566.493988 9.76986e-01   90 	  186.087
 17: 14563.500063 2.99392e+00   93 	  167.446
 18: 14563.445420 5.46428e-02   96 	  186.193
 19: 14563.067732 3.77689e-01  105 	  169.571
 20: 14562.503708 5.64024e-01  113 	  157.080
 21: 14560.895939 1.60777e+00  116 	  144.910
 22: 14557.957960 2.93798e+00  119 	  144.409
 23: 14556.819998 1.13796e+00  127 	  128.197
 24: 14554.067386 2.75261e+00  130 	  104.615
 25: 14548.254121 5.81326e+00  133 	   63.084
 26: 14545.375849 2.87827e+00  141 	   36.785
 27: 14545.222495 1.53354e-01  150 	   31.016
 28: 14545.143594 7.89013e-02  158 	   26.788
 29: 14544.774740 3.68853e-01  161 	   24.010
 30: 14543.629013 1.14573e+00  164 	   19.682
 31: 14542.618335 1.01068e+00  167 	   18.091
 32: 14540.904654 1.71368e+00  170 	   13.949
 33: 14538.582490 2.32216e+00  173 	    7.050
 34: 14537.111489 1.47100e+00  176 	    1.879
 35: 14536.407147 7.04342e-01  179 	    4.531
 36: 14534.288931 2.11822e+00  182 	    9.409
 37: 14531.048031 3.24090e+00  185 	   12.525
 38: 14528.906808 2.14122e+00  188 	   10.257
 39: 14526.652290 2.25452e+00  191 	    2.218
 40: 14526.187710 4.64580e-01  194 	    2.459
 41: 14526.133425 5.42844e-02  197 	    0.901
 42: 14526.121974 1.14510e-02  200 	    0.082
 43: 14526.121161 8.13595e-04  203 	    0.028
 44: 14526.121064 9.70063e-05  206 	    0.029
 45: 14526.121054 1.02313e-05  209 	    0.007
 46: 14526.121053 4.86267e-07  212 	    0.002
 47: 14526.121053 4.30264e-08  215 	    0.000
 48: 14526.121053 3.05772e-09  246 -	    0.000
***
# lnL = 1.452612e+04
((flyg1:0.307357, (flyg2:0.336187, flyg3:0.398468 ):0.128089 ):0.300328, (((flyg4:0.026195, flyg5:0.014501 ):0.420027, (((flyg6:0.104131, flyg7:0.055541 ):0.029581, ((flyg8:0.020715, flyg9:0.014133 ):0.019656, flyg10:0.042130 ):0.087693 ):0.460299, flyg11:0.791335 ):0.312990 ):0.244162, flyg12:0.755203 ):0.255158 )
# Kappa = 1.602256 Omega = 0.073227
# Tree length = 5.12, average branch length = 0.23 (min=0.01, max=0.79)
# Scaling tree to neutral evolution. Factor = 3.51
# Calculating initial estimates of sitewise conservation
# Calculating conservation at each site. This may take a while.

   1:  ..................................................
  51:  ..................................................
 101:  ..................................................
 151:  ..................................................
 201:  ..................................................
 251:  ..................................................
 301:  ..................................................
 351:  ..................................................
 401:  ..................................................
 451:  ..................................................
 501:  ..................................................
 551:  ..................................................
 601:  ..................................................
 651:  ..................................................
 701:  ..................................................
 751:  ..................................................
 801:  ..................................................
 851:  ..................................................
 901:  ....................................
# Positively selected sites (cumulative)
# Significance  Number sites  Number Random
# 99% corrected      0       0
# 95% corrected      0       0
# 99%                0       0
# 95%                0       0

# Conserved sites (cumulative)
# Significance  Number sites
# 99% corrected    481
# 95% corrected    626
# 99%              774
# 95%              814
	got slr results fly431.slr
