
running fly4291.fasta
	expect results in fly4291.slr
	running Slr...
     seqfile:    fly4291_.phy
    treefile:    fly4291_.tree
     outfile:    fly4291_.slr
       kappa:    2.000000e+00
       omega:    1.000000e-01
      codonf:    0
     nucleof:    0
      aminof:    0
  reoptimise:    1
     nucfile:    nuc.dat
   aminofile:    amino.dat
positive_only:    0
     gencode:    universal
     timemem:    0
       ldiff:    3.841459e+00
     paramin:    
    paramout:    
skipsitewise:    0
        seed:    0
    saveseed:    1
    freqtype:    0
   cleandata:    0
     branopt:    1
    writetmp:    0
     recover:    0

# SLR "Sitewise Likelihood Ratio" selection detection program. Version 1.4.3
# Redundency. Reduced sites from 372 to 325
# Read seqfile file fly4291_.phy. 12 species, 372 sites.
# Read tree from fly4291_.tree.
(((flyg1:0.042200, flyg2:0.068170 ):0.020840, flyg3:0.070400 ):0.039540, ((((flyg4:0.010330, (flyg5:0.013370, (flyg6:0.009290, (flyg7:0.003330, flyg8:0.001010 ):0.004960 ):0.014830 ):0.006870 ):0.058070, flyg9:0.073330 ):0.055040, (flyg10:0.004110, flyg11:0.004640 ):0.064240 ):0.043000, flyg12:0.115670 ):0.021870 )
# Reoptimising parameters, branches variable
Initial	f: 5096.776706
Step     f(x)      delta
  1: 4925.152392 1.71624e+02    5 	 1600.249
  2: 4759.605584 1.65547e+02    8 	 1461.564
  3: 4725.312628 3.42930e+01   11 	  699.587
  4: 4718.515132 6.79750e+00   21 	  539.641
  5: 4716.195567 2.31956e+00   29 	  541.630
  6: 4703.891239 1.23043e+01   36 	  543.583
  7: 4700.009565 3.88167e+00   44 	  578.403
  8: 4685.791879 1.42177e+01   47 	  399.004
  9: 4676.535246 9.25663e+00   50 	  418.387
 10: 4674.680235 1.85501e+00   58 	  379.289
 11: 4673.481661 1.19857e+00   61 	  372.730
 12: 4672.073091 1.40857e+00   68 	  374.740
 13: 4671.995360 7.77310e-02   71 	  377.064
 14: 4671.706795 2.88565e-01   74 	  371.079
 15: 4670.794754 9.12041e-01   82 	  375.420
 16: 4670.452721 3.42033e-01   90 	  373.228
 17: 4670.202031 2.50690e-01   97 	  372.736
 18: 4664.427055 5.77498e+00  100 	  239.058
 19: 4664.243777 1.83278e-01  110 	  220.976
 20: 4663.667282 5.76494e-01  118 	  185.244
 21: 4663.612281 5.50011e-02  127 	  181.406
 22: 4663.586413 2.58680e-02  130 	  181.435
 23: 4663.394600 1.91814e-01  133 	  182.009
 24: 4663.312513 8.20870e-02  141 	  180.495
 25: 4663.125665 1.86847e-01  144 	  181.013
 26: 4663.013501 1.12164e-01  147 	  181.556
 27: 4662.771994 2.41507e-01  150 	  181.571
 28: 4662.485988 2.86006e-01  153 	  183.571
 29: 4661.095275 1.39071e+00  156 	  167.231
 30: 4661.055241 4.00336e-02  166 	  166.810
 31: 4660.969045 8.61962e-02  174 	  167.691
 32: 4660.713187 2.55858e-01  177 	  161.811
 33: 4660.630125 8.30627e-02  185 	  158.557
 34: 4660.242021 3.88104e-01  188 	   59.585
 35: 4660.211279 3.07420e-02  199 	   58.772
 36: 4660.195170 1.61091e-02  208 	   54.580
 37: 4660.194717 4.53268e-04  211 	   54.299
 38: 4660.002513 1.92204e-01  214 	   22.379
 39: 4659.991816 1.06965e-02  224 	   22.713
 40: 4659.970843 2.09734e-02  233 	   14.154
 41: 4659.970102 7.41211e-04  245 	   13.809
 42: 4659.958213 1.18883e-02  248 	    1.730
 43: 4659.952136 6.07742e-03  257 	    0.456
 44: 4659.946871 5.26449e-03  260 	    0.286
 45: 4659.944724 2.14726e-03  263 	    0.090
 46: 4659.943414 1.30983e-03  266 	    0.085
 47: 4659.942990 4.24028e-04  269 	    0.008
 48: 4659.942985 5.43235e-06  272 	    0.002
 49: 4659.942984 1.32976e-06  275 	    0.001
 50: 4659.942984 4.59213e-08  278 	    0.000
 51: 4659.942983 1.62372e-08  319 	    0.000
***
# lnL = 4.659943e+03
(((flyg1:0.135724, flyg2:0.263058 ):0.056786, flyg3:0.295985 ):0.160521, ((((flyg4:0.039663, (flyg5:0.043558, (flyg6:0.035534, (flyg7:0.010661, flyg8:0.002927 ):0.014972 ):0.048085 ):0.016034 ):0.227410, flyg9:0.296200 ):0.255443, (flyg10:0.011787, flyg11:0.016225 ):0.260404 ):0.187711, flyg12:0.439540 ):0.142851 )
# Kappa = 1.662235 Omega = 0.060238
# Tree length = 2.96, average branch length = 0.13 (min=0.00, max=0.44)
# Scaling tree to neutral evolution. Factor = 3.61
# Calculating initial estimates of sitewise conservation
# Calculating conservation at each site. This may take a while.

   1:  ..................................................
  51:  ..................................................
 101:  ..................................................
 151:  ..................................................
 201:  ..................................................
 251:  ..................................................
 301:  ..................................................
 351:  ......................
# Positively selected sites (cumulative)
# Significance  Number sites  Number Random
# 99% corrected      0       0
# 95% corrected      0       0
# 99%                0       0
# 95%                0       0

# Conserved sites (cumulative)
# Significance  Number sites
# 99% corrected     64
# 95% corrected    125
# 99%              305
# 95%              338
	got slr results fly4291.slr
