
running fly42.fasta
	expect results in fly42.slr
	running Slr...
     seqfile:    fly42_.phy
    treefile:    fly42_.tree
     outfile:    fly42_.slr
       kappa:    2.000000e+00
       omega:    1.000000e-01
      codonf:    0
     nucleof:    0
      aminof:    0
  reoptimise:    1
     nucfile:    nuc.dat
   aminofile:    amino.dat
positive_only:    0
     gencode:    universal
     timemem:    0
       ldiff:    3.841459e+00
     paramin:    
    paramout:    
skipsitewise:    0
        seed:    0
    saveseed:    1
    freqtype:    0
   cleandata:    0
     branopt:    1
    writetmp:    0
     recover:    0

# SLR "Sitewise Likelihood Ratio" selection detection program. Version 1.4.3
# Redundency. Reduced sites from 262 to 230
# Read seqfile file fly42_.phy. 12 species, 262 sites.
# Read tree from fly42_.tree.
(((seq1:0.131390, seq2:0.070470 ):0.050440, seq3:0.109170 ):0.071950, (seq4:0.239090, ((((seq5:0.020220, seq6:0.037590 ):0.021580, (seq7:0.022080, (seq8:0.012580, seq9:0.008360 ):0.004180 ):0.024480 ):0.062520, seq10:0.152560 ):0.036790, (seq11:0.018160, seq12:0.427620 ):0.099610 ):0.026590 ):0.032000 )
# Reoptimising parameters, branches variable
Initial	f: 4924.534253
Step     f(x)      delta
  1: 4757.067372 1.67467e+02    5 	 1371.490
  2: 4577.313251 1.79754e+02    8 	  880.280
  3: 4490.903522 8.64097e+01   11 	  541.589
  4: 4483.445874 7.45765e+00   21 	  325.941
  5: 4477.113227 6.33265e+00   29 	  318.169
  6: 4469.540433 7.57279e+00   32 	  352.804
  7: 4463.221171 6.31926e+00   39 	  342.440
  8: 4460.130730 3.09044e+00   46 	  318.940
  9: 4454.133161 5.99757e+00   49 	  295.544
 10: 4441.594851 1.25383e+01   52 	  285.209
 11: 4421.671267 1.99236e+01   55 	  228.846
 12: 4409.763460 1.19078e+01   63 	  149.351
 13: 4392.945892 1.68176e+01   66 	  109.644
 14: 4391.268687 1.67720e+00   69 	  120.998
 15: 4386.106949 5.16174e+00   77 	  109.563
 16: 4382.428492 3.67846e+00   80 	  112.161
 17: 4380.392313 2.03618e+00   88 	  108.064
 18: 4379.459545 9.32768e-01   96 	  106.140
 19: 4378.650414 8.09131e-01  103 	  103.346
 20: 4377.866407 7.84007e-01  111 	  104.212
 21: 4376.823774 1.04263e+00  114 	   83.951
 22: 4376.789830 3.39440e-02  117 	   81.075
 23: 4374.487710 2.30212e+00  120 	   79.618
 24: 4373.397600 1.09011e+00  123 	   77.220
 25: 4370.331157 3.06644e+00  131 	   77.447
 26: 4364.825402 5.50576e+00  134 	   75.139
 27: 4362.989253 1.83615e+00  142 	   74.051
 28: 4362.326313 6.62939e-01  145 	   73.167
 29: 4361.238252 1.08806e+00  153 	   72.298
 30: 4359.216363 2.02189e+00  156 	   74.259
 31: 4354.716752 4.49961e+00  159 	   78.003
 32: 4353.115878 1.60087e+00  167 	   74.563
 33: 4351.676914 1.43896e+00  175 	   71.694
 34: 4350.551112 1.12580e+00  178 	   75.055
 35: 4349.806311 7.44802e-01  181 	   71.252
 36: 4349.030364 7.75947e-01  189 	   75.592
 37: 4348.612602 4.17762e-01  197 	   74.032
 38: 4348.513881 9.87211e-02  200 	   76.288
 39: 4348.106611 4.07269e-01  208 	   74.453
 40: 4348.062237 4.43743e-02  216 	   73.450
 41: 4348.031751 3.04858e-02  224 	   74.058
 42: 4347.981963 4.97880e-02  227 	   73.320
 43: 4347.953505 2.84586e-02  235 	   73.920
 44: 4347.930337 2.31680e-02  242 B	    0.522
 45: 4347.911998 1.83387e-02  245 	    0.389
 46: 4347.898818 1.31796e-02  248 	    0.129
 47: 4347.897898 9.20759e-04  251 	    0.048
 48: 4347.897718 1.79247e-04  254 	    0.020
 49: 4347.897529 1.89216e-04  257 	    0.012
 50: 4347.897525 4.29254e-06  260 	    0.009
 51: 4347.897522 2.59997e-06  263 	    0.005
 52: 4347.897522 4.04671e-07  266 	    0.001
 53: 4347.897522 8.56890e-08  269 	    0.001
 54: 4347.897522 1.11368e-08  294 -	    0.000
***
# lnL = 4.347898e+03
(((seq1:0.554501, seq2:0.378021 ):0.189332, seq3:0.363823 ):0.407294, (seq4:1.450432, ((((seq5:0.079672, seq6:0.154327 ):0.109597, (seq7:0.073581, (seq8:0.043668, seq9:0.024523 ):0.028722 ):0.045305 ):0.475831, seq10:0.821349 ):0.169519, (seq11:0.000000, seq12:0.496560 ):0.665415 ):0.314633 ):0.367344 )
# Kappa = 2.244
 15         verbose | verbose                0.00
  7         runmode | runmode                0.00
  4         seqtype | seqtype                1.00
 13       CodonFreq | CodonFreq              0.00
 16           model | model                  0.00
 20         NSsites | NSsites                0.00
 22           icode | icode                  0.00
 24       fix_kappa | fix_kappa              0.00
 25           kappa | kappa                  2.00
 26       fix_omega | fix_omega              0.00
 27           omega | omega                  0.10
CODONML in paml version 4.8a, July 2014

----------------------------------------------
Phe F TTT | Ser S TCT | Tyr Y TAT | Cys C TGT
      TTC |       TCC |       TAC |       TGC
Leu L TTA |       TCA | *** * TAA | *** * TGA
      TTG |       TCG |       TAG | Trp W TGG
----------------------------------------------
Leu L CTT | Pro P CCT | His H CAT | Arg R CGT
      CTC |       CCC |       CAC |       CGC
      CTA |       CCA | Gln Q CAA |       CGA
      CTG |       CCG |       CAG |       CGG
----------------------------------------------
Ile I ATT | Thr T ACT | Asn N AAT | Ser S AGT
      ATC |       ACC |       AAC |       AGC
      ATA |       ACA | Lys K AAA | Arg R AGA
Met M ATG |       ACG |       AAG |       AGG
----------------------------------------------
Val V GTT | Ala A GCT | Asp D GAT | Gly G GGT
      GTC |       GCC |       GAC |       GGC
      GTA |       GCA | Glu E GAA |       GGA
      GTG |       GCG |       GAG |       GGG
----------------------------------------------
Nice code, uuh?


Ambiguity character definition table:

T (1): T 
C (1): C 
A (1): A 
G (1): G 
U (1): T 
Y (2): T C 
R (2): A G 
M (2): C A 
K (2): T G 
S (2): C G 
W (2): T A 
H (3): T C A 
B (3): T C G 
V (3): C A G 
D (3): T A G 
- (4): T C A G 
N (4): T C A G 
? (4): T C A G 

ns = 12  	ls = 786
Reading sequences, sequential format..
Reading seq # 1: seq1     Reading seq # 2: seq2     Reading seq # 3: seq3     Reading seq # 4: seq4     Reading seq # 5: seq5     Reading seq # 6: seq6     Reading seq # 7: seq7     Reading seq # 8: seq8     Reading seq # 9: seq9     Reading seq #10: seq10     Reading seq #11: seq11     Reading seq #12: seq12     
Sequences read..
Counting site patterns..  0:00
         254 patterns at      262 /      262 sites (100.0%),  0:00
1 ambiguous codons are seen in the data:
 ---
Counting codons..
NG distances for seqs.:
   1
  2   1:Sites   167.7 +  525.3 =  693.0	Diffs    98.0 +   33.0 =  131.0   2
  3   1:Sites   165.0 +  519.0 =  684.0	Diffs    92.8 +   45.2 =  138.0
  3   2:Sites   164.8 +  519.2 =  684.0	Diffs    79.5 +   41.5 =  121.0   3
  4   1:Sites   163.7 +  520.3 =  684.0	Diffs   130.2 +   99.8 =  230.0
NG86 unusable.

  4   2:Sites   163.7 +  520.3 =  684.0	Diffs   132.8 +  100.2 =  233.0
NG86 unusable.

  4   3:Sites   161.6 +  513.4 =  675.0	Diffs   119.3 +   96.7 =  216.0   4
  5   1:Sites   173.0 +  520.0 =  693.0	Diffs   123.9 +   86.1 =  210.0
  5   2:Sites   172.8 +  520.2 =  693.0	Diffs    90.2 +   79.8 =  170.0
  5   3:Sites   170.0 +  514.0 =  684.0	Diffs   110.5 +   77.5 =  188.0
  5   4:Sites   171.2 +  518.8 =  690.0	Diffs   131.5 +   85.5 =  217.0
NG86 unusable.
   5
  6   1:Sites   171.8 +  521.2 =  693.0	Diffs   120.8 +   92.2 =  213.0
  6   2:Sites   171.6 +  521.4 =  693.0	Diffs    89.3 +   85.7 =  175.0
  6   3:Sites   168.8 +  515.2 =  684.0	Diffs   106.1 +   82.9 =  189.0
  6   4:Sites   169.9 +  520.1 =  690.0	Diffs   130.3 +   86.7 =  217.0
NG86 unusable.

  6   5:Sites   179.2 +  519.8 =  699.0	Diffs    31.0 +   14.0 =   45.0   6
  7   1:Sites   170.3 +  522.7 =  693.0	Diffs   122.9 +   89.1 =  212.0
  7   2:Sites   170.1 +  522.9 =  693.0	Diffs    91.7 +   81.3 =  173.0
  7   3:Sites   167.7 +  516.3 =  684.0	Diffs   106.9 +   79.1 =  186.0
  7   4:Sites   168.4 +  521.6 =  690.0	Diffs   125.8 +   83.2 =  209.0
  7   5:Sites   177.7 +  521.3 =  699.0	Diffs    44.5 +   14.5 =   59.0
  7   6:Sites   176.5 +  522.5 =  699.0	Diffs    47.0 +   21.0 =   68.0   7
  8   1:Sites   171.6 +  521.4 =  693.0	Diffs   122.9 +   88.1 =  211.0
  8   2:Sites   171.3 +  521.7 =  693.0	Diffs    90.2 +   80.8 =  171.0
  8   3:Sites   169.0 +  515.0 =  684.0	Diffs   107.9 +   76.1 =  184.0
  8   4:Sites   169.8 +  520.2 =  690.0	Diffs   126.2 +   79.8 =  206.0
  8   5:Sites   179.0 +  520.0 =  699.0	Diffs    43.0 +   15.0 =   58.0
  8   6:Sites   177.7 +  521.3 =  699.0	Diffs    48.5 +   19.5 =   68.0
  8   7:Sites   176.3 +  522.7 =  699.0	Diffs    19.5 +   10.5 =   30.0   8
  9   1:Sites   170.9 +  522.1 =  693.0	Diffs   123.1 +   87.9 =  211.0
  9   2:Sites   170.7 +  522.3 =  693.0	Diffs    92.3 +   80.7 =  173.0
  9   3:Sites   168.3 +  515.7 =  684.0	Diffs   110.1 +   75.9 =  186.0
  9   4:Sites   169.0 +  521.0 =  690.0	Diffs   127.7 +   81.3 =  209.0
NG86 unusable.

  9   5:Sites   178.3 +  520.7 =  699.0	Diffs    40.0 +   14.0 =   54.0
  9   6:Sites   177.0 +  522.0 =  699.0	Diffs    43.5 +   18.5 =   62.0
  9   7:Sites   175.6 +  523.4 =  699.0	Diffs    17.5 +    9.5 =   27.0
  9   8:Sites   176.8 +  522.2 =  699.0	Diffs    12.0 +    3.0 =   15.0   9
 10   1:Sites   169.2 +  523.8 =  693.0	Diffs   128.0 +   88.0 =  216.0
NG86 unusable.

 10   2:Sites   169.0 +  524.0 =  693.0	Diffs   125.5 +   80.5 =  206.0
 10   3:Sites   166.9 +  517.1 =  684.0	Diffs   119.5 +   87.5 =  207.0
 10   4:Sites   167.3 +  522.7 =  690.0	Diffs   134.0 +   86.0 =  220.0
NG86 unusable.

 10   5:Sites   176.6 +  522.4 =  699.0	Diffs   109.6 +   56.4 =  166.0
 10   6:Sites   175.4 +  523.6 =  699.0	Diffs   109.0 +   56.0 =  165.0
 10   7:Sites   173.9 +  525.1 =  699.0	Diffs   107.0 +   49.0 =  156.0
 10   8:Sites   175.1 +  523.9 =  699.0	Diffs   105.5 +   49.5 =  155.0
 10   9:Sites   174.4 +  524.6 =  699.0	Diffs   108.0 +   48.0 =  156.0  10
 11   1:Sites   170.6 +  522.4 =  693.0	Diffs   120.9 +   83.1 =  204.0
 11   2:Sites   170.4 +  522.6 =  693.0	Diffs   109.2 +   79.8 =  189.0
 11   3:Sites   167.3 +  516.7 =  684.0	Diffs    98.6 +   79.4 =  178.0
 11   4:Sites   168.7 +  521.3 =  690.0	Diffs   123.2 +   98.8 =  222.0
 11   5:Sites   178.0 +  521.0 =  699.0	Diffs    99.9 +   54.1 =  154.0
 11   6:Sites   176.7 +  522.3 =  699.0	Diffs   100.5 +   61.5 =  162.0
 11   7:Sites   175.3 +  523.7 =  699.0	Diffs   102.7 +   55.3 =  158.0
 11   8:Sites   176.5 +  522.5 =  699.0	Diffs    99.7 +   57.3 =  157.0
 11   9:Sites   175.8 +  523.2 =  699.0	Diffs    99.7 +   55.3 =  155.0
 11  10:Sites   174.1 +  524.9 =  699.0	Diffs   111.0 +   54.0 =  165.0  11
 12   1:Sites   115.5 +  352.5 =  468.0	Diffs    80.7 +   85.3 =  166.0
 12   2:Sites   114.4 +  353.6 =  468.0	Diffs    74.3 +   84.7 =  159.0
 12   3:Sites   112.3 +  346.7 =  459.0	Diffs    69.3 +   82.7 =  152.0
 12   4:Sites   114.4 +  347.6 =  462.0	Diffs    86.8 +   91.2 =  178.0
NG86 unusable.

 12   5:Sites   119.4 +  351.6 =  471.0	Diffs    75.2 +   73.8 =  149.0
 12   6:Sites   119.2 +  351.8 =  471.0	Diffs    69.8 +   77.2 =  147.0
 12   7:Sites   117.2 +  353.8 =  471.0	Diffs    73.7 +   76.3 =  150.0
 12   8:Sites   118.3 +  352.7 =  471.0	Diffs    73.5 +   75.5 =  149.0
 12   9:Sites   117.7 +  353.3 =  471.0	Diffs    73.5 +   73.5 =  147.0
 12  10:Sites   116.8 +  354.2 =  471.0	Diffs    70.3 +   69.7 =  140.0
 12  11:Sites   117.7 +  356.3 =  474.0	Diffs    17.7 +   37.3 =   55.0  12

      528 bytes for distance
   247904 bytes for conP
        0 bytes for fhK
  5000000 bytes for space

TREE #  1
(((1, 2), 3), (4, ((((5, 6), (7, (8, 9))), 10), (11, 12))));   MP score: -1
This is a rooted tree, without clock.  Check.

   1    6.639113
   2    6.476171
   3    6.439166
   4    6.432646
   5    6.431778
   6    6.431503
   7    6.431491
   8    6.431489
  1363472 bytes for conP, adjusted

    0.106426    0.059261    0.691850    0.150837    0.274953    0.195409    1.605510    0.218763    0.216564    0.180467    0.021482    0.103818    0.087483    0.122345    0.098771    0.000000    0.051256    0.023551    0.725637    0.387179    0.016544    0.329472    2.000000    0.100000

ntime & nrate & np:    22     2    24

Bounds (np=24):
   0.000004   0.000004   0.000004   0.000004   0.000004   0.000004   0.000004   0.000004   0.000004   0.000004   0.000004   0.000004   0.000004   0.000004   0.000004   0.000004   0.000004   0.000004   0.000004   0.000004   0.000004   0.000004   0.000100   0.000100
  50.000000  50.000000  50.000000  50.000000  50.000000  50.000000  50.000000  50.000000  50.000000  50.000000  50.000000  50.000000  50.000000  50.000000  50.000000  50.000000  50.000000  50.000000  50.000000  50.000000  50.000000  50.000000 999.000000 999.000000

np =    24
lnL0 = -4450.278035

Iterating by ming2
Initial: fx=  4450.278035
x=  0.10643  0.05926  0.69185  0.15084  0.27495  0.19541  1.60551  0.21876  0.21656  0.18047  0.02148  0.10382  0.08748  0.12234  0.09877  0.00000  0.05126  0.02355  0.72564  0.38718  0.01654  0.32947  2.00000  0.10000

  1 h-m-p  0.0000 0.0002 5331.4385 YCYYCCC  4439.809776  6 0.0000    38 | 0/24
  2 h-m-p  0.0000 0.0002 401.7607 +YCCCC  4430.957083  4 0.0001    73 | 0/24
  3 h-m-p  0.0000 0.0001 324.5025 ++     4427.329771  m 0.0001   100 | 1/24
  4 h-m-p  0.0001 0.0010 143.2138 +YYCC  4423.938875  3 0.0004   132 | 1/24
  5 h-m-p  0.0002 0.0011  99.3532 YCCCC  4422.252957  4 0.0005   166 | 1/24
  6 h-m-p  0.0002 0.0014 252.9466 CYC    4420.726510  2 0.0002   196 | 1/24
  7 h-m-p  0.0005 0.0030 113.7066 CCC    4418.706878  2 0.0008   227 | 1/24
  8 h-m-p  0.0014 0.0070  63.8914 YCCC   4417.845948  3 0.0009   259 | 1/24
  9 h-m-p  0.0010 0.0050  42.7090 YYYC   4417.382387  3 0.0009   289 | 1/24
 10 h-m-p  0.0006 0.0088  62.5462 YCCC   4416.717480  3 0.0011   321 | 1/24
 11 h-m-p  0.0021 0.0170  32.0087 CCC    4416.012186  2 0.0029   352 | 1/24
 12 h-m-p  0.0016 0.0262  58.5298 CCC    4415.542012  2 0.0012   383 | 1/24
 13 h-m-p  0.0019 0.0372  37.2044 YCCC   4414.628582  3 0.0041   415 | 1/24
 14 h-m-p  0.0024 0.0120  28.8869 YC     4414.471149  1 0.0010   443 | 1/24
 15 h-m-p  0.0019 0.0179  15.6608 YCC    4414.365700  2 0.0015   473 | 1/24
 16 h-m-p  0.0080 0.2477   2.9712 YC     4414.073260  1 0.0177   501 | 1/24
 17 h-m-p  0.0096 0.1496   5.4545 YCC    4412.976069  2 0.0180   531 | 1/24
 18 h-m-p  0.0100 0.0631   9.8199 YCCC   4409.071617  3 0.0171   563 | 1/24
 19 h-m-p  0.0079 0.0471  21.2443 CCC    4406.235084  2 0.0066   594 | 1/24
 20 h-m-p  0.0115 0.1334  12.2198 YCC    4405.471506  2 0.0089   624 | 1/24
 21 h-m-p  0.0108 0.1189  10.0352 CYC    4404.980733  2 0.0124   654 | 1/24
 22 h-m-p  0.0326 0.1632   3.6376 YC     4404.953925  1 0.0041   682 | 1/24
 23 h-m-p  0.0240 0.9251   0.6256 CC     4404.922112  1 0.0277   711 | 1/24
 24 h-m-p  0.0484 2.1778   0.3574 +YCCC  4404.286979  3 0.1224   767 | 1/24
 25 h-m-p  1.6000 8.0000   0.0265 CC     4404.058269  1 1.5352   819 | 1/24
 26 h-m-p  1.6000 8.0000   0.0174 CC     4404.026373  1 1.2967   871 | 1/24
 27 h-m-p  1.6000 8.0000   0.0033 YC     4404.013273  1 2.9630   922 | 1/24
 28 h-m-p  1.6000 8.0000   0.0022 YC     4403.993894  1 3.5289   973 | 1/24
 29 h-m-p  1.6000 8.0000   0.0034 CC     4403.968999  1 2.1294  1025 | 1/24
 30 h-m-p  1.3279 8.0000   0.0054 CC     4403.960825  1 1.1190  1077 | 1/24
 31 h-m-p  1.6000 8.0000   0.0013 Y      4403.960381  0 1.2798  1127 | 1/24
 32 h-m-p  1.6000 8.0000   0.0003 C      4403.960333  0 1.3185  1177 | 1/24
 33 h-m-p  1.6000 8.0000   0.0002 C      4403.960321  0 1.4650  1227 | 1/24
 34 h-m-p  1.6000 8.0000   0.0001 C      4403.960320  0 1.4701  1277 | 1/24
 35 h-m-p  1.6000 8.0000   0.0000 C      4403.960320  0 1.4241  1327 | 1/24
 36 h-m-p  1.6000 8.0000   0.0000 Y      4403.960320  0 1.0128  1377 | 1/24
 37 h-m-p  1.6000 8.0000   0.0000 C      4403.960320  0 0.6317  1427 | 1/24
 38 h-m-p  1.6000 8.0000   0.0000 -C     4403.960320  0 0.1399  1478 | 1/24
 39 h-m-p  0.1765 8.0000   0.0000 ---Y   4403.960320  0 0.0007  1531
Out..
lnL  = -4403.960320
1532 lfun, 1532 eigenQcodon, 33704 P(t)

d123[*] =  0.03117  0.02331  0.14999  average  0.06816
    [B] =  0.18322  0.18634  0.18634  average  0.18530
accept  =  0.17013  0.12508  0.80495

w =  0.12508 dN =  0.02318 dS =  0.18530 d4 =  0.19270 (137.4 four-fold sites)
             dN*=  0.02247 dS*=  0.20180 S* = 200.24 N* = 585.76

d123[*] =  0.02391  0.01788  0.11506  average  0.05228
    [B] =  0.14055  0.14294  0.14294  average  0.14214
accept  =  0.17013  0.12508  0.80495

w =  0.12508 dN =  0.01778 dS =  0.14214 d4 =  0.14782 (137.4 four-fold sites)
             dN*=  0.01724 dS*=  0.15480 S* = 200.24 N* = 585.76

d123[*] =  0.07355  0.05500  0.35392  average  0.16082
    [B] =  0.43233  0.43968  0.43968  average  0.43723
accept  =  0.17013  0.12508  0.80495

w =  0.12508 dN =  0.05469 dS =  0.43723 d4 =  0.45469 (137.4 four-fold sites)
             dN*=  0.05302 dS*=  0.47618 S* = 200.24 N* = 585.76

d123[*] =  0.04560  0.03410  0.21943  average  0.09971
    [B] =  0.26804  0.27260  0.27260  average  0.27108
accept  =  0.17013  0.12508  0.80495

w =  0.12508 dN =  0.03391 dS =  0.27108 d4 =  0.28190 (137.4 four-fold sites)
             dN*=  0.03287 dS*=  0.29522 S* = 200.24 N* = 585.76

d123[*] =  0.04469  0.03342  0.21505  average  0.09772
    [B] =  0.26269  0.26715  0.26715  average  0.26567
accept  =  0.17013  0.12508  0.80495

w =  0.12508 dN =  0.03323 dS =  0.26567 d4 =  0.27627 (137.4 four-fold sites)
             dN*=  0.03222 dS*=  0.28933 S* = 200.24 N* = 585.76

d123[*] =  0.04473  0.03345  0.21526  average  0.09781
    [B] =  0.26294  0.26742  0.26742  average  0.26593
accept  =  0.17013  0.12508  0.80495

w =  0.12508 dN =  0.03326 dS =  0.26593 d4 =  0.27654 (137.4 four-fold sites)
             dN*=  0.03225 dS*=  0.28961 S* = 200.24 N* = 585.76

d123[*] =  0.17949  0.13420  0.86366  average  0.39245
    [B] =  1.05500  1.07294  1.07294  average  1.06696
accept  =  0.17013  0.12508  0.80495

w =  0.12508 dN =  0.13346 dS =  1.06696 d4 =  1.10957 (137.4 four-fold sites)
             dN*=  0.12939 dS*=  1.16199 S* = 200.24 N* = 585.76

d123[*] =  0.03014  0.02253  0.14501  average  0.06589
    [B] =  0.17713  0.18015  0.18015  average  0.17914
accept  =  0.17013  0.12508  0.80495

w =  0.12508 dN =  0.02241 dS =  0.17914 d4 =  0.18630 (137.4 four-fold sites)
             dN*=  0.02173 dS*=  0.19510 S* = 200.24 N* = 585.76

d123[*] =  0.01796  0.01343  0.08644  average  0.03928
    [B] =  0.10559  0.10738  0.10738  average  0.10678
accept  =  0.17013  0.12508  0.80495

w =  0.12508 dN =  0.01336 dS =  0.10678 d4 =  0.11105 (137.4 four-fold sites)
             dN*=  0.01295 dS*=  0.11629 S* = 200.24 N* = 585.76

d123[*] =  0.04666  0.03489  0.22453  average  0.10203
    [B] =  0.27428  0.27894  0.27894  average  0.27739
accept  =  0.17013  0.12508  0.80495

w =  0.12508 dN =  0.03470 dS =  0.27739 d4 =  0.28846 (137.4 four-fold sites)
             dN*=  0.03364 dS*=  0.30209 S* = 200.24 N* = 585.76

d123[*] =  0.01259  0.00941  0.06059  average  0.02753
    [B] =  0.07401  0.07527  0.07527  average  0.07485
accept  =  0.17013  0.12508  0.80495

w =  0.12508 dN =  0.00936 dS =  0.07485 d4 =  0.07784 (137.4 four-fold sites)
             dN*=  0.00908 dS*=  0.08152 S* = 200.24 N* = 585.76

d123[*] =  0.01191  0.00891  0.05732  average  0.02605
    [B] =  0.07002  0.07121  0.07121  average  0.07081
accept  =  0.17013  0.12508  0.80495

w =  0.12508 dN =  0.00886 dS =  0.07081 d4 =  0.07364 (137.4 four-fold sites)
             dN*=  0.00859 dS*=  0.07712 S* = 200.24 N* = 585.76

d123[*] =  0.02026  0.01515  0.09747  average  0.04429
    [B] =  0.11907  0.12109  0.12109  average  0.12042
accept  =  0.17013  0.12508  0.80495

w =  0.12508 dN =  0.01506 dS =  0.12042 d4 =  0.12522 (137.4 four-fold sites)
             dN*=  0.01460 dS*=  0.13114 S* = 200.24 N* = 585.76

d123[*] =  0.00796  0.00595  0.03831  average  0.01741
    [B] =  0.04680  0.04760  0.04760  average  0.04733
accept  =  0.17013  0.12508  0.80495

w =  0.12508 dN =  0.00592 dS =  0.04733 d4 =  0.04922 (137.4 four-fold sites)
             dN*=  0.00574 dS*=  0.05155 S* = 200.24 N* = 585.76

d123[*] =  0.01055  0.00789  0.05075  average  0.02306
    [B] =  0.06200  0.06305  0.06305  average  0.06270
accept  =  0.17013  0.12508  0.80495

w =  0.12508 dN =  0.00784 dS =  0.06270 d4 =  0.06520 (137.4 four-fold sites)
             dN*=  0.00760 dS*=  0.06828 S* = 200.24 N* = 585.76

d123[*] =  0.00423  0.00316  0.02034  average  0.00924
    [B] =  0.02484  0.02527  0.02527  average  0.02513
accept  =  0.17013  0.12508  0.80495

w =  0.12508 dN =  0.00314 dS =  0.02513 d4 =  0.02613 (137.4 four-fold sites)
             dN*=  0.00305 dS*=  0.02736 S* = 200.24 N* = 585.76

d123[*] =  0.00634  0.00474  0.03051  average  0.01386
    [B] =  0.03727  0.03790  0.03790  average  0.03769
accept  =  0.17013  0.12508  0.80495

w =  0.12508 dN =  0.00471 dS =  0.03769 d4 =  0.03920 (137.4 four-fold sites)
             dN*=  0.00457 dS*=  0.04105 S* = 200.24 N* = 585.76

d123[*] =  0.00362  0.00271  0.01741  average  0.00791
    [B] =  0.02127  0.02163  0.02163  average  0.02151
accept  =  0.17013  0.12508  0.80495

w =  0.12508 dN =  0.00269 dS =  0.02151 d4 =  0.02237 (137.4 four-fold sites)
             dN*=  0.00261 dS*=  0.02343 S* = 200.24 N* = 585.76

d123[*] =  0.09652  0.07217  0.46445  average  0.21105
    [B] =  0.56735  0.57700  0.57700  average  0.57378
accept  =  0.17013  0.12508  0.80495

w =  0.12508 dN =  0.07177 dS =  0.57378 d4 =  0.59669 (137.4 four-fold sites)
             dN*=  0.06958 dS*=  0.62488 S* = 200.24 N* = 585.76

d123[*] =  0.06980  0.05219  0.33589  average  0.15263
    [B] =  0.41030  0.41728  0.41728  average  0.41496
accept  =  0.17013  0.12508  0.80495

w =  0.12508 dN =  0.05190 dS =  0.41496 d4 =  0.43153 (137.4 four-fold sites)
             dN*=  0.05032 dS*=  0.45192 S* = 200.24 N* = 585.76

d123[*] =  0.00000  0.00000  0.00000  average  0.00000
    [B] =  0.00000  0.00000  0.00000  average  0.00000
accept  =  0.17013  0.12508  0.80495

w =  0.12508 dN =  0.00000 dS =  0.00000 d4 =  0.00000 (137.4 four-fold sites)
             dN*=  0.00000 dS*=  0.00000 S* = 200.24 N* = 585.76

d123[*] =  0.06301  0.04711  0.30319  average  0.13777
    [B] =  0.37035  0.37665  0.37665  average  0.37455
accept  =  0.17013  0.12508  0.80495

w =  0.12508 dN =  0.04685 dS =  0.37455 d4 =  0.38951 (137.4 four-fold sites)
             dN*=  0.04542 dS*=  0.40791 S* = 200.24 N* = 585.76
end of tree file.

Time used:  0:56
051 Omega = 0.088665
# Tree length = 7.21, average branch length = 0.33 (min=0.00, max=1.45)
# Scaling tree to neutral evolution. Factor = 3.02
# Calculating initial estimates of sitewise conservation
# Calculating conservation at each site. This may take a while.

   1:  ..................................................
  51:  ..................................................
 101:  ..................................................
 151:  ..................................................
 201:  ..................................................
 251:  ............
# Positively selected sites (cumulative)
# Significance  Number sites  Number Random
# 99% corrected      0       0
# 95% corrected      0       0
# 99%                0       0
# 95%                0       0

# Conserved sites (cumulative)
# Significance  Number sites
# 99% corrected    123
# 95% corrected    149
# 99%              195
# 95%              214
	got slr results fly42.slr
	expect results in fly42.paml
	running paml...
	got paml results
