
running fly511.fasta
	expect results in fly511.slr
	running Slr...
     seqfile:    fly511_.phy
    treefile:    fly511_.tree
     outfile:    fly511_.slr
       kappa:    2.000000e+00
       omega:    1.000000e-01
      codonf:    0
     nucleof:    0
      aminof:    0
  reoptimise:    1
     nucfile:    nuc.dat
   aminofile:    amino.dat
positive_only:    0
     gencode:    universal
     timemem:    0
       ldiff:    3.841459e+00
     paramin:    
    paramout:    
skipsitewise:    0
        seed:    0
    saveseed:    1
    freqtype:    0
   cleandata:    0
     branopt:    1
    writetmp:    0
     recover:    0

# SLR "Sitewise Likelihood Ratio" selection detection program. Version 1.4.3
# Redundency. Reduced sites from 610 to 527
# Read seqfile file fly511_.phy. 12 species, 610 sites.
# Read tree from fly511_.tree.
(((seq1:0.182510, (seq2:0.142050, (seq3:0.033890, ((seq4:0.013040, (seq5:0.003990, seq6:0.007960 ):0.004970 ):0.014880, seq7:0.024990 ):0.011010 ):0.072380 ):0.049240 ):0.031980, (seq8:0.006230, seq9:0.001930 ):0.115410 ):0.028290, (seq10:0.086870, (seq11:0.071570, seq12:0.095780 ):0.024500 ):0.043720 )
# Reoptimising parameters, branches variable
Initial	f: 8915.327789
Step     f(x)      delta
  1: 8614.154949 3.01173e+02    5 	 2634.566
  2: 8345.276277 2.68879e+02    8 	 3040.762
  3: 8169.995478 1.75281e+02   11 	 1581.377
  4: 8149.056053 2.09394e+01   21 	  328.358
  5: 8143.001461 6.05459e+00   30 	  306.413
  6: 8135.523068 7.47839e+00   37 	  335.336
  7: 8127.404607 8.11846e+00   40 	  284.341
  8: 8123.742803 3.66180e+00   47 	  289.756
  9: 8121.776615 1.96619e+00   54 	  269.230
 10: 8120.332783 1.44383e+00   62 	  176.414
 11: 8120.324253 8.52952e-03   65 	  194.652
 12: 8119.912299 4.11955e-01   73 	  164.708
 13: 8119.825770 8.65289e-02   81 	  140.492
 14: 8119.579478 2.46292e-01   84 	  152.934
 15: 8119.351688 2.27789e-01   87 	  125.718
 16: 8119.127214 2.24474e-01   90 	  119.947
 17: 8117.524581 1.60263e+00   93 	  128.703
 18: 8112.812448 4.71213e+00   96 	  155.158
 19: 8105.793942 7.01851e+00   99 	  247.478
 20: 8097.193715 8.60023e+00  102 	  347.287
 21: 8083.569412 1.36243e+01  110 	  318.523
 22: 8074.348787 9.22062e+00  118 	  256.675
 23: 8061.525958 1.28228e+01  121 	  216.995
 24: 8059.959215 1.56674e+00  130 	  176.494
 25: 8059.045890 9.13325e-01  138 	  136.330
 26: 8058.088576 9.57314e-01  141 	  120.961
 27: 8055.905741 2.18284e+00  144 	  111.905
 28: 8055.252669 6.53072e-01  147 	   38.234
 29: 8034.275688 2.09770e+01  150 	   19.998
 30: 8028.617542 5.65815e+00  158 	   21.197
 31: 8014.774654 1.38429e+01  161 	   16.832
 32: 7993.193970 2.15807e+01  164 	   11.358
 33: 7972.827387 2.03666e+01  167 	    3.067
 34: 7969.683111 3.14428e+00  174 	    5.277
 35: 7968.716786 9.66324e-01  177 B	    1.755
 36: 7967.725505 9.91282e-01  180 	    0.893
 37: 7967.630793 9.47113e-02  183 	    0.857
 38: 7967.540252 9.05413e-02  186 	    1.082
 39: 7967.494935 4.53175e-02  193 B	    0.256
 40: 7967.484933 1.00011e-02  196 	    0.131
 41: 7967.479967 4.96664e-03  199 	    0.049
 42: 7967.479721 2.45910e-04  202 	    0.045
 43: 7967.479518 2.02883e-04  205 	    0.013
 44: 7967.479496 2.18753e-05  208 	    0.006
 45: 7967.479473 2.32801e-05  211 	    0.013
 46: 7967.479469 4.06896e-06  214 	    0.010
 47: 7967.479467 1.79851e-06  217 	    0.003
 48: 7967.479466 5.47597e-07  220 	    0.001
 49: 7967.479466 2.46684e-07  223 	    0.002
 50: 7967.479466 7.11616e-08  226 	    0.002
 51: 7967.479466 2.23308e-08  251 -	    0.001
***
# lnL = 7.967479e+03
(((seq1:1.042977, (seq2:0.575606, (seq3:0.094261, ((seq4:0.047726, (seq5:0.009426, seq6:0.027756 ):0.013587 ):0.052080, seq7:0.065864 ):0.024147 ):0.405124 ):0.355684 ):0.236991, (seq8:0.021895, seq9:0.000000 ):0.431717 ):0.457402, (seq10:0.334651, (seq11:0.266327, seq12:0.461601 ):0.144693 ):0.156068 )
# Kappa = 1.950800 Omega = 0.035586
# Tree length = 5.23, average branch length = 0.24 (min=0.00, max=1.04)
# Scaling tree to neutral evolution
 15         verbose | verbose                0.00
  7         runmode | runmode                0.00
  4         seqtype | seqtype                1.00
 13       CodonFreq | CodonFreq              0.00
 16           model | model                  0.00
 20         NSsites | NSsites                0.00
 22           icode | icode                  0.00
 24       fix_kappa | fix_kappa              0.00
 25           kappa | kappa                  2.00
 26       fix_omega | fix_omega              0.00
 27           omega | omega                  0.10
CODONML in paml version 4.8a, July 2014

----------------------------------------------
Phe F TTT | Ser S TCT | Tyr Y TAT | Cys C TGT
      TTC |       TCC |       TAC |       TGC
Leu L TTA |       TCA | *** * TAA | *** * TGA
      TTG |       TCG |       TAG | Trp W TGG
----------------------------------------------
Leu L CTT | Pro P CCT | His H CAT | Arg R CGT
      CTC |       CCC |       CAC |       CGC
      CTA |       CCA | Gln Q CAA |       CGA
      CTG |       CCG |       CAG |       CGG
----------------------------------------------
Ile I ATT | Thr T ACT | Asn N AAT | Ser S AGT
      ATC |       ACC |       AAC |       AGC
      ATA |       ACA | Lys K AAA | Arg R AGA
Met M ATG |       ACG |       AAG |       AGG
----------------------------------------------
Val V GTT | Ala A GCT | Asp D GAT | Gly G GGT
      GTC |       GCC |       GAC |       GGC
      GTA |       GCA | Glu E GAA |       GGA
      GTG |       GCG |       GAG |       GGG
----------------------------------------------
Nice code, uuh?


Ambiguity character definition table:

T (1): T 
C (1): C 
A (1): A 
G (1): G 
U (1): T 
Y (2): T C 
R (2): A G 
M (2): C A 
K (2): T G 
S (2): C G 
W (2): T A 
H (3): T C A 
B (3): T C G 
V (3): C A G 
D (3): T A G 
- (4): T C A G 
N (4): T C A G 
? (4): T C A G 

ns = 12  	ls = 1830
Reading sequences, sequential format..
Reading seq # 1: seq1     Reading seq # 2: seq2     Reading seq # 3: seq3     Reading seq # 4: seq4     Reading seq # 5: seq5     Reading seq # 6: seq6     Reading seq # 7: seq7     Reading seq # 8: seq8     Reading seq # 9: seq9     Reading seq #10: seq10     Reading seq #11: seq11     Reading seq #12: seq12     
codon     394: TCG TCT TCC TCC TCC TCC TCC TCG TCG AGC AGC AGC 
Sequences read..
Counting site patterns..  0:00
         559 patterns at      610 /      610 sites (100.0%),  0:00
1 ambiguous codons are seen in the data:
 ---
Counting codons..
NG distances for seqs.:
   1
  2   1:Sites   389.7 + 1233.3 = 1623.0	Diffs   282.1 +  101.9 =  384.0   2
  3   1:Sites   393.2 + 1232.8 = 1626.0	Diffs   297.3 +   89.7 =  387.0
NG86 unusable.

  3   2:Sites   394.6 + 1231.4 = 1626.0	Diffs   260.2 +   42.8 =  303.0   3
  4   1:Sites   392.4 + 1230.6 = 1623.0	Diffs   291.2 +   92.8 =  384.0
  4   2:Sites   394.2 + 1231.8 = 1626.0	Diffs   260.5 +   43.5 =  304.0
  4   3:Sites   399.0 + 1233.0 = 1632.0	Diffs    81.0 +   15.0 =   96.0   4
  5   1:Sites   392.1 + 1230.9 = 1623.0	Diffs   288.8 +   89.2 =  378.0
  5   2:Sites   394.0 + 1232.0 = 1626.0	Diffs   255.5 +   43.5 =  299.0
  5   3:Sites   398.8 + 1233.2 = 1632.0	Diffs    74.0 +   12.0 =   86.0
  5   4:Sites   398.4 + 1233.6 = 1632.0	Diffs    32.0 +    3.0 =   35.0   5
  6   1:Sites   392.0 + 1231.0 = 1623.0	Diffs   290.7 +   89.3 =  380.0
  6   2:Sites   393.8 + 1232.2 = 1626.0	Diffs   257.0 +   43.0 =  300.0
  6   3:Sites   398.6 + 1233.4 = 1632.0	Diffs    78.0 +   14.0 =   92.0
  6   4:Sites   398.2 + 1233.8 = 1632.0	Diffs    39.0 +    5.0 =   44.0
  6   5:Sites   398.0 + 1234.0 = 1632.0	Diffs    17.0 +    2.0 =   19.0   6
  7   1:Sites   392.3 + 1230.7 = 1623.0	Diffs   283.3 +   90.7 =  374.0
  7   2:Sites   394.2 + 1231.8 = 1626.0	Diffs   261.5 +   42.5 =  304.0
  7   3:Sites   399.0 + 1233.0 = 1632.0	Diffs    73.0 +   11.0 =   84.0
  7   4:Sites   398.6 + 1233.4 = 1632.0	Diffs    63.0 +   10.0 =   73.0
  7   5:Sites   398.3 + 1233.7 = 1632.0	Diffs    60.0 +    7.0 =   67.0
  7   6:Sites   398.2 + 1233.8 = 1632.0	Diffs    65.0 +    9.0 =   74.0   7
  8   1:Sites   365.9 + 1149.1 = 1515.0	Diffs   242.7 +  102.3 =  345.0
  8   2:Sites   366.0 + 1143.0 = 1509.0	Diffs   268.8 +   67.2 =  336.0
  8   3:Sites   371.8 + 1146.2 = 1518.0	Diffs   232.8 +   78.2 =  311.0
  8   4:Sites   371.0 + 1144.0 = 1515.0	Diffs   231.7 +   77.3 =  309.0
  8   5:Sites   370.8 + 1144.2 = 1515.0	Diffs   231.7 +   76.3 =  308.0
  8   6:Sites   370.6 + 1144.4 = 1515.0	Diffs   229.2 +   74.8 =  304.0
  8   7:Sites   370.9 + 1144.1 = 1515.0	Diffs   238.7 +   74.3 =  313.0   8
  9   1:Sites   387.9 + 1235.1 = 1623.0	Diffs   262.7 +  102.3 =  365.0
  9   2:Sites   388.1 + 1228.9 = 1617.0	Diffs   290.8 +   67.2 =  358.0
  9   3:Sites   393.7 + 1232.3 = 1626.0	Diffs   254.8 +   79.2 =  334.0
  9   4:Sites   392.8 + 1230.2 = 1623.0	Diffs   251.7 +   78.3 =  330.0
  9   5:Sites   392.6 + 1230.4 = 1623.0	Diffs   252.7 +   77.3 =  330.0
  9   6:Sites   392.4 + 1230.6 = 1623.0	Diffs   250.2 +   75.8 =  326.0
  9   7:Sites   392.8 + 1230.2 = 1623.0	Diffs   260.7 +   75.3 =  336.0
  9   8:Sites   368.8 + 1152.2 = 1521.0	Diffs    11.0 +    0.0 =   11.0   9
 10   1:Sites   380.3 + 1209.7 = 1590.0	Diffs   268.8 +  113.2 =  382.0
 10   2:Sites   380.7 + 1215.3 = 1596.0	Diffs   288.9 +   90.1 =  379.0
NG86 unusable.

 10   3:Sites   385.1 + 1210.9 = 1596.0	Diffs   259.3 +   97.7 =  357.0
 10   4:Sites   384.7 + 1211.3 = 1596.0	Diffs   254.7 +  100.3 =  355.0
 10   5:Sites   384.5 + 1211.5 = 1596.0	Diffs   247.7 +   97.3 =  345.0
 10   6:Sites   384.3 + 1211.7 = 1596.0	Diffs   251.7 +   96.3 =  348.0
 10   7:Sites   384.7 + 1211.3 = 1596.0	Diffs   253.2 +   97.8 =  351.0
 10   8:Sites   363.3 + 1136.7 = 1500.0	Diffs   235.5 +   78.5 =  314.0
 10   9:Sites   381.4 + 1211.6 = 1593.0	Diffs   249.5 +   81.5 =  331.0  10
 11   1:Sites   382.2 + 1222.8 = 1605.0	Diffs   258.2 +  129.8 =  388.0
 11   2:Sites   383.2 + 1227.8 = 1611.0	Diffs   289.8 +  105.2 =  395.0
NG86 unusable.

 11   3:Sites   387.8 + 1223.2 = 1611.0	Diffs   254.0 +  108.0 =  362.0
 11   4:Sites   387.4 + 1223.6 = 1611.0	Diffs   249.5 +  109.5 =  359.0
 11   5:Sites   387.1 + 1223.9 = 1611.0	Diffs   248.5 +  105.5 =  354.0
 11   6:Sites   387.0 + 1224.0 = 1611.0	Diffs   247.5 +  104.5 =  352.0
 11   7:Sites   387.3 + 1223.7 = 1611.0	Diffs   257.5 +  109.5 =  367.0
 11   8:Sites   363.6 + 1142.4 = 1506.0	Diffs   220.7 +   94.3 =  315.0
 11   9:Sites   383.7 + 1224.3 = 1608.0	Diffs   244.7 +   96.3 =  341.0
 11  10:Sites   395.7 + 1266.3 = 1662.0	Diffs   188.2 +   58.8 =  247.0  11
 12   1:Sites   382.5 + 1216.5 = 1599.0	Diffs   263.8 +  119.2 =  383.0
 12   2:Sites   384.1 + 1223.9 = 1608.0	Diffs   294.4 +  104.6 =  399.0
NG86 unusable.

 12   3:Sites   388.0 + 1217.0 = 1605.0	Diffs   250.8 +  105.2 =  356.0
 12   4:Sites   387.6 + 1217.4 = 1605.0	Diffs   240.2 +  101.8 =  342.0
 12   5:Sites   387.4 + 1217.6 = 1605.0	Diffs   246.7 +  100.3 =  347.0
 12   6:Sites   387.2 + 1217.8 = 1605.0	Diffs   244.2 +   99.8 =  344.0
 12   7:Sites   387.6 + 1217.4 = 1605.0	Diffs   251.7 +  105.3 =  357.0
 12   8:Sites   363.5 + 1136.5 = 1500.0	Diffs   230.8 +   90.2 =  321.0
 12   9:Sites   383.7 + 1218.3 = 1602.0	Diffs   245.8 +   92.2 =  338.0
 12  10:Sites   393.3 + 1253.7 = 1647.0	Diffs   242.3 +   61.7 =  304.0
 12  11:Sites   395.5 + 1266.5 = 1662.0	Diffs   191.0 +   57.0 =  248.0  12

      528 bytes for distance
   545584 bytes for conP
        0 bytes for fhK
  5000000 bytes for space

TREE #  1
(((1, (2, (3, ((4, (5, 6)), 7)))), (8, 9)), (10, (11, 12)));   MP score: -1
This is a rooted tree, without clock.  Check.

   1   77.524982
   2   75.881344
   3   75.719667
   4   75.681370
   5   75.674557
   6   75.673875
   7   75.673713
   8   75.673692
  3000712 bytes for conP, adjusted

    0.015537    0.000000    0.169723    0.092364    0.179341    0.090508    0.053138    0.053621    0.094066    0.030680    0.068501    0.034485    0.034412    0.027096    0.070994    0.074563    0.084395    0.043482    0.101176    0.049758    0.120260    0.074966    2.000000    0.100000

ntime & nrate & np:    22     2    24

Bounds (np=24):
   0.000004   0.000004   0.000004   0.000004   0.000004   0.000004   0.000004   0.000004   0.000004   0.000004   0.000004   0.000004   0.000004   0.000004   0.000004   0.000004   0.000004   0.000004   0.000004   0.000004   0.000004   0.000004   0.000100   0.000100
  50.000000  50.000000  50.000000  50.000000  50.000000  50.000000  50.000000  50.000000  50.000000  50.000000  50.000000  50.000000  50.000000  50.000000  50.000000  50.000000  50.000000  50.000000  50.000000  50.000000  50.000000  50.000000 999.000000 999.000000

np =    24
lnL0 = -8989.498977

Iterating by ming2
Initial: fx=  8989.498977
x=  0.01554  0.00000  0.16972  0.09236  0.17934  0.09051  0.05314  0.05362  0.09407  0.03068  0.06850  0.03449  0.03441  0.02710  0.07099  0.07456  0.08440  0.04348  0.10118  0.04976  0.12026  0.07497  2.00000  0.10000

  1 h-m-p  0.0000 0.0001 13740.3156 ++     8401.395785  m 0.0001    29 | 0/24
  2 h-m-p  0.0000 0.0001 12345.5883 CYCYCCC  8389.175974  6 0.0000    66 | 0/24
  3 h-m-p  0.0000 0.0001 982.1706 ++     8312.782882  m 0.0001    93 | 0/24
  4 h-m-p  0.0000 0.0001 1515.2492 ++     8279.095735  m 0.0001   120 | 0/24
  5 h-m-p  0.0000 0.0001 2735.3784 CCCCC  8250.772032  4 0.0000   155 | 0/24
  6 h-m-p  0.0000 0.0002 750.7657 YCC    8239.766408  2 0.0001   185 | 0/24
  7 h-m-p  0.0001 0.0003 414.5594 CYC    8236.250395  2 0.0001   215 | 0/24
  8 h-m-p  0.0002 0.0032 131.5637 CYCC   8234.220407  3 0.0003   247 | 0/24
  9 h-m-p  0.0001 0.0006 457.8414 YCCC   8229.896334  3 0.0002   279 | 0/24
 10 h-m-p  0.0003 0.0017 147.3167 YCCC   8228.921362  3 0.0002   311 | 0/24
 11 h-m-p  0.0003 0.0021 115.3101 YCCC   8227.602092  3 0.0004   343 | 0/24
 12 h-m-p  0.0002 0.0008 161.8798 CCCC   8226.640653  3 0.0003   376 | 0/24
 13 h-m-p  0.0004 0.0030 102.2427 CC     8225.690062  1 0.0005   405 | 0/24
 14 h-m-p  0.0003 0.0013 113.3877 CCC    8225.224644  2 0.0003   436 | 0/24
 15 h-m-p  0.0004 0.0033  66.7326 CCC    8224.776827  2 0.0005   467 | 0/24
 16 h-m-p  0.0015 0.0113  22.7199 CC     8224.714607  1 0.0003   496 | 0/24
 17 h-m-p  0.0005 0.0523  14.3794 +YC    8224.392731  1 0.0034   525 | 0/24
 18 h-m-p  0.0027 0.0414  18.2926 CC     8224.105329  1 0.0025   554 | 0/24
 19 h-m-p  0.0017 0.0693  27.7350 YC     8223.388456  1 0.0039   582 | 0/24
 20 h-m-p  0.0072 0.0484  14.8589 CC     8223.141438  1 0.0021   611 | 0/24
 21 h-m-p  0.0128 0.2024   2.4440 +CCC   8216.755201  2 0.0686   643 | 0/24
 22 h-m-p  0.0017 0.0087  48.4477 +YCCC  8204.340607  3 0.0046   676 | 0/24
 23 h-m-p  0.0013 0.0063  51.6609 +YCCC  8197.530731  3 0.0036   709 | 0/24
 24 h-m-p  0.0018 0.0092  39.6184 YCCC   8194.917730  3 0.0034   741 | 0/24
 25 h-m-p  0.3631 1.8156   0.0789 CCC    8193.662332  2 0.5785   772 | 0/24
 26 h-m-p  0.3737 5.5148   0.1221 YCCC   8191.854167  3 0.7755   828 | 0/24
 27 h-m-p  0.6686 3.3432   0.0774 +YCCC  8189.784332  3 1.7383   885 | 0/24
 28 h-m-p  1.6000 8.0000   0.0492 YCCC   8186.814099  3 3.0214   941 | 0/24
 29 h-m-p  1.1000 5.5000   0.0872 +YYCCC  8178.350059  4 3.5844   999 | 0/24
 30 h-m-p  0.5934 2.9669   0.1059 +CCYC  8166.336703  3 2.4342  1056 | 0/24
 31 h-m-p  0.1448 0.7239   1.2887 YCCCCC  8151.883718  5 0.3038  1116 | 0/24
 32 h-m-p  0.2399 1.1995   0.4004 +YCYCCC  8138.039714  5 0.7149  1152 | 0/24
 33 h-m-p  0.5452 2.7259   0.2524 CC     8130.230328  1 0.7308  1205 | 0/24
 34 h-m-p  1.0223 5.1115   0.0761 CCC    8128.629345  2 1.0362  1260 | 0/24
 35 h-m-p  1.1908 5.9540   0.0228 CCC    8127.696746  2 1.8641  1315 | 0/24
 36 h-m-p  1.2124 7.0107   0.0350 YCC    8127.468964  2 0.7942  1369 | 0/24
 37 h-m-p  1.6000 8.0000   0.0114 YCC    8127.080969  2 2.6853  1423 | 0/24
 38 h-m-p  1.3567 8.0000   0.0225 CYC    8126.823084  2 1.6559  1477 | 0/24
 39 h-m-p  1.6000 8.0000   0.0210 YC     8126.698169  1 1.2292  1529 | 0/24
 40 h-m-p  1.6000 8.0000   0.0092 YC     8126.662427  1 1.0821  1581 | 0/24
 41 h-m-p  1.6000 8.0000   0.0027 YC     8126.659403  1 1.1342  1633 | 0/24
 42 h-m-p  1.6000 8.0000   0.0006 Y      8126.659151  0 1.0630  1684 | 0/24
 43 h-m-p  1.6000 8.0000   0.0003 Y      8126.659129  0 0.9727  1735 | 0/24
 44 h-m-p  1.6000 8.0000   0.0000 Y      8126.659128  0 0.9911  1786 | 0/24
 45 h-m-p  1.6000 8.0000   0.0000 Y      8126.659128  0 1.2366  1837 | 0/24
 46 h-m-p  1.6000 8.0000   0.0000 C      8126.659128  0 1.5453  1888 | 0/24
 47 h-m-p  1.6000 8.0000   0.0000 ----------------..  | 0/24
 48 h-m-p  0.0160 8.0000   0.0020 ----Y  8126.659128  0 0.0000  2008 | 0/24
 49 h-m-p  0.0160 8.0000   0.0019 -----C  8126.659128  0 0.0000  2064 | 0/24
 50 h-m-p  0.0160 8.0000   0.0019 -------------..  | 0/24
 51 h-m-p  0.0160 8.0000   0.0012 ------------- | 0/24
 52 h-m-p  0.0160 8.0000   0.0012 -------------
Out..
lnL  = -8126.659128
2251 lfun, 2251 eigenQcodon, 49522 P(t)

d123[*] =  0.01887  0.01038  0.14378  average  0.05768
    [B] =  0.18099  0.18393  0.18393  average  0.18295
accept  =  0.10428  0.05642  0.78168

w =  0.05642 dN =  0.01032 dS =  0.18295 d4 =  0.19035 (320.0 four-fold sites)
             dN*=  0.01005 dS*=  0.19700 S* = 466.20 N* =1363.80

d123[*] =  0.01701  0.00935  0.12958  average  0.05198
    [B] =  0.16312  0.16577  0.16577  average  0.16489
accept  =  0.10428  0.05642  0.78168

w =  0.05642 dN =  0.00930 dS =  0.16489 d4 =  0.17156 (320.0 four-fold sites)
             dN*=  0.00906 dS*=  0.17755 S* = 466.20 N* =1363.80

d123[*] =  0.09016  0.04957  0.68683  average  0.27552
    [B] =  0.86461  0.87865  0.87865  average  0.87397
accept  =  0.10428  0.05642  0.78168

w =  0.05642 dN =  0.04931 dS =  0.87397 d4 =  0.90933 (320.0 four-fold sites)
             dN*=  0.04801 dS*=  0.94106 S* = 466.20 N* =1363.80

d123[*] =  0.02277  0.01252  0.17346  average  0.06958
    [B] =  0.21836  0.22190  0.22190  average  0.22072
accept  =  0.10428  0.05642  0.78168

w =  0.05642 dN =  0.01245 dS =  0.22072 d4 =  0.22965 (320.0 four-fold sites)
             dN*=  0.01213 dS*=  0.23766 S* = 466.20 N* =1363.80

d123[*] =  0.05933  0.03262  0.45192  average  0.18129
    [B] =  0.56890  0.57814  0.57814  average  0.57506
accept  =  0.10428  0.05642  0.78168

w =  0.05642 dN =  0.03244 dS =  0.57506 d4 =  0.59833 (320.0 four-fold sites)
             dN*=  0.03159 dS*=  0.61921 S* = 466.20 N* =1363.80

d123[*] =  0.02852  0.01568  0.21726  average  0.08715
    [B] =  0.27349  0.27793  0.27793  average  0.27645
accept  =  0.10428  0.05642  0.78168

w =  0.05642 dN =  0.01560 dS =  0.27645 d4 =  0.28764 (320.0 four-fold sites)
             dN*=  0.01519 dS*=  0.29767 S* = 466.20 N* =1363.80

d123[*] =  0.00987  0.00543  0.07518  average  0.03016
    [B] =  0.09464  0.09618  0.09618  average  0.09567
accept  =  0.10428  0.05642  0.78168

w =  0.05642 dN =  0.00540 dS =  0.09567 d4 =  0.09954 (320.0 four-fold sites)
             dN*=  0.00526 dS*=  0.10301 S* = 466.20 N* =1363.80

d123[*] =  0.00215  0.00118  0.01641  average  0.00658
    [B] =  0.02066  0.02100  0.02100  average  0.02089
accept  =  0.10428  0.05642  0.78168

w =  0.05642 dN =  0.00118 dS =  0.02089 d4 =  0.02173 (320.0 four-fold sites)
             dN*=  0.00115 dS*=  0.02249 S* = 466.20 N* =1363.80

d123[*] =  0.00507  0.00279  0.03866  average  0.01551
    [B] =  0.04866  0.04945  0.04945  average  0.04919
accept  =  0.10428  0.05642  0.78168

w =  0.05642 dN =  0.00278 dS =  0.04919 d4 =  0.05118 (320.0 four-fold sites)
             dN*=  0.00270 dS*=  0.05297 S* = 466.20 N* =1363.80

d123[*] =  0.00505  0.00278  0.03850  average  0.01544
    [B] =  0.04847  0.04925  0.04925  average  0.04899
accept  =  0.10428  0.05642  0.78168

w =  0.05642 dN =  0.00276 dS =  0.04899 d4 =  0.05097 (320.0 four-fold sites)
             dN*=  0.00269 dS*=  0.05275 S* = 466.20 N* =1363.80

d123[*] =  0.00134  0.00074  0.01025  average  0.00411
    [B] =  0.01290  0.01311  0.01311  average  0.01304
accept  =  0.10428  0.05642  0.78168

w =  0.05642 dN =  0.00074 dS =  0.01304 d4 =  0.01356 (320.0 four-fold sites)
             dN*=  0.00072 dS*=  0.01404 S* = 466.20 N* =1363.80

d123[*] =  0.00103  0.00056  0.00781  average  0.00313
    [B] =  0.00984  0.01000  0.01000  average  0.00994
accept  =  0.10428  0.05642  0.78168

w =  0.05642 dN =  0.00056 dS =  0.00994 d4 =  0.01035 (320.0 four-fold sites)
             dN*=  0.00055 dS*=  0.01071 S* = 466.20 N* =1363.80

d123[*] =  0.00291  0.00160  0.02219  average  0.00890
    [B] =  0.02793  0.02838  0.02838  average  0.02823
accept  =  0.10428  0.05642  0.78168

w =  0.05642 dN =  0.00159 dS =  0.02823 d4 =  0.02937 (320.0 four-fold sites)
             dN*=  0.00155 dS*=  0.03040 S* = 466.20 N* =1363.80

d123[*] =  0.00726  0.00399  0.05531  average  0.02219
    [B] =  0.06962  0.07075  0.07075  average  0.07038
accept  =  0.10428  0.05642  0.78168

w =  0.05642 dN =  0.00397 dS =  0.07038 d4 =  0.07322 (320.0 four-fold sites)
             dN*=  0.00387 dS*=  0.07578 S* = 466.20 N* =1363.80

d123[*] =  0.04179  0.02298  0.31837  average  0.12771
    [B] =  0.40078  0.40728  0.40728  average  0.40511
accept  =  0.10428  0.05642  0.78168

w =  0.05642 dN =  0.02286 dS =  0.40511 d4 =  0.42151 (320.0 four-fold sites)
             dN*=  0.02226 dS*=  0.43621 S* = 466.20 N* =1363.80

d123[*] =  0.00113  0.00062  0.00859  average  0.00345
    [B] =  0.01081  0.01099  0.01099  average  0.01093
accept  =  0.10428  0.05642  0.78168

w =  0.05642 dN =  0.00062 dS =  0.01093 d4 =  0.01137 (320.0 four-fold sites)
             dN*=  0.00060 dS*=  0.01177 S* = 466.20 N* =1363.80

d123[*] =  0.00135  0.00074  0.01025  average  0.00411
    [B] =  0.01290  0.01311  0.01311  average  0.01304
accept  =  0.10428  0.05642  0.78168

w =  0.05642 dN =  0.00074 dS =  0.01304 d4 =  0.01357 (320.0 four-fold sites)
             dN*=  0.00072 dS*=  0.01404 S* = 466.20 N* =1363.80

d123[*] =  0.02194  0.01206  0.16710  average  0.06703
    [B] =  0.21036  0.21377  0.21377  average  0.21264
accept  =  0.10428  0.05642  0.78168

w =  0.05642 dN =  0.01200 dS =  0.21264 d4 =  0.22124 (320.0 four-fold sites)
             dN*=  0.01168 dS*=  0.22896 S* = 466.20 N* =1363.80

d123[*] =  0.03526  0.01939  0.26862  average  0.10776
    [B] =  0.33816  0.34365  0.34365  average  0.34182
accept  =  0.10428  0.05642  0.78168

w =  0.05642 dN =  0.01928 dS =  0.34182 d4 =  0.35565 (320.0 four-fold sites)
             dN*=  0.01878 dS*=  0.36806 S* = 466.20 N* =1363.80

d123[*] =  0.01259  0.00692  0.09590  average  0.03847
    [B] =  0.12073  0.12269  0.12269  average  0.12203
accept  =  0.10428  0.05642  0.78168

w =  0.05642 dN =  0.00688 dS =  0.12203 d4 =  0.12697 (320.0 four-fold sites)
             dN*=  0.00670 dS*=  0.13140 S* = 466.20 N* =1363.80

d123[*] =  0.02636  0.01449  0.20080  average  0.08055
    [B] =  0.25278  0.25688  0.25688  average  0.25551
accept  =  0.10428  0.05642  0.78168

w =  0.05642 dN =  0.01442 dS =  0.25551 d4 =  0.26585 (320.0 four-fold sites)
             dN*=  0.01404 dS*=  0.27513 S* = 466.20 N* =1363.80

d123[*] =  0.04401  0.02419  0.33522  average  0.13447
    [B] =  0.42199  0.42885  0.42885  average  0.42656
accept  =  0.10428  0.05642  0.78168

w =  0.05642 dN =  0.02407 dS =  0.42656 d4 =  0.44382 (320.0 four-fold sites)
             dN*=  0.02343 dS*=  0.45931 S* = 466.20 N* =1363.80
end of tree file.

Time used:  2:46
. Factor = 3.91
# Calculating initial estimates of sitewise conservation
# Calculating conservation at each site. This may take a while.

   1:  ..................................................
  51:  ..................................................
 101:  ..................................................
 151:  ..................................................
 201:  ..................................................
 251:  ..................................................
 301:  ..................................................
 351:  ..................................................
 401:  ..................................................
 451:  ..................................................
 501:  ..................................................
 551:  ..................................................
 601:  ..........
# Positively selected sites (cumulative)
# Significance  Number sites  Number Random
# 99% corrected      0       0
# 95% corrected      0       0
# 99%                0       0
# 95%                0       0

# Conserved sites (cumulative)
# Significance  Number sites
# 99% corrected    415
# 95% corrected    465
# 99%              516
# 95%              540
	got slr results fly511.slr
	expect results in fly511.paml
	running paml...
	got paml results
