
running fly54.fasta
	expect results in fly54.slr
	running Slr...
     seqfile:    fly54_.phy
    treefile:    fly54_.tree
     outfile:    fly54_.slr
       kappa:    2.000000e+00
       omega:    1.000000e-01
      codonf:    0
     nucleof:    0
      aminof:    0
  reoptimise:    1
     nucfile:    nuc.dat
   aminofile:    amino.dat
positive_only:    0
     gencode:    universal
     timemem:    0
       ldiff:    3.841459e+00
     paramin:    
    paramout:    
skipsitewise:    0
        seed:    0
    saveseed:    1
    freqtype:    0
   cleandata:    0
     branopt:    1
    writetmp:    0
     recover:    0

# SLR "Sitewise Likelihood Ratio" selection detection program. Version 1.4.3
# Redundency. Reduced sites from 247 to 242
# Read seqfile file fly54_.phy. 11 species, 247 sites.
# Read tree from fly54_.tree.
((flyg1:0.133390, (flyg2:0.142030, flyg3:0.139390 ):0.030670 ):0.118750, (((flyg4:0.001350, flyg5:0.000000 ):0.294440, (flyg6:0.139920, ((flyg7:0.022250, flyg8:0.022000 ):0.025320, (flyg9:0.037520, flyg10:0.028930 ):0.012010 ):0.090620 ):0.083770 ):0.072730, flyg11:0.335610 ):0.023970 )
# Reoptimising parameters, branches variable
Initial	f: 5400.595861
Step     f(x)      delta
  1: 5239.530490 1.61065e+02    5 B	 1387.511
  2: 5042.393868 1.97137e+02    8 	  736.140
  3: 4951.340476 9.10534e+01   11 	  813.708
  4: 4879.011970 7.23285e+01   14 	 1940.173
  5: 4838.043552 4.09684e+01   23 	  404.972
  6: 4818.385248 1.96583e+01   31 	  349.321
  7: 4810.540567 7.84468e+00   39 	  266.188
  8: 4785.057249 2.54833e+01   42 	  222.437
  9: 4772.781769 1.22755e+01   49 	  191.076
 10: 4767.004939 5.77683e+00   52 	  181.335
 11: 4764.180953 2.82399e+00   55 	  158.131
 12: 4763.426760 7.54193e-01   58 	  175.347
 13: 4762.805163 6.21597e-01   61 	  176.708
 14: 4753.246677 9.55849e+00   69 	  171.086
 15: 4750.670316 2.57636e+00   77 	  169.175
 16: 4743.490552 7.17976e+00   80 	  162.990
 17: 4741.006690 2.48386e+00   88 	  160.904
 18: 4739.725822 1.28087e+00   96 	  159.401
 19: 4731.205847 8.51998e+00   99 	  137.676
 20: 4729.542578 1.66327e+00  106 	  132.532
 21: 4726.079343 3.46324e+00  109 	  128.040
 22: 4725.596652 4.82691e-01  117 	  128.483
 23: 4725.198134 3.98518e-01  126 	  127.240
 24: 4725.053466 1.44668e-01  134 	  126.315
 25: 4724.947767 1.05699e-01  142 	  126.771
 26: 4720.467327 4.48044e+00  145 	   23.666
 27: 4720.087380 3.79947e-01  152 	    9.504
 28: 4719.913999 1.73381e-01  155 	    8.637
 29: 4719.609402 3.04597e-01  158 	    7.293
 30: 4719.126152 4.83250e-01  161 	    6.693
 31: 4718.236648 8.89504e-01  164 	    5.373
 32: 4718.150672 8.59764e-02  167 	    4.905
 33: 4717.407964 7.42708e-01  175 	    3.330
 34: 4717.065118 3.42846e-01  182 	    2.639
 35: 4716.708662 3.56456e-01  185 	    2.086
 36: 4715.925559 7.83103e-01  188 	    1.376
 37: 4715.328562 5.96996e-01  191 	    1.671
 38: 4715.004545 3.24017e-01  199 	    1.575
 39: 4714.152309 8.52236e-01  202 	    1.699
 40: 4713.551451 6.00858e-01  205 	    1.195
 41: 4713.206245 3.45205e-01  208 	    0.750
 42: 4713.095304 1.10942e-01  211 	    0.544
 43: 4713.033379 6.19245e-02  214 	    0.236
 44: 4713.003764 2.96149e-02  217 	    0.093
 45: 4712.999396 4.36794e-03  220 	    0.026
 46: 4712.999105 2.90778e-04  223 	    0.011
 47: 4712.999048 5.76079e-05  226 	    0.006
 48: 4712.999040 7.51269e-06  229 	    0.003
 49: 4712.999040 5.20838e-07  232 	    0.000
 50: 4712.999040 1.41108e-08  262 	    0.000
***
# lnL = 4.712999e+03
((flyg1:0.585205, (flyg2:0.691439, flyg3:0.555442 ):0.305537 ):0.400191, (((flyg4:0.008494, flyg5:0.000010 ):2.026612, (flyg6:0.721370, ((flyg7:0.077385, flyg8:0.079300 ):0.130537, (flyg9:0.130276, flyg10:0.114148 ):0.024935 ):0.421030 ):0.493158 ):0.497950, flyg11:2.334239 ):0.306859 )
# Kappa = 1.663962 Omega = 0.075047
# Tree length = 9.90, average branch length = 0.50 (min=0.00, max=2.33)
# Scaling tree to neutral evolution. Factor = 3.52
# Calculating initial estimates of sitewise conservation
# Calculating conservation at each site. This may take a while.

   1:  ..................................................
  51:  ..................................................
 101:  ..................................................
 151:  ..................................................
 201:  ...............................................
# Positively selected sites (cumulative)
# Significance  Number sites  Number Random
# 99% corrected      0       0
# 95% corrected      0       0
# 99%                0       0
# 95%                0       0

# Conserved sites (cumulative)
# Significance  Number sites
# 99% corrected    157
# 95% corrected    182
# 99%              213
# 95%              220
	got slr results fly54.slr
