
running fly561.fasta
	expect results in fly561.slr
	running Slr...
     seqfile:    fly561_.phy
    treefile:    fly561_.tree
     outfile:    fly561_.slr
       kappa:    2.000000e+00
       omega:    1.000000e-01
      codonf:    0
     nucleof:    0
      aminof:    0
  reoptimise:    1
     nucfile:    nuc.dat
   aminofile:    amino.dat
positive_only:    0
     gencode:    universal
     timemem:    0
       ldiff:    3.841459e+00
     paramin:    
    paramout:    
skipsitewise:    0
        seed:    0
    saveseed:    1
    freqtype:    0
   cleandata:    0
     branopt:    1
    writetmp:    0
     recover:    0

# SLR "Sitewise Likelihood Ratio" selection detection program. Version 1.4.3
# Redundency. Reduced sites from 668 to 584
# Read seqfile file fly561_.phy. 12 species, 668 sites.
# Read tree from fly561_.tree.
((((seq1:0.008940, seq2:0.002710 ):0.060890, (((seq3:0.021450, seq4:0.021140 ):0.018520, ((seq5:0.009380, seq6:0.020000 ):0.003280, seq7:0.013990 ):0.015450 ):0.072600, seq8:0.116110 ):0.049220 ):0.024310, seq9:0.156380 ):0.019830, ((seq10:0.089500, seq11:0.064260 ):0.026500, seq12:0.095320 ):0.036310 )
# Reoptimising parameters, branches variable
Initial	f: 9231.949034
Step     f(x)      delta
  1: 8792.304602 4.39644e+02    5 	 4389.867
  2: 8467.815910 3.24489e+02    8 	 5730.680
  3: 8290.044751 1.77771e+02   11 	 5174.668
  4: 8282.499205 7.54555e+00   22 	 5075.122
  5: 8279.086946 3.41226e+00   32 	 5071.713
  6: 8273.776369 5.31058e+00   39 	 5043.228
  7: 8271.648877 2.12749e+00   42 	 5031.431
  8: 8270.236444 1.41243e+00   50 	 5026.849
  9: 8269.297896 9.38548e-01   57 	 5036.385
 10: 8125.608678 1.43689e+02   60 	  335.955
 11: 8117.909371 7.69931e+00   63 	  331.696
 12: 8112.218648 5.69072e+00   66 	  313.008
 13: 8106.230503 5.98815e+00   74 	  327.993
 14: 8103.089719 3.14078e+00   81 	  300.844
 15: 8099.811652 3.27807e+00   84 	  282.848
 16: 8098.123316 1.68834e+00   87 	  304.867
 17: 8097.138958 9.84358e-01   95 	  327.973
 18: 8095.676815 1.46214e+00  102 	  296.129
 19: 8095.247844 4.28971e-01  109 	  312.460
 20: 8091.307656 3.94019e+00  112 	  169.342
 21: 8091.004822 3.02834e-01  121 	  134.073
 22: 8090.295470 7.09352e-01  124 	  122.366
 23: 8089.168269 1.12720e+00  127 	  119.285
 24: 8087.718375 1.44989e+00  130 	  131.709
 25: 8086.221702 1.49667e+00  137 	  100.271
 26: 8086.072849 1.48853e-01  140 	  131.009
 27: 8085.184108 8.88741e-01  148 	  118.997
 28: 8084.789674 3.94433e-01  156 	  105.693
 29: 8083.830634 9.59040e-01  159 	   97.057
 30: 8083.427035 4.03599e-01  167 	   99.471
 31: 8082.452599 9.74436e-01  170 	   95.582
 32: 8082.315644 1.36955e-01  179 	   91.902
 33: 8081.503378 8.12266e-01  182 	   82.299
 34: 8081.132371 3.71007e-01  190 	   93.015
 35: 8080.951033 1.81338e-01  197 	   84.293
 36: 8080.791493 1.59540e-01  200 	   91.336
 37: 8080.629002 1.62490e-01  208 	   83.890
 38: 8079.499586 1.12942e+00  211 	   83.285
 39: 8079.379843 1.19744e-01  219 	   81.705
 40: 8079.240017 1.39826e-01  222 	   84.871
 41: 8078.924774 3.15243e-01  229 	   78.412
 42: 8078.266882 6.57892e-01  232 	  142.254
 43: 8077.039039 1.22784e+00  239 	   53.293
 44: 8076.256127 7.82912e-01  242 	   43.746
 45: 8075.037852 1.21827e+00  245 	   41.604
 46: 8071.647714 3.39014e+00  248 	   33.929
 47: 8068.439075 3.20864e+00  251 	   27.030
 48: 8063.193325 5.24575e+00  254 	   23.246
 49: 8050.772449 1.24209e+01  257 	   12.810
 50: 8044.233035 6.53941e+00  264 	   10.438
 51: 8042.928377 1.30466e+00  267 	    9.708
 52: 8042.091676 8.36701e-01  270 	    5.818
 53: 8041.870474 2.21202e-01  278 	    5.071
 54: 8041.726513 1.43961e-01  285 	    1.296
 55: 8041.689654 3.68591e-02  292 	    0.672
 56: 8041.683729 5.92481e-03  295 	    0.157
 57: 8041.681105 2.62407e-03  298 	    0.051
 58: 8041.680766 3.39494e-04  301 	    0.063
 59: 8041.680708 5.79512e-05  304 	    0.006
 60: 8041.680702 5.52241e-06  307 	    0.002
 61: 8041.680701 6.50266e-07  310 	    0.002
 62: 8041.680701 1.56
 15         verbose | verbose                0.00
  7         runmode | runmode                0.00
  4         seqtype | seqtype                1.00
 13       CodonFreq | CodonFreq              0.00
 16           model | model                  0.00
 20         NSsites | NSsites                0.00
 22           icode | icode                  0.00
 24       fix_kappa | fix_kappa              0.00
 25           kappa | kappa                  2.00
 26       fix_omega | fix_omega              0.00
 27           omega | omega                  0.10
CODONML in paml version 4.8a, July 2014

----------------------------------------------
Phe F TTT | Ser S TCT | Tyr Y TAT | Cys C TGT
      TTC |       TCC |       TAC |       TGC
Leu L TTA |       TCA | *** * TAA | *** * TGA
      TTG |       TCG |       TAG | Trp W TGG
----------------------------------------------
Leu L CTT | Pro P CCT | His H CAT | Arg R CGT
      CTC |       CCC |       CAC |       CGC
      CTA |       CCA | Gln Q CAA |       CGA
      CTG |       CCG |       CAG |       CGG
----------------------------------------------
Ile I ATT | Thr T ACT | Asn N AAT | Ser S AGT
      ATC |       ACC |       AAC |       AGC
      ATA |       ACA | Lys K AAA | Arg R AGA
Met M ATG |       ACG |       AAG |       AGG
----------------------------------------------
Val V GTT | Ala A GCT | Asp D GAT | Gly G GGT
      GTC |       GCC |       GAC |       GGC
      GTA |       GCA | Glu E GAA |       GGA
      GTG |       GCG |       GAG |       GGG
----------------------------------------------
Nice code, uuh?


Ambiguity character definition table:

T (1): T 
C (1): C 
A (1): A 
G (1): G 
U (1): T 
Y (2): T C 
R (2): A G 
M (2): C A 
K (2): T G 
S (2): C G 
W (2): T A 
H (3): T C A 
B (3): T C G 
V (3): C A G 
D (3): T A G 
- (4): T C A G 
N (4): T C A G 
? (4): T C A G 

ns = 12  	ls = 2004
Reading sequences, sequential format..
Reading seq # 1: seq1     Reading seq # 2: seq2     Reading seq # 3: seq3     Reading seq # 4: seq4     Reading seq # 5: seq5     Reading seq # 6: seq6     Reading seq # 7: seq7     Reading seq # 8: seq8     Reading seq # 9: seq9     Reading seq #10: seq10     Reading seq #11: seq11     Reading seq #12: seq12     
codon     194: AGC AGC TCT TCT TCC TCT TCC TCG AGC AGC AGC AGC 
Sequences read..
Counting site patterns..  0:00
         584 patterns at      668 /      668 sites (100.0%),  0:00
1 ambiguous codons are seen in the data:
 ---
Counting codons..
NG distances for seqs.:
   1
  2   1:Sites   441.3 + 1553.7 = 1995.0	Diffs    21.0 +    2.0 =   23.0   2
  3   1:Sites   440.1 + 1545.9 = 1986.0	Diffs   294.0 +   29.0 =  323.0
  3   2:Sites   439.8 + 1546.2 = 1986.0	Diffs   293.0 +   29.0 =  322.0   3
  4   1:Sites   438.5 + 1547.5 = 1986.0	Diffs   298.0 +   27.0 =  325.0
  4   2:Sites   438.2 + 1547.8 = 1986.0	Diffs   299.0 +   27.0 =  326.0
  4   3:Sites   439.5 + 1546.5 = 1986.0	Diffs    78.5 +    2.5 =   81.0   4
  5   1:Sites   440.0 + 1546.0 = 1986.0	Diffs   291.0 +   27.0 =  318.0
  5   2:Sites   439.7 + 1546.3 = 1986.0	Diffs   289.0 +   27.0 =  316.0
  5   3:Sites   440.9 + 1545.1 = 1986.0	Diffs   112.0 +    4.0 =  116.0
  5   4:Sites   439.3 + 1546.7 = 1986.0	Diffs   114.0 +    2.0 =  116.0   5
  6   1:Sites   438.8 + 1547.2 = 1986.0	Diffs   295.0 +   30.0 =  325.0
  6   2:Sites   438.5 + 1547.5 = 1986.0	Diffs   295.0 +   29.0 =  324.0
  6   3:Sites   439.8 + 1546.2 = 1986.0	Diffs   121.5 +    6.5 =  128.0
  6   4:Sites   438.2 + 1547.8 = 1986.0	Diffs   119.5 +    4.5 =  124.0
  6   5:Sites   439.6 + 1546.4 = 1986.0	Diffs    50.0 +    4.0 =   54.0   6
  7   1:Sites   440.2 + 1545.8 = 1986.0	Diffs   303.0 +   26.0 =  329.0
  7   2:Sites   439.9 + 1546.1 = 1986.0	Diffs   301.0 +   26.0 =  327.0
  7   3:Sites   441.1 + 1544.9 = 1986.0	Diffs   112.0 +    6.0 =  118.0
  7   4:Sites   439.5 + 1546.5 = 1986.0	Diffs   108.0 +    4.0 =  112.0
  7   5:Sites   441.0 + 1545.0 = 1986.0	Diffs    45.0 +    3.0 =   48.0
  7   6:Sites   439.8 + 1546.2 = 1986.0	Diffs    61.0 +    5.0 =   66.0   7
  8   1:Sites   437.1 + 1557.9 = 1995.0	Diffs   313.5 +   29.5 =  343.0
  8   2:Sites   436.8 + 1558.2 = 1995.0	Diffs   311.5 +   28.5 =  340.0
  8   3:Sites   435.7 + 1550.3 = 1986.0	Diffs   303.5 +   17.5 =  321.0
  8   4:Sites   434.0 + 1552.0 = 1986.0	Diffs   307.0 +   16.0 =  323.0
  8   5:Sites   435.5 + 1550.5 = 1986.0	Diffs   311.5 +   16.5 =  328.0
  8   6:Sites   434.4 + 1551.6 = 1986.0	Diffs   310.0 +   20.0 =  330.0
  8   7:Sites   435.7 + 1550.3 = 1986.0	Diffs   307.5 +   15.5 =  323.0   8
  9   1:Sites   434.1 + 1560.9 = 1995.0	Diffs   323.5 +   29.5 =  353.0
  9   2:Sites   433.8 + 1561.2 = 1995.0	Diffs   317.5 +   28.5 =  346.0
  9   3:Sites   432.5 + 1553.5 = 1986.0	Diffs   380.5 +   35.5 =  416.0
NG86 unusable.

  9   4:Sites   430.9 + 1555.1 = 1986.0	Diffs   373.0 +   34.0 =  407.0
NG86 unusable.

  9   5:Sites   432.3 + 1553.7 = 1986.0	Diffs   364.5 +   36.5 =  401.0
NG86 unusable.

  9   6:Sites   431.2 + 1554.8 = 1986.0	Diffs   362.0 +   37.0 =  399.0
NG86 unusable.

  9   7:Sites   432.5 + 1553.5 = 1986.0	Diffs   360.5 +   32.5 =  393.0
NG86 unusable.

  9   8:Sites   429.6 + 1565.4 = 1995.0	Diffs   358.5 +   40.5 =  399.0
NG86 unusable.
   9
 10   1:Sites   432.6 + 1532.4 = 1965.0	Diffs   314.2 +   43.8 =  358.0
 10   2:Sites   432.3 + 1532.7 = 1965.0	Diffs   311.2 +   43.8 =  355.0
 10   3:Sites   433.6 + 1531.4 = 1965.0	Diffs   341.2 +   52.8 =  394.0
NG86 unusable.

 10   4:Sites   432.0 + 1533.0 = 1965.0	Diffs   349.2 +   56.8 =  406.0
NG86 unusable.

 10   5:Sites   433.5 + 1531.5 = 1965.0	Diffs   333.9 +   54.1 =  388.0
NG86 unusable.

 10   6:Sites   432.3 + 1532.7 = 1965.0	Diffs   340.4 +   56.6 =  397.0
NG86 unusable.

 10   7:Sites   433.7 + 1531.3 = 1965.0	Diffs   337.9 +   51.1 =  389.0
NG86 unusable.

 10   8:Sites   428.2 + 1536.8 = 1965.0	Diffs   353.2 +   58.8 =  412.0
NG86 unusable.

 10   9:Sites   424.7 + 1540.3 = 1965.0	Diffs   344.0 +   52.0 =  396.0
NG86 unusable.
  10
 11   1:Sites   432.6 + 1532.4 = 1965.0	Diffs   288.0 +   40.0 =  328.0
 11   2:Sites   432.3 + 1532.7 = 1965.0	Diffs   287.5 +   38.5 =  326.0
 11   3:Sites   433.5 + 1531.5 = 1965.0	Diffs   319.5 +   46.5 =  366.0
 11   4:Sites   431.9 + 1533.1 = 1965.0	Diffs   329.5 +   47.5 =  377.0
NG86 unusable.

 11   5:Sites   433.4 + 1531.6 = 1965.0	Diffs   324.0 +   48.0 =  372.0
 11   6:Sites   432.3 + 1532.7 = 1965.0	Diffs   327.5 +   50.5 =  378.0
NG86 unusable.

 11   7:Sites   433.6 + 1531.4 = 1965.0	Diffs   323.0 +   47.0 =  370.0
 11   8:Sites   428.1 + 1536.9 = 1965.0	Diffs   349.0 +   49.0 =  398.0
NG86 unusable.

 11   9:Sites   424.6 + 1540.4 = 1965.0	Diffs   334.5 +   39.5 =  374.0
NG86 unusable.

 11  10:Sites   431.6 + 1542.4 = 1974.0	Diffs   229.0 +   24.0 =  253.0  11
 12   1:Sites   431.9 + 1533.1 = 1965.0	Diffs   302.7 +   44.3 =  347.0
 12   2:Sites   431.6 + 1533.4 = 1965.0	Diffs   303.7 +   44.3 =  348.0
 12   3:Sites   432.8 + 1532.2 = 1965.0	Diffs   338.0 +   55.0 =  393.0
NG86 unusable.

 12   4:Sites   431.2 + 1533.8 = 1965.0	Diffs   339.0 +   53.0 =  392.0
NG86 unusable.

 12   5:Sites   432.7 + 1532.3 = 1965.0	Diffs   321.5 +   51.5 =  373.0
 12   6:Sites   431.6 + 1533.4 = 1965.0	Diffs   333.5 +   54.5 =  388.0
NG86 unusable.

 12   7:Sites   432.9 + 1532.1 = 1965.0	Diffs   326.5 +   53.5 =  380.0
NG86 unusable.

 12   8:Sites   427.4 + 1537.6 = 1965.0	Diffs   354.5 +   50.5 =  405.0
NG86 unusable.

 12   9:Sites   423.9 + 1541.1 = 1965.0	Diffs   338.5 +   47.5 =  386.0
NG86 unusable.

 12  10:Sites   430.9 + 1543.1 = 1974.0	Diffs   264.5 +   36.5 =  301.0
 12  11:Sites   430.9 + 1543.1 = 1974.0	Diffs   250.0 +   34.0 =  284.0  12

      528 bytes for distance
   569984 bytes for conP
        0 bytes for fhK
  5000000 bytes for space

TREE #  1
((((1, 2), (((3, 4), ((5, 6), 7)), 8)), 9), ((10, 11), 12));   MP score: -1
This is a rooted tree, without clock.  Check.

   1   17.141126
   2    8.571870
   3    6.886479
   4    6.831090
   5    6.823770
   6    6.823461
   7    6.823406
   8    6.823399
   9    6.823396
  3134912 bytes for conP, adjusted

    0.207798    0.211583    0.301413    0.054083    0.000000    0.152109    0.472069    0.006217    0.067293    0.069452    0.102836    0.008443    0.081320    0.000735    0.044227    0.620880    0.856215    0.235743    0.108716    0.266331    0.278072    0.330619    2.000000    0.100000

ntime & nrate & np:    22     2    24

Bounds (np=24):
   0.000004   0.000004   0.000004   0.000004   0.000004   0.000004   0.000004   0.000004   0.000004   0.000004   0.000004   0.000004   0.000004   0.000004   0.000004   0.000004   0.000004   0.000004   0.000004   0.000004   0.000004   0.000004   0.000100   0.000100
  50.000000  50.000000  50.000000  50.000000  50.000000  50.000000  50.000000  50.000000  50.000000  50.000000  50.000000  50.000000  50.000000  50.000000  50.000000  50.000000  50.000000  50.000000  50.000000  50.000000  50.000000  50.000000 999.000000 999.000000

np =    24
lnL0 = -8676.979560

Iterating by ming2
Initial: fx=  8676.979560
x=  0.20780  0.21158  0.30141  0.05408  0.00000  0.15211  0.47207  0.00622  0.06729  0.06945  0.10284  0.00844  0.08132  0.00073  0.04423  0.62088  0.85621  0.23574  0.10872  0.26633  0.27807  0.33062  2.00000  0.10000

  1 h-m-p  0.0000 0.0000 27353.0063 +YYYYYCCCCC  8378.696712 10 0.0000    44 | 0/24
  2 h-m-p  0.0000 0.0000 2424.9244 CYCCCC  8369.990561  5 0.0000    80 | 0/24
  3 h-m-p  0.0000 0.0001 628.5020 ++     8354.315531  m 0.0001   107 | 1/24
  4 h-m-p  0.0000 0.0001 877.0210 CCCC   8351.380465  3 0.0000   140 | 1/24
  5 h-m-p  0.0001 0.0003 266.0744 CCCC   8349.012543  3 0.0001   173 | 0/24
  6 h-m-p  0.0000 0.0002 633.0812 YYCCC  8346.037584  4 0.0001   206 | 0/24
  7 h-m-p  0.0001 0.0007 332.3949 +CCCC  8335.573713  3 0.0004   240 | 0/24
  8 h-m-p  0.0001 0.0006 224.0719 YCCC   8333.284494  3 0.0002   272 | 0/24
  9 h-m-p  0.0004 0.0020 115.7746 CCCC   8330.576000  3 0.0006   305 | 0/24
 10 h-m-p  0.0002 0.0008 199.3047 CCC    8329.592239  2 0.0002   336 | 0/24
 11 h-m-p  0.0003 0.0046 111.0465 YCC    8328.185628  2 0.0005   366 | 0/24
 12 h-m-p  0.0003 0.0032 169.1024 CCC    8326.619896  2 0.0004   397 | 0/24
 13 h-m-p  0.0012 0.0062  51.9019 CCC    8326.209126  2 0.0004   428 | 0/24
 14 h-m-p  0.0004 0.0102  54.7496 +YCCC  8322.768721  3 0.0029   461 | 0/24
 15 h-m-p  0.0026 0.0149  61.3902 CCC    8319.620949  2 0.0024   492 | 0/24
 16 h-m-p  0.0021 0.0109  70.1694 CCCCC  8314.337195  4 0.0026   527 | 0/24
 17 h-m-p  0.0021 0.0107  48.3743 CCCC   8308.402307  3 0.0034   560 | 0/24
 18 h-m-p  0.0014 0.0068  36.8446 +YCCC  8300.212456  3 0.0041   593 | 0/24
 19 h-m-p  0.0032 0.0160  39.3223 CCCCC  8293.173087  4 0.0038   628 | 0/24
 20 h-m-p  0.0029 0.0144  50.6380 YYYYC  8289.363912  4 0.0029   659 | 0/24
 21 h-m-p  0.0035 0.0191  41.3653 YCC    8287.813336  2 0.0022   689 | 0/24
 22 h-m-p  0.0069 0.0343   9.7213 CYC    8286.832364  2 0.0063   719 | 0/24
 23 h-m-p  0.0169 0.1480   3.6107 +CYYYYYYCCC  8227.659236 10 0.1085   760 | 0/24
 24 h-m-p  0.0008 0.0040  67.7627 CYCCC  8220.167950  4 0.0016   794 | 0/24
 25 h-m-p  0.0835 0.4322   1.3160 CCCC   8213.912329  3 0.1283   827 | 0/24
 26 h-m-p  0.0033 0.0166  26.5157 +YCCC  8197.000302  3 0.0090   860 | 0/24
 27 h-m-p  0.5974 2.9871   0.1716 CCCC   8189.216861  3 0.8205   893 | 0/24
 28 h-m-p  0.4816 2.4080   0.0720 YCCC   8186.626196  3 1.0271   949 | 0/24
 29 h-m-p  1.2841 8.0000   0.0575 YCC    8185.943022  2 0.9067  1003 | 0/24
 30 h-m-p  1.6000 8.0000   0.0204 YC     8185.786328  1 1.1164  1055 | 0/24
 31 h-m-p  1.6000 8.0000   0.0097 YC     8185.757932  1 1.0864  1107 | 0/24
 32 h-m-p  1.6000 8.0000   0.0020 C      8185.754649  0 1.6464  1158 | 0/24
 33 h-m-p  1.6000 8.0000   0.0007 CC     8185.752682  1 2.0617  1211 | 0/24
 34 h-m-p  1.5963 8.0000   0.0009 C      8185.751483  0 1.3027  1262 | 0/24
 35 h-m-p  1.6000 8.0000   0.0005 Y      8185.751349  0 1.2265  1313 | 0/24
 36 h-m-p  1.6000 8.0000   0.0001 Y      8185.751344  0 1.1170  1364 | 0/24
 37 h-m-p  1.6000 8.0000   0.0000 Y      8185.751344  0 1.1771  1415 | 0/24
 38 h-m-p  1.6000 8.0000   0.0000 Y      8185.751344  0 1.6000  1466 | 0/24
 39 h-m-p  1.6000 8.0000   0.0000 --------------C  8185.751344  0 0.0000  1531
Out..
lnL  = -8185.751344
1532 lfun, 1532 eigenQcodon, 33704 P(t)

d123[*] =  0.01038  0.00227  0.12760  average  0.04675
    [B] =  0.16257  0.16522  0.16522  average  0.16434
accept  =  0.06383  0.01376  0.77229

w =  0.01376 dN =  0.00226 dS =  0.16434 d4 =  0.17098 (350.4 four-fold sites)
             dN*=  0.00220 dS*=  0.17707 S* = 510.52 N* =1493.48

d123[*] =  0.00758  0.00166  0.09315  average  0.03413
    [B] =  0.11869  0.12062  0.12062  average  0.11998
accept  =  0.06383  0.01376  0.77229

w =  0.01376 dN =  0.00165 dS =  0.11998 d4 =  0.12483 (350.4 four-fold sites)
             dN*=  0.00161 dS*=  0.12927 S* = 510.52 N* =1493.48

d123[*] =  0.01830  0.00401  0.22497  average  0.08242
    [B] =  0.28663  0.29130  0.29130  average  0.28974
accept  =  0.06383  0.01376  0.77229

w =  0.01376 dN =  0.00399 dS =  0.28974 d4 =  0.30146 (350.4 four-fold sites)
             dN*=  0.00388 dS*=  0.31219 S* = 510.52 N* =1493.48

d123[*] =  0.00192  0.00042  0.02361  average  0.00865
    [B] =  0.03008  0.03057  0.03057  average  0.03041
accept  =  0.06383  0.01376  0.77229

w =  0.01376 dN =  0.00042 dS =  0.03041 d4 =  0.03164 (350.4 four-fold sites)
             dN*=  0.00041 dS*=  0.03276 S* = 510.52 N* =1493.48

d123[*] =  0.00096  0.00021  0.01176  average  0.00431
    [B] =  0.01498  0.01522  0.01522  average  0.01514
accept  =  0.06383  0.01376  0.77229

w =  0.01376 dN =  0.00021 dS =  0.01514 d4 =  0.01575 (350.4 four-fold sites)
             dN*=  0.00020 dS*=  0.01631 S* = 510.52 N* =1493.48

d123[*] =  0.02012  0.00441  0.24744  average  0.09066
    [B] =  0.31526  0.32039  0.32039  average  0.31868
accept  =  0.06383  0.01376  0.77229

w =  0.01376 dN =  0.00439 dS =  0.31868 d4 =  0.33156 (350.4 four-fold sites)
             dN*=  0.00427 dS*=  0.34337 S* = 510.52 N* =1493.48

d123[*] =  0.02345  0.00514  0.28829  average  0.10562
    [B] =  0.36730  0.37329  0.37329  average  0.37129
accept  =  0.06383  0.01376  0.77229

w =  0.01376 dN =  0.00511 dS =  0.37129 d4 =  0.38630 (350.4 four-fold sites)
             dN*=  0.00497 dS*=  0.40006 S* = 510.52 N* =1493.48

d123[*] =  0.00376  0.00082  0.04621  average  0.01693
    [B] =  0.05888  0.05984  0.05984  average  0.05952
accept  =  0.06383  0.01376  0.77229

w =  0.01376 dN =  0.00082 dS =  0.05952 d4 =  0.06192 (350.4 four-fold sites)
             dN*=  0.00080 dS*=  0.06413 S* = 510.52 N* =1493.48

d123[*] =  0.00563  0.00123  0.06925  average  0.02537
    [B] =  0.08823  0.08966  0.08966  average  0.08919
accept  =  0.06383  0.01376  0.77229

w =  0.01376 dN =  0.00123 dS =  0.08919 d4 =  0.09279 (350.4 four-fold sites)
             dN*=  0.00119 dS*=  0.09610 S* = 510.52 N* =1493.48

d123[*] =  0.00535  0.00117  0.06579  average  0.02410
    [B] =  0.08382  0.08519  0.08519  average  0.08473
accept  =  0.06383  0.01376  0.77229

w =  0.01376 dN =  0.00117 dS =  0.08473 d4 =  0.08816 (350.4 four-fold sites)
             dN*=  0.00114 dS*=  0.09130 S* = 510.52 N* =1493.48

d123[*] =  0.00466  0.00102  0.05731  average  0.02100
    [B] =  0.07302  0.07421  0.07421  average  0.07381
accept  =  0.06383  0.01376  0.77229

w =  0.01376 dN =  0.00102 dS =  0.07381 d4 =  0.07679 (350.4 four-fold sites)
             dN*=  0.00099 dS*=  0.07953 S* = 510.52 N* =1493.48

d123[*] =  0.00080  0.00018  0.00986  average  0.00361
    [B] =  0.01256  0.01276  0.01276  average  0.01270
accept  =  0.06383  0.01376  0.77229

w =  0.01376 dN =  0.00017 dS =  0.01270 d4 =  0.01321 (350.4 four-fold sites)
             dN*=  0.00017 dS*=  0.01368 S* = 510.52 N* =1493.48

d123[*] =  0.00227  0.00050  0.02795  average  0.01024
    [B] =  0.03561  0.03619  0.03619  average  0.03600
accept  =  0.06383  0.01376  0.77229

w =  0.01376 dN =  0.00050 dS =  0.03600 d4 =  0.03746 (350.4 four-fold sites)
             dN*=  0.00048 dS*=  0.03879 S* = 510.52 N* =1493.48

d123[*] =  0.00484  0.00106  0.05956  average  0.02182
    [B] =  0.07589  0.07712  0.07712  average  0.07671
accept  =  0.06383  0.01376  0.77229

w =  0.01376 dN =  0.00106 dS =  0.07671 d4 =  0.07981 (350.4 four-fold sites)
             dN*=  0.00103 dS*=  0.08266 S* = 510.52 N* =1493.48

d123[*] =  0.00326  0.00072  0.04013  average  0.01470
    [B] =  0.05113  0.05196  0.05196  average  0.05169
accept  =  0.06383  0.01376  0.77229

w =  0.01376 dN =  0.00071 dS =  0.05169 d4 =  0.05378 (350.4 four-fold sites)
             dN*=  0.00069 dS*=  0.05569 S* = 510.52 N* =1493.48

d123[*] =  0.03783  0.00829  0.46515  average  0.17042
    [B] =  0.59265  0.60230  0.60230  average  0.59908
accept  =  0.06383  0.01376  0.77229

w =  0.01376 dN =  0.00824 dS =  0.59908 d4 =  0.62330 (350.4 four-fold sites)
             dN*=  0.00803 dS*=  0.64550 S* = 510.52 N* =1493.48

d123[*] =  0.05272  0.01155  0.64826  average  0.23751
    [B] =  0.82594  0.83939  0.83939  average  0.83490
accept  =  0.06383  0.01376  0.77229

w =  0.01376 dN =  0.01149 dS =  0.83490 d4 =  0.86866 (350.4 four-fold sites)
             dN*=  0.01119 dS*=  0.89959 S* = 510.52 N* =1493.48

d123[*] =  0.01245  0.00273  0.15303  average  0.05607
    [B] =  0.19498  0.19815  0.19815  average  0.19709
accept  =  0.06383  0.01376  0.77229

w =  0.01376 dN =  0.00271 dS =  0.19709 d4 =  0.20506 (350.4 four-fold sites)
             dN*=  0.00264 dS*=  0.21236 S* = 510.52 N* =1493.48

d123[*] =  0.00638  0.00140  0.07845  average  0.02874
    [B] =  0.09995  0.10158  0.10158  average  0.10104
accept  =  0.06383  0.01376  0.77229

w =  0.01376 dN =  0.00139 dS =  0.10104 d4 =  0.10512 (350.4 four-fold sites)
             dN*=  0.00135 dS*=  0.10887 S* = 510.52 N* =1493.48

d123[*] =  0.02707  0.00593  0.33288  average  0.12196
    [B] =  0.42412  0.43103  0.43103  average  0.42872
accept  =  0.06383  0.01376  0.77229

w =  0.01376 dN =  0.00590 dS =  0.42872 d4 =  0.44606 (350.4 four-fold sites)
             dN*=  0.00574 dS*=  0.46194 S* = 510.52 N* =1493.48

d123[*] =  0.01859  0.00407  0.22854  average  0.08373
    [B] =  0.29118  0.29593  0.29593  average  0.29435
accept  =  0.06383  0.01376  0.77229

w =  0.01376 dN =  0.00405 dS =  0.29435 d4 =  0.30625 (350.4 four-fold sites)
             dN*=  0.00394 dS*=  0.31715 S* = 510.52 N* =1493.48

d123[*] =  0.02893  0.00634  0.35571  average  0.13032
    [B] =  0.45320  0.46058  0.46058  average  0.45812
accept  =  0.06383  0.01376  0.77229

w =  0.01376 dN =  0.00630 dS =  0.45812 d4 =  0.47664 (350.4 four-fold sites)
             dN*=  0.00614 dS*=  0.49362 S* = 510.52 N* =1493.48
end of tree file.

Time used:  1:52
328e-07  313 	    0.000
 63: 8041.680701 1.88429e-08  341 -	    0.000
***
# lnL = 8.041681e+03
((((seq1:0.025020, seq2:0.011627 ):0.330528, (((seq3:0.074395, seq4:0.063140 ):0.039983, ((seq5:0.030055, seq6:0.059939 ):0.013664, seq7:0.037219 ):0.070374 ):0.408474, seq8:0.504029 ):0.318335 ):0.156658, seq9:0.715698 ):0.203316, ((seq10:0.395533, seq11:0.241993 ):0.100822, seq12:0.419698 ):0.219796 )
# Kappa = 1.229944 Omega = 0.009185
# Tree length = 4.44, average branch length = 0.20 (min=0.01, max=0.72)
# Scaling tree to neutral evolution. Factor = 4.57
# Calculating initial estimates of sitewise conservation
# Calculating conservation at each site. This may take a while.

   1:  ..................................................
  51:  ..................................................
 101:  ..................................................
 151:  ..................................................
 201:  ..................................................
 251:  ..................................................
 301:  ..................................................
 351:  ..................................................
 401:  ..................................................
 451:  ..................................................
 501:  ..................................................
 551:  ..................................................
 601:  ..................................................
 651:  ..................
# Positively selected sites (cumulative)
# Significance  Number sites  Number Random
# 99% corrected      0       0
# 95% corrected      0       0
# 99%                0       0
# 95%                0       0

# Conserved sites (cumulative)
# Significance  Number sites
# 99% corrected    625
# 95% corrected    657
# 99%              660
# 95%              665
	got slr results fly561.slr
	expect results in fly561.paml
	running paml...
	got paml results
