
running fly929.fasta
	expect results in fly929.slr
	running Slr...
     seqfile:    fly929_.phy
    treefile:    fly929_.tree
     outfile:    fly929_.slr
       kappa:    2.000000e+00
       omega:    1.000000e-01
      codonf:    0
     nucleof:    0
      aminof:    0
  reoptimise:    1
     nucfile:    nuc.dat
   aminofile:    amino.dat
positive_only:    0
     gencode:    universal
     timemem:    0
       ldiff:    3.841459e+00
     paramin:    
    paramout:    
skipsitewise:    0
        seed:    0
    saveseed:    1
    freqtype:    0
   cleandata:    0
     branopt:    1
    writetmp:    0
     recover:    0

# SLR "Sitewise Likelihood Ratio" selection detection program. Version 1.4.3
# Redundency. Reduced sites from 441 to 402
# Read seqfile file fly929_.phy. 12 species, 441 sites.
# Read tree from fly929_.tree.
((((seq1:0.000000, seq2:0.085610 ):0.078920, (seq3:0.099540, ((((seq4:0.006890, seq5:0.002440 ):0.004850, seq6:0.007780 ):0.014390, seq7:0.021510 ):0.009280, seq8:0.003460 ):0.068960 ):0.023890 ):0.046890, seq9:0.130930 ):0.027500, ((seq10:0.074590, seq11:0.039730 ):0.028420, seq12:0.065460 ):0.030340 )
# Reoptimising parameters, branches variable
Initial	f: 6505.282982
Step     f(x)      delta
  1: 6272.230032 2.33053e+02    5 	 2403.145
  2: 6011.886518 2.60344e+02    8 	 1897.277
  3: 5927.932057 8.39545e+01   15 	  602.296
  4: 5912.266366 1.56657e+01   18 	  679.134
  5: 5903.149496 9.11687e+00   26 	  651.369
  6: 5879.434532 2.37150e+01   29 	  636.697
  7: 5871.053271 8.38126e+00   37 	  624.935
  8: 5868.189406 2.86387e+00   44 	  607.588
  9: 5856.319025 1.18704e+01   47 	  587.744
 10: 5854.195373 2.12365e+00   54 	  562.610
 11: 5846.698058 7.49731e+00   61 	  482.780
 12: 5841.541000 5.15706e+00   64 	  456.771
 13: 5838.115732 3.42527e+00   71 	  444.786
 14: 5836.919786 1.19595e+00   74 	  495.029
 15: 5836.394343 5.25443e-01   83 	  438.350
 16: 5836.027763 3.66580e-01   91 	  430.350
 17: 5835.514129 5.13635e-01   94 	  423.267
 18: 5834.886508 6.27620e-01   97 	  415.988
 19: 5834.490839 3.95670e-01  100 	  399.837
 20: 5833.499509 9.91330e-01  107 	  381.432
 21: 5832.480578 1.01893e+00  110 	  363.373
 22: 5832.111298 3.69280e-01  113 	  341.697
 23: 5829.861571 2.24973e+00  120 	  327.427
 24: 5827.635974 2.22560e+00  123 	  307.503
 25: 5822.521640 5.11433e+00  126 	  294.375
 26: 5802.808870 1.97128e+01  129 	  240.371
 27: 5793.998554 8.81032e+00  137 	  218.811
 28: 5793.600030 3.98524e-01  146 	  213.315
 29: 5793.145116 4.54914e-01  154 	  203.785
 30: 5791.827720 1.31740e+00  157 	  199.165
 31: 5788.538328 3.28939e+00  160 	  206.188
 32: 5784.601397 3.93693e+00  163 	  176.129
 33: 5783.777211 8.24186e-01  172 	  185.186
 34: 5781.485874 2.29134e+00  175 	  152.788
 35: 5780.833441 6.52433e-01  184 	  161.485
 36: 5779.012270 1.82117e+00  187 	  124.854
 37: 5778.221517 7.90753e-01  196 	  131.069
 38: 5774.062765 4.15875e+00  199 	   89.034
 39: 5768.514821 5.54794e+00  206 	   89.329
 40: 5766.913295 1.60153e+00  214 	   98.479
 41: 5766.904880 8.41463e-03  217 	   89.103
 42: 5766.286878 6.18002e-01  224 	   52.690
 43: 5765.833901 4.52977e-01  232 	   47.325
 44: 5765.524527 3.09374e-01  240 	   47.280
 45: 5765.329064 1.95463e-01  243 	   35.123
 46: 5765.267069 6.19951e-02  252 	   24.536
 47: 5765.141073 1.25996e-01  255 	   22.704
 48: 5765.140627 4.45546e-04  269 	    5.665
 49: 5764.973577 1.67050e-01  272 	    5.757
 50: 5764.657673 3.15904e-01  275 	    5.475
 51: 5764.155279 5.02394e-01  278 	    5.352
 52: 5763.470963 6.84316e-01  281 	    3.730
 53: 5763.260742 2.10221e-01  284 	    1.903
 54: 5763.235927 2.48158e-02  287 	    0.630
 55: 5763.187192 4.87350e-02  290 	    0.748
 56: 5763.183365 3.82697e-03  293 	    0.550
 57: 5763.181460 1.90516e-03  296 	    0.202
 58: 5763.180996 4.63982e-04  299 	    0.054
 59: 5763.180905 9.09520e-05  302 	    0.010
 60: 5763.180873 3.20144e-05  305 	    0.014
 61: 5763.180864 8.33085e-06  308 	    0.016
 62: 5763.180863 1.07
 15         verbose | verbose                0.00
  7         runmode | runmode                0.00
  4         seqtype | seqtype                1.00
 13       CodonFreq | CodonFreq              0.00
 16           model | model                  0.00
 20         NSsites | NSsites                0.00
 22           icode | icode                  0.00
 24       fix_kappa | fix_kappa              0.00
 25           kappa | kappa                  2.00
 26       fix_omega | fix_omega              0.00
 27           omega | omega                  0.10
CODONML in paml version 4.8a, July 2014

----------------------------------------------
Phe F TTT | Ser S TCT | Tyr Y TAT | Cys C TGT
      TTC |       TCC |       TAC |       TGC
Leu L TTA |       TCA | *** * TAA | *** * TGA
      TTG |       TCG |       TAG | Trp W TGG
----------------------------------------------
Leu L CTT | Pro P CCT | His H CAT | Arg R CGT
      CTC |       CCC |       CAC |       CGC
      CTA |       CCA | Gln Q CAA |       CGA
      CTG |       CCG |       CAG |       CGG
----------------------------------------------
Ile I ATT | Thr T ACT | Asn N AAT | Ser S AGT
      ATC |       ACC |       AAC |       AGC
      ATA |       ACA | Lys K AAA | Arg R AGA
Met M ATG |       ACG |       AAG |       AGG
----------------------------------------------
Val V GTT | Ala A GCT | Asp D GAT | Gly G GGT
      GTC |       GCC |       GAC |       GGC
      GTA |       GCA | Glu E GAA |       GGA
      GTG |       GCG |       GAG |       GGG
----------------------------------------------
Nice code, uuh?


Ambiguity character definition table:

T (1): T 
C (1): C 
A (1): A 
G (1): G 
U (1): T 
Y (2): T C 
R (2): A G 
M (2): C A 
K (2): T G 
S (2): C G 
W (2): T A 
H (3): T C A 
B (3): T C G 
V (3): C A G 
D (3): T A G 
- (4): T C A G 
N (4): T C A G 
? (4): T C A G 

ns = 12  	ls = 1323
Reading sequences, sequential format..
Reading seq # 1: seq1     Reading seq # 2: seq2     Reading seq # 3: seq3     Reading seq # 4: seq4     Reading seq # 5: seq5     Reading seq # 6: seq6     Reading seq # 7: seq7     Reading seq # 8: seq8     Reading seq # 9: seq9     Reading seq #10: seq10     Reading seq #11: seq11     Reading seq #12: seq12     
Sequences read..
Counting site patterns..  0:00
         414 patterns at      441 /      441 sites (100.0%),  0:00
1 ambiguous codons are seen in the data:
 ---
Counting codons..
NG distances for seqs.:
   1
  2   1:Sites   195.7 +  629.3 =  825.0	Diffs    12.0 +   11.0 =   23.0   2
  3   1:Sites   288.7 +  950.3 = 1239.0	Diffs   159.5 +   63.5 =  223.0
  3   2:Sites   187.5 +  613.5 =  801.0	Diffs   104.8 +   57.2 =  162.0   3
  4   1:Sites   291.5 +  953.5 = 1245.0	Diffs   161.0 +   48.0 =  209.0
  4   2:Sites   189.5 +  617.5 =  807.0	Diffs   102.3 +   44.7 =  147.0
  4   3:Sites   290.3 +  951.7 = 1242.0	Diffs   163.5 +   49.5 =  213.0   4
  5   1:Sites   291.9 +  953.1 = 1245.0	Diffs   156.0 +   45.0 =  201.0
  5   2:Sites   189.9 +  617.1 =  807.0	Diffs    96.3 +   41.7 =  138.0
  5   3:Sites   290.6 +  951.4 = 1242.0	Diffs   159.5 +   47.5 =  207.0
  5   4:Sites   295.6 +  964.4 = 1260.0	Diffs    11.0 +    2.0 =   13.0   5
  6   1:Sites   291.7 +  953.3 = 1245.0	Diffs   162.3 +   45.7 =  208.0
  6   2:Sites   189.8 +  617.2 =  807.0	Diffs   101.3 +   41.7 =  143.0
  6   3:Sites   290.5 +  951.5 = 1242.0	Diffs   158.0 +   46.0 =  204.0
  6   4:Sites   295.5 +  964.5 = 1260.0	Diffs    28.0 +    3.0 =   31.0
  6   5:Sites   295.9 +  964.1 = 1260.0	Diffs    23.0 +    1.0 =   24.0   6
  7   1:Sites   290.6 +  954.4 = 1245.0	Diffs   144.8 +   48.2 =  193.0
  7   2:Sites   188.8 +  618.2 =  807.0	Diffs    93.8 +   44.2 =  138.0
  7   3:Sites   289.4 +  952.6 = 1242.0	Diffs   160.5 +   47.5 =  208.0
  7   4:Sites   294.4 +  965.6 = 1260.0	Diffs    63.0 +    8.0 =   71.0
  7   5:Sites   294.8 +  965.2 = 1260.0	Diffs    60.0 +    6.0 =   66.0
  7   6:Sites   294.6 +  965.4 = 1260.0	Diffs    60.0 +    5.0 =   65.0   7
  8   1:Sites   292.0 +  953.0 = 1245.0	Diffs   145.3 +   45.7 =  191.0
  8   2:Sites   190.2 +  616.8 =  807.0	Diffs    91.3 +   41.7 =  133.0
  8   3:Sites   290.8 +  951.2 = 1242.0	Diffs   155.0 +   47.0 =  202.0
  8   4:Sites   295.8 +  964.2 = 1260.0	Diffs    49.0 +    7.0 =   56.0
  8   5:Sites   296.1 +  963.9 = 1260.0	Diffs    46.0 +    5.0 =   51.0
  8   6:Sites   296.0 +  964.0 = 1260.0	Diffs    49.0 +    4.0 =   53.0
  8   7:Sites   294.9 +  965.1 = 1260.0	Diffs    49.0 +    5.0 =   54.0   8
  9   1:Sites   288.4 +  962.6 = 1251.0	Diffs   208.2 +   73.8 =  282.0
  9   2:Sites   187.7 +  625.3 =  813.0	Diffs   143.5 +   66.5 =  210.0
NG86 unusable.

  9   3:Sites   284.4 +  954.6 = 1239.0	Diffs   210.7 +   86.2 =  297.0
  9   4:Sites   284.5 +  951.5 = 1236.0	Diffs   199.2 +   70.8 =  270.0
  9   5:Sites   284.8 +  951.2 = 1236.0	Diffs   198.2 +   68.8 =  267.0
  9   6:Sites   284.7 +  951.3 = 1236.0	Diffs   195.2 +   69.8 =  265.0
  9   7:Sites   283.6 +  952.4 = 1236.0	Diffs   197.8 +   68.2 =  266.0
  9   8:Sites   285.0 +  951.0 = 1236.0	Diffs   196.9 +   69.1 =  266.0   9
 10   1:Sites   285.6 +  959.4 = 1245.0	Diffs   164.8 +   97.2 =  262.0
 10   2:Sites   185.3 +  621.7 =  807.0	Diffs   115.6 +   83.4 =  199.0
 10   3:Sites   282.7 +  950.3 = 1233.0	Diffs   184.3 +  107.8 =  292.0
 10   4:Sites   283.0 +  947.0 = 1230.0	Diffs   182.8 +   97.2 =  280.0
 10   5:Sites   283.3 +  946.7 = 1230.0	Diffs   183.9 +   96.1 =  280.0
 10   6:Sites   283.2 +  946.8 = 1230.0	Diffs   185.4 +   95.6 =  281.0
 10   7:Sites   282.1 +  947.9 = 1230.0	Diffs   181.4 +   97.6 =  279.0
 10   8:Sites   283.5 +  946.5 = 1230.0	Diffs   185.6 +   93.4 =  279.0
 10   9:Sites   283.1 +  967.9 = 1251.0	Diffs   199.8 +   92.2 =  292.0  10
 11   1:Sites   286.6 +  955.4 = 1242.0	Diffs   171.0 +   81.0 =  252.0
 11   2:Sites   185.7 +  618.3 =  804.0	Diffs   121.3 +   73.7 =  195.0
 11   3:Sites   283.1 +  946.9 = 1230.0	Diffs   173.5 +   92.5 =  266.0
 11   4:Sites   283.3 +  943.7 = 1227.0	Diffs   180.3 +   82.7 =  263.0
 11   5:Sites   283.6 +  943.4 = 1227.0	Diffs   181.3 +   79.7 =  261.0
 11   6:Sites   283.5 +  943.5 = 1227.0	Diffs   180.3 +   78.7 =  259.0
 11   7:Sites   282.4 +  944.6 = 1227.0	Diffs   181.3 +   80.7 =  262.0
 11   8:Sites   283.8 +  943.2 = 1227.0	Diffs   176.5 +   75.5 =  252.0
 11   9:Sites   284.1 +  963.9 = 1248.0	Diffs   195.4 +   82.6 =  278.0
 11  10:Sites   285.1 +  968.9 = 1254.0	Diffs   108.5 +   48.5 =  157.0  11
 12   1:Sites   288.3 +  956.7 = 1245.0	Diffs   184.5 +   77.5 =  262.0
 12   2:Sites   186.4 +  620.6 =  807.0	Diffs   131.3 +   65.7 =  197.0
 12   3:Sites   284.2 +  948.8 = 1233.0	Diffs   175.7 +   89.3 =  265.0
 12   4:Sites   284.5 +  945.5 = 1230.0	Diffs   173.5 +   76.5 =  250.0
 12   5:Sites   284.9 +  945.1 = 1230.0	Diffs   170.5 +   75.5 =  246.0
 12   6:Sites   284.7 +  945.3 = 1230.0	Diffs   173.5 +   74.5 =  248.0
 12   7:Sites   283.6 +  946.4 = 1230.0	Diffs   176.0 +   76.0 =  252.0
 12   8:Sites   285.0 +  945.0 = 1230.0	Diffs   168.7 +   75.3 =  244.0
 12   9:Sites   285.3 +  965.7 = 1251.0	Diffs   203.0 +   72.0 =  275.0
 12  10:Sites   285.3 +  965.7 = 1251.0	Diffs   146.0 +   59.0 =  205.0
 12  11:Sites   286.7 +  964.3 = 1251.0	Diffs   132.5 +   41.5 =  174.0  12

      528 bytes for distance
   404064 bytes for conP
        0 bytes for fhK
  5000000 bytes for space

TREE #  1
((((1, 2), (3, ((((4, 5), 6), 7), 8))), 9), ((10, 11), 12));   MP score: -1
This is a rooted tree, without clock.  Check.

   1   18.197042
   2   16.619984
   3   16.360270
   4   16.358343
   5   16.358150
   6   16.358104
   7   16.358098
  2222352 bytes for conP, adjusted

    0.035268    0.143298    0.224001    0.000000    0.111713    0.051351    0.231477    0.116951    0.060586    0.042352    0.053961    0.034507    0.021410    0.026280    0.050678    0.070892    0.484436    0.063214    0.086173    0.143661    0.138950    0.156430    2.000000    0.100000

ntime & nrate & np:    22     2    24

Bounds (np=24):
   0.000004   0.000004   0.000004   0.000004   0.000004   0.000004   0.000004   0.000004   0.000004   0.000004   0.000004   0.000004   0.000004   0.000004   0.000004   0.000004   0.000004   0.000004   0.000004   0.000004   0.000004   0.000004   0.000100   0.000100
  50.000000  50.000000  50.000000  50.000000  50.000000  50.000000  50.000000  50.000000  50.000000  50.000000  50.000000  50.000000  50.000000  50.000000  50.000000  50.000000  50.000000  50.000000  50.000000  50.000000  50.000000  50.000000 999.000000 999.000000

np =    24
lnL0 = -6087.351668

Iterating by ming2
Initial: fx=  6087.351668
x=  0.03527  0.14330  0.22400  0.00000  0.11171  0.05135  0.23148  0.11695  0.06059  0.04235  0.05396  0.03451  0.02141  0.02628  0.05068  0.07089  0.48444  0.06321  0.08617  0.14366  0.13895  0.15643  2.00000  0.10000

  1 h-m-p  0.0000 0.0001 1150.4970 ++     6041.203963  m 0.0001    29 | 0/24
  2 h-m-p  0.0000 0.0000 9087.5701 YCC    6019.819653  2 0.0000    59 | 0/24
  3 h-m-p  0.0000 0.0002 828.8441 YCCC   6005.818043  3 0.0001    91 | 0/24
  4 h-m-p  0.0000 0.0002 585.1368 +YYCYCCC  5984.656388  6 0.0002   128 | 0/24
  5 h-m-p  0.0000 0.0001 1892.8889 +YYCCC  5967.918166  4 0.0001   162 | 0/24
  6 h-m-p  0.0000 0.0001 388.3653 +YYYC  5963.757240  3 0.0001   193 | 0/24
  7 h-m-p  0.0003 0.0021 119.6150 CCC    5961.596846  2 0.0004   224 | 0/24
  8 h-m-p  0.0002 0.0010 127.3257 YCC    5960.987976  2 0.0001   254 | 0/24
  9 h-m-p  0.0001 0.0018 140.7883 YC     5959.757534  1 0.0003   282 | 0/24
 10 h-m-p  0.0004 0.0036 105.2066 CYC    5959.473332  2 0.0001   312 | 0/24
 11 h-m-p  0.0003 0.0038  44.2567 YC     5959.340195  1 0.0002   340 | 0/24
 12 h-m-p  0.0003 0.0195  32.3516 +YC    5959.081773  1 0.0009   369 | 0/24
 13 h-m-p  0.0005 0.0048  54.6248 YCC    5958.903525  2 0.0004   399 | 0/24
 14 h-m-p  0.0008 0.0044  28.6631 CC     5958.851538  1 0.0003   428 | 0/24
 15 h-m-p  0.0004 0.0642  20.8991 +CC    5958.640412  1 0.0023   458 | 0/24
 16 h-m-p  0.0026 0.0328  18.0531 CC     5958.470734  1 0.0026   487 | 0/24
 17 h-m-p  0.0029 0.0491  16.3277 CC     5958.354590  1 0.0025   516 | 0/24
 18 h-m-p  0.0035 0.0632  11.3968 CC     5958.318258  1 0.0014   545 | 0/24
 19 h-m-p  0.0044 0.2155   3.6343 YC     5958.307805  1 0.0021   573 | 0/24
 20 h-m-p  0.0119 0.4274   0.6303 CC     5958.304839  1 0.0041   602 | 0/24
 21 h-m-p  0.0070 0.5869   0.3696 +CC    5958.222780  1 0.0396   656 | 0/24
 22 h-m-p  0.0057 0.0286   2.5377 CCC    5957.868441  2 0.0084   711 | 0/24
 23 h-m-p  0.0057 0.0533   3.7566 CC     5957.851461  1 0.0022   740 | 0/24
 24 h-m-p  0.3757 8.0000   0.0220 CC     5957.778488  1 0.5440   769 | 0/24
 25 h-m-p  0.0037 0.1342   3.1940 YC     5957.761451  1 0.0023   821 | 0/24
 26 h-m-p  1.2467 8.0000   0.0060 C      5957.712239  0 1.2467   848 | 0/24
 27 h-m-p  1.6000 8.0000   0.0018 CC     5957.705670  1 2.0807   901 | 0/24
 28 h-m-p  1.6000 8.0000   0.0013 YC     5957.704848  1 1.0972   953 | 0/24
 29 h-m-p  1.6000 8.0000   0.0003 Y      5957.704770  0 1.0509  1004 | 0/24
 30 h-m-p  1.6000 8.0000   0.0000 +Y     5957.704558  0 5.1021  1056 | 0/24
 31 h-m-p  1.6000 8.0000   0.0001 Y      5957.704507  0 1.1933  1107 | 0/24
 32 h-m-p  1.6000 8.0000   0.0000 Y      5957.704507  0 0.9408  1158 | 0/24
 33 h-m-p  1.6000 8.0000   0.0000 Y      5957.704507  0 0.8834  1209 | 0/24
 34 h-m-p  1.6000 8.0000   0.0000 --C    5957.704507  0 0.0302  1262
Out..
lnL  = -5957.704507
1263 lfun, 1263 eigenQcodon, 27786 P(t)

d123[*] =  0.01405  0.00873  0.09274  average  0.03851
    [B] =  0.11598  0.11788  0.11788  average  0.11725
accept  =  0.12115  0.07409  0.78677

w =  0.07409 dN =  0.00869 dS =  0.11725 d4 =  0.12198 (231.3 four-fold sites)
             dN*=  0.00845 dS*=  0.12643 S* = 337.04 N* = 985.96

d123[*] =  0.02808  0.01745  0.18533  average  0.07695
    [B] =  0.23177  0.23555  0.23555  average  0.23429
accept  =  0.12115  0.07409  0.78677

w =  0.07409 dN =  0.01736 dS =  0.23429 d4 =  0.24375 (231.3 four-fold sites)
             dN*=  0.01689 dS*=  0.25264 S* = 337.04 N* = 985.96

d123[*] =  0.03733  0.02320  0.24638  average  0.10230
    [B] =  0.30813  0.31316  0.31316  average  0.31148
accept  =  0.12115  0.07409  0.78677

w =  0.07409 dN =  0.02308 dS =  0.31148 d4 =  0.32406 (231.3 four-fold sites)
             dN*=  0.02246 dS*=  0.33588 S* = 337.04 N* = 985.96

d123[*] =  0.00077  0.00048  0.00508  average  0.00211
    [B] =  0.00636  0.00646  0.00646  average  0.00643
accept  =  0.12115  0.07409  0.78677

w =  0.07409 dN =  0.00048 dS =  0.00643 d4 =  0.00669 (231.3 four-fold sites)
             dN*=  0.00046 dS*=  0.00693 S* = 337.04 N* = 985.96

d123[*] =  0.01015  0.00631  0.06699  average  0.02782
    [B] =  0.08378  0.08515  0.08515  average  0.08469
accept  =  0.12115  0.07409  0.78677

w =  0.07409 dN =  0.00628 dS =  0.08469 d4 =  0.08812 (231.3 four-fold sites)
             dN*=  0.00611 dS*=  0.09133 S* = 337.04 N* = 985.96

d123[*] =  0.01376  0.00855  0.09079  average  0.03770
    [B] =  0.11354  0.11540  0.11540  average  0.11478
accept  =  0.12115  0.07409  0.78677

w =  0.07409 dN =  0.00850 dS =  0.11478 d4 =  0.11941 (231.3 four-fold sites)
             dN*=  0.00828 dS*=  0.12377 S* = 337.04 N* = 985.96

d123[*] =  0.05408  0.03361  0.35694  average  0.14821
    [B] =  0.44639  0.45368  0.45368  average  0.45125
accept  =  0.12115  0.07409  0.78677

w =  0.07409 dN =  0.03343 dS =  0.45125 d4 =  0.46948 (231.3 four-fold sites)
             dN*=  0.03254 dS*=  0.48660 S* = 337.04 N* = 985.96

d123[*] =  0.02967  0.01844  0.19581  average  0.08130
    [B] =  0.24488  0.24888  0.24888  average  0.24754
accept  =  0.12115  0.07409  0.78677

w =  0.07409 dN =  0.01834 dS =  0.24754 d4 =  0.25754 (231.3 four-fold sites)
             dN*=  0.01785 dS*=  0.26693 S* = 337.04 N* = 985.96

d123[*] =  0.00476  0.00296  0.03139  average  0.01304
    [B] =  0.03926  0.03990  0.03990  average  0.03969
accept  =  0.12115  0.07409  0.78677

w =  0.07409 dN =  0.00294 dS =  0.03969 d4 =  0.04129 (231.3 four-fold sites)
             dN*=  0.00286 dS*=  0.04280 S* = 337.04 N* = 985.96

d123[*] =  0.00669  0.00416  0.04413  average  0.01832
    [B] =  0.05518  0.05609  0.05609  average  0.05578
accept  =  0.12115  0.07409  0.78677

w =  0.07409 dN =  0.00413 dS =  0.05578 d4 =  0.05804 (231.3 four-fold sites)
             dN*=  0.00402 dS*=  0.06015 S* = 337.04 N* = 985.96

d123[*] =  0.00266  0.00165  0.01754  average  0.00728
    [B] =  0.02194  0.02230  0.02230  average  0.02218
accept  =  0.12115  0.07409  0.78677

w =  0.07409 dN =  0.00164 dS =  0.02218 d4 =  0.02307 (231.3 four-fold sites)
             dN*=  0.00160 dS*=  0.02391 S* = 337.04 N* = 985.96

d123[*] =  0.00303  0.00188  0.01998  average  0.00829
    [B] =  0.02498  0.02539  0.02539  average  0.02526
accept  =  0.12115  0.07409  0.78677

w =  0.07409 dN =  0.00187 dS =  0.02526 d4 =  0.02628 (231.3 four-fold sites)
             dN*=  0.00182 dS*=  0.02723 S* = 337.04 N* = 985.96

d123[*] =  0.00093  0.00058  0.00616  average  0.00256
    [B] =  0.00770  0.00783  0.00783  average  0.00778
accept  =  0.12115  0.07409  0.78677

w =  0.07409 dN =  0.00058 dS =  0.00778 d4 =  0.00810 (231.3 four-fold sites)
             dN*=  0.00056 dS*=  0.00839 S* = 337.04 N* = 985.96

d123[*] =  0.00389  0.00242  0.02569  average  0.01067
    [B] =  0.03213  0.03266  0.03266  average  0.03248
accept  =  0.12115  0.07409  0.78677

w =  0.07409 dN =  0.00241 dS =  0.03248 d4 =  0.03379 (231.3 four-fold sites)
             dN*=  0.00234 dS*=  0.03503 S* = 337.04 N* = 985.96

d123[*] =  0.01133  0.00704  0.07481  average  0.03106
    [B] =  0.09355  0.09508  0.09508  average  0.09457
accept  =  0.12115  0.07409  0.78677

w =  0.07409 dN =  0.00701 dS =  0.09457 d4 =  0.09839 (231.3 four-fold sites)
             dN*=  0.00682 dS*=  0.10198 S* = 337.04 N* = 985.96

d123[*] =  0.00175  0.00109  0.01154  average  0.00479
    [B] =  0.01443  0.01467  0.01467  average  0.01459
accept  =  0.12115  0.07409  0.78677

w =  0.07409 dN =  0.00108 dS =  0.01459 d4 =  0.01518 (231.3 four-fold sites)
             dN*=  0.00105 dS*=  0.01573 S* = 337.04 N* = 985.96

d123[*] =  0.07579  0.04711  0.50023  average  0.20771
    [B] =  0.62559  0.63581  0.63581  average  0.63240
accept  =  0.12115  0.07409  0.78677

w =  0.07409 dN =  0.04685 dS =  0.63240 d4 =  0.65795 (231.3 four-fold sites)
             dN*=  0.04560 dS*=  0.68194 S* = 337.04 N* = 985.96

d123[*] =  0.01745  0.01085  0.11516  average  0.04782
    [B] =  0.14402  0.14638  0.14638  average  0.14559
accept  =  0.12115  0.07409  0.78677

w =  0.07409 dN =  0.01079 dS =  0.14559 d4 =  0.15147 (231.3 four-fold sites)
             dN*=  0.01050 dS*=  0.15700 S* = 337.04 N* = 985.96

d123[*] =  0.01631  0.01014  0.10769  average  0.04471
    [B] =  0.13467  0.13687  0.13687  average  0.13614
accept  =  0.12115  0.07409  0.78677

w =  0.07409 dN =  0.01009 dS =  0.13614 d4 =  0.14164 (231.3 four-fold sites)
             dN*=  0.00982 dS*=  0.14680 S* = 337.04 N* = 985.96

d123[*] =  0.04005  0.02489  0.26436  average  0.10977
    [B] =  0.33061  0.33601  0.33601  average  0.33421
accept  =  0.12115  0.07409  0.78677

w =  0.07409 dN =  0.02476 dS =  0.33421 d4 =  0.34771 (231.3 four-fold sites)
             dN*=  0.02410 dS*=  0.36039 S* = 337.04 N* = 985.96

d123[*] =  0.02131  0.01324  0.14062  average  0.05839
    [B] =  0.17586  0.17874  0.17874  average  0.17778
accept  =  0.12115  0.07409  0.78677

w =  0.07409 dN =  0.01317 dS =  0.17778 d4 =  0.18496 (231.3 four-fold sites)
             dN*=  0.01282 dS*=  0.19171 S* = 337.04 N* = 985.96

d123[*] =  0.03330  0.02070  0.21977  average  0.09126
    [B] =  0.27485  0.27934  0.27934  average  0.27784
accept  =  0.12115  0.07409  0.78677

w =  0.07409 dN =  0.02059 dS =  0.27784 d4 =  0.28906 (231.3 four-fold sites)
             dN*=  0.02003 dS*=  0.29961 S* = 337.04 N* = 985.96
end of tree file.

Time used:  1:13
621e-06  311 	    0.012
 63: 5763.180862 6.69586e-07  314 	    0.004
 64: 5763.180862 1.05296e-07  317 	    0.002
 65: 5763.180862 3.57732e-08  320 	    0.001
 66: 5763.180862 6.17638e-09  352 -	    0.000
***
# lnL = 5.763181e+03
((((seq1:0.006175, seq2:0.085732 ):0.410739, (seq3:0.536906, ((((seq4:0.024294, seq5:0.007705 ):0.021821, seq6:0.031120 ):0.053510, seq7:0.099093 ):0.028044, seq8:0.027617 ):0.298232 ):0.173304 ):0.350150, seq9:0.687154 ):0.217032, ((seq10:0.391482, seq11:0.156567 ):0.200774, seq12:0.260722 ):0.219872 )
# Kappa = 1.942487 Omega = 0.040788
# Tree length = 4.29, average branch length = 0.19 (min=0.01, max=0.69)
# Scaling tree to neutral evolution. Factor = 4.28
# Calculating initial estimates of sitewise conservation
# Calculating conservation at each site. This may take a while.

   1:  ..................................................
  51:  ..................................................
 101:  ..................................................
 151:  ..................................................
 201:  ..................................................
 251:  ..................................................
 301:  ..................................................
 351:  ..................................................
 401:  .........................................
# Positively selected sites (cumulative)
# Significance  Number sites  Number Random
# 99% corrected      0       0
# 95% corrected      0       0
# 99%                0       0
# 95%                0       0

# Conserved sites (cumulative)
# Significance  Number sites
# 99% corrected    293
# 95% corrected    348
# 99%              387
# 95%              408
	got slr results fly929.slr
	expect results in fly929.paml
	running paml...
	got paml results
