
running fly91.fasta
	expect results in fly91.slr
	running Slr...
     seqfile:    fly91_.phy
    treefile:    fly91_.tree
     outfile:    fly91_.slr
       kappa:    2.000000e+00
       omega:    1.000000e-01
      codonf:    0
     nucleof:    0
      aminof:    0
  reoptimise:    1
     nucfile:    nuc.dat
   aminofile:    amino.dat
positive_only:    0
     gencode:    universal
     timemem:    0
       ldiff:    3.841459e+00
     paramin:    
    paramout:    
skipsitewise:    0
        seed:    0
    saveseed:    1
    freqtype:    0
   cleandata:    0
     branopt:    1
    writetmp:    0
     recover:    0

# SLR "Sitewise Likelihood Ratio" selection detection program. Version 1.4.3
# Redundency. Reduced sites from 189 to 167
# Read seqfile file fly91_.phy. 12 species, 189 sites.
# Read tree from fly91_.tree.
((seq1:0.086300, (seq2:0.107080, seq3:0.069540 ):0.046180 ):0.059660, (seq4:0.146020, (((seq5:0.085040, (seq6:0.051190, (seq7:0.018200, (seq8:0.022170, seq9:0.003400 ):0.009390 ):0.012440 ):0.003380 ):0.082270, seq10:0.109940 ):0.074230, (seq11:0.001900, seq12:0.001730 ):0.075610 ):0.052100 ):0.023630 )
# Reoptimising parameters, branches variable
Initial	f: 3076.264724
Step     f(x)      delta
  1: 2986.796181 8.94685e+01    5 	  888.169
  2: 2873.500069 1.13296e+02    8 	  463.509
  3: 2865.428555 8.07151e+00   11 	  725.804
  4: 2857.574287 7.85427e+00   20 	  394.583
  5: 2853.225384 4.34890e+00   28 	  363.160
  6: 2848.414340 4.81104e+00   31 	  365.851
  7: 2827.259205 2.11551e+01   34 	  444.653
  8: 2825.193240 2.06596e+00   37 	  702.791
  9: 2815.981085 9.21215e+00   45 	  708.049
 10: 2799.096381 1.68847e+01   52 	  462.283
 11: 2796.108994 2.98739e+00   60 	  539.652
 12: 2788.000862 8.10813e+00   67 	  196.171
 13: 2782.845654 5.15521e+00   70 	  243.794
 14: 2782.155142 6.90512e-01   78 	  236.402
 15: 2772.998887 9.15626e+00   81 	  184.953
 16: 2772.415419 5.83468e-01   89 	  182.679
 17: 2770.912306 1.50311e+00   92 	  187.395
 18: 2770.706374 2.05932e-01  100 	  188.582
 19: 2770.524748 1.81626e-01  103 	  186.166
 20: 2769.736064 7.88684e-01  106 	  183.004
 21: 2769.185233 5.50832e-01  114 	  180.824
 22: 2768.613853 5.71379e-01  117 	  180.610
 23: 2767.420734 1.19312e+00  120 	  170.588
 24: 2764.425899 2.99483e+00  123 	  161.179
 25: 2763.322780 1.10312e+00  131 	  159.021
 26: 2762.846478 4.76302e-01  139 	  155.864
 27: 2762.726389 1.20089e-01  142 	  141.577
 28: 2762.181174 5.45216e-01  150 	  138.477
 29: 2762.068992 1.12181e-01  153 	  136.690
 30: 2761.562095 5.06898e-01  161 	  132.249
 31: 2761.497695 6.44001e-02  171 	  131.368
 32: 2761.232172 2.65522e-01  179 	  130.112
 33: 2760.991211 2.40961e-01  182 	  126.751
 34: 2760.831556 1.59655e-01  185 	  123.032
 35: 2760.598652 2.32904e-01  192 	  117.779
 36: 2760.358445 2.40207e-01  195 	  112.740
 37: 2760.208669 1.49776e-01  203 	  105.392
 38: 2760.157958 5.07113e-02  211 	  103.280
 39: 2760.093738 6.42193e-02  214 	  100.677
 40: 2759.910614 1.83124e-01  217 	   76.685
 41: 2759.819302 9.13115e-02  226 	   76.243
 42: 2759.696805 1.22497e-01  229 	   61.986
 43: 2759.679513 1.72919e-02  242 	   68.250
 44: 2759.627890 5.16231e-02  251 	   62.098
 45: 2759.622822 5.06843e-03  262 	   61.879
 46: 2759.621779 1.04249e-03  273 	   63.927
 47: 2759.619528 2.25154e-03  282 	   60.964
 48: 2759.339104 2.80424e-01  285 	    4.385
 49: 2759.310147 2.89565e-02  288 	    4.459
 50: 2759.213673 9.64748e-02  291 	    4.089
 51: 2759.076474 1.37198e-01  294 	    3.723
 52: 2758.893858 1.82616e-01  297 	    3.349
 53: 2758.793431 1.00427e-01  300 	    2.442
 54: 2758.598146 1.95284e-01  308 	    1.269
 55: 2758.592278 5.86874e-03  311 	    2.060
 56: 2758.529384 6.28938e-02  319 	    1.580
 57: 2758.522867 6.51711e-03  328 	    1.420
 58: 2758.518077 4.78931e-03  336 	    1.387
 59: 2758.516157 1.92094e-03  343 B	    0.135
 60: 2758.515561 5.95824e-04  346 	    0.039
 61: 2758.515147 4.13432e-04  349 	    0.023
 62: 2758.515107 4.01462e-0
 15         verbose | verbose                0.00
  7         runmode | runmode                0.00
  4         seqtype | seqtype                1.00
 13       CodonFreq | CodonFreq              0.00
 16           model | model                  0.00
 20         NSsites | NSsites                0.00
 22           icode | icode                  0.00
 24       fix_kappa | fix_kappa              0.00
 25           kappa | kappa                  2.00
 26       fix_omega | fix_omega              0.00
 27           omega | omega                  0.10
CODONML in paml version 4.8a, July 2014

----------------------------------------------
Phe F TTT | Ser S TCT | Tyr Y TAT | Cys C TGT
      TTC |       TCC |       TAC |       TGC
Leu L TTA |       TCA | *** * TAA | *** * TGA
      TTG |       TCG |       TAG | Trp W TGG
----------------------------------------------
Leu L CTT | Pro P CCT | His H CAT | Arg R CGT
      CTC |       CCC |       CAC |       CGC
      CTA |       CCA | Gln Q CAA |       CGA
      CTG |       CCG |       CAG |       CGG
----------------------------------------------
Ile I ATT | Thr T ACT | Asn N AAT | Ser S AGT
      ATC |       ACC |       AAC |       AGC
      ATA |       ACA | Lys K AAA | Arg R AGA
Met M ATG |       ACG |       AAG |       AGG
----------------------------------------------
Val V GTT | Ala A GCT | Asp D GAT | Gly G GGT
      GTC |       GCC |       GAC |       GGC
      GTA |       GCA | Glu E GAA |       GGA
      GTG |       GCG |       GAG |       GGG
----------------------------------------------
Nice code, uuh?


Ambiguity character definition table:

T (1): T 
C (1): C 
A (1): A 
G (1): G 
U (1): T 
Y (2): T C 
R (2): A G 
M (2): C A 
K (2): T G 
S (2): C G 
W (2): T A 
H (3): T C A 
B (3): T C G 
V (3): C A G 
D (3): T A G 
- (4): T C A G 
N (4): T C A G 
? (4): T C A G 

ns = 12  	ls = 567
Reading sequences, sequential format..
Reading seq # 1: seq1     Reading seq # 2: seq2     Reading seq # 3: seq3     Reading seq # 4: seq4     Reading seq # 5: seq5     Reading seq # 6: seq6     Reading seq # 7: seq7     Reading seq # 8: seq8     Reading seq # 9: seq9     Reading seq #10: seq10     Reading seq #11: seq11     Reading seq #12: seq12     
Sequences read..
Counting site patterns..  0:00
         178 patterns at      189 /      189 sites (100.0%),  0:00
1 ambiguous codons are seen in the data:
 ---
Counting codons..
NG distances for seqs.:
   1
  2   1:Sites   112.5 +  409.5 =  522.0	Diffs    68.5 +   28.5 =   97.0   2
  3   1:Sites   110.9 +  411.1 =  522.0	Diffs    61.0 +   27.0 =   88.0
  3   2:Sites   112.5 +  409.5 =  522.0	Diffs    61.5 +   20.5 =   82.0   3
  4   1:Sites   111.1 +  410.9 =  522.0	Diffs    81.0 +   38.0 =  119.0
  4   2:Sites   112.8 +  409.2 =  522.0	Diffs    87.3 +   34.7 =  122.0
NG86 unusable.

  4   3:Sites   111.2 +  410.8 =  522.0	Diffs    84.3 +   43.7 =  128.0
NG86 unusable.
   4
  5   1:Sites   114.3 +  407.7 =  522.0	Diffs    87.3 +   58.7 =  146.0
NG86 unusable.

  5   2:Sites   116.0 +  406.0 =  522.0	Diffs    96.2 +   61.8 =  158.0
NG86 unusable.

  5   3:Sites   114.4 +  407.6 =  522.0	Diffs    86.5 +   61.5 =  148.0
NG86 unusable.

  5   4:Sites   114.7 +  407.3 =  522.0	Diffs    95.3 +   53.7 =  149.0
NG86 unusable.
   5
  6   1:Sites   114.6 +  407.4 =  522.0	Diffs    89.8 +   45.2 =  135.0
NG86 unusable.

  6   2:Sites   116.3 +  405.7 =  522.0	Diffs    98.2 +   49.8 =  148.0
NG86 unusable.

  6   3:Sites   114.6 +  407.4 =  522.0	Diffs    84.7 +   49.3 =  134.0
  6   4:Sites   114.9 +  407.1 =  522.0	Diffs    99.3 +   40.7 =  140.0
NG86 unusable.

  6   5:Sites   118.1 +  403.9 =  522.0	Diffs    34.5 +   25.5 =   60.0   6
  7   1:Sites   115.2 +  406.8 =  522.0	Diffs    92.8 +   47.2 =  140.0
NG86 unusable.

  7   2:Sites   116.8 +  405.2 =  522.0	Diffs   104.7 +   47.3 =  152.0
NG86 unusable.

  7   3:Sites   115.2 +  406.8 =  522.0	Diffs    93.3 +   46.7 =  140.0
NG86 unusable.

  7   4:Sites   115.5 +  406.5 =  522.0	Diffs    97.5 +   38.5 =  136.0
NG86 unusable.

  7   5:Sites   118.7 +  403.3 =  522.0	Diffs    31.0 +   25.0 =   56.0
  7   6:Sites   118.9 +  403.1 =  522.0	Diffs    35.5 +    7.5 =   43.0   7
  8   1:Sites   114.0 +  399.0 =  513.0	Diffs    85.8 +   44.2 =  130.0
NG86 unusable.

  8   2:Sites   115.7 +  397.3 =  513.0	Diffs    98.7 +   47.3 =  146.0
NG86 unusable.

  8   3:Sites   114.1 +  398.9 =  513.0	Diffs    88.8 +   44.2 =  133.0
NG86 unusable.

  8   4:Sites   114.4 +  398.6 =  513.0	Diffs    97.3 +   37.7 =  135.0
NG86 unusable.

  8   5:Sites   117.5 +  395.5 =  513.0	Diffs    35.0 +   27.0 =   62.0
  8   6:Sites   117.8 +  395.2 =  513.0	Diffs    35.5 +    5.5 =   41.0
  8   7:Sites   118.4 +  394.6 =  513.0	Diffs    17.0 +    4.0 =   21.0   8
  9   1:Sites   115.1 +  406.9 =  522.0	Diffs    86.8 +   46.2 =  133.0
NG86 unusable.

  9   2:Sites   116.7 +  405.3 =  522.0	Diffs    98.7 +   46.3 =  145.0
NG86 unusable.

  9   3:Sites   115.1 +  406.9 =  522.0	Diffs    90.3 +   45.7 =  136.0
NG86 unusable.

  9   4:Sites   115.4 +  406.6 =  522.0	Diffs    96.3 +   36.7 =  133.0
NG86 unusable.

  9   5:Sites   118.6 +  403.4 =  522.0	Diffs    33.0 +   26.0 =   59.0
  9   6:Sites   118.8 +  403.2 =  522.0	Diffs    32.5 +    4.5 =   37.0
  9   7:Sites   119.4 +  402.6 =  522.0	Diffs    14.0 +    3.0 =   17.0
  9   8:Sites   118.2 +  394.8 =  513.0	Diffs     7.0 +    1.0 =    8.0   9
 10   1:Sites   113.5 +  408.5 =  522.0	Diffs    85.5 +   45.5 =  131.0
NG86 unusable.

 10   2:Sites   115.2 +  406.8 =  522.0	Diffs   100.5 +   42.5 =  143.0
NG86 unusable.

 10   3:Sites   113.6 +  408.4 =  522.0	Diffs    89.7 +   48.3 =  138.0
NG86 unusable.

 10   4:Sites   113.9 +  408.1 =  522.0	Diffs    84.3 +   38.7 =  123.0
 10   5:Sites   117.0 +  405.0 =  522.0	Diffs    77.8 +   40.2 =  118.0
 10   6:Sites   117.3 +  404.7 =  522.0	Diffs    86.0 +   24.0 =  110.0
 10   7:Sites   117.9 +  404.1 =  522.0	Diffs    74.5 +   21.5 =   96.0
 10   8:Sites   116.7 +  396.3 =  513.0	Diffs    71.5 +   17.5 =   89.0
 10   9:Sites   117.8 +  404.2 =  522.0	Diffs    70.5 +   18.5 =   89.0  10
 11   1:Sites   113.5 +  408.5 =  522.0	Diffs    84.5 +   36.5 =  121.0
 11   2:Sites   115.1 +  406.9 =  522.0	Diffs    92.8 +   35.2 =  128.0
NG86 unusable.

 11   3:Sites   113.5 +  408.5 =  522.0	Diffs    80.2 +   34.8 =  115.0
 11   4:Sites   113.8 +  408.2 =  522.0	Diffs    81.5 +   29.5 =  111.0
 11   5:Sites   117.0 +  405.0 =  522.0	Diffs    76.3 +   49.7 =  126.0
 11   6:Sites   117.2 +  404.8 =  522.0	Diffs    82.3 +   34.7 =  117.0
 11   7:Sites   117.8 +  404.2 =  522.0	Diffs    71.8 +   33.2 =  105.0
 11   8:Sites   116.6 +  396.4 =  513.0	Diffs    76.8 +   29.2 =  106.0
 11   9:Sites   117.7 +  404.3 =  522.0	Diffs    77.8 +   30.2 =  108.0
 11  10:Sites   116.2 +  405.8 =  522.0	Diffs    79.3 +   29.7 =  109.0  11
 12   1:Sites   113.5 +  408.5 =  522.0	Diffs    84.5 +   36.5 =  121.0
 12   2:Sites   115.1 +  406.9 =  522.0	Diffs    92.8 +   35.2 =  128.0
NG86 unusable.

 12   3:Sites   113.5 +  408.5 =  522.0	Diffs    78.2 +   34.8 =  113.0
 12   4:Sites   113.8 +  408.2 =  522.0	Diffs    81.5 +   29.5 =  111.0
 12   5:Sites   117.0 +  405.0 =  522.0	Diffs    75.3 +   49.7 =  125.0
 12   6:Sites   117.2 +  404.8 =  522.0	Diffs    81.3 +   34.7 =  116.0
 12   7:Sites   117.8 +  404.2 =  522.0	Diffs    72.8 +   33.2 =  106.0
 12   8:Sites   116.6 +  396.4 =  513.0	Diffs    75.8 +   29.2 =  105.0
 12   9:Sites   117.7 +  404.3 =  522.0	Diffs    76.8 +   30.2 =  107.0
 12  10:Sites   116.2 +  405.8 =  522.0	Diffs    77.3 +   29.7 =  107.0
 12  11:Sites   116.1 +  405.9 =  522.0	Diffs     2.0 +    0.0 =    2.0  12

      528 bytes for distance
   173728 bytes for conP
        0 bytes for fhK
  5000000 bytes for space

TREE #  1
((1, (2, 3)), (4, (((5, (6, (7, (8, 9)))), 10), (11, 12))));   MP score: -1
This is a rooted tree, without clock.  Check.

   1   56.122839
   2   55.212524
   3   54.999456
   4   54.949058
   5   54.940095
   6   54.939422
   7   54.939332
   8   54.939325
   955504 bytes for conP, adjusted

    0.115436    0.198246    0.055846    0.183587    0.172406    0.204418    0.388298    0.193098    0.116609    0.183300    0.131938    0.053170    0.118056    0.000000    0.035024    0.073861    0.064666    0.029093    0.279048    0.214743    0.077079    0.027387    2.000000    0.100000

ntime & nrate & np:    22     2    24

Bounds (np=24):
   0.000004   0.000004   0.000004   0.000004   0.000004   0.000004   0.000004   0.000004   0.000004   0.000004   0.000004   0.000004   0.000004   0.000004   0.000004   0.000004   0.000004   0.000004   0.000004   0.000004   0.000004   0.000004   0.000100   0.000100
  50.000000  50.000000  50.000000  50.000000  50.000000  50.000000  50.000000  50.000000  50.000000  50.000000  50.000000  50.000000  50.000000  50.000000  50.000000  50.000000  50.000000  50.000000  50.000000  50.000000  50.000000  50.000000 999.000000 999.000000

np =    24
lnL0 = -2859.694926

Iterating by ming2
Initial: fx=  2859.694926
x=  0.11544  0.19825  0.05585  0.18359  0.17241  0.20442  0.38830  0.19310  0.11661  0.18330  0.13194  0.05317  0.11806  0.00000  0.03502  0.07386  0.06467  0.02909  0.27905  0.21474  0.07708  0.02739  2.00000  0.10000

  1 h-m-p  0.0000 0.0002 1795.8555 ++YCYCCC  2838.426174  5 0.0001    39 | 0/24
  2 h-m-p  0.0000 0.0001 354.7829 ++     2827.591840  m 0.0001    66 | 1/24
  3 h-m-p  0.0001 0.0003 377.2050 +YYYYCYCCC  2815.615472  8 0.0003   105 | 0/24
  4 h-m-p  0.0000 0.0002 513.6944 +YCCC  2812.731891  3 0.0001   138 | 0/24
  5 h-m-p  0.0001 0.0006 160.8524 CCCC   2811.347181  3 0.0002   171 | 0/24
  6 h-m-p  0.0002 0.0020 105.2828 CYCC   2810.347955  3 0.0003   203 | 0/24
  7 h-m-p  0.0006 0.0030  55.8528 YCCCC  2809.117117  4 0.0011   237 | 0/24
  8 h-m-p  0.0016 0.0088  37.4461 YCCC   2808.740573  3 0.0009   269 | 0/24
  9 h-m-p  0.0008 0.0055  41.9801 CCC    2808.335820  2 0.0010   300 | 0/24
 10 h-m-p  0.0012 0.0060  24.2523 YCC    2808.210587  2 0.0008   330 | 0/24
 11 h-m-p  0.0013 0.0170  14.4657 YC     2808.017093  1 0.0026   358 | 0/24
 12 h-m-p  0.0028 0.0308  13.3952 CCC    2807.880600  2 0.0022   389 | 0/24
 13 h-m-p  0.0015 0.0102  20.1507 CCC    2807.734830  2 0.0015   420 | 0/24
 14 h-m-p  0.0049 0.1263   6.2509 +CCC   2806.763481  2 0.0240   452 | 0/24
 15 h-m-p  0.0058 0.0292  19.5382 CCC    2805.537253  2 0.0077   483 | 0/24
 16 h-m-p  0.0008 0.0038 102.3035 CCCC   2804.414514  3 0.0012   516 | 0/24
 17 h-m-p  0.0048 0.0240  21.5429 CCC    2803.328628  2 0.0045   547 | 0/24
 18 h-m-p  0.0039 0.0197  20.6575 CCCC   2801.175837  3 0.0057   580 | 0/24
 19 h-m-p  0.0024 0.0119  12.2898 ++     2792.391850  m 0.0119   607 | 0/24
 20 h-m-p  0.0000 0.0000  50.7623 
h-m-p:      3.64540970e-20      1.82270485e-19      5.07622741e+01  2792.391850
..  | 0/24
 21 h-m-p  0.0000 0.0004 170.4966 ++YCCCYC  2785.057882  5 0.0004   669 | 0/24
 22 h-m-p  0.0000 0.0001 276.9911 +YCYCC  2783.838166  4 0.0001   703 | 0/24
 23 h-m-p  0.0000 0.0005 445.5713 +YCYCCC  2776.365271  5 0.0003   739 | 0/24
 24 h-m-p  0.0000 0.0001 101.1981 ++     2775.812861  m 0.0001   766 | 0/24
 25 h-m-p  0.0001 0.0013 138.6753 CYC    2775.628557  2 0.0001   796 | 0/24
 26 h-m-p  0.0001 0.0022  64.0801 +CCCC  2774.813759  3 0.0007   830 | 0/24
 27 h-m-p  0.0011 0.0089  43.1840 CCC    2774.351940  2 0.0010   861 | 0/24
 28 h-m-p  0.0008 0.0038  48.9440 YCCC   2773.692212  3 0.0014   893 | 0/24
 29 h-m-p  0.0008 0.0041  60.3412 CCCC   2773.222224  3 0.0009   926 | 0/24
 30 h-m-p  0.0003 0.0014  30.5817 ++     2772.966078  m 0.0014   953 | 1/24
 31 h-m-p  0.0003 0.0013  68.8591 CYCCC  2772.720430  4 0.0004   987 | 0/24
 32 h-m-p  0.0000 0.0002 363.9809 CCC    2772.596110  2 0.0001  1018 | 0/24
 33 h-m-p  0.0009 0.0210  22.1779 +YCC   2772.323256  2 0.0027  1049 | 0/24
 34 h-m-p  0.0004 0.0020  61.7220 YCC    2772.249500  2 0.0003  1079 | 0/24
 35 h-m-p  0.0012 0.0873  14.1257 +CCC   2771.978464  2 0.0059  1111 | 0/24
 36 h-m-p  0.0183 0.1034   4.5629 CC     2771.929775  1 0.0055  1140 | 0/24
 37 h-m-p  0.0177 0.5697   1.4114 CC     2771.884967  1 0.0190  1169 | 0/24
 38 h-m-p  0.0155 0.3779   1.7281 CC     2771.805775  1 0.0180  1198 | 0/24
 39 h-m-p  0.0151 0.5543   2.0634 CCC    2771.653150  2 0.0176  1229 | 0/24
 40 h-m-p  0.0109 0.1761   3.3311 CCC    2771.469897  2 0.0154  1260 | 0/24
 41 h-m-p  0.0487 0.4856   1.0567 YC     2771.465510  1 0.0070  1288 | 0/24
 42 h-m-p  0.0347 0.9832   0.2129 C      2771.461642  0 0.0354  1315 | 0/24
 43 h-m-p  0.0265 3.5724   0.2845 +CC    2771.420461  1 0.0951  1369 | 0/24
 44 h-m-p  0.0158 0.7399   1.7093 CC     2771.387925  1 0.0143  1422 | 0/24
 45 h-m-p  0.0431 1.5746   0.5656 YC     2771.386620  1 0.0079  1450 | 0/24
 46 h-m-p  0.0825 8.0000   0.0544 YC     2771.386206  1 0.0501  1502 | 0/24
 47 h-m-p  0.1081 2.5000   0.0252 YC     2771.379856  1 0.1796  1554 | 0/24
 48 h-m-p  1.6000 8.0000   0.0011 CC     2771.377672  1 1.9286  1607 | 0/24
 49 h-m-p  1.6000 8.0000   0.0009 YC     2771.377388  1 0.9354  1659 | 0/24
 50 h-m-p  1.6000 8.0000   0.0002 Y      2771.377383  0 1.0596  1710 | 0/24
 51 h-m-p  1.6000 8.0000   0.0000 Y      2771.377383  0 1.1197  1761 | 0/24
 52 h-m-p  1.6000 8.0000   0.0000 Y      2771.377383  0 0.4000  1812 | 0/24
 53 h-m-p  0.6199 8.0000   0.0000 --C    2771.377383  0 0.0097  1865 | 0/24
 54 h-m-p  0.0160 8.0000   0.0000 Y      2771.377383  0 0.0160  1916 | 0/24
 55 h-m-p  0.0164 8.0000   0.0000 Y      2771.377383  0 0.0094  1967 | 0/24
 56 h-m-p  0.0160 8.0000   0.0000 ----------C  2771.377383  0 0.0000  2028
Out..
lnL  = -2771.377383
2029 lfun, 2029 eigenQcodon, 44638 P(t)

d123[*] =  0.01913  0.01169  0.12887  average  0.05323
    [B] =  0.16011  0.16281  0.16281  average  0.16191
accept  =  0.11946  0.07180  0.79155

w =  0.07180 dN =  0.01163 dS =  0.16191 d4 =  0.16839 (99.1 four-fold sites)
             dN*=  0.01128 dS*=  0.17594 S* = 144.44 N* = 422.56

d123[*] =  0.04569  0.02792  0.30785  average  0.12715
    [B] =  0.38247  0.38892  0.38892  average  0.38677
accept  =  0.11946  0.07180  0.79155

w =  0.07180 dN =  0.02777 dS =  0.38677 d4 =  0.40225 (99.1 four-fold sites)
             dN*=  0.02695 dS*=  0.42030 S* = 144.44 N* = 422.56

d123[*] =  0.01957  0.01196  0.13189  average  0.05447
    [B] =  0.16385  0.16662  0.16662  average  0.16570
accept  =  0.11946  0.07180  0.79155

w =  0.07180 dN =  0.01190 dS =  0.16570 d4 =  0.17233 (99.1 four-fold sites)
             dN*=  0.01154 dS*=  0.18006 S* = 144.44 N* = 422.56

d123[*] =  0.05225  0.03193  0.35204  average  0.14541
    [B] =  0.43737  0.44474  0.44474  average  0.44229
accept  =  0.11946  0.07180  0.79155

w =  0.07180 dN =  0.03176 dS =  0.44229 d4 =  0.45999 (99.1 four-fold sites)
             dN*=  0.03082 dS*=  0.48063 S* = 144.44 N* = 422.56

d123[*] =  0.03362  0.02055  0.22655  average  0.09357
    [B] =  0.28146  0.28621  0.28621  average  0.28462
accept  =  0.11946  0.07180  0.79155

w =  0.07180 dN =  0.02044 dS =  0.28462 d4 =  0.29602 (99.1 four-fold sites)
             dN*=  0.01983 dS*=  0.30930 S* = 144.44 N* = 422.56

d123[*] =  0.02978  0.01820  0.20068  average  0.08289
    [B] =  0.24933  0.25353  0.25353  average  0.25213
accept  =  0.11946  0.07180  0.79155

w =  0.07180 dN =  0.01810 dS =  0.25213 d4 =  0.26222 (99.1 four-fold sites)
             dN*=  0.01757 dS*=  0.27399 S* = 144.44 N* = 422.56

d123[*] =  0.07803  0.04769  0.52575  average  0.21715
    [B] =  0.65319  0.66420  0.66420  average  0.66053
accept  =  0.11946  0.07180  0.79155

w =  0.07180 dN =  0.04743 dS =  0.66053 d4 =  0.68697 (99.1 four-fold sites)
             dN*=  0.04602 dS*=  0.71778 S* = 144.44 N* = 422.56

d123[*] =  0.02831  0.01730  0.19076  average  0.07879
    [B] =  0.23700  0.24100  0.24100  average  0.23966
accept  =  0.11946  0.07180  0.79155

w =  0.07180 dN =  0.01721 dS =  0.23966 d4 =  0.24926 (99.1 four-fold sites)
             dN*=  0.01670 dS*=  0.26044 S* = 144.44 N* = 422.56

d123[*] =  0.04303  0.02630  0.28997  average  0.11977
    [B] =  0.36025  0.36633  0.36633  average  0.36430
accept  =  0.11946  0.07180  0.79155

w =  0.07180 dN =  0.02616 dS =  0.36430 d4 =  0.37889 (99.1 four-fold sites)
             dN*=  0.02538 dS*=  0.39588 S* = 144.44 N* = 422.56

d123[*] =  0.03958  0.02419  0.26669  average  0.11015
    [B] =  0.33134  0.33692  0.33692  average  0.33506
accept  =  0.11946  0.07180  0.79155

w =  0.07180 dN =  0.02406 dS =  0.33506 d4 =  0.34848 (99.1 four-fold sites)
             dN*=  0.02334 dS*=  0.36411 S* = 144.44 N* = 422.56

d123[*] =  0.03698  0.02260  0.24915  average  0.10291
    [B] =  0.30954  0.31476  0.31476  average  0.31302
accept  =  0.11946  0.07180  0.79155

w =  0.07180 dN =  0.02248 dS =  0.31302 d4 =  0.32555 (99.1 four-fold sites)
             dN*=  0.02181 dS*=  0.34015 S* = 144.44 N* = 422.56

d123[*] =  0.00283  0.00173  0.01906  average  0.00787
    [B] =  0.02368  0.02408  0.02408  average  0.02395
accept  =  0.11946  0.07180  0.79155

w =  0.07180 dN =  0.00172 dS =  0.02395 d4 =  0.02491 (99.1 four-fold sites)
             dN*=  0.00167 dS*=  0.02602 S* = 144.44 N* = 422.56

d123[*] =  0.02112  0.01291  0.14234  average  0.05879
    [B] =  0.17684  0.17982  0.17982  average  0.17883
accept  =  0.11946  0.07180  0.79155

w =  0.07180 dN =  0.01284 dS =  0.17883 d4 =  0.18599 (99.1 four-fold sites)
             dN*=  0.01246 dS*=  0.19433 S* = 144.44 N* = 422.56

d123[*] =  0.00528  0.00323  0.03558  average  0.01470
    [B] =  0.04421  0.04495  0.04495  average  0.04471
accept  =  0.11946  0.07180  0.79155

w =  0.07180 dN =  0.00321 dS =  0.04471 d4 =  0.04650 (99.1 four-fold sites)
             dN*=  0.00311 dS*=  0.04858 S* = 144.44 N* = 422.56

d123[*] =  0.00806  0.00493  0.05433  average  0.02244
    [B] =  0.06750  0.06864  0.06864  average  0.06826
accept  =  0.11946  0.07180  0.79155

w =  0.07180 dN =  0.00490 dS =  0.06826 d4 =  0.07099 (99.1 four-fold sites)
             dN*=  0.00476 dS*=  0.07417 S* = 144.44 N* = 422.56

d123[*] =  0.00347  0.00212  0.02337  average  0.00965
    [B] =  0.02903  0.02952  0.02952  average  0.02936
accept  =  0.11946  0.07180  0.79155

w =  0.07180 dN =  0.00211 dS =  0.02936 d4 =  0.03053 (99.1 four-fold sites)
             dN*=  0.00205 dS*=  0.03190 S* = 144.44 N* = 422.56

d123[*] =  0.00466  0.00285  0.03140  average  0.01297
    [B] =  0.03901  0.03967  0.03967  average  0.03945
accept  =  0.11946  0.07180  0.79155

w =  0.07180 dN =  0.00283 dS =  0.03945 d4 =  0.04103 (99.1 four-fold sites)
             dN*=  0.00275 dS*=  0.04287 S* = 144.44 N* = 422.56

d123[*] =  0.00139  0.00085  0.00940  average  0.00388
    [B] =  0.01167  0.01187  0.01187  average  0.01181
accept  =  0.11946  0.07180  0.79155

w =  0.07180 dN =  0.00085 dS =  0.01181 d4 =  0.01228 (99.1 four-fold sites)
             dN*=  0.00082 dS*=  0.01283 S* = 144.44 N* = 422.56

d123[*] =  0.05618  0.03433  0.37851  average  0.15634
    [B] =  0.47026  0.47819  0.47819  average  0.47555
accept  =  0.11946  0.07180  0.79155

w =  0.07180 dN =  0.03414 dS =  0.47555 d4 =  0.49458 (99.1 four-fold sites)
             dN*=  0.03313 dS*=  0.51677 S* = 144.44 N* = 422.56

d123[*] =  0.03578  0.02187  0.24110  average  0.09958
    [B] =  0.29954  0.30459  0.30459  average  0.30291
accept  =  0.11946  0.07180  0.79155

w =  0.07180 dN =  0.02175 dS =  0.30291 d4 =  0.31503 (99.1 four-fold sites)
             dN*=  0.02110 dS*=  0.32917 S* = 144.44 N* = 422.56

d123[*] =  0.00111  0.00068  0.00747  average  0.00309
    [B] =  0.00928  0.00944  0.00944  average  0.00939
accept  =  0.11946  0.07180  0.79155

w =  0.07180 dN =  0.00067 dS =  0.00939 d4 =  0.00976 (99.1 four-fold sites)
             dN*=  0.00065 dS*=  0.01020 S* = 144.44 N* = 422.56

d123[*] =  0.00040  0.00024  0.00269  average  0.00111
    [B] =  0.00334  0.00340  0.00340  average  0.00338
accept  =  0.11946  0.07180  0.79155

w =  0.07180 dN =  0.00024 dS =  0.00338 d4 =  0.00351 (99.1 four-fold sites)
             dN*=  0.00024 dS*=  0.00367 S* = 144.44 N* = 422.56
end of tree file.

Time used:  0:56
5  352 	    0.022
 63: 2758.515085 2.25659e-05  355 	    0.023
 64: 2758.515066 1.83937e-05  358 	    0.012
 65: 2758.515060 6.41290e-06  361 	    0.005
 66: 2758.515058 1.58537e-06  364 	    0.001
 67: 2758.515058 1.03536e-07  367 	    0.000
 68: 2758.515058 6.25387e-08  370 	    0.000
 69: 2758.515058 4.92082e-09  395 -	    0.000
***
# lnL = 2.758515e+03
((seq1:0.427595, (seq2:0.397390, seq3:0.297644 ):0.167829 ):0.263399, (seq4:0.736336, (((seq5:0.351701, (seq6:0.167941, (seq7:0.068709, (seq8:0.040018, seq9:0.010896 ):0.032038 ):0.060826 ):0.028444 ):0.530496, seq10:0.581741 ):0.511038, (seq11:0.000000, seq12:0.011555 ):0.395854 ):0.261128 ):0.227369 )
# Kappa = 1.827097 Omega = 0.056132
# Tree length = 5.57, average branch length = 0.25 (min=0.00, max=0.74)
# Scaling tree to neutral evolution. Factor = 3.36
# Calculating initial estimates of sitewise conservation
# Calculating conservation at each site. This may take a while.

   1:  ..................................................
  51:  ..................................................
 101:  ..................................................
 151:  .......................................
# Positively selected sites (cumulative)
# Significance  Number sites  Number Random
# 99% corrected      0       0
# 95% corrected      0       0
# 99%                0       0
# 95%                0       0

# Conserved sites (cumulative)
# Significance  Number sites
# 99% corrected    122
# 95% corrected    141
# 99%              153
# 95%              168
	got slr results fly91.slr
	expect results in fly91.paml
	running paml...
	got paml results
